# JRE version: Java(TM) SE Runtime Environment (8.0_31-b13) (build 1.8.0_31-b13)
# Java VM: Java HotSpot(TM) Client VM (25.31-b07 mixed mode windows-x86 )
Heap:
 def new generation   total 45888K, used 17277K [0x0f200000, 0x123c0000, 0x14750000)
  eden space 40832K,  29% used [0x0f200000, 0x0fdf3238, 0x119e0000)
  from space 5056K,  99% used [0x11ed0000, 0x123bc590, 0x123c0000)
  to   space 5056K,   0% used [0x119e0000, 0x119e0000, 0x11ed0000)
 tenured generation   total 156640K, used 131207K [0x14750000, 0x1e048000, 0x1f200000)
   the space 156640K,  83% used [0x14750000, 0x1c771c70, 0x1c771e00, 0x1e048000)
 Metaspace       used 18995K, capacity 19190K, committed 19328K, reserved 19840K
GC Heap History (10 events):
Event: 5.284 GC heap before
{Heap before GC invocations=42 (full 3):
 def new generation   total 45888K, used 43357K [0x0f200000, 0x123c0000, 0x14750000)
  eden space 40832K, 100% used [0x0f200000, 0x119e0000, 0x119e0000)
  from space 5056K,  49% used [0x119e0000, 0x11c57428, 0x11ed0000)
  to   space 5056K,   0% used [0x11ed0000, 0x11ed0000, 0x123c0000)
 tenured generation   total 156640K, used 115954K [0x14750000, 0x1e048000, 0x1f200000)
   the space 156640K,  74% used [0x14750000, 0x1b88cb10, 0x1b88cc00, 0x1e048000)
 Metaspace       used 15889K, capacity 16065K, committed 16128K, reserved 16768K
Event: 5.285 GC heap after
Heap after GC invocations=43 (full 3):
 def new generation   total 45888K, used 2525K [0x0f200000, 0x123c0000, 0x14750000)
  eden space 40832K,   0% used [0x0f200000, 0x0f200000, 0x119e0000)
  from space 5056K,  49% used [0x11ed0000, 0x12147428, 0x123c0000)
  to   space 5056K,   0% used [0x119e0000, 0x119e0000, 0x11ed0000)
 tenured generation   total 156640K, used 115954K [0x14750000, 0x1e048000, 0x1f200000)
   the space 156640K,  74% used [0x14750000, 0x1b88cb10, 0x1b88cc00, 0x1e048000)
 Metaspace       used 15889K, capacity 16065K, committed 16128K, reserved 16768K
}
Event: 5.498 GC heap before
{Heap before GC invocations=43 (full 3):
 def new generation   total 45888K, used 43357K [0x0f200000, 0x123c0000, 0x14750000)
  eden space 40832K, 100% used [0x0f200000, 0x119e0000, 0x119e0000)
  from space 5056K,  49% used [0x11ed0000, 0x12147428, 0x123c0000)
  to   space 5056K,   0% used [0x119e0000, 0x119e0000, 0x11ed0000)
 tenured generation   total 156640K, used 115954K [0x14750000, 0x1e048000, 0x1f200000)
   the space 156640K,  74% used [0x14750000, 0x1b88cb10, 0x1b88cc00, 0x1e048000)
 Metaspace       used 15889K, capacity 16065K, committed 16128K, reserved 16768K
Event: 5.500 GC heap after
Heap after GC invocations=44 (full 3):
 def new generation   total 45888K, used 2509K [0x0f200000, 0x123c0000, 0x14750000)
  eden space 40832K,   0% used [0x0f200000, 0x0f200000, 0x119e0000)
  from space 5056K,  49% used [0x119e0000, 0x11c536b8, 0x11ed0000)
  to   space 5056K,   0% used [0x11ed0000, 0x11ed0000, 0x123c0000)
 tenured generation   total 156640K, used 115970K [0x14750000, 0x1e048000, 0x1f200000)
   the space 156640K,  74% used [0x14750000, 0x1b890880, 0x1b890a00, 0x1e048000)
 Metaspace       used 15889K, capacity 16065K, committed 16128K, reserved 16768K
}
Event: 11.870 GC heap before
{Heap before GC invocations=44 (full 3):
 def new generation   total 45888K, used 43247K [0x0f200000, 0x123c0000, 0x14750000)
  eden space 40832K,  99% used [0x0f200000, 0x119c87b8, 0x119e0000)
  from space 5056K,  49% used [0x119e0000, 0x11c536b8, 0x11ed0000)
  to   space 5056K,   0% used [0x11ed0000, 0x11ed0000, 0x123c0000)
 tenured generation   total 156640K, used 115970K [0x14750000, 0x1e048000, 0x1f200000)
   the space 156640K,  74% used [0x14750000, 0x1b890880, 0x1b890a00, 0x1e048000)
 Metaspace       used 18988K, capacity 19188K, committed 19200K, reserved 19840K
Event: 11.876 GC heap after
Heap after GC invocations=45 (full 3):
 def new generation   total 45888K, used 5056K [0x0f200000, 0x123c0000, 0x14750000)
  eden space 40832K,   0% used [0x0f200000, 0x0f200000, 0x119e0000)
  from space 5056K, 100% used [0x11ed0000, 0x123c0000, 0x123c0000)
  to   space 5056K,   0% used [0x119e0000, 0x119e0000, 0x11ed0000)
 tenured generation   total 156640K, used 118061K [0x14750000, 0x1e048000, 0x1f200000)
   the space 156640K,  75% used [0x14750000, 0x1ba9b4d0, 0x1ba9b600, 0x1e048000)
 Metaspace       used 18988K, capacity 19188K, committed 19200K, reserved 19840K
}
Event: 13.277 GC heap before
{Heap before GC invocations=45 (full 3):
 def new generation   total 45888K, used 45284K [0x0f200000, 0x123c0000, 0x14750000)
  eden space 40832K,  98% used [0x0f200000, 0x119492e8, 0x119e0000)
  from space 5056K, 100% used [0x11ed0000, 0x123c0000, 0x123c0000)
  to   space 5056K,   0% used [0x119e0000, 0x119e0000, 0x11ed0000)
 tenured generation   total 156640K, used 118061K [0x14750000, 0x1e048000, 0x1f200000)
   the space 156640K,  75% used [0x14750000, 0x1ba9b4d0, 0x1ba9b600, 0x1e048000)
 Metaspace       used 18990K, capacity 19190K, committed 19328K, reserved 19840K
Event: 13.283 GC heap after
Heap after GC invocations=46 (full 3):
 def new generation   total 45888K, used 5047K [0x0f200000, 0x123c0000, 0x14750000)
  eden space 40832K,   0% used [0x0f200000, 0x0f200000, 0x119e0000)
  from space 5056K,  99% used [0x119e0000, 0x11ecde88, 0x11ed0000)
  to   space 5056K,   0% used [0x11ed0000, 0x11ed0000, 0x123c0000)
 tenured generation   total 156640K, used 125022K [0x14750000, 0x1e048000, 0x1f200000)
   the space 156640K,  79% used [0x14750000, 0x1c167b20, 0x1c167c00, 0x1e048000)
 Metaspace       used 18990K, capacity 19190K, committed 19328K, reserved 19840K
}
Event: 14.678 GC heap before
{Heap before GC invocations=46 (full 3):
 def new generation   total 45888K, used 45450K [0x0f200000, 0x123c0000, 0x14750000)
  eden space 40832K,  98% used [0x0f200000, 0x11974a58, 0x119e0000)
  from space 5056K,  99% used [0x119e0000, 0x11ecde88, 0x11ed0000)
  to   space 5056K,   0% used [0x11ed0000, 0x11ed0000, 0x123c0000)
 tenured generation   total 156640K, used 125022K [0x14750000, 0x1e048000, 0x1f200000)
   the space 156640K,  79% used [0x14750000, 0x1c167b20, 0x1c167c00, 0x1e048000)
 Metaspace       used 18995K, capacity 19190K, committed 19328K, reserved 19840K
Event: 14.683 GC heap after
Heap after GC invocations=47 (full 3):
 def new generation   total 45888K, used 5041K [0x0f200000, 0x123c0000, 0x14750000)
  eden space 40832K,   0% used [0x0f200000, 0x0f200000, 0x119e0000)
  from space 5056K,  99% used [0x11ed0000, 0x123bc590, 0x123c0000)
  to   space 5056K,   0% used [0x119e0000, 0x119e0000, 0x11ed0000)
 tenured generation   total 156640K, used 131207K [0x14750000, 0x1e048000, 0x1f200000)
   the space 156640K,  83% used [0x14750000, 0x1c771c70, 0x1c771e00, 0x1e048000)
 Metaspace       used 18995K, capacity 19190K, committed 19328K, reserved 19840K
}

