# JRE version: Java(TM) SE Runtime Environment (8.0_31-b13) (build 1.8.0_31-b13)
# Java VM: Java HotSpot(TM) Client VM (25.31-b07 mixed mode, sharing windows-x86 )
Heap:
 def new generation   total 69312K, used 54869K [0x0f200000, 0x13d30000, 0x14750000)
  eden space 61632K, -2147483648% used [0x0f200000, 0x12051708, 0x12e30000)
  from space 7680K,  96% used [0x135b0000, 0x13cf3de8, 0x13d30000)
  to   space 7680K,   0% used [0x12e30000, 0x12e30000, 0x135b0000)
 tenured generation   total 153860K, used 127142K [0x14750000, 0x1dd91000, 0x1f200000)
   the space 153860K,  82% used [0x14750000, 0x1c379858, 0x1c379a00, 0x1dd91000)
 Metaspace       used 11162K, capacity 11352K, committed 11392K, reserved 11648K
GC Heap History (10 events):
Event: 4.260 GC heap before
{Heap before GC invocations=26 (full 2):
 def new generation   total 69312K, used 64100K [0x0f200000, 0x13d30000, 0x14750000)
  eden space 61632K, 100% used [0x0f200000, 0x12e30000, 0x12e30000)
  from space 7680K,  32% used [0x12e30000, 0x13099138, 0x135b0000)
  to   space 7680K,   0% used [0x135b0000, 0x135b0000, 0x13d30000)
 tenured generation   total 153860K, used 116778K [0x14750000, 0x1dd91000, 0x1f200000)
   the space 153860K,  75% used [0x14750000, 0x1b95aba8, 0x1b95ac00, 0x1dd91000)
 Metaspace       used 2775K, capacity 2911K, committed 3008K, reserved 4480K
Event: 4.262 GC heap after
Heap after GC invocations=27 (full 2):
 def new generation   total 69312K, used 2469K [0x0f200000, 0x13d30000, 0x14750000)
  eden space 61632K,   0% used [0x0f200000, 0x0f200000, 0x12e30000)
  from space 7680K,  32% used [0x135b0000, 0x138197a0, 0x13d30000)
  to   space 7680K,   0% used [0x12e30000, 0x12e30000, 0x135b0000)
 tenured generation   total 153860K, used 116778K [0x14750000, 0x1dd91000, 0x1f200000)
   the space 153860K,  75% used [0x14750000, 0x1b95aba8, 0x1b95ac00, 0x1dd91000)
 Metaspace       used 2775K, capacity 2911K, committed 3008K, reserved 4480K
}
Event: 4.583 GC heap before
{Heap before GC invocations=27 (full 2):
 def new generation   total 69312K, used 64101K [0x0f200000, 0x13d30000, 0x14750000)
  eden space 61632K, 100% used [0x0f200000, 0x12e30000, 0x12e30000)
  from space 7680K,  32% used [0x135b0000, 0x138197a0, 0x13d30000)
  to   space 7680K,   0% used [0x12e30000, 0x12e30000, 0x135b0000)
 tenured generation   total 153860K, used 116778K [0x14750000, 0x1dd91000, 0x1f200000)
   the space 153860K,  75% used [0x14750000, 0x1b95aba8, 0x1b95ac00, 0x1dd91000)
 Metaspace       used 2775K, capacity 2911K, committed 3008K, reserved 4480K
Event: 4.584 GC heap after
Heap after GC invocations=28 (full 2):
 def new generation   total 69312K, used 2469K [0x0f200000, 0x13d30000, 0x14750000)
  eden space 61632K,   0% used [0x0f200000, 0x0f200000, 0x12e30000)
  from space 7680K,  32% used [0x12e30000, 0x130997a0, 0x135b0000)
  to   space 7680K,   0% used [0x135b0000, 0x135b0000, 0x13d30000)
 tenured generation   total 153860K, used 116778K [0x14750000, 0x1dd91000, 0x1f200000)
   the space 153860K,  75% used [0x14750000, 0x1b95aba8, 0x1b95ac00, 0x1dd91000)
 Metaspace       used 2775K, capacity 2911K, committed 3008K, reserved 4480K
}
Event: 6.004 GC heap before
{Heap before GC invocations=28 (full 2):
 def new generation   total 69312K, used 64101K [0x0f200000, 0x13d30000, 0x14750000)
  eden space 61632K, 100% used [0x0f200000, 0x12e30000, 0x12e30000)
  from space 7680K,  32% used [0x12e30000, 0x130997a0, 0x135b0000)
  to   space 7680K,   0% used [0x135b0000, 0x135b0000, 0x13d30000)
 tenured generation   total 153860K, used 116778K [0x14750000, 0x1dd91000, 0x1f200000)
   the space 153860K,  75% used [0x14750000, 0x1b95aba8, 0x1b95ac00, 0x1dd91000)
 Metaspace       used 5537K, capacity 5710K, committed 5760K, reserved 6528K
Event: 6.009 GC heap after
Heap after GC invocations=29 (full 2):
 def new generation   total 69312K, used 2946K [0x0f200000, 0x13d30000, 0x14750000)
  eden space 61632K,   0% used [0x0f200000, 0x0f200000, 0x12e30000)
  from space 7680K,  38% used [0x135b0000, 0x13890900, 0x13d30000)
  to   space 7680K,   0% used [0x12e30000, 0x12e30000, 0x135b0000)
 tenured generation   total 153860K, used 116778K [0x14750000, 0x1dd91000, 0x1f200000)
   the space 153860K,  75% used [0x14750000, 0x1b95aba8, 0x1b95ac00, 0x1dd91000)
 Metaspace       used 5537K, capacity 5710K, committed 5760K, reserved 6528K
}
Event: 11.545 GC heap before
{Heap before GC invocations=29 (full 2):
 def new generation   total 69312K, used 64529K [0x0f200000, 0x13d30000, 0x14750000)
  eden space 61632K,  99% used [0x0f200000, 0x12e23b48, 0x12e30000)
  from space 7680K,  38% used [0x135b0000, 0x13890900, 0x13d30000)
  to   space 7680K,   0% used [0x12e30000, 0x12e30000, 0x135b0000)
 tenured generation   total 153860K, used 116778K [0x14750000, 0x1dd91000, 0x1f200000)
   the space 153860K,  75% used [0x14750000, 0x1b95aba8, 0x1b95ac00, 0x1dd91000)
 Metaspace       used 11160K, capacity 11349K, committed 11392K, reserved 11648K
Event: 11.556 GC heap after
Heap after GC invocations=30 (full 2):
 def new generation   total 69312K, used 7680K [0x0f200000, 0x13d30000, 0x14750000)
  eden space 61632K,   0% used [0x0f200000, 0x0f200000, 0x12e30000)
  from space 7680K, 100% used [0x12e30000, 0x135b0000, 0x135b0000)
  to   space 7680K,   0% used [0x135b0000, 0x135b0000, 0x13d30000)
 tenured generation   total 153860K, used 121747K [0x14750000, 0x1dd91000, 0x1f200000)
   the space 153860K,  79% used [0x14750000, 0x1be34fd0, 0x1be35000, 0x1dd91000)
 Metaspace       used 11160K, capacity 11349K, committed 11392K, reserved 11648K
}
Event: 12.329 GC heap before
{Heap before GC invocations=30 (full 2):
 def new generation   total 69312K, used 69066K [0x0f200000, 0x13d30000, 0x14750000)
  eden space 61632K,  99% used [0x0f200000, 0x12df2bf8, 0x12e30000)
  from space 7680K, 100% used [0x12e30000, 0x135b0000, 0x135b0000)
  to   space 7680K,   0% used [0x135b0000, 0x135b0000, 0x13d30000)
 tenured generation   total 153860K, used 121747K [0x14750000, 0x1dd91000, 0x1f200000)
   the space 153860K,  79% used [0x14750000, 0x1be34fd0, 0x1be35000, 0x1dd91000)
 Metaspace       used 11162K, capacity 11352K, committed 11392K, reserved 11648K
Event: 12.337 GC heap after
Heap after GC invocations=31 (full 2):
 def new generation   total 69312K, used 7439K [0x0f200000, 0x13d30000, 0x14750000)
  eden space 61632K,   0% used [0x0f200000, 0x0f200000, 0x12e30000)
  from space 7680K,  96% used [0x135b0000, 0x13cf3de8, 0x13d30000)
  to   space 7680K,   0% used [0x12e30000, 0x12e30000, 0x135b0000)
 tenured generation   total 153860K, used 127142K [0x14750000, 0x1dd91000, 0x1f200000)
   the space 153860K,  82% used [0x14750000, 0x1c379858, 0x1c379a00, 0x1dd91000)
 Metaspace       used 11162K, capacity 11352K, committed 11392K, reserved 11648K
}

