# JRE version: Java(TM) SE Runtime Environment (8.0_31-b13) (build 1.8.0_31-b13)
# Java VM: Java HotSpot(TM) Client VM (25.31-b07 mixed mode windows-x86 )
Heap:
 def new generation   total 78656K, used 56716K [0x0f200000, 0x14750000, 0x14750000)
  eden space 69952K, -2147483648% used [0x0f200000, 0x120e3160, 0x13650000)
  from space 8704K, 100% used [0x13ed0000, 0x14750000, 0x14750000)
  to   space 8704K,   0% used [0x13650000, 0x13650000, 0x13ed0000)
 tenured generation   total 174784K, used 159503K [0x14750000, 0x1f200000, 0x1f200000)
   the space 174784K,  91% used [0x14750000, 0x1e313d88, 0x1e313e00, 0x1f200000)
 Metaspace       used 18540K, capacity 18744K, committed 18816K, reserved 18816K
GC Heap History (10 events):
Event: 11.505 GC heap before
{Heap before GC invocations=30 (full 3):
 def new generation   total 78656K, used 69672K [0x0f200000, 0x14750000, 0x14750000)
  eden space 69952K,  99% used [0x0f200000, 0x1360a140, 0x13650000)
  from space 8704K,   0% used [0x13650000, 0x13650000, 0x13ed0000)
  to   space 8704K,   0% used [0x13ed0000, 0x13ed0000, 0x14750000)
 tenured generation   total 174784K, used 120857K [0x14750000, 0x1f200000, 0x1f200000)
   the space 174784K,  69% used [0x14750000, 0x1bd567e0, 0x1bd56800, 0x1f200000)
 Metaspace       used 18537K, capacity 18741K, committed 18816K, reserved 18816K
Event: 11.515 GC heap after
Heap after GC invocations=31 (full 3):
 def new generation   total 78656K, used 8704K [0x0f200000, 0x14750000, 0x14750000)
  eden space 69952K,   0% used [0x0f200000, 0x0f200000, 0x13650000)
  from space 8704K, 100% used [0x13ed0000, 0x14750000, 0x14750000)
  to   space 8704K,   0% used [0x13650000, 0x13650000, 0x13ed0000)
 tenured generation   total 174784K, used 123812K [0x14750000, 0x1f200000, 0x1f200000)
   the space 174784K,  70% used [0x14750000, 0x1c039220, 0x1c039400, 0x1f200000)
 Metaspace       used 18537K, capacity 18741K, committed 18816K, reserved 18816K
}
Event: 11.968 GC heap before
{Heap before GC invocations=31 (full 3):
 def new generation   total 78656K, used 78656K [0x0f200000, 0x14750000, 0x14750000)
  eden space 69952K, 100% used [0x0f200000, 0x13650000, 0x13650000)
  from space 8704K, 100% used [0x13ed0000, 0x14750000, 0x14750000)
  to   space 8704K,   0% used [0x13650000, 0x13650000, 0x13ed0000)
 tenured generation   total 174784K, used 123812K [0x14750000, 0x1f200000, 0x1f200000)
   the space 174784K,  70% used [0x14750000, 0x1c039220, 0x1c039400, 0x1f200000)
 Metaspace       used 18540K, capacity 18744K, committed 18816K, reserved 18816K
Event: 11.976 GC heap after
Heap after GC invocations=32 (full 3):
 def new generation   total 78656K, used 8233K [0x0f200000, 0x14750000, 0x14750000)
  eden space 69952K,   0% used [0x0f200000, 0x0f200000, 0x13650000)
  from space 8704K,  94% used [0x13650000, 0x13e5a400, 0x13ed0000)
  to   space 8704K,   0% used [0x13ed0000, 0x13ed0000, 0x14750000)
 tenured generation   total 174784K, used 127986K [0x14750000, 0x1f200000, 0x1f200000)
   the space 174784K,  73% used [0x14750000, 0x1c44c880, 0x1c44ca00, 0x1f200000)
 Metaspace       used 18540K, capacity 18744K, committed 18816K, reserved 18816K
}
Event: 12.561 GC heap before
{Heap before GC invocations=32 (full 3):
 def new generation   total 78656K, used 77417K [0x0f200000, 0x14750000, 0x14750000)
  eden space 69952K,  98% used [0x0f200000, 0x13590018, 0x13650000)
  from space 8704K,  94% used [0x13650000, 0x13e5a400, 0x13ed0000)
  to   space 8704K,   0% used [0x13ed0000, 0x13ed0000, 0x14750000)
 tenured generation   total 174784K, used 127986K [0x14750000, 0x1f200000, 0x1f200000)
   the space 174784K,  73% used [0x14750000, 0x1c44c880, 0x1c44ca00, 0x1f200000)
 Metaspace       used 18540K, capacity 18744K, committed 18816K, reserved 18816K
Event: 12.565 GC heap after
Heap after GC invocations=33 (full 3):
 def new generation   total 78656K, used 8704K [0x0f200000, 0x14750000, 0x14750000)
  eden space 69952K,   0% used [0x0f200000, 0x0f200000, 0x13650000)
  from space 8704K, 100% used [0x13ed0000, 0x14750000, 0x14750000)
  to   space 8704K,   0% used [0x13650000, 0x13650000, 0x13ed0000)
 tenured generation   total 174784K, used 132196K [0x14750000, 0x1f200000, 0x1f200000)
   the space 174784K,  75% used [0x14750000, 0x1c869030, 0x1c869200, 0x1f200000)
 Metaspace       used 18540K, capacity 18744K, committed 18816K, reserved 18816K
}
Event: 13.169 GC heap before
{Heap before GC invocations=33 (full 3):
 def new generation   total 78656K, used 78335K [0x0f200000, 0x14750000, 0x14750000)
  eden space 69952K,  99% used [0x0f200000, 0x135ffea0, 0x13650000)
  from space 8704K, 100% used [0x13ed0000, 0x14750000, 0x14750000)
  to   space 8704K,   0% used [0x13650000, 0x13650000, 0x13ed0000)
 tenured generation   total 174784K, used 132196K [0x14750000, 0x1f200000, 0x1f200000)
   the space 174784K,  75% used [0x14750000, 0x1c869030, 0x1c869200, 0x1f200000)
 Metaspace       used 18540K, capacity 18744K, committed 18816K, reserved 18816K
Event: 13.177 GC heap after
Heap after GC invocations=34 (full 3):
 def new generation   total 78656K, used 8704K [0x0f200000, 0x14750000, 0x14750000)
  eden space 69952K,   0% used [0x0f200000, 0x0f200000, 0x13650000)
  from space 8704K, 100% used [0x13650000, 0x13ed0000, 0x13ed0000)
  to   space 8704K,   0% used [0x13ed0000, 0x13ed0000, 0x14750000)
 tenured generation   total 174784K, used 146410K [0x14750000, 0x1f200000, 0x1f200000)
   the space 174784K,  83% used [0x14750000, 0x1d64ab08, 0x1d64ac00, 0x1f200000)
 Metaspace       used 18540K, capacity 18744K, committed 18816K, reserved 18816K
}
Event: 13.819 GC heap before
{Heap before GC invocations=34 (full 3):
 def new generation   total 78656K, used 78501K [0x0f200000, 0x14750000, 0x14750000)
  eden space 69952K,  99% used [0x0f200000, 0x13629490, 0x13650000)
  from space 8704K, 100% used [0x13650000, 0x13ed0000, 0x13ed0000)
  to   space 8704K,   0% used [0x13ed0000, 0x13ed0000, 0x14750000)
 tenured generation   total 174784K, used 146410K [0x14750000, 0x1f200000, 0x1f200000)
   the space 174784K,  83% used [0x14750000, 0x1d64ab08, 0x1d64ac00, 0x1f200000)
 Metaspace       used 18540K, capacity 18744K, committed 18816K, reserved 18816K
Event: 13.827 GC heap after
Heap after GC invocations=35 (full 3):
 def new generation   total 78656K, used 8704K [0x0f200000, 0x14750000, 0x14750000)
  eden space 69952K,   0% used [0x0f200000, 0x0f200000, 0x13650000)
  from space 8704K, 100% used [0x13ed0000, 0x14750000, 0x14750000)
  to   space 8704K,   0% used [0x13650000, 0x13650000, 0x13ed0000)
 tenured generation   total 174784K, used 159503K [0x14750000, 0x1f200000, 0x1f200000)
   the space 174784K,  91% used [0x14750000, 0x1e313d88, 0x1e313e00, 0x1f200000)
 Metaspace       used 18540K, capacity 18744K, committed 18816K, reserved 18816K
}

