# JRE version: Java(TM) SE Runtime Environment (8.0_31-b13) (build 1.8.0_31-b13)
# Java VM: Java HotSpot(TM) Client VM (25.31-b07 mixed mode windows-x86 )
Heap:
 def new generation   total 78656K, used 72319K [0x0f200000, 0x14750000, 0x14750000)
  eden space 69952K, -2147483648% used [0x0f200000, 0x13095560, 0x13650000)
  from space 8704K,  94% used [0x13650000, 0x13e5aa80, 0x13ed0000)
  to   space 8704K,   0% used [0x13ed0000, 0x13ed0000, 0x14750000)
 tenured generation   total 174784K, used 128277K [0x14750000, 0x1f200000, 0x1f200000)
   the space 174784K,  73% used [0x14750000, 0x1c495710, 0x1c495800, 0x1f200000)
 Metaspace       used 18546K, capacity 18744K, committed 18944K, reserved 19840K
GC Heap History (10 events):
Event: 4.552 GC heap before
{Heap before GC invocations=27 (full 2):
 def new generation   total 69312K, used 64087K [0x0f200000, 0x13d30000, 0x14750000)
  eden space 61632K, 100% used [0x0f200000, 0x12e30000, 0x12e30000)
  from space 7680K,  31% used [0x135b0000, 0x13815f08, 0x13d30000)
  to   space 7680K,   0% used [0x12e30000, 0x12e30000, 0x135b0000)
 tenured generation   total 153856K, used 116777K [0x14750000, 0x1dd90000, 0x1f200000)
   the space 153856K,  75% used [0x14750000, 0x1b95a560, 0x1b95a600, 0x1dd90000)
 Metaspace       used 9006K, capacity 9151K, committed 9216K, reserved 9600K
Event: 4.553 GC heap after
Heap after GC invocations=28 (full 2):
 def new generation   total 69312K, used 2456K [0x0f200000, 0x13d30000, 0x14750000)
  eden space 61632K,   0% used [0x0f200000, 0x0f200000, 0x12e30000)
  from space 7680K,  31% used [0x12e30000, 0x130962f8, 0x135b0000)
  to   space 7680K,   0% used [0x135b0000, 0x135b0000, 0x13d30000)
 tenured generation   total 153856K, used 116777K [0x14750000, 0x1dd90000, 0x1f200000)
   the space 153856K,  75% used [0x14750000, 0x1b95a560, 0x1b95a600, 0x1dd90000)
 Metaspace       used 9006K, capacity 9151K, committed 9216K, reserved 9600K
}
Event: 6.000 GC heap before
{Heap before GC invocations=28 (full 2):
 def new generation   total 69312K, used 64088K [0x0f200000, 0x13d30000, 0x14750000)
  eden space 61632K, 100% used [0x0f200000, 0x12e30000, 0x12e30000)
  from space 7680K,  31% used [0x12e30000, 0x130962f8, 0x135b0000)
  to   space 7680K,   0% used [0x135b0000, 0x135b0000, 0x13d30000)
 tenured generation   total 153856K, used 116777K [0x14750000, 0x1dd90000, 0x1f200000)
   the space 153856K,  75% used [0x14750000, 0x1b95a560, 0x1b95a600, 0x1dd90000)
 Metaspace       used 12359K, capacity 12526K, committed 12672K, reserved 12672K
Event: 6.005 GC heap after
Heap after GC invocations=29 (full 2):
 def new generation   total 69312K, used 2995K [0x0f200000, 0x13d30000, 0x14750000)
  eden space 61632K,   0% used [0x0f200000, 0x0f200000, 0x12e30000)
  from space 7680K,  38% used [0x135b0000, 0x1389cc38, 0x13d30000)
  to   space 7680K,   0% used [0x12e30000, 0x12e30000, 0x135b0000)
 tenured generation   total 153856K, used 116777K [0x14750000, 0x1dd90000, 0x1f200000)
   the space 153856K,  75% used [0x14750000, 0x1b95a560, 0x1b95a600, 0x1dd90000)
 Metaspace       used 12359K, capacity 12526K, committed 12672K, reserved 12672K
}
Event: 6.315 GC heap before
{Heap before GC invocations=29 (full 2):
 def new generation   total 69312K, used 22604K [0x0f200000, 0x13d30000, 0x14750000)
  eden space 61632K,  31% used [0x0f200000, 0x10526648, 0x12e30000)
  from space 7680K,  38% used [0x135b0000, 0x1389cc38, 0x13d30000)
  to   space 7680K,   0% used [0x12e30000, 0x12e30000, 0x135b0000)
 tenured generation   total 153856K, used 116777K [0x14750000, 0x1dd90000, 0x1f200000)
   the space 153856K,  75% used [0x14750000, 0x1b95a560, 0x1b95a600, 0x1dd90000)
 Metaspace       used 14931K, capacity 15086K, committed 15148K, reserved 15744K
Event: 6.335 GC heap after
Heap after GC invocations=30 (full 3):
 def new generation   total 78656K, used 0K [0x0f200000, 0x14750000, 0x14750000)
  eden space 69952K,   0% used [0x0f200000, 0x0f200000, 0x13650000)
  from space 8704K,   0% used [0x13650000, 0x13650000, 0x13ed0000)
  to   space 8704K,   0% used [0x13ed0000, 0x13ed0000, 0x14750000)
 tenured generation   total 174784K, used 120911K [0x14750000, 0x1f200000, 0x1f200000)
   the space 174784K,  69% used [0x14750000, 0x1bd63eb8, 0x1bd64000, 0x1f200000)
 Metaspace       used 14931K, capacity 15086K, committed 15148K, reserved 15744K
}
Event: 11.568 GC heap before
{Heap before GC invocations=30 (full 3):
 def new generation   total 78656K, used 69745K [0x0f200000, 0x14750000, 0x14750000)
  eden space 69952K,  99% used [0x0f200000, 0x1361c5a0, 0x13650000)
  from space 8704K,   0% used [0x13650000, 0x13650000, 0x13ed0000)
  to   space 8704K,   0% used [0x13ed0000, 0x13ed0000, 0x14750000)
 tenured generation   total 174784K, used 120911K [0x14750000, 0x1f200000, 0x1f200000)
   the space 174784K,  69% used [0x14750000, 0x1bd63eb8, 0x1bd64000, 0x1f200000)
 Metaspace       used 18543K, capacity 18741K, committed 18944K, reserved 19840K
Event: 11.578 GC heap after
Heap after GC invocations=31 (full 3):
 def new generation   total 78656K, used 8704K [0x0f200000, 0x14750000, 0x14750000)
  eden space 69952K,   0% used [0x0f200000, 0x0f200000, 0x13650000)
  from space 8704K, 100% used [0x13ed0000, 0x14750000, 0x14750000)
  to   space 8704K,   0% used [0x13650000, 0x13650000, 0x13ed0000)
 tenured generation   total 174784K, used 124166K [0x14750000, 0x1f200000, 0x1f200000)
   the space 174784K,  71% used [0x14750000, 0x1c091818, 0x1c091a00, 0x1f200000)
 Metaspace       used 18543K, capacity 18741K, committed 18944K, reserved 19840K
}
Event: 12.536 GC heap before
{Heap before GC invocations=31 (full 3):
 def new generation   total 78656K, used 77950K [0x0f200000, 0x14750000, 0x14750000)
  eden space 69952K,  98% used [0x0f200000, 0x1359fa38, 0x13650000)
  from space 8704K, 100% used [0x13ed0000, 0x14750000, 0x14750000)
  to   space 8704K,   0% used [0x13650000, 0x13650000, 0x13ed0000)
 tenured generation   total 174784K, used 124166K [0x14750000, 0x1f200000, 0x1f200000)
   the space 174784K,  71% used [0x14750000, 0x1c091818, 0x1c091a00, 0x1f200000)
 Metaspace       used 18546K, capacity 18744K, committed 18944K, reserved 19840K
Event: 12.544 GC heap after
Heap after GC invocations=32 (full 3):
 def new generation   total 78656K, used 8234K [0x0f200000, 0x14750000, 0x14750000)
  eden space 69952K,   0% used [0x0f200000, 0x0f200000, 0x13650000)
  from space 8704K,  94% used [0x13650000, 0x13e5aa80, 0x13ed0000)
  to   space 8704K,   0% used [0x13ed0000, 0x13ed0000, 0x14750000)
 tenured generation   total 174784K, used 128277K [0x14750000, 0x1f200000, 0x1f200000)
   the space 174784K,  73% used [0x14750000, 0x1c495710, 0x1c495800, 0x1f200000)
 Metaspace       used 18546K, capacity 18744K, committed 18944K, reserved 19840K
}

