# JRE version: Java(TM) SE Runtime Environment (8.0-b132) (build 1.8.0-b132)
# Java VM: Java HotSpot(TM) 64-Bit Server VM (25.0-b70 mixed mode windows-amd64 compressed oops)
Heap:
 PSYoungGen      total 8704K, used 2920K [0x000000076f100000, 0x0000000770380000, 0x00000007c0000000)
  eden space 7168K, 19% used [0x000000076f100000,0x000000076f261318,0x000000076f800000)
  from space 1536K, 98% used [0x000000076f800000,0x000000076f979078,0x000000076f980000)
  to   space 3584K, 0% used [0x0000000770000000,0x0000000770000000,0x0000000770380000)
 ParOldGen       total 248320K, used 5892K [0x00000006cd200000, 0x00000006dc480000, 0x000000076f100000)
  object space 248320K, 2% used [0x00000006cd200000,0x00000006cd7c1350,0x00000006dc480000)
 Metaspace       used 7964K, capacity 8022K, committed 8064K, reserved 1056768K
  class space    used 873K, capacity 882K, committed 896K, reserved 1048576K
GC Heap History (10 events):
Event: 0.197 GC heap before
{Heap before GC invocations=5 (full 0):
 PSYoungGen      total 2560K, used 2544K [0x000000076f100000, 0x000000076f400000, 0x00000007c0000000)
  eden space 2048K, 100% used [0x000000076f100000,0x000000076f300000,0x000000076f300000)
  from space 512K, 96% used [0x000000076f380000,0x000000076f3fc010,0x000000076f400000)
  to   space 512K, 0% used [0x000000076f300000,0x000000076f300000,0x000000076f380000)
 ParOldGen       total 248320K, used 496K [0x00000006cd200000, 0x00000006dc480000, 0x000000076f100000)
  object space 248320K, 0% used [0x00000006cd200000,0x00000006cd27c200,0x00000006dc480000)
 Metaspace       used 3694K, capacity 4856K, committed 5120K, reserved 1056768K
  class space    used 396K, capacity 424K, committed 512K, reserved 1048576K
Event: 0.198 GC heap after
Heap after GC invocations=5 (full 0):
 PSYoungGen      total 2560K, used 496K [0x000000076f100000, 0x000000076f700000, 0x00000007c0000000)
  eden space 2048K, 0% used [0x000000076f100000,0x000000076f100000,0x000000076f300000)
  from space 512K, 96% used [0x000000076f300000,0x000000076f37c010,0x000000076f380000)
  to   space 1024K, 0% used [0x000000076f600000,0x000000076f600000,0x000000076f700000)
 ParOldGen       total 248320K, used 866K [0x00000006cd200000, 0x00000006dc480000, 0x000000076f100000)
  object space 248320K, 0% used [0x00000006cd200000,0x00000006cd2d89c0,0x00000006dc480000)
 Metaspace       used 3694K, capacity 4856K, committed 5120K, reserved 1056768K
  class space    used 396K, capacity 424K, committed 512K, reserved 1048576K
}
Event: 1.518 GC heap before
{Heap before GC invocations=6 (full 0):
 PSYoungGen      total 2560K, used 2544K [0x000000076f100000, 0x000000076f700000, 0x00000007c0000000)
  eden space 2048K, 100% used [0x000000076f100000,0x000000076f300000,0x000000076f300000)
  from space 512K, 96% used [0x000000076f300000,0x000000076f37c010,0x000000076f380000)
  to   space 1024K, 0% used [0x000000076f600000,0x000000076f600000,0x000000076f700000)
 ParOldGen       total 248320K, used 866K [0x00000006cd200000, 0x00000006dc480000, 0x000000076f100000)
  object space 248320K, 0% used [0x00000006cd200000,0x00000006cd2d89c0,0x00000006dc480000)
 Metaspace       used 5194K, capacity 5344K, committed 5504K, reserved 1056768K
  class space    used 570K, capacity 592K, committed 640K, reserved 1048576K
Event: 1.522 GC heap after
Heap after GC invocations=6 (full 0):
 PSYoungGen      total 4608K, used 1010K [0x000000076f100000, 0x000000076f800000, 0x00000007c0000000)
  eden space 3584K, 0% used [0x000000076f100000,0x000000076f100000,0x000000076f480000)
  from space 1024K, 98% used [0x000000076f600000,0x000000076f6fcb10,0x000000076f700000)
  to   space 1536K, 0% used [0x000000076f480000,0x000000076f480000,0x000000076f600000)
 ParOldGen       total 248320K, used 1000K [0x00000006cd200000, 0x00000006dc480000, 0x000000076f100000)
  object space 248320K, 0% used [0x00000006cd200000,0x00000006cd2fa0a0,0x00000006dc480000)
 Metaspace       used 5194K, capacity 5344K, committed 5504K, reserved 1056768K
  class space    used 570K, capacity 592K, committed 640K, reserved 1048576K
}
Event: 1.686 GC heap before
{Heap before GC invocations=7 (full 0):
 PSYoungGen      total 4608K, used 4594K [0x000000076f100000, 0x000000076f800000, 0x00000007c0000000)
  eden space 3584K, 100% used [0x000000076f100000,0x000000076f480000,0x000000076f480000)
  from space 1024K, 98% used [0x000000076f600000,0x000000076f6fcb10,0x000000076f700000)
  to   space 1536K, 0% used [0x000000076f480000,0x000000076f480000,0x000000076f600000)
 ParOldGen       total 248320K, used 1000K [0x00000006cd200000, 0x00000006dc480000, 0x000000076f100000)
  object space 248320K, 0% used [0x00000006cd200000,0x00000006cd2fa0a0,0x00000006dc480000)
 Metaspace       used 5563K, capacity 5728K, committed 5888K, reserved 1056768K
  class space    used 607K, capacity 656K, committed 768K, reserved 1048576K
Event: 1.688 GC heap after
Heap after GC invocations=7 (full 0):
 PSYoungGen      total 5120K, used 936K [0x000000076f100000, 0x000000076fb00000, 0x00000007c0000000)
  eden space 3584K, 0% used [0x000000076f100000,0x000000076f100000,0x000000076f480000)
  from space 1536K, 60% used [0x000000076f480000,0x000000076f56a060,0x000000076f600000)
  to   space 1536K, 0% used [0x000000076f980000,0x000000076f980000,0x000000076fb00000)
 ParOldGen       total 248320K, used 1304K [0x00000006cd200000, 0x00000006dc480000, 0x000000076f100000)
  object space 248320K, 0% used [0x00000006cd200000,0x00000006cd3460f0,0x00000006dc480000)
 Metaspace       used 5563K, capacity 5728K, committed 5888K, reserved 1056768K
  class space    used 607K, capacity 656K, committed 768K, reserved 1048576K
}
Event: 2.995 GC heap before
{Heap before GC invocations=8 (full 0):
 PSYoungGen      total 5120K, used 4520K [0x000000076f100000, 0x000000076fb00000, 0x00000007c0000000)
  eden space 3584K, 100% used [0x000000076f100000,0x000000076f480000,0x000000076f480000)
  from space 1536K, 60% used [0x000000076f480000,0x000000076f56a060,0x000000076f600000)
  to   space 1536K, 0% used [0x000000076f980000,0x000000076f980000,0x000000076fb00000)
 ParOldGen       total 248320K, used 1304K [0x00000006cd200000, 0x00000006dc480000, 0x000000076f100000)
  object space 248320K, 0% used [0x00000006cd200000,0x00000006cd3460f0,0x00000006dc480000)
 Metaspace       used 6731K, capacity 6774K, committed 6912K, reserved 1056768K
  class space    used 701K, capacity 722K, committed 768K, reserved 1048576K
Event: 2.997 GC heap after
Heap after GC invocations=8 (full 0):
 PSYoungGen      total 8704K, used 981K [0x000000076f100000, 0x000000076fb00000, 0x00000007c0000000)
  eden space 7168K, 0% used [0x000000076f100000,0x000000076f100000,0x000000076f800000)
  from space 1536K, 63% used [0x000000076f980000,0x000000076fa754e0,0x000000076fb00000)
  to   space 1536K, 0% used [0x000000076f800000,0x000000076f800000,0x000000076f980000)
 ParOldGen       total 248320K, used 1480K [0x00000006cd200000, 0x00000006dc480000, 0x000000076f100000)
  object space 248320K, 0% used [0x00000006cd200000,0x00000006cd3720f0,0x00000006dc480000)
 Metaspace       used 6731K, capacity 6774K, committed 6912K, reserved 1056768K
  class space    used 701K, capacity 722K, committed 768K, reserved 1048576K
}
Event: 3.561 GC heap before
{Heap before GC invocations=9 (full 0):
 PSYoungGen      total 8704K, used 7529K [0x000000076f100000, 0x000000076fb00000, 0x00000007c0000000)
  eden space 7168K, 91% used [0x000000076f100000,0x000000076f7652b0,0x000000076f800000)
  from space 1536K, 63% used [0x000000076f980000,0x000000076fa754e0,0x000000076fb00000)
  to   space 1536K, 0% used [0x000000076f800000,0x000000076f800000,0x000000076f980000)
 ParOldGen       total 248320K, used 1480K [0x00000006cd200000, 0x00000006dc480000, 0x000000076f100000)
  object space 248320K, 0% used [0x00000006cd200000,0x00000006cd3720f0,0x00000006dc480000)
 Metaspace       used 7963K, capacity 8022K, committed 8064K, reserved 1056768K
  class space    used 873K, capacity 882K, committed 896K, reserved 1048576K
Event: 3.564 GC heap after
Heap after GC invocations=9 (full 0):
 PSYoungGen      total 8704K, used 1508K [0x000000076f100000, 0x0000000770380000, 0x00000007c0000000)
  eden space 7168K, 0% used [0x000000076f100000,0x000000076f100000,0x000000076f800000)
  from space 1536K, 98% used [0x000000076f800000,0x000000076f979078,0x000000076f980000)
  to   space 3584K, 0% used [0x0000000770000000,0x0000000770000000,0x0000000770380000)
 ParOldGen       total 248320K, used 5892K [0x00000006cd200000, 0x00000006dc480000, 0x000000076f100000)
  object space 248320K, 2% used [0x00000006cd200000,0x00000006cd7c1350,0x00000006dc480000)
 Metaspace       used 7963K, capacity 8022K, committed 8064K, reserved 1056768K
  class space    used 873K, capacity 882K, committed 896K, reserved 1048576K
}

