# JRE version: Java(TM) SE Runtime Environment (8.0_31-b13) (build 1.8.0_31-b13)
# Java VM: Java HotSpot(TM) Client VM (25.31-b07 mixed mode windows-x86 )
Heap:
 def new generation   total 78656K, used 49735K [0x0f200000, 0x14750000, 0x14750000)
  eden space 69952K,  58% used [0x0f200000, 0x11a11d08, 0x13650000)
  from space 8704K, 100% used [0x13ed0000, 0x14750000, 0x14750000)
  to   space 8704K,   0% used [0x13650000, 0x13650000, 0x13ed0000)
 tenured generation   total 174784K, used 162164K [0x14750000, 0x1f200000, 0x1f200000)
   the space 174784K,  92% used [0x14750000, 0x1e5ad378, 0x1e5ad400, 0x1f200000)
 Metaspace       used 18706K, capacity 18894K, committed 19072K, reserved 19840K
GC Heap History (10 events):
Event: 15.598 GC heap before
{Heap before GC invocations=28 (full 2):
 def new generation   total 69312K, used 64083K [0x0f200000, 0x13d30000, 0x14750000)
  eden space 61632K, 100% used [0x0f200000, 0x12e30000, 0x12e30000)
  from space 7680K,  31% used [0x12e30000, 0x13094cd0, 0x135b0000)
  to   space 7680K,   0% used [0x135b0000, 0x135b0000, 0x13d30000)
 tenured generation   total 153856K, used 116776K [0x14750000, 0x1dd90000, 0x1f200000)
   the space 153856K,  75% used [0x14750000, 0x1b95a3e0, 0x1b95a400, 0x1dd90000)
 Metaspace       used 12352K, capacity 12491K, committed 12672K, reserved 12672K
Event: 15.604 GC heap after
Heap after GC invocations=29 (full 2):
 def new generation   total 69312K, used 2887K [0x0f200000, 0x13d30000, 0x14750000)
  eden space 61632K,   0% used [0x0f200000, 0x0f200000, 0x12e30000)
  from space 7680K,  37% used [0x135b0000, 0x13881e70, 0x13d30000)
  to   space 7680K,   0% used [0x12e30000, 0x12e30000, 0x135b0000)
 tenured generation   total 153856K, used 116776K [0x14750000, 0x1dd90000, 0x1f200000)
   the space 153856K,  75% used [0x14750000, 0x1b95a3e0, 0x1b95a400, 0x1dd90000)
 Metaspace       used 12352K, capacity 12491K, committed 12672K, reserved 12672K
}
Event: 15.915 GC heap before
{Heap before GC invocations=29 (full 2):
 def new generation   total 69312K, used 23191K [0x0f200000, 0x13d30000, 0x14750000)
  eden space 61632K,  32% used [0x0f200000, 0x105d40b8, 0x12e30000)
  from space 7680K,  37% used [0x135b0000, 0x13881e70, 0x13d30000)
  to   space 7680K,   0% used [0x12e30000, 0x12e30000, 0x135b0000)
 tenured generation   total 153856K, used 116776K [0x14750000, 0x1dd90000, 0x1f200000)
   the space 153856K,  75% used [0x14750000, 0x1b95a3e0, 0x1b95a400, 0x1dd90000)
 Metaspace       used 14904K, capacity 15051K, committed 15148K, reserved 15744K
Event: 15.941 GC heap after
Heap after GC invocations=30 (full 3):
 def new generation   total 78656K, used 0K [0x0f200000, 0x14750000, 0x14750000)
  eden space 69952K,   0% used [0x0f200000, 0x0f200000, 0x13650000)
  from space 8704K,   0% used [0x13650000, 0x13650000, 0x13ed0000)
  to   space 8704K,   0% used [0x13ed0000, 0x13ed0000, 0x14750000)
 tenured generation   total 174784K, used 120959K [0x14750000, 0x1f200000, 0x1f200000)
   the space 174784K,  69% used [0x14750000, 0x1bd6fdd0, 0x1bd6fe00, 0x1f200000)
 Metaspace       used 14892K, capacity 15036K, committed 15148K, reserved 15744K
}
Event: 86.021 GC heap before
{Heap before GC invocations=30 (full 3):
 def new generation   total 78656K, used 69844K [0x0f200000, 0x14750000, 0x14750000)
  eden space 69952K,  99% used [0x0f200000, 0x13635100, 0x13650000)
  from space 8704K,   0% used [0x13650000, 0x13650000, 0x13ed0000)
  to   space 8704K,   0% used [0x13ed0000, 0x13ed0000, 0x14750000)
 tenured generation   total 174784K, used 120959K [0x14750000, 0x1f200000, 0x1f200000)
   the space 174784K,  69% used [0x14750000, 0x1bd6fdd0, 0x1bd6fe00, 0x1f200000)
 Metaspace       used 18690K, capacity 18891K, committed 19072K, reserved 19840K
Event: 86.038 GC heap after
Heap after GC invocations=31 (full 3):
 def new generation   total 78656K, used 8704K [0x0f200000, 0x14750000, 0x14750000)
  eden space 69952K,   0% used [0x0f200000, 0x0f200000, 0x13650000)
  from space 8704K, 100% used [0x13ed0000, 0x14750000, 0x14750000)
  to   space 8704K,   0% used [0x13650000, 0x13650000, 0x13ed0000)
 tenured generation   total 174784K, used 127968K [0x14750000, 0x1f200000, 0x1f200000)
   the space 174784K,  73% used [0x14750000, 0x1c448030, 0x1c448200, 0x1f200000)
 Metaspace       used 18690K, capacity 18891K, committed 19072K, reserved 19840K
}
Event: 88.931 GC heap before
{Heap before GC invocations=31 (full 3):
 def new generation   total 78656K, used 77910K [0x0f200000, 0x14750000, 0x14750000)
  eden space 69952K,  98% used [0x0f200000, 0x13595948, 0x13650000)
  from space 8704K, 100% used [0x13ed0000, 0x14750000, 0x14750000)
  to   space 8704K,   0% used [0x13650000, 0x13650000, 0x13ed0000)
 tenured generation   total 174784K, used 127968K [0x14750000, 0x1f200000, 0x1f200000)
   the space 174784K,  73% used [0x14750000, 0x1c448030, 0x1c448200, 0x1f200000)
 Metaspace       used 18693K, capacity 18894K, committed 19072K, reserved 19840K
Event: 88.944 GC heap after
Heap after GC invocations=32 (full 3):
 def new generation   total 78656K, used 8704K [0x0f200000, 0x14750000, 0x14750000)
  eden space 69952K,   0% used [0x0f200000, 0x0f200000, 0x13650000)
  from space 8704K, 100% used [0x13650000, 0x13ed0000, 0x13ed0000)
  to   space 8704K,   0% used [0x13ed0000, 0x13ed0000, 0x14750000)
 tenured generation   total 174784K, used 145239K [0x14750000, 0x1f200000, 0x1f200000)
   the space 174784K,  83% used [0x14750000, 0x1d525da0, 0x1d525e00, 0x1f200000)
 Metaspace       used 18693K, capacity 18894K, committed 19072K, reserved 19840K
}
Event: 91.826 GC heap before
{Heap before GC invocations=32 (full 3):
 def new generation   total 78656K, used 78474K [0x0f200000, 0x14750000, 0x14750000)
  eden space 69952K,  99% used [0x0f200000, 0x13622a30, 0x13650000)
  from space 8704K, 100% used [0x13650000, 0x13ed0000, 0x13ed0000)
  to   space 8704K,   0% used [0x13ed0000, 0x13ed0000, 0x14750000)
 tenured generation   total 174784K, used 145239K [0x14750000, 0x1f200000, 0x1f200000)
   the space 174784K,  83% used [0x14750000, 0x1d525da0, 0x1d525e00, 0x1f200000)
 Metaspace       used 18693K, capacity 18894K, committed 19072K, reserved 19840K
Event: 91.841 GC heap after
Heap after GC invocations=33 (full 3):
 def new generation   total 78656K, used 8704K [0x0f200000, 0x14750000, 0x14750000)
  eden space 69952K,   0% used [0x0f200000, 0x0f200000, 0x13650000)
  from space 8704K, 100% used [0x13ed0000, 0x14750000, 0x14750000)
  to   space 8704K,   0% used [0x13650000, 0x13650000, 0x13ed0000)
 tenured generation   total 174784K, used 162164K [0x14750000, 0x1f200000, 0x1f200000)
   the space 174784K,  92% used [0x14750000, 0x1e5ad378, 0x1e5ad400, 0x1f200000)
 Metaspace       used 18693K, capacity 18894K, committed 19072K, reserved 19840K
}

