# JRE version: Java(TM) SE Runtime Environment (8.0_31-b13) (build 1.8.0_31-b13)
# Java VM: Java HotSpot(TM) Client VM (25.31-b07 mixed mode windows-x86 )
Heap:
 def new generation   total 12672K, used 7229K [0x0f200000, 0x0ffb0000, 0x14750000)
  eden space 11328K,  63% used [0x0f200000, 0x0f90f6d8, 0x0fd10000)
  from space 1344K,   0% used [0x0fd10000, 0x0fd10000, 0x0fe60000)
  to   space 1344K,   0% used [0x0fe60000, 0x0fe60000, 0x0ffb0000)
 tenured generation   total 27820K, used 16690K [0x14750000, 0x1627b000, 0x1f200000)
   the space 27820K,  59% used [0x14750000, 0x1579c9a0, 0x1579ca00, 0x1627b000)
 Metaspace       used 18961K, capacity 19150K, committed 19200K, reserved 19840K
GC Heap History (10 events):
Event: 11.519 GC heap before
{Heap before GC invocations=43 (full 7):
 def new generation   total 12032K, used 11943K [0x0f200000, 0x0ff00000, 0x14750000)
  eden space 10752K,  99% used [0x0f200000, 0x0fc6d040, 0x0fc80000)
  from space 1280K,  98% used [0x0fdc0000, 0x0fefcc08, 0x0ff00000)
  to   space 1280K,   0% used [0x0fc80000, 0x0fc80000, 0x0fdc0000)
 tenured generation   total 26384K, used 25990K [0x14750000, 0x16114000, 0x1f200000)
   the space 26384K,  98% used [0x14750000, 0x160b18c8, 0x160b1a00, 0x16114000)
 Metaspace       used 18961K, capacity 19150K, committed 19200K, reserved 19840K
Event: 11.543 GC heap after
Heap after GC invocations=44 (full 8):
 def new generation   total 12032K, used 0K [0x0f200000, 0x0ff00000, 0x14750000)
  eden space 10752K,   0% used [0x0f200000, 0x0f200000, 0x0fc80000)
  from space 1280K,   0% used [0x0fc80000, 0x0fc80000, 0x0fdc0000)
  to   space 1280K,   0% used [0x0fdc0000, 0x0fdc0000, 0x0ff00000)
 tenured generation   total 26384K, used 14789K [0x14750000, 0x16114000, 0x1f200000)
   the space 26384K,  56% used [0x14750000, 0x155c1540, 0x155c1600, 0x16114000)
 Metaspace       used 18961K, capacity 19150K, committed 19200K, reserved 19840K
}
Event: 11.708 GC heap before
{Heap before GC invocations=44 (full 8):
 def new generation   total 12032K, used 10671K [0x0f200000, 0x0ff00000, 0x14750000)
  eden space 10752K,  99% used [0x0f200000, 0x0fc6bfc8, 0x0fc80000)
  from space 1280K,   0% used [0x0fc80000, 0x0fc80000, 0x0fdc0000)
  to   space 1280K,   0% used [0x0fdc0000, 0x0fdc0000, 0x0ff00000)
 tenured generation   total 26384K, used 14789K [0x14750000, 0x16114000, 0x1f200000)
   the space 26384K,  56% used [0x14750000, 0x155c1540, 0x155c1600, 0x16114000)
 Metaspace       used 18961K, capacity 19150K, committed 19200K, reserved 19840K
Event: 11.711 GC heap after
Heap after GC invocations=45 (full 8):
 def new generation   total 12032K, used 1193K [0x0f200000, 0x0ff00000, 0x14750000)
  eden space 10752K,   0% used [0x0f200000, 0x0f200000, 0x0fc80000)
  from space 1280K,  93% used [0x0fdc0000, 0x0feea5a0, 0x0ff00000)
  to   space 1280K,   0% used [0x0fc80000, 0x0fc80000, 0x0fdc0000)
 tenured generation   total 26384K, used 19365K [0x14750000, 0x16114000, 0x1f200000)
   the space 26384K,  73% used [0x14750000, 0x15a395d0, 0x15a39600, 0x16114000)
 Metaspace       used 18961K, capacity 19150K, committed 19200K, reserved 19840K
}
Event: 11.913 GC heap before
{Heap before GC invocations=45 (full 8):
 def new generation   total 12032K, used 11318K [0x0f200000, 0x0ff00000, 0x14750000)
  eden space 10752K,  94% used [0x0f200000, 0x0fbe33f8, 0x0fc80000)
  from space 1280K,  93% used [0x0fdc0000, 0x0feea5a0, 0x0ff00000)
  to   space 1280K,   0% used [0x0fc80000, 0x0fc80000, 0x0fdc0000)
 tenured generation   total 26384K, used 19365K [0x14750000, 0x16114000, 0x1f200000)
   the space 26384K,  73% used [0x14750000, 0x15a395d0, 0x15a39600, 0x16114000)
 Metaspace       used 18961K, capacity 19150K, committed 19200K, reserved 19840K
Event: 11.915 GC heap after
Heap after GC invocations=46 (full 8):
 def new generation   total 12032K, used 1201K [0x0f200000, 0x0ff00000, 0x14750000)
  eden space 10752K,   0% used [0x0f200000, 0x0f200000, 0x0fc80000)
  from space 1280K,  93% used [0x0fc80000, 0x0fdac5e0, 0x0fdc0000)
  to   space 1280K,   0% used [0x0fdc0000, 0x0fdc0000, 0x0ff00000)
 tenured generation   total 26384K, used 22060K [0x14750000, 0x16114000, 0x1f200000)
   the space 26384K,  83% used [0x14750000, 0x15cdb368, 0x15cdb400, 0x16114000)
 Metaspace       used 18961K, capacity 19150K, committed 19200K, reserved 19840K
}
Event: 12.109 GC heap before
{Heap before GC invocations=46 (full 8):
 def new generation   total 12032K, used 11930K [0x0f200000, 0x0ff00000, 0x14750000)
  eden space 10752K,  99% used [0x0f200000, 0x0fc7a2e0, 0x0fc80000)
  from space 1280K,  93% used [0x0fc80000, 0x0fdac5e0, 0x0fdc0000)
  to   space 1280K,   0% used [0x0fdc0000, 0x0fdc0000, 0x0ff00000)
 tenured generation   total 26384K, used 22060K [0x14750000, 0x16114000, 0x1f200000)
   the space 26384K,  83% used [0x14750000, 0x15cdb368, 0x15cdb400, 0x16114000)
 Metaspace       used 18961K, capacity 19150K, committed 19200K, reserved 19840K
Event: 12.111 GC heap after
Heap after GC invocations=47 (full 8):
 def new generation   total 12032K, used 1280K [0x0f200000, 0x0ff00000, 0x14750000)
  eden space 10752K,   0% used [0x0f200000, 0x0f200000, 0x0fc80000)
  from space 1280K, 100% used [0x0fdc0000, 0x0ff00000, 0x0ff00000)
  to   space 1280K,   0% used [0x0fc80000, 0x0fc80000, 0x0fdc0000)
 tenured generation   total 26384K, used 25581K [0x14750000, 0x16114000, 0x1f200000)
   the space 26384K,  96% used [0x14750000, 0x1604b628, 0x1604b800, 0x16114000)
 Metaspace       used 18961K, capacity 19150K, committed 19200K, reserved 19840K
}
Event: 12.319 GC heap before
{Heap before GC invocations=47 (full 8):
 def new generation   total 12032K, used 11910K [0x0f200000, 0x0ff00000, 0x14750000)
  eden space 10752K,  98% used [0x0f200000, 0x0fc619c0, 0x0fc80000)
  from space 1280K, 100% used [0x0fdc0000, 0x0ff00000, 0x0ff00000)
  to   space 1280K,   0% used [0x0fc80000, 0x0fc80000, 0x0fdc0000)
 tenured generation   total 26384K, used 25581K [0x14750000, 0x16114000, 0x1f200000)
   the space 26384K,  96% used [0x14750000, 0x1604b628, 0x1604b800, 0x16114000)
 Metaspace       used 18961K, capacity 19150K, committed 19200K, reserved 19840K
Event: 12.344 GC heap after
Heap after GC invocations=48 (full 9):
 def new generation   total 12672K, used 0K [0x0f200000, 0x0ffb0000, 0x14750000)
  eden space 11328K,   0% used [0x0f200000, 0x0f200000, 0x0fd10000)
  from space 1344K,   0% used [0x0fd10000, 0x0fd10000, 0x0fe60000)
  to   space 1344K,   0% used [0x0fe60000, 0x0fe60000, 0x0ffb0000)
 tenured generation   total 27820K, used 16690K [0x14750000, 0x1627b000, 0x1f200000)
   the space 27820K,  59% used [0x14750000, 0x1579c9a0, 0x1579ca00, 0x1627b000)
 Metaspace       used 18961K, capacity 19150K, committed 19200K, reserved 19840K
}

