# JRE version: Java(TM) SE Runtime Environment (8.0-b132) (build 1.8.0-b132)
# Java VM: Java HotSpot(TM) 64-Bit Server VM (25.0-b70 mixed mode windows-amd64 compressed oops)
Heap:
 PSYoungGen      total 14848K, used 8431K [0x000000076f100000, 0x0000000770d00000, 0x00000007c0000000)
  eden space 8192K, 24% used [0x000000076f100000,0x000000076f2f0fb8,0x000000076f900000)
  from space 6656K, 96% used [0x000000076f900000,0x000000076ff4aea8,0x000000076ff80000)
  to   space 7680K, 0% used [0x0000000770580000,0x0000000770580000,0x0000000770d00000)
 ParOldGen       total 248320K, used 16595K [0x00000006cd200000, 0x00000006dc480000, 0x000000076f100000)
  object space 248320K, 6% used [0x00000006cd200000,0x00000006ce234e40,0x00000006dc480000)
 Metaspace       used 11862K, capacity 11964K, committed 12288K, reserved 1060864K
  class space    used 1381K, capacity 1423K, committed 1536K, reserved 1048576K
GC Heap History (10 events):
Event: 0.485 GC heap before
{Heap before GC invocations=6 (full 0):
 PSYoungGen      total 2560K, used 2544K [0x000000076f100000, 0x000000076f800000, 0x00000007c0000000)
  eden space 2048K, 100% used [0x000000076f100000,0x000000076f300000,0x000000076f300000)
  from space 512K, 96% used [0x000000076f300000,0x000000076f37c010,0x000000076f380000)
  to   space 1536K, 0% used [0x000000076f680000,0x000000076f680000,0x000000076f800000)
 ParOldGen       total 248320K, used 1164K [0x00000006cd200000, 0x00000006dc480000, 0x000000076f100000)
  object space 248320K, 0% used [0x00000006cd200000,0x00000006cd323378,0x00000006dc480000)
 Metaspace       used 7181K, capacity 7280K, committed 7552K, reserved 1056768K
  class space    used 797K, capacity 844K, committed 896K, reserved 1048576K
Event: 0.486 GC heap after
Heap after GC invocations=6 (full 0):
 PSYoungGen      total 5632K, used 981K [0x000000076f100000, 0x000000076f800000, 0x00000007c0000000)
  eden space 4096K, 0% used [0x000000076f100000,0x000000076f100000,0x000000076f500000)
  from space 1536K, 63% used [0x000000076f680000,0x000000076f7754e8,0x000000076f800000)
  to   space 1536K, 0% used [0x000000076f500000,0x000000076f500000,0x000000076f680000)
 ParOldGen       total 248320K, used 1172K [0x00000006cd200000, 0x00000006dc480000, 0x000000076f100000)
  object space 248320K, 0% used [0x00000006cd200000,0x00000006cd325378,0x00000006dc480000)
 Metaspace       used 7181K, capacity 7280K, committed 7552K, reserved 1056768K
  class space    used 797K, capacity 844K, committed 896K, reserved 1048576K
}
Event: 0.596 GC heap before
{Heap before GC invocations=7 (full 0):
 PSYoungGen      total 5632K, used 4363K [0x000000076f100000, 0x000000076f800000, 0x00000007c0000000)
  eden space 4096K, 82% used [0x000000076f100000,0x000000076f44d7f8,0x000000076f500000)
  from space 1536K, 63% used [0x000000076f680000,0x000000076f7754e8,0x000000076f800000)
  to   space 1536K, 0% used [0x000000076f500000,0x000000076f500000,0x000000076f680000)
 ParOldGen       total 248320K, used 1172K [0x00000006cd200000, 0x00000006dc480000, 0x000000076f100000)
  object space 248320K, 0% used [0x00000006cd200000,0x00000006cd325378,0x00000006dc480000)
 Metaspace       used 9038K, capacity 9136K, committed 9344K, reserved 1056768K
  class space    used 1058K, capacity 1100K, committed 1152K, reserved 1048576K
Event: 0.598 GC heap after
Heap after GC invocations=7 (full 0):
 PSYoungGen      total 5632K, used 1256K [0x000000076f100000, 0x000000076fc00000, 0x00000007c0000000)
  eden space 4096K, 0% used [0x000000076f100000,0x000000076f100000,0x000000076f500000)
  from space 1536K, 81% used [0x000000076f500000,0x000000076f63a268,0x000000076f680000)
  to   space 1536K, 0% used [0x000000076fa80000,0x000000076fa80000,0x000000076fc00000)
 ParOldGen       total 248320K, used 4510K [0x00000006cd200000, 0x00000006dc480000, 0x000000076f100000)
  object space 248320K, 1% used [0x00000006cd200000,0x00000006cd6679a8,0x00000006dc480000)
 Metaspace       used 9038K, capacity 9136K, committed 9344K, reserved 1056768K
  class space    used 1058K, capacity 1100K, committed 1152K, reserved 1048576K
}
Event: 1.721 GC heap before
{Heap before GC invocations=8 (full 0):
 PSYoungGen      total 5632K, used 5352K [0x000000076f100000, 0x000000076fc00000, 0x00000007c0000000)
  eden space 4096K, 100% used [0x000000076f100000,0x000000076f500000,0x000000076f500000)
  from space 1536K, 81% used [0x000000076f500000,0x000000076f63a268,0x000000076f680000)
  to   space 1536K, 0% used [0x000000076fa80000,0x000000076fa80000,0x000000076fc00000)
 ParOldGen       total 248320K, used 4510K [0x00000006cd200000, 0x00000006dc480000, 0x000000076f100000)
  object space 248320K, 1% used [0x00000006cd200000,0x00000006cd6679a8,0x00000006dc480000)
 Metaspace       used 10293K, capacity 10384K, committed 10496K, reserved 1058816K
  class space    used 1171K, capacity 1196K, committed 1280K, reserved 1048576K
Event: 1.724 GC heap after
Heap after GC invocations=8 (full 0):
 PSYoungGen      total 8192K, used 1516K [0x000000076f100000, 0x000000076ff00000, 0x00000007c0000000)
  eden space 6656K, 0% used [0x000000076f100000,0x000000076f100000,0x000000076f780000)
  from space 1536K, 98% used [0x000000076fa80000,0x000000076fbfb038,0x000000076fc00000)
  to   space 3072K, 0% used [0x000000076f780000,0x000000076f780000,0x000000076fa80000)
 ParOldGen       total 248320K, used 7879K [0x00000006cd200000, 0x00000006dc480000, 0x000000076f100000)
  object space 248320K, 3% used [0x00000006cd200000,0x00000006cd9b1fd8,0x00000006dc480000)
 Metaspace       used 10293K, capacity 10384K, committed 10496K, reserved 1058816K
  class space    used 1171K, capacity 1196K, committed 1280K, reserved 1048576K
}
Event: 3.956 GC heap before
{Heap before GC invocations=9 (full 0):
 PSYoungGen      total 8192K, used 8172K [0x000000076f100000, 0x000000076ff00000, 0x00000007c0000000)
  eden space 6656K, 100% used [0x000000076f100000,0x000000076f780000,0x000000076f780000)
  from space 1536K, 98% used [0x000000076fa80000,0x000000076fbfb038,0x000000076fc00000)
  to   space 3072K, 0% used [0x000000076f780000,0x000000076f780000,0x000000076fa80000)
 ParOldGen       total 248320K, used 7879K [0x00000006cd200000, 0x00000006dc480000, 0x000000076f100000)
  object space 248320K, 3% used [0x00000006cd200000,0x00000006cd9b1fd8,0x00000006dc480000)
 Metaspace       used 11464K, capacity 11574K, committed 11904K, reserved 1060864K
  class space    used 1331K, capacity 1357K, committed 1408K, reserved 1048576K
Event: 3.958 GC heap after
Heap after GC invocations=9 (full 0):
 PSYoungGen      total 9728K, used 3064K [0x000000076f100000, 0x0000000770380000, 0x00000007c0000000)
  eden space 6656K, 0% used [0x000000076f100000,0x000000076f100000,0x000000076f780000)
  from space 3072K, 99% used [0x000000076f780000,0x000000076fa7e070,0x000000076fa80000)
  to   space 4096K, 0% used [0x000000076ff80000,0x000000076ff80000,0x0000000770380000)
 ParOldGen       total 248320K, used 8482K [0x00000006cd200000, 0x00000006dc480000, 0x000000076f100000)
  object space 248320K, 3% used [0x00000006cd200000,0x00000006cda48b50,0x00000006dc480000)
 Metaspace       used 11464K, capacity 11574K, committed 11904K, reserved 1060864K
  class space    used 1331K, capacity 1357K, committed 1408K, reserved 1048576K
}
Event: 4.054 GC heap before
{Heap before GC invocations=10 (full 0):
 PSYoungGen      total 9728K, used 9251K [0x000000076f100000, 0x0000000770380000, 0x00000007c0000000)
  eden space 6656K, 92% used [0x000000076f100000,0x000000076f70add8,0x000000076f780000)
  from space 3072K, 99% used [0x000000076f780000,0x000000076fa7e070,0x000000076fa80000)
  to   space 4096K, 0% used [0x000000076ff80000,0x000000076ff80000,0x0000000770380000)
 ParOldGen       total 248320K, used 8482K [0x00000006cd200000, 0x00000006dc480000, 0x000000076f100000)
  object space 248320K, 3% used [0x00000006cd200000,0x00000006cda48b50,0x00000006dc480000)
 Metaspace       used 11820K, capacity 11964K, committed 12288K, reserved 1060864K
  class space    used 1371K, capacity 1423K, committed 1536K, reserved 1048576K
Event: 4.057 GC heap after
Heap after GC invocations=10 (full 0):
 PSYoungGen      total 12288K, used 4066K [0x000000076f100000, 0x0000000770880000, 0x00000007c0000000)
  eden space 8192K, 0% used [0x000000076f100000,0x000000076f100000,0x000000076f900000)
  from space 4096K, 99% used [0x000000076ff80000,0x0000000770378bb0,0x0000000770380000)
  to   space 6656K, 0% used [0x000000076f900000,0x000000076f900000,0x000000076ff80000)
 ParOldGen       total 248320K, used 13007K [0x00000006cd200000, 0x00000006dc480000, 0x000000076f100000)
  object space 248320K, 5% used [0x00000006cd200000,0x00000006cdeb3e78,0x00000006dc480000)
 Metaspace       used 11820K, capacity 11964K, committed 12288K, reserved 1060864K
  class space    used 1371K, capacity 1423K, committed 1536K, reserved 1048576K
}

