# JRE version: Java(TM) SE Runtime Environment (8.0_31-b13) (build 1.8.0_31-b13)
# Java VM: Java HotSpot(TM) Client VM (25.31-b07 mixed mode windows-x86 )
Heap:
 def new generation   total 78656K, used 69453K [0x0f200000, 0x14750000, 0x14750000)
  eden space 69952K,  86% used [0x0f200000, 0x12d537f0, 0x13650000)
  from space 8704K, 100% used [0x13650000, 0x13ed0000, 0x13ed0000)
  to   space 8704K,   0% used [0x13ed0000, 0x13ed0000, 0x14750000)
 tenured generation   total 174784K, used 147533K [0x14750000, 0x1f200000, 0x1f200000)
   the space 174784K,  84% used [0x14750000, 0x1d763400, 0x1d763400, 0x1f200000)
 Metaspace       used 18532K, capacity 18712K, committed 18816K, reserved 18816K
GC Heap History (10 events):
Event: 4.520 GC heap before
{Heap before GC invocations=27 (full 2):
 def new generation   total 69312K, used 64102K [0x0f200000, 0x13d30000, 0x14750000)
  eden space 61632K, 100% used [0x0f200000, 0x12e30000, 0x12e30000)
  from space 7680K,  32% used [0x135b0000, 0x13819980, 0x13d30000)
  to   space 7680K,   0% used [0x12e30000, 0x12e30000, 0x135b0000)
 tenured generation   total 153860K, used 116778K [0x14750000, 0x1dd91000, 0x1f200000)
   the space 153860K,  75% used [0x14750000, 0x1b95aae8, 0x1b95ac00, 0x1dd91000)
 Metaspace       used 9006K, capacity 9151K, committed 9216K, reserved 9600K
Event: 4.521 GC heap after
Heap after GC invocations=28 (full 2):
 def new generation   total 69312K, used 2470K [0x0f200000, 0x13d30000, 0x14750000)
  eden space 61632K,   0% used [0x0f200000, 0x0f200000, 0x12e30000)
  from space 7680K,  32% used [0x12e30000, 0x13099980, 0x135b0000)
  to   space 7680K,   0% used [0x135b0000, 0x135b0000, 0x13d30000)
 tenured generation   total 153860K, used 116778K [0x14750000, 0x1dd91000, 0x1f200000)
   the space 153860K,  75% used [0x14750000, 0x1b95aae8, 0x1b95ac00, 0x1dd91000)
 Metaspace       used 9006K, capacity 9151K, committed 9216K, reserved 9600K
}
Event: 5.951 GC heap before
{Heap before GC invocations=28 (full 2):
 def new generation   total 69312K, used 64102K [0x0f200000, 0x13d30000, 0x14750000)
  eden space 61632K, 100% used [0x0f200000, 0x12e30000, 0x12e30000)
  from space 7680K,  32% used [0x12e30000, 0x13099980, 0x135b0000)
  to   space 7680K,   0% used [0x135b0000, 0x135b0000, 0x13d30000)
 tenured generation   total 153860K, used 116778K [0x14750000, 0x1dd91000, 0x1f200000)
   the space 153860K,  75% used [0x14750000, 0x1b95aae8, 0x1b95ac00, 0x1dd91000)
 Metaspace       used 12324K, capacity 12494K, committed 12544K, reserved 12672K
Event: 5.956 GC heap after
Heap after GC invocations=29 (full 2):
 def new generation   total 69312K, used 2960K [0x0f200000, 0x13d30000, 0x14750000)
  eden space 61632K,   0% used [0x0f200000, 0x0f200000, 0x12e30000)
  from space 7680K,  38% used [0x135b0000, 0x13894220, 0x13d30000)
  to   space 7680K,   0% used [0x12e30000, 0x12e30000, 0x135b0000)
 tenured generation   total 153860K, used 116778K [0x14750000, 0x1dd91000, 0x1f200000)
   the space 153860K,  75% used [0x14750000, 0x1b95aae8, 0x1b95ac00, 0x1dd91000)
 Metaspace       used 12324K, capacity 12494K, committed 12544K, reserved 12672K
}
Event: 6.288 GC heap before
{Heap before GC invocations=29 (full 2):
 def new generation   total 69312K, used 22595K [0x0f200000, 0x13d30000, 0x14750000)
  eden space 61632K,  31% used [0x0f200000, 0x1052cbb8, 0x12e30000)
  from space 7680K,  38% used [0x135b0000, 0x13894220, 0x13d30000)
  to   space 7680K,   0% used [0x12e30000, 0x12e30000, 0x135b0000)
 tenured generation   total 153860K, used 116778K [0x14750000, 0x1dd91000, 0x1f200000)
   the space 153860K,  75% used [0x14750000, 0x1b95aae8, 0x1b95ac00, 0x1dd91000)
 Metaspace       used 14959K, capacity 15086K, committed 15148K, reserved 15744K
Event: 6.311 GC heap after
Heap after GC invocations=30 (full 3):
 def new generation   total 78656K, used 0K [0x0f200000, 0x14750000, 0x14750000)
  eden space 69952K,   0% used [0x0f200000, 0x0f200000, 0x13650000)
  from space 8704K,   0% used [0x13650000, 0x13650000, 0x13ed0000)
  to   space 8704K,   0% used [0x13ed0000, 0x13ed0000, 0x14750000)
 tenured generation   total 174784K, used 120676K [0x14750000, 0x1f200000, 0x1f200000)
   the space 174784K,  69% used [0x14750000, 0x1bd29068, 0x1bd29200, 0x1f200000)
 Metaspace       used 14959K, capacity 15086K, committed 15148K, reserved 15744K
}
Event: 12.866 GC heap before
{Heap before GC invocations=30 (full 3):
 def new generation   total 78656K, used 69798K [0x0f200000, 0x14750000, 0x14750000)
  eden space 69952K,  99% used [0x0f200000, 0x13629aa0, 0x13650000)
  from space 8704K,   0% used [0x13650000, 0x13650000, 0x13ed0000)
  to   space 8704K,   0% used [0x13ed0000, 0x13ed0000, 0x14750000)
 tenured generation   total 174784K, used 120676K [0x14750000, 0x1f200000, 0x1f200000)
   the space 174784K,  69% used [0x14750000, 0x1bd29068, 0x1bd29200, 0x1f200000)
 Metaspace       used 18530K, capacity 18709K, committed 18816K, reserved 18816K
Event: 12.877 GC heap after
Heap after GC invocations=31 (full 3):
 def new generation   total 78656K, used 8704K [0x0f200000, 0x14750000, 0x14750000)
  eden space 69952K,   0% used [0x0f200000, 0x0f200000, 0x13650000)
  from space 8704K, 100% used [0x13ed0000, 0x14750000, 0x14750000)
  to   space 8704K,   0% used [0x13650000, 0x13650000, 0x13ed0000)
 tenured generation   total 174784K, used 127829K [0x14750000, 0x1f200000, 0x1f200000)
   the space 174784K,  73% used [0x14750000, 0x1c4255f0, 0x1c425600, 0x1f200000)
 Metaspace       used 18530K, capacity 18709K, committed 18816K, reserved 18816K
}
Event: 15.361 GC heap before
{Heap before GC invocations=31 (full 3):
 def new generation   total 78656K, used 78493K [0x0f200000, 0x14750000, 0x14750000)
  eden space 69952K,  99% used [0x0f200000, 0x136275d8, 0x13650000)
  from space 8704K, 100% used [0x13ed0000, 0x14750000, 0x14750000)
  to   space 8704K,   0% used [0x13650000, 0x13650000, 0x13ed0000)
 tenured generation   total 174784K, used 127829K [0x14750000, 0x1f200000, 0x1f200000)
   the space 174784K,  73% used [0x14750000, 0x1c4255f0, 0x1c425600, 0x1f200000)
 Metaspace       used 18532K, capacity 18712K, committed 18816K, reserved 18816K
Event: 15.373 GC heap after
Heap after GC invocations=32 (full 3):
 def new generation   total 78656K, used 8704K [0x0f200000, 0x14750000, 0x14750000)
  eden space 69952K,   0% used [0x0f200000, 0x0f200000, 0x13650000)
  from space 8704K, 100% used [0x13650000, 0x13ed0000, 0x13ed0000)
  to   space 8704K,   0% used [0x13ed0000, 0x13ed0000, 0x14750000)
 tenured generation   total 174784K, used 147533K [0x14750000, 0x1f200000, 0x1f200000)
   the space 174784K,  84% used [0x14750000, 0x1d763400, 0x1d763400, 0x1f200000)
 Metaspace       used 18532K, capacity 18712K, committed 18816K, reserved 18816K
}

