# JRE version: Java(TM) SE Runtime Environment (8.0_31-b13) (build 1.8.0_31-b13)
# Java VM: Java HotSpot(TM) Client VM (25.31-b07 mixed mode, sharing windows-x86 )
Heap:
 def new generation   total 78656K, used 43835K [0x0f200000, 0x14750000, 0x14750000)
  eden space 69952K, -2147483648% used [0x0f200000, 0x114608e8, 0x13650000)
  from space 8704K,  99% used [0x13650000, 0x13ebe438, 0x13ed0000)
  to   space 8704K,   0% used [0x13ed0000, 0x13ed0000, 0x14750000)
 tenured generation   total 174784K, used 148435K [0x14750000, 0x1f200000, 0x1f200000)
   the space 174784K,  84% used [0x14750000, 0x1d844c80, 0x1d844e00, 0x1f200000)
 Metaspace       used 11137K, capacity 11334K, committed 11520K, reserved 11648K
GC Heap History (10 events):
Event: 45.335 GC heap before
{Heap before GC invocations=55 (full 4):
 def new generation   total 78656K, used 78107K [0x0f200000, 0x14750000, 0x14750000)
  eden space 69952K,  99% used [0x0f200000, 0x13649b90, 0x13650000)
  from space 8704K,  93% used [0x13ed0000, 0x146cd2d8, 0x14750000)
  to   space 8704K,   0% used [0x13650000, 0x13650000, 0x13ed0000)
 tenured generation   total 174784K, used 136790K [0x14750000, 0x1f200000, 0x1f200000)
   the space 174784K,  78% used [0x14750000, 0x1cce5bd0, 0x1cce5c00, 0x1f200000)
 Metaspace       used 11137K, capacity 11302K, committed 11392K, reserved 11648K
Event: 45.338 GC heap after
Heap after GC invocations=56 (full 4):
 def new generation   total 78656K, used 8524K [0x0f200000, 0x14750000, 0x14750000)
  eden space 69952K,   0% used [0x0f200000, 0x0f200000, 0x13650000)
  from space 8704K,  97% used [0x13650000, 0x13ea3328, 0x13ed0000)
  to   space 8704K,   0% used [0x13ed0000, 0x13ed0000, 0x14750000)
 tenured generation   total 174784K, used 139665K [0x14750000, 0x1f200000, 0x1f200000)
   the space 174784K,  79% used [0x14750000, 0x1cfb4448, 0x1cfb4600, 0x1f200000)
 Metaspace       used 11137K, capacity 11302K, committed 11392K, reserved 11648K
}
Event: 46.595 GC heap before
{Heap before GC invocations=56 (full 4):
 def new generation   total 78656K, used 77954K [0x0f200000, 0x14750000, 0x14750000)
  eden space 69952K,  99% used [0x0f200000, 0x135cd610, 0x13650000)
  from space 8704K,  97% used [0x13650000, 0x13ea3328, 0x13ed0000)
  to   space 8704K,   0% used [0x13ed0000, 0x13ed0000, 0x14750000)
 tenured generation   total 174784K, used 139665K [0x14750000, 0x1f200000, 0x1f200000)
   the space 174784K,  79% used [0x14750000, 0x1cfb4448, 0x1cfb4600, 0x1f200000)
 Metaspace       used 11137K, capacity 11302K, committed 11392K, reserved 11648K
Event: 46.598 GC heap after
Heap after GC invocations=57 (full 4):
 def new generation   total 78656K, used 8648K [0x0f200000, 0x14750000, 0x14750000)
  eden space 69952K,   0% used [0x0f200000, 0x0f200000, 0x13650000)
  from space 8704K,  99% used [0x13ed0000, 0x14742130, 0x14750000)
  to   space 8704K,   0% used [0x13650000, 0x13650000, 0x13ed0000)
 tenured generation   total 174784K, used 141307K [0x14750000, 0x1f200000, 0x1f200000)
   the space 174784K,  80% used [0x14750000, 0x1d14eca0, 0x1d14ee00, 0x1f200000)
 Metaspace       used 11137K, capacity 11302K, committed 11392K, reserved 11648K
}
Event: 47.960 GC heap before
{Heap before GC invocations=57 (full 4):
 def new generation   total 78656K, used 78594K [0x0f200000, 0x14750000, 0x14750000)
  eden space 69952K,  99% used [0x0f200000, 0x1364e798, 0x13650000)
  from space 8704K,  99% used [0x13ed0000, 0x14742130, 0x14750000)
  to   space 8704K,   0% used [0x13650000, 0x13650000, 0x13ed0000)
 tenured generation   total 174784K, used 141307K [0x14750000, 0x1f200000, 0x1f200000)
   the space 174784K,  80% used [0x14750000, 0x1d14eca0, 0x1d14ee00, 0x1f200000)
 Metaspace       used 11137K, capacity 11302K, committed 11392K, reserved 11648K
Event: 47.963 GC heap after
Heap after GC invocations=58 (full 4):
 def new generation   total 78656K, used 8631K [0x0f200000, 0x14750000, 0x14750000)
  eden space 69952K,   0% used [0x0f200000, 0x0f200000, 0x13650000)
  from space 8704K,  99% used [0x13650000, 0x13ebdda0, 0x13ed0000)
  to   space 8704K,   0% used [0x13ed0000, 0x13ed0000, 0x14750000)
 tenured generation   total 174784K, used 143747K [0x14750000, 0x1f200000, 0x1f200000)
   the space 174784K,  82% used [0x14750000, 0x1d3b0dc0, 0x1d3b0e00, 0x1f200000)
 Metaspace       used 11137K, capacity 11302K, committed 11392K, reserved 11648K
}
Event: 49.408 GC heap before
{Heap before GC invocations=58 (full 4):
 def new generation   total 78656K, used 78488K [0x0f200000, 0x14750000, 0x14750000)
  eden space 69952K,  99% used [0x0f200000, 0x136383d8, 0x13650000)
  from space 8704K,  99% used [0x13650000, 0x13ebdda0, 0x13ed0000)
  to   space 8704K,   0% used [0x13ed0000, 0x13ed0000, 0x14750000)
 tenured generation   total 174784K, used 143747K [0x14750000, 0x1f200000, 0x1f200000)
   the space 174784K,  82% used [0x14750000, 0x1d3b0dc0, 0x1d3b0e00, 0x1f200000)
 Metaspace       used 11137K, capacity 11302K, committed 11392K, reserved 11648K
Event: 49.411 GC heap after
Heap after GC invocations=59 (full 4):
 def new generation   total 78656K, used 8687K [0x0f200000, 0x14750000, 0x14750000)
  eden space 69952K,   0% used [0x0f200000, 0x0f200000, 0x13650000)
  from space 8704K,  99% used [0x13ed0000, 0x1474bf78, 0x14750000)
  to   space 8704K,   0% used [0x13650000, 0x13650000, 0x13ed0000)
 tenured generation   total 174784K, used 146459K [0x14750000, 0x1f200000, 0x1f200000)
   the space 174784K,  83% used [0x14750000, 0x1d656db0, 0x1d656e00, 0x1f200000)
 Metaspace       used 11137K, capacity 11302K, committed 11392K, reserved 11648K
}
Event: 50.691 GC heap before
{Heap before GC invocations=59 (full 4):
 def new generation   total 78656K, used 78106K [0x0f200000, 0x14750000, 0x14750000)
  eden space 69952K,  99% used [0x0f200000, 0x135caa08, 0x13650000)
  from space 8704K,  99% used [0x13ed0000, 0x1474bf78, 0x14750000)
  to   space 8704K,   0% used [0x13650000, 0x13650000, 0x13ed0000)
 tenured generation   total 174784K, used 146459K [0x14750000, 0x1f200000, 0x1f200000)
   the space 174784K,  83% used [0x14750000, 0x1d656db0, 0x1d656e00, 0x1f200000)
 Metaspace       used 11137K, capacity 11302K, committed 11392K, reserved 11648K
Event: 50.694 GC heap after
Heap after GC invocations=60 (full 4):
 def new generation   total 78656K, used 8633K [0x0f200000, 0x14750000, 0x14750000)
  eden space 69952K,   0% used [0x0f200000, 0x0f200000, 0x13650000)
  from space 8704K,  99% used [0x13650000, 0x13ebe438, 0x13ed0000)
  to   space 8704K,   0% used [0x13ed0000, 0x13ed0000, 0x14750000)
 tenured generation   total 174784K, used 148435K [0x14750000, 0x1f200000, 0x1f200000)
   the space 174784K,  84% used [0x14750000, 0x1d844c80, 0x1d844e00, 0x1f200000)
 Metaspace       used 11137K, capacity 11302K, committed 11392K, reserved 11648K
}

