# JRE version: Java(TM) SE Runtime Environment (8.0_31-b13) (build 1.8.0_31-b13)
# Java VM: Java HotSpot(TM) Client VM (25.31-b07 mixed mode, sharing windows-x86 )
Heap:
 def new generation   total 44608K, used 26614K [0x0f200000, 0x12260000, 0x14750000)
  eden space 39680K, -2147483648% used [0x0f200000, 0x1072da08, 0x118c0000)
  from space 4928K, 100% used [0x118c0000, 0x11d90000, 0x11d90000)
  to   space 4928K,   0% used [0x11d90000, 0x11d90000, 0x12260000)
 tenured generation   total 153860K, used 123044K [0x14750000, 0x1dd91000, 0x1f200000)
   the space 153860K,  79% used [0x14750000, 0x1bf790c0, 0x1bf79200, 0x1dd91000)
 Metaspace       used 11158K, capacity 11349K, committed 11392K, reserved 11648K
GC Heap History (10 events):
Event: 4.103 GC heap before
{Heap before GC invocations=30 (full 2):
 def new generation   total 44608K, used 42143K [0x0f200000, 0x12260000, 0x14750000)
  eden space 39680K, 100% used [0x0f200000, 0x118c0000, 0x118c0000)
  from space 4928K,  49% used [0x11d90000, 0x11ff7c90, 0x12260000)
  to   space 4928K,   0% used [0x118c0000, 0x118c0000, 0x11d90000)
 tenured generation   total 153860K, used 116779K [0x14750000, 0x1dd91000, 0x1f200000)
   the space 153860K,  75% used [0x14750000, 0x1b95ada0, 0x1b95ae00, 0x1dd91000)
 Metaspace       used 2775K, capacity 2911K, committed 3008K, reserved 4480K
Event: 4.104 GC heap after
Heap after GC invocations=31 (full 2):
 def new generation   total 44608K, used 2466K [0x0f200000, 0x12260000, 0x14750000)
  eden space 39680K,   0% used [0x0f200000, 0x0f200000, 0x118c0000)
  from space 4928K,  50% used [0x118c0000, 0x11b289b0, 0x11d90000)
  to   space 4928K,   0% used [0x11d90000, 0x11d90000, 0x12260000)
 tenured generation   total 153860K, used 116779K [0x14750000, 0x1dd91000, 0x1f200000)
   the space 153860K,  75% used [0x14750000, 0x1b95ada0, 0x1b95ae00, 0x1dd91000)
 Metaspace       used 2775K, capacity 2911K, committed 3008K, reserved 4480K
}
Event: 4.314 GC heap before
{Heap before GC invocations=31 (full 2):
 def new generation   total 44608K, used 42146K [0x0f200000, 0x12260000, 0x14750000)
  eden space 39680K, 100% used [0x0f200000, 0x118c0000, 0x118c0000)
  from space 4928K,  50% used [0x118c0000, 0x11b289b0, 0x11d90000)
  to   space 4928K,   0% used [0x11d90000, 0x11d90000, 0x12260000)
 tenured generation   total 153860K, used 116779K [0x14750000, 0x1dd91000, 0x1f200000)
   the space 153860K,  75% used [0x14750000, 0x1b95ada0, 0x1b95ae00, 0x1dd91000)
 Metaspace       used 2775K, capacity 2911K, committed 3008K, reserved 4480K
Event: 4.315 GC heap after
Heap after GC invocations=32 (full 2):
 def new generation   total 44608K, used 2354K [0x0f200000, 0x12260000, 0x14750000)
  eden space 39680K,   0% used [0x0f200000, 0x0f200000, 0x118c0000)
  from space 4928K,  47% used [0x11d90000, 0x11fdcaa0, 0x12260000)
  to   space 4928K,   0% used [0x118c0000, 0x118c0000, 0x11d90000)
 tenured generation   total 153860K, used 116891K [0x14750000, 0x1dd91000, 0x1f200000)
   the space 153860K,  75% used [0x14750000, 0x1b976cb0, 0x1b976e00, 0x1dd91000)
 Metaspace       used 2775K, capacity 2911K, committed 3008K, reserved 4480K
}
Event: 4.524 GC heap before
{Heap before GC invocations=32 (full 2):
 def new generation   total 44608K, used 42034K [0x0f200000, 0x12260000, 0x14750000)
  eden space 39680K, 100% used [0x0f200000, 0x118c0000, 0x118c0000)
  from space 4928K,  47% used [0x11d90000, 0x11fdcaa0, 0x12260000)
  to   space 4928K,   0% used [0x118c0000, 0x118c0000, 0x11d90000)
 tenured generation   total 153860K, used 116891K [0x14750000, 0x1dd91000, 0x1f200000)
   the space 153860K,  75% used [0x14750000, 0x1b976cb0, 0x1b976e00, 0x1dd91000)
 Metaspace       used 2775K, capacity 2911K, committed 3008K, reserved 4480K
Event: 4.525 GC heap after
Heap after GC invocations=33 (full 2):
 def new generation   total 44608K, used 2354K [0x0f200000, 0x12260000, 0x14750000)
  eden space 39680K,   0% used [0x0f200000, 0x0f200000, 0x118c0000)
  from space 4928K,  47% used [0x118c0000, 0x11b0caa0, 0x11d90000)
  to   space 4928K,   0% used [0x11d90000, 0x11d90000, 0x12260000)
 tenured generation   total 153860K, used 116891K [0x14750000, 0x1dd91000, 0x1f200000)
   the space 153860K,  75% used [0x14750000, 0x1b976cb0, 0x1b976e00, 0x1dd91000)
 Metaspace       used 2775K, capacity 2911K, committed 3008K, reserved 4480K
}
Event: 8.091 GC heap before
{Heap before GC invocations=33 (full 2):
 def new generation   total 44608K, used 42034K [0x0f200000, 0x12260000, 0x14750000)
  eden space 39680K, 100% used [0x0f200000, 0x118c0000, 0x118c0000)
  from space 4928K,  47% used [0x118c0000, 0x11b0caa0, 0x11d90000)
  to   space 4928K,   0% used [0x11d90000, 0x11d90000, 0x12260000)
 tenured generation   total 153860K, used 116891K [0x14750000, 0x1dd91000, 0x1f200000)
   the space 153860K,  75% used [0x14750000, 0x1b976cb0, 0x1b976e00, 0x1dd91000)
 Metaspace       used 5550K, capacity 5710K, committed 5760K, reserved 6528K
Event: 8.097 GC heap after
Heap after GC invocations=34 (full 2):
 def new generation   total 44608K, used 4928K [0x0f200000, 0x12260000, 0x14750000)
  eden space 39680K,   0% used [0x0f200000, 0x0f200000, 0x118c0000)
  from space 4928K, 100% used [0x11d90000, 0x12260000, 0x12260000)
  to   space 4928K,   0% used [0x118c0000, 0x118c0000, 0x11d90000)
 tenured generation   total 153860K, used 117263K [0x14750000, 0x1dd91000, 0x1f200000)
   the space 153860K,  76% used [0x14750000, 0x1b9d3f40, 0x1b9d4000, 0x1dd91000)
 Metaspace       used 5550K, capacity 5710K, committed 5760K, reserved 6528K
}
Event: 10.345 GC heap before
{Heap before GC invocations=34 (full 2):
 def new generation   total 44608K, used 43673K [0x0f200000, 0x12260000, 0x14750000)
  eden space 39680K,  97% used [0x0f200000, 0x117d6698, 0x118c0000)
  from space 4928K, 100% used [0x11d90000, 0x12260000, 0x12260000)
  to   space 4928K,   0% used [0x118c0000, 0x118c0000, 0x11d90000)
 tenured generation   total 153860K, used 117263K [0x14750000, 0x1dd91000, 0x1f200000)
   the space 153860K,  76% used [0x14750000, 0x1b9d3f40, 0x1b9d4000, 0x1dd91000)
 Metaspace       used 9460K, capacity 9651K, committed 9728K, reserved 10624K
Event: 10.355 GC heap after
Heap after GC invocations=35 (full 2):
 def new generation   total 44608K, used 4928K [0x0f200000, 0x12260000, 0x14750000)
  eden space 39680K,   0% used [0x0f200000, 0x0f200000, 0x118c0000)
  from space 4928K, 100% used [0x118c0000, 0x11d90000, 0x11d90000)
  to   space 4928K,   0% used [0x11d90000, 0x11d90000, 0x12260000)
 tenured generation   total 153860K, used 123044K [0x14750000, 0x1dd91000, 0x1f200000)
   the space 153860K,  79% used [0x14750000, 0x1bf790c0, 0x1bf79200, 0x1dd91000)
 Metaspace       used 9460K, capacity 9651K, committed 9728K, reserved 10624K
}

