# JRE version: Java(TM) SE Runtime Environment (8.0_31-b13) (build 1.8.0_31-b13)
# Java VM: Java HotSpot(TM) Client VM (25.31-b07 mixed mode windows-x86 )
Heap:
 def new generation   total 12672K, used 7235K [0x0f200000, 0x0ffb0000, 0x14750000)
  eden space 11328K,  63% used [0x0f200000, 0x0f910c28, 0x0fd10000)
  from space 1344K,   0% used [0x0fe60000, 0x0fe60000, 0x0ffb0000)
  to   space 1344K,   0% used [0x0fd10000, 0x0fd10000, 0x0fe60000)
 tenured generation   total 27780K, used 15463K [0x14750000, 0x16271000, 0x1f200000)
   the space 27780K,  55% used [0x14750000, 0x15669e68, 0x1566a000, 0x16271000)
 Metaspace       used 18940K, capacity 19135K, committed 19200K, reserved 19840K
GC Heap History (10 events):
Event: 25.853 GC heap before
{Heap before GC invocations=118 (full 25):
 def new generation   total 12672K, used 11749K [0x0f200000, 0x0ffb0000, 0x14750000)
  eden space 11328K,  91% used [0x0f200000, 0x0fc2cd20, 0x0fd10000)
  from space 1344K,  98% used [0x0fd10000, 0x0fe5c7c0, 0x0fe60000)
  to   space 1344K,   0% used [0x0fe60000, 0x0fe60000, 0x0ffb0000)
 tenured generation   total 27780K, used 25310K [0x14750000, 0x16271000, 0x1f200000)
   the space 27780K,  91% used [0x14750000, 0x16007968, 0x16007a00, 0x16271000)
 Metaspace       used 18952K, capacity 19150K, committed 19200K, reserved 19840K
Event: 25.877 GC heap after
Heap after GC invocations=119 (full 26):
 def new generation   total 12672K, used 0K [0x0f200000, 0x0ffb0000, 0x14750000)
  eden space 11328K,   0% used [0x0f200000, 0x0f200000, 0x0fd10000)
  from space 1344K,   0% used [0x0fe60000, 0x0fe60000, 0x0ffb0000)
  to   space 1344K,   0% used [0x0fd10000, 0x0fd10000, 0x0fe60000)
 tenured generation   total 27780K, used 15316K [0x14750000, 0x16271000, 0x1f200000)
   the space 27780K,  55% used [0x14750000, 0x15645170, 0x15645200, 0x16271000)
 Metaspace       used 18952K, capacity 19150K, committed 19200K, reserved 19840K
}
Event: 26.052 GC heap before
{Heap before GC invocations=119 (full 26):
 def new generation   total 12672K, used 10690K [0x0f200000, 0x0ffb0000, 0x14750000)
  eden space 11328K,  94% used [0x0f200000, 0x0fc70960, 0x0fd10000)
  from space 1344K,   0% used [0x0fe60000, 0x0fe60000, 0x0ffb0000)
  to   space 1344K,   0% used [0x0fd10000, 0x0fd10000, 0x0fe60000)
 tenured generation   total 27780K, used 15316K [0x14750000, 0x16271000, 0x1f200000)
   the space 27780K,  55% used [0x14750000, 0x15645170, 0x15645200, 0x16271000)
 Metaspace       used 18952K, capacity 19150K, committed 19200K, reserved 19840K
Event: 26.054 GC heap after
Heap after GC invocations=120 (full 26):
 def new generation   total 12672K, used 1330K [0x0f200000, 0x0ffb0000, 0x14750000)
  eden space 11328K,   0% used [0x0f200000, 0x0f200000, 0x0fd10000)
  from space 1344K,  99% used [0x0fd10000, 0x0fe5cb88, 0x0fe60000)
  to   space 1344K,   0% used [0x0fe60000, 0x0fe60000, 0x0ffb0000)
 tenured generation   total 27780K, used 19755K [0x14750000, 0x16271000, 0x1f200000)
   the space 27780K,  71% used [0x14750000, 0x15a9ac58, 0x15a9ae00, 0x16271000)
 Metaspace       used 18952K, capacity 19150K, committed 19200K, reserved 19840K
}
Event: 26.247 GC heap before
{Heap before GC invocations=120 (full 26):
 def new generation   total 12672K, used 11747K [0x0f200000, 0x0ffb0000, 0x14750000)
  eden space 11328K,  91% used [0x0f200000, 0x0fc2c1c0, 0x0fd10000)
  from space 1344K,  99% used [0x0fd10000, 0x0fe5cb88, 0x0fe60000)
  to   space 1344K,   0% used [0x0fe60000, 0x0fe60000, 0x0ffb0000)
 tenured generation   total 27780K, used 19755K [0x14750000, 0x16271000, 0x1f200000)
   the space 27780K,  71% used [0x14750000, 0x15a9ac58, 0x15a9ae00, 0x16271000)
 Metaspace       used 18952K, capacity 19150K, committed 19200K, reserved 19840K
Event: 26.249 GC heap after
Heap after GC invocations=121 (full 26):
 def new generation   total 12672K, used 1328K [0x0f200000, 0x0ffb0000, 0x14750000)
  eden space 11328K,   0% used [0x0f200000, 0x0f200000, 0x0fd10000)
  from space 1344K,  98% used [0x0fe60000, 0x0ffac0f8, 0x0ffb0000)
  to   space 1344K,   0% used [0x0fd10000, 0x0fd10000, 0x0fe60000)
 tenured generation   total 27780K, used 22512K [0x14750000, 0x16271000, 0x1f200000)
   the space 27780K,  81% used [0x14750000, 0x15d4c398, 0x15d4c400, 0x16271000)
 Metaspace       used 18952K, capacity 19150K, committed 19200K, reserved 19840K
}
Event: 26.461 GC heap before
{Heap before GC invocations=121 (full 26):
 def new generation   total 12672K, used 12016K [0x0f200000, 0x0ffb0000, 0x14750000)
  eden space 11328K,  94% used [0x0f200000, 0x0fc702c0, 0x0fd10000)
  from space 1344K,  98% used [0x0fe60000, 0x0ffac0f8, 0x0ffb0000)
  to   space 1344K,   0% used [0x0fd10000, 0x0fd10000, 0x0fe60000)
 tenured generation   total 27780K, used 22512K [0x14750000, 0x16271000, 0x1f200000)
   the space 27780K,  81% used [0x14750000, 0x15d4c398, 0x15d4c400, 0x16271000)
 Metaspace       used 18952K, capacity 19150K, committed 19200K, reserved 19840K
Event: 26.463 GC heap after
Heap after GC invocations=122 (full 26):
 def new generation   total 12672K, used 1192K [0x0f200000, 0x0ffb0000, 0x14750000)
  eden space 11328K,   0% used [0x0f200000, 0x0f200000, 0x0fd10000)
  from space 1344K,  88% used [0x0fd10000, 0x0fe3a1b8, 0x0fe60000)
  to   space 1344K,   0% used [0x0fe60000, 0x0fe60000, 0x0ffb0000)
 tenured generation   total 27780K, used 25593K [0x14750000, 0x16271000, 0x1f200000)
   the space 27780K,  92% used [0x14750000, 0x1604e658, 0x1604e800, 0x16271000)
 Metaspace       used 18952K, capacity 19150K, committed 19200K, reserved 19840K
}
Event: 26.646 GC heap before
{Heap before GC invocations=122 (full 26):
 def new generation   total 12672K, used 11614K [0x0f200000, 0x0ffb0000, 0x14750000)
  eden space 11328K,  92% used [0x0f200000, 0x0fc2d7f8, 0x0fd10000)
  from space 1344K,  88% used [0x0fd10000, 0x0fe3a1b8, 0x0fe60000)
  to   space 1344K,   0% used [0x0fe60000, 0x0fe60000, 0x0ffb0000)
 tenured generation   total 27780K, used 25593K [0x14750000, 0x16271000, 0x1f200000)
   the space 27780K,  92% used [0x14750000, 0x1604e658, 0x1604e800, 0x16271000)
 Metaspace       used 18952K, capacity 19150K, committed 19200K, reserved 19840K
Event: 26.669 GC heap after
Heap after GC invocations=123 (full 27):
 def new generation   total 12672K, used 0K [0x0f200000, 0x0ffb0000, 0x14750000)
  eden space 11328K,   0% used [0x0f200000, 0x0f200000, 0x0fd10000)
  from space 1344K,   0% used [0x0fe60000, 0x0fe60000, 0x0ffb0000)
  to   space 1344K,   0% used [0x0fd10000, 0x0fd10000, 0x0fe60000)
 tenured generation   total 27780K, used 15463K [0x14750000, 0x16271000, 0x1f200000)
   the space 27780K,  55% used [0x14750000, 0x15669e68, 0x1566a000, 0x16271000)
 Metaspace       used 18940K, capacity 19135K, committed 19200K, reserved 19840K
}

