# JRE version: Java(TM) SE Runtime Environment (8.0_31-b13) (build 1.8.0_31-b13)
# Java VM: Java HotSpot(TM) Client VM (25.31-b07 mixed mode, sharing windows-x86 )
Heap:
 def new generation   total 78656K, used 45408K [0x0f200000, 0x14750000, 0x14750000)
  eden space 69952K, -2147483648% used [0x0f200000, 0x115d81e8, 0x13650000)
  from space 8704K, 100% used [0x13ed0000, 0x14750000, 0x14750000)
  to   space 8704K,   0% used [0x13650000, 0x13650000, 0x13ed0000)
 tenured generation   total 174784K, used 160118K [0x14750000, 0x1f200000, 0x1f200000)
   the space 174784K,  91% used [0x14750000, 0x1e3adae0, 0x1e3adc00, 0x1f200000)
 Metaspace       used 11141K, capacity 11307K, committed 11392K, reserved 11648K
GC Heap History (10 events):
Event: 57.660 GC heap before
{Heap before GC invocations=77 (full 6):
 def new generation   total 78656K, used 78214K [0x0f200000, 0x14750000, 0x14750000)
  eden space 69952K,  99% used [0x0f200000, 0x135fbe50, 0x13650000)
  from space 8704K,  98% used [0x13650000, 0x13eb5a60, 0x13ed0000)
  to   space 8704K,   0% used [0x13ed0000, 0x13ed0000, 0x14750000)
 tenured generation   total 174784K, used 147449K [0x14750000, 0x1f200000, 0x1f200000)
   the space 174784K,  84% used [0x14750000, 0x1d74e440, 0x1d74e600, 0x1f200000)
 Metaspace       used 11140K, capacity 11307K, committed 11392K, reserved 11648K
Event: 57.663 GC heap after
Heap after GC invocations=78 (full 6):
 def new generation   total 78656K, used 8501K [0x0f200000, 0x14750000, 0x14750000)
  eden space 69952K,   0% used [0x0f200000, 0x0f200000, 0x13650000)
  from space 8704K,  97% used [0x13ed0000, 0x1471d600, 0x14750000)
  to   space 8704K,   0% used [0x13650000, 0x13650000, 0x13ed0000)
 tenured generation   total 174784K, used 150222K [0x14750000, 0x1f200000, 0x1f200000)
   the space 174784K,  85% used [0x14750000, 0x1da03b90, 0x1da03c00, 0x1f200000)
 Metaspace       used 11140K, capacity 11307K, committed 11392K, reserved 11648K
}
Event: 58.861 GC heap before
{Heap before GC invocations=78 (full 6):
 def new generation   total 78656K, used 77235K [0x0f200000, 0x14750000, 0x14750000)
  eden space 69952K,  98% used [0x0f200000, 0x1351f940, 0x13650000)
  from space 8704K,  97% used [0x13ed0000, 0x1471d600, 0x14750000)
  to   space 8704K,   0% used [0x13650000, 0x13650000, 0x13ed0000)
 tenured generation   total 174784K, used 150222K [0x14750000, 0x1f200000, 0x1f200000)
   the space 174784K,  85% used [0x14750000, 0x1da03b90, 0x1da03c00, 0x1f200000)
 Metaspace       used 11141K, capacity 11307K, committed 11392K, reserved 11648K
Event: 58.864 GC heap after
Heap after GC invocations=79 (full 6):
 def new generation   total 78656K, used 8598K [0x0f200000, 0x14750000, 0x14750000)
  eden space 69952K,   0% used [0x0f200000, 0x0f200000, 0x13650000)
  from space 8704K,  98% used [0x13650000, 0x13eb58c8, 0x13ed0000)
  to   space 8704K,   0% used [0x13ed0000, 0x13ed0000, 0x14750000)
 tenured generation   total 174784K, used 152547K [0x14750000, 0x1f200000, 0x1f200000)
   the space 174784K,  87% used [0x14750000, 0x1dc48f18, 0x1dc49000, 0x1f200000)
 Metaspace       used 11141K, capacity 11307K, committed 11392K, reserved 11648K
}
Event: 60.121 GC heap before
{Heap before GC invocations=79 (full 6):
 def new generation   total 78656K, used 78035K [0x0f200000, 0x14750000, 0x14750000)
  eden space 69952K,  99% used [0x0f200000, 0x135cf340, 0x13650000)
  from space 8704K,  98% used [0x13650000, 0x13eb58c8, 0x13ed0000)
  to   space 8704K,   0% used [0x13ed0000, 0x13ed0000, 0x14750000)
 tenured generation   total 174784K, used 152547K [0x14750000, 0x1f200000, 0x1f200000)
   the space 174784K,  87% used [0x14750000, 0x1dc48f18, 0x1dc49000, 0x1f200000)
 Metaspace       used 11141K, capacity 11307K, committed 11392K, reserved 11648K
Event: 60.123 GC heap after
Heap after GC invocations=80 (full 6):
 def new generation   total 78656K, used 8597K [0x0f200000, 0x14750000, 0x14750000)
  eden space 69952K,   0% used [0x0f200000, 0x0f200000, 0x13650000)
  from space 8704K,  98% used [0x13ed0000, 0x147356b8, 0x14750000)
  to   space 8704K,   0% used [0x13650000, 0x13650000, 0x13ed0000)
 tenured generation   total 174784K, used 154421K [0x14750000, 0x1f200000, 0x1f200000)
   the space 174784K,  88% used [0x14750000, 0x1de1d478, 0x1de1d600, 0x1f200000)
 Metaspace       used 11141K, capacity 11307K, committed 11392K, reserved 11648K
}
Event: 61.327 GC heap before
{Heap before GC invocations=80 (full 6):
 def new generation   total 78656K, used 78301K [0x0f200000, 0x14750000, 0x14750000)
  eden space 69952K,  99% used [0x0f200000, 0x13611e20, 0x13650000)
  from space 8704K,  98% used [0x13ed0000, 0x147356b8, 0x14750000)
  to   space 8704K,   0% used [0x13650000, 0x13650000, 0x13ed0000)
 tenured generation   total 174784K, used 154421K [0x14750000, 0x1f200000, 0x1f200000)
   the space 174784K,  88% used [0x14750000, 0x1de1d478, 0x1de1d600, 0x1f200000)
 Metaspace       used 11141K, capacity 11307K, committed 11392K, reserved 11648K
Event: 61.330 GC heap after
Heap after GC invocations=81 (full 6):
 def new generation   total 78656K, used 8600K [0x0f200000, 0x14750000, 0x14750000)
  eden space 69952K,   0% used [0x0f200000, 0x0f200000, 0x13650000)
  from space 8704K,  98% used [0x13650000, 0x13eb61f0, 0x13ed0000)
  to   space 8704K,   0% used [0x13ed0000, 0x13ed0000, 0x14750000)
 tenured generation   total 174784K, used 157194K [0x14750000, 0x1f200000, 0x1f200000)
   the space 174784K,  89% used [0x14750000, 0x1e0d2998, 0x1e0d2a00, 0x1f200000)
 Metaspace       used 11141K, capacity 11307K, committed 11392K, reserved 11648K
}
Event: 62.556 GC heap before
{Heap before GC invocations=81 (full 6):
 def new generation   total 78656K, used 78296K [0x0f200000, 0x14750000, 0x14750000)
  eden space 69952K,  99% used [0x0f200000, 0x1360fe48, 0x13650000)
  from space 8704K,  98% used [0x13650000, 0x13eb61f0, 0x13ed0000)
  to   space 8704K,   0% used [0x13ed0000, 0x13ed0000, 0x14750000)
 tenured generation   total 174784K, used 157194K [0x14750000, 0x1f200000, 0x1f200000)
   the space 174784K,  89% used [0x14750000, 0x1e0d2998, 0x1e0d2a00, 0x1f200000)
 Metaspace       used 11141K, capacity 11307K, committed 11392K, reserved 11648K
Event: 62.559 GC heap after
Heap after GC invocations=82 (full 6):
 def new generation   total 78656K, used 8704K [0x0f200000, 0x14750000, 0x14750000)
  eden space 69952K,   0% used [0x0f200000, 0x0f200000, 0x13650000)
  from space 8704K, 100% used [0x13ed0000, 0x14750000, 0x14750000)
  to   space 8704K,   0% used [0x13650000, 0x13650000, 0x13ed0000)
 tenured generation   total 174784K, used 160118K [0x14750000, 0x1f200000, 0x1f200000)
   the space 174784K,  91% used [0x14750000, 0x1e3adae0, 0x1e3adc00, 0x1f200000)
 Metaspace       used 11141K, capacity 11307K, committed 11392K, reserved 11648K
}

