# JRE version: Java(TM) SE Runtime Environment (8.0_31-b13) (build 1.8.0_31-b13)
# Java VM: Java HotSpot(TM) Client VM (25.31-b07 mixed mode windows-x86 )
Heap:
 def new generation   total 13184K, used 9612K [0x0f200000, 0x10040000, 0x14750000)
  eden space 11776K,  81% used [0x0f200000, 0x0fb63348, 0x0fd80000)
  from space 1408K,   0% used [0x0fee0000, 0x0fee0000, 0x10040000)
  to   space 1408K,   0% used [0x0fd80000, 0x0fd80000, 0x0fee0000)
 tenured generation   total 28992K, used 14978K [0x14750000, 0x163a0000, 0x1f200000)
   the space 28992K,  51% used [0x14750000, 0x155f0918, 0x155f0a00, 0x163a0000)
 Metaspace       used 18917K, capacity 19105K, committed 19200K, reserved 19840K
GC Heap History (10 events):
Event: 30.405 GC heap before
{Heap before GC invocations=136 (full 28):
 def new generation   total 13184K, used 10753K [0x0f200000, 0x10040000, 0x14750000)
  eden space 11776K,  91% used [0x0f200000, 0x0fc80490, 0x0fd80000)
  from space 1408K,   0% used [0x0fd80000, 0x0fd80000, 0x0fee0000)
  to   space 1408K,   0% used [0x0fee0000, 0x0fee0000, 0x10040000)
 tenured generation   total 28992K, used 14696K [0x14750000, 0x163a0000, 0x1f200000)
   the space 28992K,  50% used [0x14750000, 0x155aa2d8, 0x155aa400, 0x163a0000)
 Metaspace       used 18933K, capacity 19125K, committed 19200K, reserved 19840K
Event: 30.407 GC heap after
Heap after GC invocations=137 (full 28):
 def new generation   total 13184K, used 1197K [0x0f200000, 0x10040000, 0x14750000)
  eden space 11776K,   0% used [0x0f200000, 0x0f200000, 0x0fd80000)
  from space 1408K,  85% used [0x0fee0000, 0x1000b698, 0x10040000)
  to   space 1408K,   0% used [0x0fd80000, 0x0fd80000, 0x0fee0000)
 tenured generation   total 28992K, used 19272K [0x14750000, 0x163a0000, 0x1f200000)
   the space 28992K,  66% used [0x14750000, 0x15a22368, 0x15a22400, 0x163a0000)
 Metaspace       used 18933K, capacity 19125K, committed 19200K, reserved 19840K
}
Event: 30.618 GC heap before
{Heap before GC invocations=137 (full 28):
 def new generation   total 13184K, used 11703K [0x0f200000, 0x10040000, 0x14750000)
  eden space 11776K,  89% used [0x0f200000, 0x0fc42790, 0x0fd80000)
  from space 1408K,  85% used [0x0fee0000, 0x1000b698, 0x10040000)
  to   space 1408K,   0% used [0x0fd80000, 0x0fd80000, 0x0fee0000)
 tenured generation   total 28992K, used 19272K [0x14750000, 0x163a0000, 0x1f200000)
   the space 28992K,  66% used [0x14750000, 0x15a22368, 0x15a22400, 0x163a0000)
 Metaspace       used 18933K, capacity 19125K, committed 19200K, reserved 19840K
Event: 30.620 GC heap after
Heap after GC invocations=138 (full 28):
 def new generation   total 13184K, used 1393K [0x0f200000, 0x10040000, 0x14750000)
  eden space 11776K,   0% used [0x0f200000, 0x0f200000, 0x0fd80000)
  from space 1408K,  98% used [0x0fd80000, 0x0fedc4a8, 0x0fee0000)
  to   space 1408K,   0% used [0x0fee0000, 0x0fee0000, 0x10040000)
 tenured generation   total 28992K, used 22159K [0x14750000, 0x163a0000, 0x1f200000)
   the space 28992K,  76% used [0x14750000, 0x15cf3c70, 0x15cf3e00, 0x163a0000)
 Metaspace       used 18933K, capacity 19125K, committed 19200K, reserved 19840K
}
Event: 30.815 GC heap before
{Heap before GC invocations=138 (full 28):
 def new generation   total 13184K, used 11727K [0x0f200000, 0x10040000, 0x14750000)
  eden space 11776K,  87% used [0x0f200000, 0x0fc17810, 0x0fd80000)
  from space 1408K,  98% used [0x0fd80000, 0x0fedc4a8, 0x0fee0000)
  to   space 1408K,   0% used [0x0fee0000, 0x0fee0000, 0x10040000)
 tenured generation   total 28992K, used 22159K [0x14750000, 0x163a0000, 0x1f200000)
   the space 28992K,  76% used [0x14750000, 0x15cf3c70, 0x15cf3e00, 0x163a0000)
 Metaspace       used 18933K, capacity 19125K, committed 19200K, reserved 19840K
Event: 30.816 GC heap after
Heap after GC invocations=139 (full 28):
 def new generation   total 13184K, used 1387K [0x0f200000, 0x10040000, 0x14750000)
  eden space 11776K,   0% used [0x0f200000, 0x0f200000, 0x0fd80000)
  from space 1408K,  98% used [0x0fee0000, 0x1003af18, 0x10040000)
  to   space 1408K,   0% used [0x0fd80000, 0x0fd80000, 0x0fee0000)
 tenured generation   total 28992K, used 24854K [0x14750000, 0x163a0000, 0x1f200000)
   the space 28992K,  85% used [0x14750000, 0x15f95b20, 0x15f95c00, 0x163a0000)
 Metaspace       used 18933K, capacity 19125K, committed 19200K, reserved 19840K
}
Event: 31.011 GC heap before
{Heap before GC invocations=139 (full 28):
 def new generation   total 13184K, used 12380K [0x0f200000, 0x10040000, 0x14750000)
  eden space 11776K,  93% used [0x0f200000, 0x0fcbc168, 0x0fd80000)
  from space 1408K,  98% used [0x0fee0000, 0x1003af18, 0x10040000)
  to   space 1408K,   0% used [0x0fd80000, 0x0fd80000, 0x0fee0000)
 tenured generation   total 28992K, used 24854K [0x14750000, 0x163a0000, 0x1f200000)
   the space 28992K,  85% used [0x14750000, 0x15f95b20, 0x15f95c00, 0x163a0000)
 Metaspace       used 18933K, capacity 19125K, committed 19200K, reserved 19840K
Event: 31.013 GC heap after
Heap after GC invocations=140 (full 28):
 def new generation   total 13184K, used 1386K [0x0f200000, 0x10040000, 0x14750000)
  eden space 11776K,   0% used [0x0f200000, 0x0f200000, 0x0fd80000)
  from space 1408K,  98% used [0x0fd80000, 0x0feda8e0, 0x0fee0000)
  to   space 1408K,   0% used [0x0fee0000, 0x0fee0000, 0x10040000)
 tenured generation   total 28992K, used 27935K [0x14750000, 0x163a0000, 0x1f200000)
   the space 28992K,  96% used [0x14750000, 0x16297c88, 0x16297e00, 0x163a0000)
 Metaspace       used 18933K, capacity 19125K, committed 19200K, reserved 19840K
}
Event: 31.207 GC heap before
{Heap before GC invocations=140 (full 28):
 def new generation   total 13184K, used 11817K [0x0f200000, 0x10040000, 0x14750000)
  eden space 11776K,  88% used [0x0f200000, 0x0fc2fd90, 0x0fd80000)
  from space 1408K,  98% used [0x0fd80000, 0x0feda8e0, 0x0fee0000)
  to   space 1408K,   0% used [0x0fee0000, 0x0fee0000, 0x10040000)
 tenured generation   total 28992K, used 27935K [0x14750000, 0x163a0000, 0x1f200000)
   the space 28992K,  96% used [0x14750000, 0x16297c88, 0x16297e00, 0x163a0000)
 Metaspace       used 18933K, capacity 19125K, committed 19200K, reserved 19840K
Event: 31.228 GC heap after
Heap after GC invocations=141 (full 29):
 def new generation   total 13184K, used 0K [0x0f200000, 0x10040000, 0x14750000)
  eden space 11776K,   0% used [0x0f200000, 0x0f200000, 0x0fd80000)
  from space 1408K,   0% used [0x0fee0000, 0x0fee0000, 0x10040000)
  to   space 1408K,   0% used [0x0fd80000, 0x0fd80000, 0x0fee0000)
 tenured generation   total 28992K, used 14978K [0x14750000, 0x163a0000, 0x1f200000)
   the space 28992K,  51% used [0x14750000, 0x155f0918, 0x155f0a00, 0x163a0000)
 Metaspace       used 18917K, capacity 19105K, committed 19200K, reserved 19840K
}

