# JRE version: Java(TM) SE Runtime Environment (8.0_31-b13) (build 1.8.0_31-b13)
# Java VM: Java HotSpot(TM) Client VM (25.31-b07 mixed mode windows-x86 )
Heap:
 def new generation   total 12096K, used 6945K [0x0f200000, 0x0ff10000, 0x14750000)
  eden space 10816K,  52% used [0x0f200000, 0x0f7956e0, 0x0fc90000)
  from space 1280K,  95% used [0x0fc90000, 0x0fdc2d28, 0x0fdd0000)
  to   space 1280K,   0% used [0x0fdd0000, 0x0fdd0000, 0x0ff10000)
 tenured generation   total 26492K, used 20770K [0x14750000, 0x1612f000, 0x1f200000)
   the space 26492K,  78% used [0x14750000, 0x15b98938, 0x15b98a00, 0x1612f000)
 Metaspace       used 18934K, capacity 19125K, committed 19200K, reserved 19840K
GC Heap History (10 events):
Event: 22.173 GC heap before
{Heap before GC invocations=99 (full 21):
 def new generation   total 12096K, used 11908K [0x0f200000, 0x0ff10000, 0x14750000)
  eden space 10816K,  98% used [0x0f200000, 0x0fc6e590, 0x0fc90000)
  from space 1280K,  95% used [0x0fdd0000, 0x0ff02d70, 0x0ff10000)
  to   space 1280K,   0% used [0x0fc90000, 0x0fc90000, 0x0fdd0000)
 tenured generation   total 26492K, used 18115K [0x14750000, 0x1612f000, 0x1f200000)
   the space 26492K,  68% used [0x14750000, 0x15900de8, 0x15900e00, 0x1612f000)
 Metaspace       used 18934K, capacity 19125K, committed 19200K, reserved 19840K
Event: 22.175 GC heap after
Heap after GC invocations=100 (full 21):
 def new generation   total 12096K, used 1191K [0x0f200000, 0x0ff10000, 0x14750000)
  eden space 10816K,   0% used [0x0f200000, 0x0f200000, 0x0fc90000)
  from space 1280K,  93% used [0x0fc90000, 0x0fdb9d88, 0x0fdd0000)
  to   space 1280K,   0% used [0x0fdd0000, 0x0fdd0000, 0x0ff10000)
 tenured generation   total 26492K, used 21196K [0x14750000, 0x1612f000, 0x1f200000)
   the space 26492K,  80% used [0x14750000, 0x15c03298, 0x15c03400, 0x1612f000)
 Metaspace       used 18934K, capacity 19125K, committed 19200K, reserved 19840K
}
Event: 22.365 GC heap before
{Heap before GC invocations=100 (full 21):
 def new generation   total 12096K, used 11599K [0x0f200000, 0x0ff10000, 0x14750000)
  eden space 10816K,  96% used [0x0f200000, 0x0fc29f28, 0x0fc90000)
  from space 1280K,  93% used [0x0fc90000, 0x0fdb9d88, 0x0fdd0000)
  to   space 1280K,   0% used [0x0fdd0000, 0x0fdd0000, 0x0ff10000)
 tenured generation   total 26492K, used 21196K [0x14750000, 0x1612f000, 0x1f200000)
   the space 26492K,  80% used [0x14750000, 0x15c03298, 0x15c03400, 0x1612f000)
 Metaspace       used 18934K, capacity 19125K, committed 19200K, reserved 19840K
Event: 22.367 GC heap after
Heap after GC invocations=101 (full 21):
 def new generation   total 12096K, used 1227K [0x0f200000, 0x0ff10000, 0x14750000)
  eden space 10816K,   0% used [0x0f200000, 0x0f200000, 0x0fc90000)
  from space 1280K,  95% used [0x0fdd0000, 0x0ff02ca8, 0x0ff10000)
  to   space 1280K,   0% used [0x0fc90000, 0x0fc90000, 0x0fdd0000)
 tenured generation   total 26492K, used 24053K [0x14750000, 0x1612f000, 0x1f200000)
   the space 26492K,  90% used [0x14750000, 0x15ecd568, 0x15ecd600, 0x1612f000)
 Metaspace       used 18934K, capacity 19125K, committed 19200K, reserved 19840K
}
Event: 22.517 GC heap before
{Heap before GC invocations=101 (full 21):
 def new generation   total 12096K, used 11988K [0x0f200000, 0x0ff10000, 0x14750000)
  eden space 10816K,  99% used [0x0f200000, 0x0fc826a8, 0x0fc90000)
  from space 1280K,  95% used [0x0fdd0000, 0x0ff02ca8, 0x0ff10000)
  to   space 1280K,   0% used [0x0fc90000, 0x0fc90000, 0x0fdd0000)
 tenured generation   total 26492K, used 24053K [0x14750000, 0x1612f000, 0x1f200000)
   the space 26492K,  90% used [0x14750000, 0x15ecd568, 0x15ecd600, 0x1612f000)
 Metaspace       used 18934K, capacity 19125K, committed 19200K, reserved 19840K
Event: 22.539 GC heap after
Heap after GC invocations=102 (full 22):
 def new generation   total 12096K, used 0K [0x0f200000, 0x0ff10000, 0x14750000)
  eden space 10816K,   0% used [0x0f200000, 0x0f200000, 0x0fc90000)
  from space 1280K,   0% used [0x0fc90000, 0x0fc90000, 0x0fdd0000)
  to   space 1280K,   0% used [0x0fdd0000, 0x0fdd0000, 0x0ff10000)
 tenured generation   total 26492K, used 14838K [0x14750000, 0x1612f000, 0x1f200000)
   the space 26492K,  56% used [0x14750000, 0x155cd9c8, 0x155cda00, 0x1612f000)
 Metaspace       used 18934K, capacity 19125K, committed 19200K, reserved 19840K
}
Event: 22.765 GC heap before
{Heap before GC invocations=102 (full 22):
 def new generation   total 12096K, used 10599K [0x0f200000, 0x0ff10000, 0x14750000)
  eden space 10816K,  98% used [0x0f200000, 0x0fc59f00, 0x0fc90000)
  from space 1280K,   0% used [0x0fc90000, 0x0fc90000, 0x0fdd0000)
  to   space 1280K,   0% used [0x0fdd0000, 0x0fdd0000, 0x0ff10000)
 tenured generation   total 26492K, used 14838K [0x14750000, 0x1612f000, 0x1f200000)
   the space 26492K,  56% used [0x14750000, 0x155cd9c8, 0x155cda00, 0x1612f000)
 Metaspace       used 18934K, capacity 19125K, committed 19200K, reserved 19840K
Event: 22.767 GC heap after
Heap after GC invocations=103 (full 22):
 def new generation   total 12096K, used 1190K [0x0f200000, 0x0ff10000, 0x14750000)
  eden space 10816K,   0% used [0x0f200000, 0x0f200000, 0x0fc90000)
  from space 1280K,  93% used [0x0fdd0000, 0x0fef99f0, 0x0ff10000)
  to   space 1280K,   0% used [0x0fc90000, 0x0fc90000, 0x0fdd0000)
 tenured generation   total 26492K, used 17914K [0x14750000, 0x1612f000, 0x1f200000)
   the space 26492K,  67% used [0x14750000, 0x158ce838, 0x158cea00, 0x1612f000)
 Metaspace       used 18934K, capacity 19125K, committed 19200K, reserved 19840K
}
Event: 22.973 GC heap before
{Heap before GC invocations=103 (full 22):
 def new generation   total 12096K, used 11594K [0x0f200000, 0x0ff10000, 0x14750000)
  eden space 10816K,  96% used [0x0f200000, 0x0fc290c0, 0x0fc90000)
  from space 1280K,  93% used [0x0fdd0000, 0x0fef99f0, 0x0ff10000)
  to   space 1280K,   0% used [0x0fc90000, 0x0fc90000, 0x0fdd0000)
 tenured generation   total 26492K, used 17914K [0x14750000, 0x1612f000, 0x1f200000)
   the space 26492K,  67% used [0x14750000, 0x158ce838, 0x158cea00, 0x1612f000)
 Metaspace       used 18934K, capacity 19125K, committed 19200K, reserved 19840K
Event: 22.975 GC heap after
Heap after GC invocations=104 (full 22):
 def new generation   total 12096K, used 1227K [0x0f200000, 0x0ff10000, 0x14750000)
  eden space 10816K,   0% used [0x0f200000, 0x0f200000, 0x0fc90000)
  from space 1280K,  95% used [0x0fc90000, 0x0fdc2d28, 0x0fdd0000)
  to   space 1280K,   0% used [0x0fdd0000, 0x0fdd0000, 0x0ff10000)
 tenured generation   total 26492K, used 20770K [0x14750000, 0x1612f000, 0x1f200000)
   the space 26492K,  78% used [0x14750000, 0x15b98938, 0x15b98a00, 0x1612f000)
 Metaspace       used 18934K, capacity 19125K, committed 19200K, reserved 19840K
}

