# JRE version: Java(TM) SE Runtime Environment (8.0_31-b13) (build 1.8.0_31-b13)
# Java VM: Java HotSpot(TM) Client VM (25.31-b07 mixed mode windows-x86 )
Heap:
 def new generation   total 45952K, used 30464K [0x0f200000, 0x123d0000, 0x14750000)
  eden space 40896K,  74% used [0x0f200000, 0x10f95980, 0x119f0000)
  from space 5056K,   3% used [0x119f0000, 0x11a1a9a0, 0x11ee0000)
  to   space 5056K,   0% used [0x11ee0000, 0x11ee0000, 0x123d0000)
 tenured generation   total 156788K, used 116059K [0x14750000, 0x1e06d000, 0x1f200000)
   the space 156788K,  74% used [0x14750000, 0x1b8a6c20, 0x1b8a6e00, 0x1e06d000)
 Metaspace       used 18963K, capacity 19156K, committed 19200K, reserved 19840K
GC Heap History (10 events):
Event: 5.108 GC heap before
{Heap before GC invocations=39 (full 3):
 def new generation   total 45952K, used 43421K [0x0f200000, 0x123d0000, 0x14750000)
  eden space 40896K, 100% used [0x0f200000, 0x119f0000, 0x119f0000)
  from space 5056K,  49% used [0x11ee0000, 0x12157438, 0x123d0000)
  to   space 5056K,   0% used [0x119f0000, 0x119f0000, 0x11ee0000)
 tenured generation   total 156788K, used 116043K [0x14750000, 0x1e06d000, 0x1f200000)
   the space 156788K,  74% used [0x14750000, 0x1b8a2eb0, 0x1b8a3000, 0x1e06d000)
 Metaspace       used 15944K, capacity 16129K, committed 16256K, reserved 16768K
Event: 5.109 GC heap after
Heap after GC invocations=40 (full 3):
 def new generation   total 45952K, used 2525K [0x0f200000, 0x123d0000, 0x14750000)
  eden space 40896K,   0% used [0x0f200000, 0x0f200000, 0x119f0000)
  from space 5056K,  49% used [0x119f0000, 0x11c67608, 0x11ee0000)
  to   space 5056K,   0% used [0x11ee0000, 0x11ee0000, 0x123d0000)
 tenured generation   total 156788K, used 116043K [0x14750000, 0x1e06d000, 0x1f200000)
   the space 156788K,  74% used [0x14750000, 0x1b8a2eb0, 0x1b8a3000, 0x1e06d000)
 Metaspace       used 15944K, capacity 16129K, committed 16256K, reserved 16768K
}
Event: 5.330 GC heap before
{Heap before GC invocations=40 (full 3):
 def new generation   total 45952K, used 43421K [0x0f200000, 0x123d0000, 0x14750000)
  eden space 40896K, 100% used [0x0f200000, 0x119f0000, 0x119f0000)
  from space 5056K,  49% used [0x119f0000, 0x11c67608, 0x11ee0000)
  to   space 5056K,   0% used [0x11ee0000, 0x11ee0000, 0x123d0000)
 tenured generation   total 156788K, used 116043K [0x14750000, 0x1e06d000, 0x1f200000)
   the space 156788K,  74% used [0x14750000, 0x1b8a2eb0, 0x1b8a3000, 0x1e06d000)
 Metaspace       used 15944K, capacity 16129K, committed 16256K, reserved 16768K
Event: 5.331 GC heap after
Heap after GC invocations=41 (full 3):
 def new generation   total 45952K, used 2527K [0x0f200000, 0x123d0000, 0x14750000)
  eden space 40896K,   0% used [0x0f200000, 0x0f200000, 0x119f0000)
  from space 5056K,  49% used [0x11ee0000, 0x12157de8, 0x123d0000)
  to   space 5056K,   0% used [0x119f0000, 0x119f0000, 0x11ee0000)
 tenured generation   total 156788K, used 116043K [0x14750000, 0x1e06d000, 0x1f200000)
   the space 156788K,  74% used [0x14750000, 0x1b8a2eb0, 0x1b8a3000, 0x1e06d000)
 Metaspace       used 15944K, capacity 16129K, committed 16256K, reserved 16768K
}
Event: 5.550 GC heap before
{Heap before GC invocations=41 (full 3):
 def new generation   total 45952K, used 43423K [0x0f200000, 0x123d0000, 0x14750000)
  eden space 40896K, 100% used [0x0f200000, 0x119f0000, 0x119f0000)
  from space 5056K,  49% used [0x11ee0000, 0x12157de8, 0x123d0000)
  to   space 5056K,   0% used [0x119f0000, 0x119f0000, 0x11ee0000)
 tenured generation   total 156788K, used 116043K [0x14750000, 0x1e06d000, 0x1f200000)
   the space 156788K,  74% used [0x14750000, 0x1b8a2eb0, 0x1b8a3000, 0x1e06d000)
 Metaspace       used 15944K, capacity 16129K, committed 16256K, reserved 16768K
Event: 5.551 GC heap after
Heap after GC invocations=42 (full 3):
 def new generation   total 45952K, used 2532K [0x0f200000, 0x123d0000, 0x14750000)
  eden space 40896K,   0% used [0x0f200000, 0x0f200000, 0x119f0000)
  from space 5056K,  50% used [0x119f0000, 0x11c69048, 0x11ee0000)
  to   space 5056K,   0% used [0x11ee0000, 0x11ee0000, 0x123d0000)
 tenured generation   total 156788K, used 116043K [0x14750000, 0x1e06d000, 0x1f200000)
   the space 156788K,  74% used [0x14750000, 0x1b8a2eb0, 0x1b8a3000, 0x1e06d000)
 Metaspace       used 15944K, capacity 16129K, committed 16256K, reserved 16768K
}
Event: 5.769 GC heap before
{Heap before GC invocations=42 (full 3):
 def new generation   total 45952K, used 43428K [0x0f200000, 0x123d0000, 0x14750000)
  eden space 40896K, 100% used [0x0f200000, 0x119f0000, 0x119f0000)
  from space 5056K,  50% used [0x119f0000, 0x11c69048, 0x11ee0000)
  to   space 5056K,   0% used [0x11ee0000, 0x11ee0000, 0x123d0000)
 tenured generation   total 156788K, used 116043K [0x14750000, 0x1e06d000, 0x1f200000)
   the space 156788K,  74% used [0x14750000, 0x1b8a2eb0, 0x1b8a3000, 0x1e06d000)
 Metaspace       used 15944K, capacity 16129K, committed 16256K, reserved 16768K
Event: 5.771 GC heap after
Heap after GC invocations=43 (full 3):
 def new generation   total 45952K, used 2519K [0x0f200000, 0x123d0000, 0x14750000)
  eden space 40896K,   0% used [0x0f200000, 0x0f200000, 0x119f0000)
  from space 5056K,  49% used [0x11ee0000, 0x12155ea8, 0x123d0000)
  to   space 5056K,   0% used [0x119f0000, 0x119f0000, 0x11ee0000)
 tenured generation   total 156788K, used 116059K [0x14750000, 0x1e06d000, 0x1f200000)
   the space 156788K,  74% used [0x14750000, 0x1b8a6c20, 0x1b8a6e00, 0x1e06d000)
 Metaspace       used 15944K, capacity 16129K, committed 16256K, reserved 16768K
}
Event: 6.024 GC heap before
{Heap before GC invocations=43 (full 3):
 def new generation   total 45952K, used 43415K [0x0f200000, 0x123d0000, 0x14750000)
  eden space 40896K, 100% used [0x0f200000, 0x119f0000, 0x119f0000)
  from space 5056K,  49% used [0x11ee0000, 0x12155ea8, 0x123d0000)
  to   space 5056K,   0% used [0x119f0000, 0x119f0000, 0x11ee0000)
 tenured generation   total 156788K, used 116059K [0x14750000, 0x1e06d000, 0x1f200000)
   the space 156788K,  74% used [0x14750000, 0x1b8a6c20, 0x1b8a6e00, 0x1e06d000)
 Metaspace       used 16114K, capacity 16294K, committed 16384K, reserved 16768K
Event: 6.026 GC heap after
Heap after GC invocations=44 (full 3):
 def new generation   total 45952K, used 170K [0x0f200000, 0x123d0000, 0x14750000)
  eden space 40896K,   0% used [0x0f200000, 0x0f200000, 0x119f0000)
  from space 5056K,   3% used [0x119f0000, 0x11a1a9a0, 0x11ee0000)
  to   space 5056K,   0% used [0x11ee0000, 0x11ee0000, 0x123d0000)
 tenured generation   total 156788K, used 116059K [0x14750000, 0x1e06d000, 0x1f200000)
   the space 156788K,  74% used [0x14750000, 0x1b8a6c20, 0x1b8a6e00, 0x1e06d000)
 Metaspace       used 16114K, capacity 16294K, committed 16384K, reserved 16768K
}

