# JRE version: Java(TM) SE Runtime Environment (8.0_31-b13) (build 1.8.0_31-b13)
# Java VM: Java HotSpot(TM) Client VM (25.31-b07 mixed mode windows-x86 )
Heap:
 def new generation   total 78656K, used 39604K [0x0f200000, 0x14750000, 0x14750000)
  eden space 69952K, -2147483648% used [0x0f200000, 0x110a3358, 0x13650000)
  from space 8704K,  94% used [0x13650000, 0x13e59e48, 0x13ed0000)
  to   space 8704K,   0% used [0x13ed0000, 0x13ed0000, 0x14750000)
 tenured generation   total 174784K, used 133372K [0x14750000, 0x1f200000, 0x1f200000)
   the space 174784K,  76% used [0x14750000, 0x1c98f128, 0x1c98f200, 0x1f200000)
 Metaspace       used 18538K, capacity 18744K, committed 18816K, reserved 18816K
GC Heap History (10 events):
Event: 6.282 GC heap before
{Heap before GC invocations=29 (full 2):
 def new generation   total 69312K, used 22579K [0x0f200000, 0x13d30000, 0x14750000)
  eden space 61632K,  31% used [0x0f200000, 0x10521148, 0x12e30000)
  from space 7680K,  38% used [0x135b0000, 0x1389bc78, 0x13d30000)
  to   space 7680K,   0% used [0x12e30000, 0x12e30000, 0x135b0000)
 tenured generation   total 153856K, used 116776K [0x14750000, 0x1dd90000, 0x1f200000)
   the space 153856K,  75% used [0x14750000, 0x1b95a1a0, 0x1b95a200, 0x1dd90000)
 Metaspace       used 14956K, capacity 15083K, committed 15148K, reserved 15744K
Event: 6.301 GC heap after
Heap after GC invocations=30 (full 3):
 def new generation   total 78656K, used 0K [0x0f200000, 0x14750000, 0x14750000)
  eden space 69952K,   0% used [0x0f200000, 0x0f200000, 0x13650000)
  from space 8704K,   0% used [0x13650000, 0x13650000, 0x13ed0000)
  to   space 8704K,   0% used [0x13ed0000, 0x13ed0000, 0x14750000)
 tenured generation   total 174784K, used 120707K [0x14750000, 0x1f200000, 0x1f200000)
   the space 174784K,  69% used [0x14750000, 0x1bd30c38, 0x1bd30e00, 0x1f200000)
 Metaspace       used 14956K, capacity 15083K, committed 15148K, reserved 15744K
}
Event: 11.816 GC heap before
{Heap before GC invocations=30 (full 3):
 def new generation   total 78656K, used 69593K [0x0f200000, 0x14750000, 0x14750000)
  eden space 69952K,  99% used [0x0f200000, 0x135f6500, 0x13650000)
  from space 8704K,   0% used [0x13650000, 0x13650000, 0x13ed0000)
  to   space 8704K,   0% used [0x13ed0000, 0x13ed0000, 0x14750000)
 tenured generation   total 174784K, used 120707K [0x14750000, 0x1f200000, 0x1f200000)
   the space 174784K,  69% used [0x14750000, 0x1bd30c38, 0x1bd30e00, 0x1f200000)
 Metaspace       used 18536K, capacity 18741K, committed 18816K, reserved 18816K
Event: 11.825 GC heap after
Heap after GC invocations=31 (full 3):
 def new generation   total 78656K, used 8704K [0x0f200000, 0x14750000, 0x14750000)
  eden space 69952K,   0% used [0x0f200000, 0x0f200000, 0x13650000)
  from space 8704K, 100% used [0x13ed0000, 0x14750000, 0x14750000)
  to   space 8704K,   0% used [0x13650000, 0x13650000, 0x13ed0000)
 tenured generation   total 174784K, used 123959K [0x14750000, 0x1f200000, 0x1f200000)
   the space 174784K,  70% used [0x14750000, 0x1c05dd50, 0x1c05de00, 0x1f200000)
 Metaspace       used 18536K, capacity 18741K, committed 18816K, reserved 18816K
}
Event: 12.783 GC heap before
{Heap before GC invocations=31 (full 3):
 def new generation   total 78656K, used 77923K [0x0f200000, 0x14750000, 0x14750000)
  eden space 69952K,  98% used [0x0f200000, 0x13598d28, 0x13650000)
  from space 8704K, 100% used [0x13ed0000, 0x14750000, 0x14750000)
  to   space 8704K,   0% used [0x13650000, 0x13650000, 0x13ed0000)
 tenured generation   total 174784K, used 123959K [0x14750000, 0x1f200000, 0x1f200000)
   the space 174784K,  70% used [0x14750000, 0x1c05dd50, 0x1c05de00, 0x1f200000)
 Metaspace       used 18538K, capacity 18744K, committed 18816K, reserved 18816K
Event: 12.791 GC heap after
Heap after GC invocations=32 (full 3):
 def new generation   total 78656K, used 8232K [0x0f200000, 0x14750000, 0x14750000)
  eden space 69952K,   0% used [0x0f200000, 0x0f200000, 0x13650000)
  from space 8704K,  94% used [0x13650000, 0x13e5a248, 0x13ed0000)
  to   space 8704K,   0% used [0x13ed0000, 0x13ed0000, 0x14750000)
 tenured generation   total 174784K, used 128070K [0x14750000, 0x1f200000, 0x1f200000)
   the space 174784K,  73% used [0x14750000, 0x1c461b60, 0x1c461c00, 0x1f200000)
 Metaspace       used 18538K, capacity 18744K, committed 18816K, reserved 18816K
}
Event: 13.734 GC heap before
{Heap before GC invocations=32 (full 3):
 def new generation   total 78656K, used 77873K [0x0f200000, 0x14750000, 0x14750000)
  eden space 69952K,  99% used [0x0f200000, 0x136024e0, 0x13650000)
  from space 8704K,  94% used [0x13650000, 0x13e5a248, 0x13ed0000)
  to   space 8704K,   0% used [0x13ed0000, 0x13ed0000, 0x14750000)
 tenured generation   total 174784K, used 128070K [0x14750000, 0x1f200000, 0x1f200000)
   the space 174784K,  73% used [0x14750000, 0x1c461b60, 0x1c461c00, 0x1f200000)
 Metaspace       used 18538K, capacity 18744K, committed 18816K, reserved 18816K
Event: 13.739 GC heap after
Heap after GC invocations=33 (full 3):
 def new generation   total 78656K, used 8236K [0x0f200000, 0x14750000, 0x14750000)
  eden space 69952K,   0% used [0x0f200000, 0x0f200000, 0x13650000)
  from space 8704K,  94% used [0x13ed0000, 0x146db330, 0x14750000)
  to   space 8704K,   0% used [0x13650000, 0x13650000, 0x13ed0000)
 tenured generation   total 174784K, used 130946K [0x14750000, 0x1f200000, 0x1f200000)
   the space 174784K,  74% used [0x14750000, 0x1c730a98, 0x1c730c00, 0x1f200000)
 Metaspace       used 18538K, capacity 18744K, committed 18816K, reserved 18816K
}
Event: 14.710 GC heap before
{Heap before GC invocations=33 (full 3):
 def new generation   total 78656K, used 78139K [0x0f200000, 0x14750000, 0x14750000)
  eden space 69952K,  99% used [0x0f200000, 0x13643978, 0x13650000)
  from space 8704K,  94% used [0x13ed0000, 0x146db330, 0x14750000)
  to   space 8704K,   0% used [0x13650000, 0x13650000, 0x13ed0000)
 tenured generation   total 174784K, used 130946K [0x14750000, 0x1f200000, 0x1f200000)
   the space 174784K,  74% used [0x14750000, 0x1c730a98, 0x1c730c00, 0x1f200000)
 Metaspace       used 18538K, capacity 18744K, committed 18816K, reserved 18816K
Event: 14.714 GC heap after
Heap after GC invocations=34 (full 3):
 def new generation   total 78656K, used 8231K [0x0f200000, 0x14750000, 0x14750000)
  eden space 69952K,   0% used [0x0f200000, 0x0f200000, 0x13650000)
  from space 8704K,  94% used [0x13650000, 0x13e59e48, 0x13ed0000)
  to   space 8704K,   0% used [0x13ed0000, 0x13ed0000, 0x14750000)
 tenured generation   total 174784K, used 133372K [0x14750000, 0x1f200000, 0x1f200000)
   the space 174784K,  76% used [0x14750000, 0x1c98f128, 0x1c98f200, 0x1f200000)
 Metaspace       used 18538K, capacity 18744K, committed 18816K, reserved 18816K
}

