# JRE version: Java(TM) SE Runtime Environment (8.0-b132) (build 1.8.0-b132)
# Java VM: Java HotSpot(TM) 64-Bit Server VM (25.0-b70 mixed mode windows-amd64 compressed oops)
Heap:
 PSYoungGen      total 9728K, used 8430K [0x000000076f100000, 0x000000076fc00000, 0x00000007c0000000)
  eden space 8192K, 87% used [0x000000076f100000,0x000000076f7fe368,0x000000076f900000)
  from space 1536K, 82% used [0x000000076fa80000,0x000000076fbbd498,0x000000076fc00000)
  to   space 1536K, 0% used [0x000000076f900000,0x000000076f900000,0x000000076fa80000)
 ParOldGen       total 248320K, used 4750K [0x00000006cd200000, 0x00000006dc480000, 0x000000076f100000)
  object space 248320K, 1% used [0x00000006cd200000,0x00000006cd6a3bd0,0x00000006dc480000)
 Metaspace       used 11635K, capacity 11702K, committed 11904K, reserved 1060864K
  class space    used 1345K, capacity 1358K, committed 1408K, reserved 1048576K
GC Heap History (10 events):
Event: 0.201 GC heap before
{Heap before GC invocations=4 (full 0):
 PSYoungGen      total 1536K, used 1520K [0x000000076f100000, 0x000000076f400000, 0x00000007c0000000)
  eden space 1024K, 100% used [0x000000076f100000,0x000000076f200000,0x000000076f200000)
  from space 512K, 96% used [0x000000076f200000,0x000000076f27c010,0x000000076f280000)
  to   space 512K, 0% used [0x000000076f380000,0x000000076f380000,0x000000076f400000)
 ParOldGen       total 248320K, used 352K [0x00000006cd200000, 0x00000006dc480000, 0x000000076f100000)
  object space 248320K, 0% used [0x00000006cd200000,0x00000006cd258148,0x00000006dc480000)
 Metaspace       used 5876K, capacity 6000K, committed 6144K, reserved 1056768K
  class space    used 667K, capacity 716K, committed 768K, reserved 1048576K
Event: 0.202 GC heap after
Heap after GC invocations=4 (full 0):
 PSYoungGen      total 2560K, used 480K [0x000000076f100000, 0x000000076f400000, 0x00000007c0000000)
  eden space 2048K, 0% used [0x000000076f100000,0x000000076f100000,0x000000076f300000)
  from space 512K, 93% used [0x000000076f380000,0x000000076f3f8020,0x000000076f400000)
  to   space 512K, 0% used [0x000000076f300000,0x000000076f300000,0x000000076f380000)
 ParOldGen       total 248320K, used 808K [0x00000006cd200000, 0x00000006dc480000, 0x000000076f100000)
  object space 248320K, 0% used [0x00000006cd200000,0x00000006cd2ca148,0x00000006dc480000)
 Metaspace       used 5876K, capacity 6000K, committed 6144K, reserved 1056768K
  class space    used 667K, capacity 716K, committed 768K, reserved 1048576K
}
Event: 0.241 GC heap before
{Heap before GC invocations=5 (full 0):
 PSYoungGen      total 2560K, used 2528K [0x000000076f100000, 0x000000076f400000, 0x00000007c0000000)
  eden space 2048K, 100% used [0x000000076f100000,0x000000076f300000,0x000000076f300000)
  from space 512K, 93% used [0x000000076f380000,0x000000076f3f8020,0x000000076f400000)
  to   space 512K, 0% used [0x000000076f300000,0x000000076f300000,0x000000076f380000)
 ParOldGen       total 248320K, used 808K [0x00000006cd200000, 0x00000006dc480000, 0x000000076f100000)
  object space 248320K, 0% used [0x00000006cd200000,0x00000006cd2ca148,0x00000006dc480000)
 Metaspace       used 6427K, capacity 6544K, committed 6656K, reserved 1056768K
  class space    used 715K, capacity 748K, committed 768K, reserved 1048576K
Event: 0.242 GC heap after
Heap after GC invocations=5 (full 0):
 PSYoungGen      total 2560K, used 512K [0x000000076f100000, 0x000000076f800000, 0x00000007c0000000)
  eden space 2048K, 0% used [0x000000076f100000,0x000000076f100000,0x000000076f300000)
  from space 512K, 100% used [0x000000076f300000,0x000000076f380000,0x000000076f380000)
  to   space 1536K, 0% used [0x000000076f680000,0x000000076f680000,0x000000076f800000)
 ParOldGen       total 248320K, used 1177K [0x00000006cd200000, 0x00000006dc480000, 0x000000076f100000)
  object space 248320K, 0% used [0x00000006cd200000,0x00000006cd3265a0,0x00000006dc480000)
 Metaspace       used 6427K, capacity 6544K, committed 6656K, reserved 1056768K
  class space    used 715K, capacity 748K, committed 768K, reserved 1048576K
}
Event: 0.520 GC heap before
{Heap before GC invocations=6 (full 0):
 PSYoungGen      total 2560K, used 2560K [0x000000076f100000, 0x000000076f800000, 0x00000007c0000000)
  eden space 2048K, 100% used [0x000000076f100000,0x000000076f300000,0x000000076f300000)
  from space 512K, 100% used [0x000000076f300000,0x000000076f380000,0x000000076f380000)
  to   space 1536K, 0% used [0x000000076f680000,0x000000076f680000,0x000000076f800000)
 ParOldGen       total 248320K, used 1177K [0x00000006cd200000, 0x00000006dc480000, 0x000000076f100000)
  object space 248320K, 0% used [0x00000006cd200000,0x00000006cd3265a0,0x00000006dc480000)
 Metaspace       used 7182K, capacity 7280K, committed 7552K, reserved 1056768K
  class space    used 797K, capacity 844K, committed 896K, reserved 1048576K
Event: 0.521 GC heap after
Heap after GC invocations=6 (full 0):
 PSYoungGen      total 5632K, used 965K [0x000000076f100000, 0x000000076f800000, 0x00000007c0000000)
  eden space 4096K, 0% used [0x000000076f100000,0x000000076f100000,0x000000076f500000)
  from space 1536K, 62% used [0x000000076f680000,0x000000076f7714f8,0x000000076f800000)
  to   space 1536K, 0% used [0x000000076f500000,0x000000076f500000,0x000000076f680000)
 ParOldGen       total 248320K, used 1185K [0x00000006cd200000, 0x00000006dc480000, 0x000000076f100000)
  object space 248320K, 0% used [0x00000006cd200000,0x00000006cd3285a0,0x00000006dc480000)
 Metaspace       used 7182K, capacity 7280K, committed 7552K, reserved 1056768K
  class space    used 797K, capacity 844K, committed 896K, reserved 1048576K
}
Event: 1.617 GC heap before
{Heap before GC invocations=7 (full 0):
 PSYoungGen      total 5632K, used 5061K [0x000000076f100000, 0x000000076f800000, 0x00000007c0000000)
  eden space 4096K, 100% used [0x000000076f100000,0x000000076f500000,0x000000076f500000)
  from space 1536K, 62% used [0x000000076f680000,0x000000076f7714f8,0x000000076f800000)
  to   space 1536K, 0% used [0x000000076f500000,0x000000076f500000,0x000000076f680000)
 ParOldGen       total 248320K, used 1185K [0x00000006cd200000, 0x00000006dc480000, 0x000000076f100000)
  object space 248320K, 0% used [0x00000006cd200000,0x00000006cd3285a0,0x00000006dc480000)
 Metaspace       used 9611K, capacity 9680K, committed 9856K, reserved 1058816K
  class space    used 1114K, capacity 1132K, committed 1152K, reserved 1048576K
Event: 1.620 GC heap after
Heap after GC invocations=7 (full 0):
 PSYoungGen      total 5632K, used 1315K [0x000000076f100000, 0x000000076fc00000, 0x00000007c0000000)
  eden space 4096K, 0% used [0x000000076f100000,0x000000076f100000,0x000000076f500000)
  from space 1536K, 85% used [0x000000076f500000,0x000000076f648d68,0x000000076f680000)
  to   space 1536K, 0% used [0x000000076fa80000,0x000000076fa80000,0x000000076fc00000)
 ParOldGen       total 248320K, used 4542K [0x00000006cd200000, 0x00000006dc480000, 0x000000076f100000)
  object space 248320K, 1% used [0x00000006cd200000,0x00000006cd66fbd0,0x00000006dc480000)
 Metaspace       used 9611K, capacity 9680K, committed 9856K, reserved 1058816K
  class space    used 1114K, capacity 1132K, committed 1152K, reserved 1048576K
}
Event: 1.792 GC heap before
{Heap before GC invocations=8 (full 0):
 PSYoungGen      total 5632K, used 5411K [0x000000076f100000, 0x000000076fc00000, 0x00000007c0000000)
  eden space 4096K, 100% used [0x000000076f100000,0x000000076f500000,0x000000076f500000)
  from space 1536K, 85% used [0x000000076f500000,0x000000076f648d68,0x000000076f680000)
  to   space 1536K, 0% used [0x000000076fa80000,0x000000076fa80000,0x000000076fc00000)
 ParOldGen       total 248320K, used 4542K [0x00000006cd200000, 0x00000006dc480000, 0x000000076f100000)
  object space 248320K, 1% used [0x00000006cd200000,0x00000006cd66fbd0,0x00000006dc480000)
 Metaspace       used 10016K, capacity 10096K, committed 10240K, reserved 1058816K
  class space    used 1150K, capacity 1164K, committed 1280K, reserved 1048576K
Event: 1.793 GC heap after
Heap after GC invocations=8 (full 0):
 PSYoungGen      total 9728K, used 1269K [0x000000076f100000, 0x000000076fc00000, 0x00000007c0000000)
  eden space 8192K, 0% used [0x000000076f100000,0x000000076f100000,0x000000076f900000)
  from space 1536K, 82% used [0x000000076fa80000,0x000000076fbbd498,0x000000076fc00000)
  to   space 1536K, 0% used [0x000000076f900000,0x000000076f900000,0x000000076fa80000)
 ParOldGen       total 248320K, used 4750K [0x00000006cd200000, 0x00000006dc480000, 0x000000076f100000)
  object space 248320K, 1% used [0x00000006cd200000,0x00000006cd6a3bd0,0x00000006dc480000)
 Metaspace       used 10016K, capacity 10096K, committed 10240K, reserved 1058816K
  class space    used 1150K, capacity 1164K, committed 1280K, reserved 1048576K
}

