# JRE version: Java(TM) SE Runtime Environment (8.0_31-b13) (build 1.8.0_31-b13)
# Java VM: Java HotSpot(TM) Client VM (25.31-b07 mixed mode, sharing windows-x86 )
Heap:
 def new generation   total 12160K, used 3490K [0x0f200000, 0x0ff30000, 0x14750000)
  eden space 10816K,  19% used [0x0f200000, 0x0f41cc70, 0x0fc90000)
  from space 1344K,  98% used [0x0fc90000, 0x0fddbf70, 0x0fde0000)
  to   space 1344K,   0% used [0x0fde0000, 0x0fde0000, 0x0ff30000)
 tenured generation   total 26764K, used 26006K [0x14750000, 0x16173000, 0x1f200000)
   the space 26764K,  97% used [0x14750000, 0x160b5b68, 0x160b5c00, 0x16173000)
 Metaspace       used 11522K, capacity 11734K, committed 11776K, reserved 12672K
GC Heap History (10 events):
Event: 13.519 GC heap before
{Heap before GC invocations=42 (full 6):
 def new generation   total 12160K, used 11933K [0x0f200000, 0x0ff30000, 0x14750000)
  eden space 10816K,  99% used [0x0f200000, 0x0fc7ac68, 0x0fc90000)
  from space 1344K,  89% used [0x0fde0000, 0x0ff0c830, 0x0ff30000)
  to   space 1344K,   0% used [0x0fc90000, 0x0fc90000, 0x0fde0000)
 tenured generation   total 26764K, used 23291K [0x14750000, 0x16173000, 0x1f200000)
   the space 26764K,  87% used [0x14750000, 0x15e0ee48, 0x15e0f000, 0x16173000)
 Metaspace       used 11522K, capacity 11734K, committed 11776K, reserved 12672K
Event: 13.521 GC heap after
Heap after GC invocations=43 (full 6):
 def new generation   total 12160K, used 1344K [0x0f200000, 0x0ff30000, 0x14750000)
  eden space 10816K,   0% used [0x0f200000, 0x0f200000, 0x0fc90000)
  from space 1344K, 100% used [0x0fc90000, 0x0fde0000, 0x0fde0000)
  to   space 1344K,   0% used [0x0fde0000, 0x0fde0000, 0x0ff30000)
 tenured generation   total 26764K, used 26747K [0x14750000, 0x16173000, 0x1f200000)
   the space 26764K,  99% used [0x14750000, 0x1616ee78, 0x1616f000, 0x16173000)
 Metaspace       used 11522K, capacity 11734K, committed 11776K, reserved 12672K
}
Event: 13.716 GC heap before
{Heap before GC invocations=43 (full 6):
 def new generation   total 12160K, used 11981K [0x0f200000, 0x0ff30000, 0x14750000)
  eden space 10816K,  98% used [0x0f200000, 0x0fc635e8, 0x0fc90000)
  from space 1344K, 100% used [0x0fc90000, 0x0fde0000, 0x0fde0000)
  to   space 1344K,   0% used [0x0fde0000, 0x0fde0000, 0x0ff30000)
 tenured generation   total 26764K, used 26747K [0x14750000, 0x16173000, 0x1f200000)
   the space 26764K,  99% used [0x14750000, 0x1616ee78, 0x1616f000, 0x16173000)
 Metaspace       used 11522K, capacity 11734K, committed 11776K, reserved 12672K
Event: 13.739 GC heap after
Heap after GC invocations=44 (full 7):
 def new generation   total 12160K, used 0K [0x0f200000, 0x0ff30000, 0x14750000)
  eden space 10816K,   0% used [0x0f200000, 0x0f200000, 0x0fc90000)
  from space 1344K,   0% used [0x0fde0000, 0x0fde0000, 0x0ff30000)
  to   space 1344K,   0% used [0x0fc90000, 0x0fc90000, 0x0fde0000)
 tenured generation   total 26764K, used 15917K [0x14750000, 0x16173000, 0x1f200000)
   the space 26764K,  59% used [0x14750000, 0x156db5b0, 0x156db600, 0x16173000)
 Metaspace       used 11522K, capacity 11734K, committed 11776K, reserved 12672K
}
Event: 13.917 GC heap before
{Heap before GC invocations=44 (full 7):
 def new generation   total 12160K, used 10675K [0x0f200000, 0x0ff30000, 0x14750000)
  eden space 10816K,  98% used [0x0f200000, 0x0fc6cee0, 0x0fc90000)
  from space 1344K,   0% used [0x0fde0000, 0x0fde0000, 0x0ff30000)
  to   space 1344K,   0% used [0x0fc90000, 0x0fc90000, 0x0fde0000)
 tenured generation   total 26764K, used 15917K [0x14750000, 0x16173000, 0x1f200000)
   the space 26764K,  59% used [0x14750000, 0x156db5b0, 0x156db600, 0x16173000)
 Metaspace       used 11522K, capacity 11734K, committed 11776K, reserved 12672K
Event: 13.919 GC heap after
Heap after GC invocations=45 (full 7):
 def new generation   total 12160K, used 1192K [0x0f200000, 0x0ff30000, 0x14750000)
  eden space 10816K,   0% used [0x0f200000, 0x0f200000, 0x0fc90000)
  from space 1344K,  88% used [0x0fc90000, 0x0fdba3f8, 0x0fde0000)
  to   space 1344K,   0% used [0x0fde0000, 0x0fde0000, 0x0ff30000)
 tenured generation   total 26764K, used 20493K [0x14750000, 0x16173000, 0x1f200000)
   the space 26764K,  76% used [0x14750000, 0x15b53640, 0x15b53800, 0x16173000)
 Metaspace       used 11522K, capacity 11734K, committed 11776K, reserved 12672K
}
Event: 14.112 GC heap before
{Heap before GC invocations=45 (full 7):
 def new generation   total 12160K, used 11599K [0x0f200000, 0x0ff30000, 0x14750000)
  eden space 10816K,  96% used [0x0f200000, 0x0fc29978, 0x0fc90000)
  from space 1344K,  88% used [0x0fc90000, 0x0fdba3f8, 0x0fde0000)
  to   space 1344K,   0% used [0x0fde0000, 0x0fde0000, 0x0ff30000)
 tenured generation   total 26764K, used 20493K [0x14750000, 0x16173000, 0x1f200000)
   the space 26764K,  76% used [0x14750000, 0x15b53640, 0x15b53800, 0x16173000)
 Metaspace       used 11522K, capacity 11734K, committed 11776K, reserved 12672K
Event: 14.114 GC heap after
Heap after GC invocations=46 (full 7):
 def new generation   total 12160K, used 1327K [0x0f200000, 0x0ff30000, 0x14750000)
  eden space 10816K,   0% used [0x0f200000, 0x0f200000, 0x0fc90000)
  from space 1344K,  98% used [0x0fde0000, 0x0ff2bfd0, 0x0ff30000)
  to   space 1344K,   0% used [0x0fc90000, 0x0fc90000, 0x0fde0000)
 tenured generation   total 26764K, used 23251K [0x14750000, 0x16173000, 0x1f200000)
   the space 26764K,  86% used [0x14750000, 0x15e04c78, 0x15e04e00, 0x16173000)
 Metaspace       used 11522K, capacity 11734K, committed 11776K, reserved 12672K
}
Event: 14.318 GC heap before
{Heap before GC invocations=46 (full 7):
 def new generation   total 12160K, used 11734K [0x0f200000, 0x0ff30000, 0x14750000)
  eden space 10816K,  96% used [0x0f200000, 0x0fc29b88, 0x0fc90000)
  from space 1344K,  98% used [0x0fde0000, 0x0ff2bfd0, 0x0ff30000)
  to   space 1344K,   0% used [0x0fc90000, 0x0fc90000, 0x0fde0000)
 tenured generation   total 26764K, used 23251K [0x14750000, 0x16173000, 0x1f200000)
   the space 26764K,  86% used [0x14750000, 0x15e04c78, 0x15e04e00, 0x16173000)
 Metaspace       used 11522K, capacity 11734K, committed 11776K, reserved 12672K
Event: 14.320 GC heap after
Heap after GC invocations=47 (full 7):
 def new generation   total 12160K, used 1327K [0x0f200000, 0x0ff30000, 0x14750000)
  eden space 10816K,   0% used [0x0f200000, 0x0f200000, 0x0fc90000)
  from space 1344K,  98% used [0x0fc90000, 0x0fddbf70, 0x0fde0000)
  to   space 1344K,   0% used [0x0fde0000, 0x0fde0000, 0x0ff30000)
 tenured generation   total 26764K, used 26006K [0x14750000, 0x16173000, 0x1f200000)
   the space 26764K,  97% used [0x14750000, 0x160b5b68, 0x160b5c00, 0x16173000)
 Metaspace       used 11522K, capacity 11734K, committed 11776K, reserved 12672K
}

