# JRE version: Java(TM) SE Runtime Environment (8.0_31-b13) (build 1.8.0_31-b13)
# Java VM: Java HotSpot(TM) Client VM (25.31-b07 mixed mode windows-x86 )
Heap:
 def new generation   total 78656K, used 41232K [0x0f200000, 0x14750000, 0x14750000)
  eden space 69952K,  46% used [0x0f200000, 0x111c5560, 0x13650000)
  from space 8704K,  99% used [0x13650000, 0x13eceb80, 0x13ed0000)
  to   space 8704K,   0% used [0x13ed0000, 0x13ed0000, 0x14750000)
 tenured generation   total 174784K, used 155613K [0x14750000, 0x1f200000, 0x1f200000)
   the space 174784K,  89% used [0x14750000, 0x1df47570, 0x1df47600, 0x1f200000)
 Metaspace       used 18958K, capacity 19165K, committed 19328K, reserved 19840K
GC Heap History (10 events):
Event: 19.664 GC heap before
{Heap before GC invocations=60 (full 5):
 def new generation   total 78656K, used 77822K [0x0f200000, 0x14750000, 0x14750000)
  eden space 69952K,  98% used [0x0f200000, 0x1357fae8, 0x13650000)
  from space 8704K, 100% used [0x13ed0000, 0x14750000, 0x14750000)
  to   space 8704K,   0% used [0x13650000, 0x13650000, 0x13ed0000)
 tenured generation   total 174784K, used 167633K [0x14750000, 0x1f200000, 0x1f200000)
   the space 174784K,  95% used [0x14750000, 0x1eb04500, 0x1eb04600, 0x1f200000)
 Metaspace       used 18958K, capacity 19165K, committed 19328K, reserved 19840K
Event: 19.692 GC heap after
Heap after GC invocations=61 (full 6):
 def new generation   total 78656K, used 0K [0x0f200000, 0x14750000, 0x14750000)
  eden space 69952K,   0% used [0x0f200000, 0x0f200000, 0x13650000)
  from space 8704K,   0% used [0x13ed0000, 0x13ed0000, 0x14750000)
  to   space 8704K,   0% used [0x13650000, 0x13650000, 0x13ed0000)
 tenured generation   total 174784K, used 150353K [0x14750000, 0x1f200000, 0x1f200000)
   the space 174784K,  86% used [0x14750000, 0x1da24588, 0x1da24600, 0x1f200000)
 Metaspace       used 18958K, capacity 19165K, committed 19328K, reserved 19840K
}
Event: 20.176 GC heap before
{Heap before GC invocations=61 (full 6):
 def new generation   total 78656K, used 68579K [0x0f200000, 0x14750000, 0x14750000)
  eden space 69952K,  98% used [0x0f200000, 0x134f8f98, 0x13650000)
  from space 8704K,   0% used [0x13ed0000, 0x13ed0000, 0x14750000)
  to   space 8704K,   0% used [0x13650000, 0x13650000, 0x13ed0000)
 tenured generation   total 174784K, used 150353K [0x14750000, 0x1f200000, 0x1f200000)
   the space 174784K,  86% used [0x14750000, 0x1da24588, 0x1da24600, 0x1f200000)
 Metaspace       used 18958K, capacity 19165K, committed 19328K, reserved 19840K
Event: 20.180 GC heap after
Heap after GC invocations=62 (full 6):
 def new generation   total 78656K, used 8704K [0x0f200000, 0x14750000, 0x14750000)
  eden space 69952K,   0% used [0x0f200000, 0x0f200000, 0x13650000)
  from space 8704K, 100% used [0x13650000, 0x13ed0000, 0x13ed0000)
  to   space 8704K,   0% used [0x13ed0000, 0x13ed0000, 0x14750000)
 tenured generation   total 174784K, used 159390K [0x14750000, 0x1f200000, 0x1f200000)
   the space 174784K,  91% used [0x14750000, 0x1e2f78b0, 0x1e2f7a00, 0x1f200000)
 Metaspace       used 18958K, capacity 19165K, committed 19328K, reserved 19840K
}
Event: 20.675 GC heap before
{Heap before GC invocations=62 (full 6):
 def new generation   total 78656K, used 78165K [0x0f200000, 0x14750000, 0x14750000)
  eden space 69952K,  99% used [0x0f200000, 0x135d5630, 0x13650000)
  from space 8704K, 100% used [0x13650000, 0x13ed0000, 0x13ed0000)
  to   space 8704K,   0% used [0x13ed0000, 0x13ed0000, 0x14750000)
 tenured generation   total 174784K, used 159390K [0x14750000, 0x1f200000, 0x1f200000)
   the space 174784K,  91% used [0x14750000, 0x1e2f78b0, 0x1e2f7a00, 0x1f200000)
 Metaspace       used 18958K, capacity 19165K, committed 19328K, reserved 19840K
Event: 20.680 GC heap after
Heap after GC invocations=63 (full 6):
 def new generation   total 78656K, used 8704K [0x0f200000, 0x14750000, 0x14750000)
  eden space 69952K,   0% used [0x0f200000, 0x0f200000, 0x13650000)
  from space 8704K, 100% used [0x13ed0000, 0x14750000, 0x14750000)
  to   space 8704K,   0% used [0x13650000, 0x13650000, 0x13ed0000)
 tenured generation   total 174784K, used 170069K [0x14750000, 0x1f200000, 0x1f200000)
   the space 174784K,  97% used [0x14750000, 0x1ed655b0, 0x1ed65600, 0x1f200000)
 Metaspace       used 18958K, capacity 19165K, committed 19328K, reserved 19840K
}
Event: 21.168 GC heap before
{Heap before GC invocations=63 (full 6):
 def new generation   total 78656K, used 78349K [0x0f200000, 0x14750000, 0x14750000)
  eden space 69952K,  99% used [0x0f200000, 0x136034a8, 0x13650000)
  from space 8704K, 100% used [0x13ed0000, 0x14750000, 0x14750000)
  to   space 8704K,   0% used [0x13650000, 0x13650000, 0x13ed0000)
 tenured generation   total 174784K, used 170069K [0x14750000, 0x1f200000, 0x1f200000)
   the space 174784K,  97% used [0x14750000, 0x1ed655b0, 0x1ed65600, 0x1f200000)
 Metaspace       used 18958K, capacity 19165K, committed 19328K, reserved 19840K
Event: 21.195 GC heap after
Heap after GC invocations=64 (full 7):
 def new generation   total 78656K, used 0K [0x0f200000, 0x14750000, 0x14750000)
  eden space 69952K,   0% used [0x0f200000, 0x0f200000, 0x13650000)
  from space 8704K,   0% used [0x13ed0000, 0x13ed0000, 0x14750000)
  to   space 8704K,   0% used [0x13650000, 0x13650000, 0x13ed0000)
 tenured generation   total 174784K, used 149390K [0x14750000, 0x1f200000, 0x1f200000)
   the space 174784K,  85% used [0x14750000, 0x1d9339a8, 0x1d933a00, 0x1f200000)
 Metaspace       used 18958K, capacity 19165K, committed 19328K, reserved 19840K
}
Event: 21.664 GC heap before
{Heap before GC invocations=64 (full 7):
 def new generation   total 78656K, used 68582K [0x0f200000, 0x14750000, 0x14750000)
  eden space 69952K,  98% used [0x0f200000, 0x134f9ba8, 0x13650000)
  from space 8704K,   0% used [0x13ed0000, 0x13ed0000, 0x14750000)
  to   space 8704K,   0% used [0x13650000, 0x13650000, 0x13ed0000)
 tenured generation   total 174784K, used 149390K [0x14750000, 0x1f200000, 0x1f200000)
   the space 174784K,  85% used [0x14750000, 0x1d9339a8, 0x1d933a00, 0x1f200000)
 Metaspace       used 18958K, capacity 19165K, committed 19328K, reserved 19840K
Event: 21.668 GC heap after
Heap after GC invocations=65 (full 7):
 def new generation   total 78656K, used 8698K [0x0f200000, 0x14750000, 0x14750000)
  eden space 69952K,   0% used [0x0f200000, 0x0f200000, 0x13650000)
  from space 8704K,  99% used [0x13650000, 0x13eceb80, 0x13ed0000)
  to   space 8704K,   0% used [0x13ed0000, 0x13ed0000, 0x14750000)
 tenured generation   total 174784K, used 155613K [0x14750000, 0x1f200000, 0x1f200000)
   the space 174784K,  89% used [0x14750000, 0x1df47570, 0x1df47600, 0x1f200000)
 Metaspace       used 18958K, capacity 19165K, committed 19328K, reserved 19840K
}

