# JRE version: Java(TM) SE Runtime Environment (8.0_31-b13) (build 1.8.0_31-b13)
# Java VM: Java HotSpot(TM) Client VM (25.31-b07 mixed mode windows-x86 )
Heap:
 def new generation   total 16896K, used 6966K [0x0f200000, 0x10450000, 0x14750000)
  eden space 15040K, -2147483648% used [0x0f200000, 0x0f8cd8f0, 0x100b0000)
  from space 1856K,   0% used [0x10280000, 0x10280000, 0x10450000)
  to   space 1856K,   0% used [0x100b0000, 0x100b0000, 0x10280000)
 tenured generation   total 37296K, used 21799K [0x14750000, 0x16bbc000, 0x1f200000)
   the space 37296K,  58% used [0x14750000, 0x15c99e08, 0x15c9a000, 0x16bbc000)
 Metaspace       used 19812K, capacity 20024K, committed 20096K, reserved 20864K
GC Heap History (10 events):
Event: 134.028 GC heap before
{Heap before GC invocations=968 (full 101):
 def new generation   total 16896K, used 16396K [0x0f200000, 0x10450000, 0x14750000)
  eden space 15040K,  97% used [0x0f200000, 0x100405f0, 0x100b0000)
  from space 1856K,  97% used [0x100b0000, 0x10272bc8, 0x10280000)
  to   space 1856K,   0% used [0x10280000, 0x10280000, 0x10450000)
 tenured generation   total 37296K, used 31797K [0x14750000, 0x16bbc000, 0x1f200000)
   the space 37296K,  85% used [0x14750000, 0x1665d6b8, 0x1665d800, 0x16bbc000)
 Metaspace       used 19812K, capacity 20024K, committed 20096K, reserved 20864K
Event: 134.030 GC heap after
Heap after GC invocations=969 (full 101):
 def new generation   total 16896K, used 1575K [0x0f200000, 0x10450000, 0x14750000)
  eden space 15040K,   0% used [0x0f200000, 0x0f200000, 0x100b0000)
  from space 1856K,  84% used [0x10280000, 0x10409ee8, 0x10450000)
  to   space 1856K,   0% used [0x100b0000, 0x100b0000, 0x10280000)
 tenured generation   total 37296K, used 32699K [0x14750000, 0x16bbc000, 0x1f200000)
   the space 37296K,  87% used [0x14750000, 0x1673eda8, 0x1673ee00, 0x16bbc000)
 Metaspace       used 19812K, capacity 20024K, committed 20096K, reserved 20864K
}
Event: 134.159 GC heap before
{Heap before GC invocations=969 (full 101):
 def new generation   total 16896K, used 16569K [0x0f200000, 0x10450000, 0x14750000)
  eden space 15040K,  99% used [0x0f200000, 0x100a4768, 0x100b0000)
  from space 1856K,  84% used [0x10280000, 0x10409ee8, 0x10450000)
  to   space 1856K,   0% used [0x100b0000, 0x100b0000, 0x10280000)
 tenured generation   total 37296K, used 32699K [0x14750000, 0x16bbc000, 0x1f200000)
   the space 37296K,  87% used [0x14750000, 0x1673eda8, 0x1673ee00, 0x16bbc000)
 Metaspace       used 19812K, capacity 20024K, committed 20096K, reserved 20864K
Event: 134.161 GC heap after
Heap after GC invocations=970 (full 101):
 def new generation   total 16896K, used 1799K [0x0f200000, 0x10450000, 0x14750000)
  eden space 15040K,   0% used [0x0f200000, 0x0f200000, 0x100b0000)
  from space 1856K,  96% used [0x100b0000, 0x10271d80, 0x10280000)
  to   space 1856K,   0% used [0x10280000, 0x10280000, 0x10450000)
 tenured generation   total 37296K, used 33776K [0x14750000, 0x16bbc000, 0x1f200000)
   the space 37296K,  90% used [0x14750000, 0x1684c340, 0x1684c400, 0x16bbc000)
 Metaspace       used 19812K, capacity 20024K, committed 20096K, reserved 20864K
}
Event: 134.270 GC heap before
{Heap before GC invocations=970 (full 101):
 def new generation   total 16896K, used 16741K [0x0f200000, 0x10450000, 0x14750000)
  eden space 15040K,  99% used [0x0f200000, 0x10097788, 0x100b0000)
  from space 1856K,  96% used [0x100b0000, 0x10271d80, 0x10280000)
  to   space 1856K,   0% used [0x10280000, 0x10280000, 0x10450000)
 tenured generation   total 37296K, used 33776K [0x14750000, 0x16bbc000, 0x1f200000)
   the space 37296K,  90% used [0x14750000, 0x1684c340, 0x1684c400, 0x16bbc000)
 Metaspace       used 19812K, capacity 20024K, committed 20096K, reserved 20864K
Event: 134.272 GC heap after
Heap after GC invocations=971 (full 101):
 def new generation   total 16896K, used 1682K [0x0f200000, 0x10450000, 0x14750000)
  eden space 15040K,   0% used [0x0f200000, 0x0f200000, 0x100b0000)
  from space 1856K,  90% used [0x10280000, 0x10424888, 0x10450000)
  to   space 1856K,   0% used [0x100b0000, 0x100b0000, 0x10280000)
 tenured generation   total 37296K, used 34615K [0x14750000, 0x16bbc000, 0x1f200000)
   the space 37296K,  92% used [0x14750000, 0x1691dcb8, 0x1691de00, 0x16bbc000)
 Metaspace       used 19812K, capacity 20024K, committed 20096K, reserved 20864K
}
Event: 134.394 GC heap before
{Heap before GC invocations=971 (full 101):
 def new generation   total 16896K, used 16632K [0x0f200000, 0x10450000, 0x14750000)
  eden space 15040K,  99% used [0x0f200000, 0x10099b60, 0x100b0000)
  from space 1856K,  90% used [0x10280000, 0x10424888, 0x10450000)
  to   space 1856K,   0% used [0x100b0000, 0x100b0000, 0x10280000)
 tenured generation   total 37296K, used 34615K [0x14750000, 0x16bbc000, 0x1f200000)
   the space 37296K,  92% used [0x14750000, 0x1691dcb8, 0x1691de00, 0x16bbc000)
 Metaspace       used 19812K, capacity 20024K, committed 20096K, reserved 20864K
Event: 134.396 GC heap after
Heap after GC invocations=972 (full 101):
 def new generation   total 16896K, used 1815K [0x0f200000, 0x10450000, 0x14750000)
  eden space 15040K,   0% used [0x0f200000, 0x0f200000, 0x100b0000)
  from space 1856K,  97% used [0x100b0000, 0x10275e08, 0x10280000)
  to   space 1856K,   0% used [0x10280000, 0x10280000, 0x10450000)
 tenured generation   total 37296K, used 36504K [0x14750000, 0x16bbc000, 0x1f200000)
   the space 37296K,  97% used [0x14750000, 0x16af6020, 0x16af6200, 0x16bbc000)
 Metaspace       used 19812K, capacity 20024K, committed 20096K, reserved 20864K
}
Event: 134.510 GC heap before
{Heap before GC invocations=972 (full 101):
 def new generation   total 16896K, used 16855K [0x0f200000, 0x10450000, 0x14750000)
  eden space 15040K, 100% used [0x0f200000, 0x100b0000, 0x100b0000)
  from space 1856K,  97% used [0x100b0000, 0x10275e08, 0x10280000)
  to   space 1856K,   0% used [0x10280000, 0x10280000, 0x10450000)
 tenured generation   total 37296K, used 36504K [0x14750000, 0x16bbc000, 0x1f200000)
   the space 37296K,  97% used [0x14750000, 0x16af6020, 0x16af6200, 0x16bbc000)
 Metaspace       used 19812K, capacity 20024K, committed 20096K, reserved 20864K
Event: 134.544 GC heap after
Heap after GC invocations=973 (full 102):
 def new generation   total 16896K, used 0K [0x0f200000, 0x10450000, 0x14750000)
  eden space 15040K,   0% used [0x0f200000, 0x0f200000, 0x100b0000)
  from space 1856K,   0% used [0x10280000, 0x10280000, 0x10450000)
  to   space 1856K,   0% used [0x100b0000, 0x100b0000, 0x10280000)
 tenured generation   total 37296K, used 21799K [0x14750000, 0x16bbc000, 0x1f200000)
   the space 37296K,  58% used [0x14750000, 0x15c99e08, 0x15c9a000, 0x16bbc000)
 Metaspace       used 19812K, capacity 20024K, committed 20096K, reserved 20864K
}

