# JRE version: Java(TM) SE Runtime Environment (8.0_31-b13) (build 1.8.0_31-b13)
# Java VM: Java HotSpot(TM) Client VM (25.31-b07 mixed mode windows-x86 )
Heap:
 def new generation   total 12096K, used 3365K [0x0f200000, 0x0ff20000, 0x14750000)
  eden space 10752K,  20% used [0x0f200000, 0x0f41d1a0, 0x0fc80000)
  from space 1344K,  89% used [0x0fc80000, 0x0fdac360, 0x0fdd0000)
  to   space 1344K,   0% used [0x0fdd0000, 0x0fdd0000, 0x0ff20000)
 tenured generation   total 26660K, used 22563K [0x14750000, 0x16159000, 0x1f200000)
   the space 26660K,  84% used [0x14750000, 0x15d58cd0, 0x15d58e00, 0x16159000)
 Metaspace       used 18952K, capacity 19150K, committed 19200K, reserved 19840K
GC Heap History (10 events):
Event: 15.376 GC heap before
{Heap before GC invocations=66 (full 13):
 def new generation   total 12096K, used 12005K [0x0f200000, 0x0ff20000, 0x14750000)
  eden space 10752K,  99% used [0x0f200000, 0x0fc6d5b8, 0x0fc80000)
  from space 1344K,  98% used [0x0fdd0000, 0x0ff1c178, 0x0ff20000)
  to   space 1344K,   0% used [0x0fc80000, 0x0fc80000, 0x0fdd0000)
 tenured generation   total 26660K, used 19270K [0x14750000, 0x16159000, 0x1f200000)
   the space 26660K,  72% used [0x14750000, 0x15a21bd0, 0x15a21c00, 0x16159000)
 Metaspace       used 18952K, capacity 19150K, committed 19200K, reserved 19840K
Event: 15.378 GC heap after
Heap after GC invocations=67 (full 13):
 def new generation   total 12096K, used 1329K [0x0f200000, 0x0ff20000, 0x14750000)
  eden space 10752K,   0% used [0x0f200000, 0x0f200000, 0x0fc80000)
  from space 1344K,  98% used [0x0fc80000, 0x0fdcc548, 0x0fdd0000)
  to   space 1344K,   0% used [0x0fdd0000, 0x0fdd0000, 0x0ff20000)
 tenured generation   total 26660K, used 22215K [0x14750000, 0x16159000, 0x1f200000)
   the space 26660K,  83% used [0x14750000, 0x15d01d00, 0x15d01e00, 0x16159000)
 Metaspace       used 18952K, capacity 19150K, committed 19200K, reserved 19840K
}
Event: 15.582 GC heap before
{Heap before GC invocations=67 (full 13):
 def new generation   total 12096K, used 11734K [0x0f200000, 0x0ff20000, 0x14750000)
  eden space 10752K,  96% used [0x0f200000, 0x0fc29570, 0x0fc80000)
  from space 1344K,  98% used [0x0fc80000, 0x0fdcc548, 0x0fdd0000)
  to   space 1344K,   0% used [0x0fdd0000, 0x0fdd0000, 0x0ff20000)
 tenured generation   total 26660K, used 22215K [0x14750000, 0x16159000, 0x1f200000)
   the space 26660K,  83% used [0x14750000, 0x15d01d00, 0x15d01e00, 0x16159000)
 Metaspace       used 18952K, capacity 19150K, committed 19200K, reserved 19840K
Event: 15.584 GC heap after
Heap after GC invocations=68 (full 13):
 def new generation   total 12096K, used 1327K [0x0f200000, 0x0ff20000, 0x14750000)
  eden space 10752K,   0% used [0x0f200000, 0x0f200000, 0x0fc80000)
  from space 1344K,  98% used [0x0fdd0000, 0x0ff1bfc8, 0x0ff20000)
  to   space 1344K,   0% used [0x0fc80000, 0x0fc80000, 0x0fdd0000)
 tenured generation   total 26660K, used 24971K [0x14750000, 0x16159000, 0x1f200000)
   the space 26660K,  93% used [0x14750000, 0x15fb2f60, 0x15fb3000, 0x16159000)
 Metaspace       used 18952K, capacity 19150K, committed 19200K, reserved 19840K
}
Event: 15.776 GC heap before
{Heap before GC invocations=68 (full 13):
 def new generation   total 12096K, used 12003K [0x0f200000, 0x0ff20000, 0x14750000)
  eden space 10752K,  99% used [0x0f200000, 0x0fc6cd28, 0x0fc80000)
  from space 1344K,  98% used [0x0fdd0000, 0x0ff1bfc8, 0x0ff20000)
  to   space 1344K,   0% used [0x0fc80000, 0x0fc80000, 0x0fdd0000)
 tenured generation   total 26660K, used 24971K [0x14750000, 0x16159000, 0x1f200000)
   the space 26660K,  93% used [0x14750000, 0x15fb2f60, 0x15fb3000, 0x16159000)
 Metaspace       used 18952K, capacity 19150K, committed 19200K, reserved 19840K
Event: 15.799 GC heap after
Heap after GC invocations=69 (full 14):
 def new generation   total 12096K, used 0K [0x0f200000, 0x0ff20000, 0x14750000)
  eden space 10752K,   0% used [0x0f200000, 0x0f200000, 0x0fc80000)
  from space 1344K,   0% used [0x0fc80000, 0x0fc80000, 0x0fdd0000)
  to   space 1344K,   0% used [0x0fdd0000, 0x0fdd0000, 0x0ff20000)
 tenured generation   total 26660K, used 15491K [0x14750000, 0x16159000, 0x1f200000)
   the space 26660K,  58% used [0x14750000, 0x15670e80, 0x15671000, 0x16159000)
 Metaspace       used 18952K, capacity 19150K, committed 19200K, reserved 19840K
}
Event: 15.994 GC heap before
{Heap before GC invocations=69 (full 14):
 def new generation   total 12096K, used 10674K [0x0f200000, 0x0ff20000, 0x14750000)
  eden space 10752K,  99% used [0x0f200000, 0x0fc6cbb8, 0x0fc80000)
  from space 1344K,   0% used [0x0fc80000, 0x0fc80000, 0x0fdd0000)
  to   space 1344K,   0% used [0x0fdd0000, 0x0fdd0000, 0x0ff20000)
 tenured generation   total 26660K, used 15491K [0x14750000, 0x16159000, 0x1f200000)
   the space 26660K,  58% used [0x14750000, 0x15670e80, 0x15671000, 0x16159000)
 Metaspace       used 18952K, capacity 19150K, committed 19200K, reserved 19840K
Event: 15.996 GC heap after
Heap after GC invocations=70 (full 14):
 def new generation   total 12096K, used 1330K [0x0f200000, 0x0ff20000, 0x14750000)
  eden space 10752K,   0% used [0x0f200000, 0x0f200000, 0x0fc80000)
  from space 1344K,  98% used [0x0fdd0000, 0x0ff1c840, 0x0ff20000)
  to   space 1344K,   0% used [0x0fc80000, 0x0fc80000, 0x0fdd0000)
 tenured generation   total 26660K, used 19930K [0x14750000, 0x16159000, 0x1f200000)
   the space 26660K,  74% used [0x14750000, 0x15ac6968, 0x15ac6a00, 0x16159000)
 Metaspace       used 18952K, capacity 19150K, committed 19200K, reserved 19840K
}
Event: 16.179 GC heap before
{Heap before GC invocations=70 (full 14):
 def new generation   total 12096K, used 11457K [0x0f200000, 0x0ff20000, 0x14750000)
  eden space 10752K,  94% used [0x0f200000, 0x0fbe3ca8, 0x0fc80000)
  from space 1344K,  98% used [0x0fdd0000, 0x0ff1c840, 0x0ff20000)
  to   space 1344K,   0% used [0x0fc80000, 0x0fc80000, 0x0fdd0000)
 tenured generation   total 26660K, used 19930K [0x14750000, 0x16159000, 0x1f200000)
   the space 26660K,  74% used [0x14750000, 0x15ac6968, 0x15ac6a00, 0x16159000)
 Metaspace       used 18952K, capacity 19150K, committed 19200K, reserved 19840K
Event: 16.181 GC heap after
Heap after GC invocations=71 (full 14):
 def new generation   total 12096K, used 1200K [0x0f200000, 0x0ff20000, 0x14750000)
  eden space 10752K,   0% used [0x0f200000, 0x0f200000, 0x0fc80000)
  from space 1344K,  89% used [0x0fc80000, 0x0fdac360, 0x0fdd0000)
  to   space 1344K,   0% used [0x0fdd0000, 0x0fdd0000, 0x0ff20000)
 tenured generation   total 26660K, used 22563K [0x14750000, 0x16159000, 0x1f200000)
   the space 26660K,  84% used [0x14750000, 0x15d58cd0, 0x15d58e00, 0x16159000)
 Metaspace       used 18952K, capacity 19150K, committed 19200K, reserved 19840K
}

