# JRE version: Java(TM) SE Runtime Environment (8.0-b132) (build 1.8.0-b132)
# Java VM: Java HotSpot(TM) 64-Bit Server VM (25.0-b70 mixed mode windows-amd64 compressed oops)
Heap:
 PSYoungGen      total 11264K, used 5050K [0x000000076f100000, 0x0000000770500000, 0x00000007c0000000)
  eden space 7680K, 21% used [0x000000076f100000,0x000000076f294f80,0x000000076f880000)
  from space 3584K, 95% used [0x000000076f880000,0x000000076fbd9a20,0x000000076fc00000)
  to   space 4096K, 0% used [0x0000000770100000,0x0000000770100000,0x0000000770500000)
 ParOldGen       total 248320K, used 7459K [0x00000006cd200000, 0x00000006dc480000, 0x000000076f100000)
  object space 248320K, 3% used [0x00000006cd200000,0x00000006cd948cf0,0x00000006dc480000)
 Metaspace       used 11605K, capacity 11702K, committed 11904K, reserved 1060864K
  class space    used 1345K, capacity 1358K, committed 1408K, reserved 1048576K
GC Heap History (10 events):
Event: 0.220 GC heap before
{Heap before GC invocations=5 (full 0):
 PSYoungGen      total 2560K, used 2544K [0x000000076f100000, 0x000000076f400000, 0x00000007c0000000)
  eden space 2048K, 100% used [0x000000076f100000,0x000000076f300000,0x000000076f300000)
  from space 512K, 96% used [0x000000076f380000,0x000000076f3fc010,0x000000076f400000)
  to   space 512K, 0% used [0x000000076f300000,0x000000076f300000,0x000000076f380000)
 ParOldGen       total 248320K, used 796K [0x00000006cd200000, 0x00000006dc480000, 0x000000076f100000)
  object space 248320K, 0% used [0x00000006cd200000,0x00000006cd2c7158,0x00000006dc480000)
 Metaspace       used 6427K, capacity 6544K, committed 6656K, reserved 1056768K
  class space    used 715K, capacity 748K, committed 768K, reserved 1048576K
Event: 0.222 GC heap after
Heap after GC invocations=5 (full 0):
 PSYoungGen      total 2560K, used 512K [0x000000076f100000, 0x000000076f800000, 0x00000007c0000000)
  eden space 2048K, 0% used [0x000000076f100000,0x000000076f100000,0x000000076f300000)
  from space 512K, 100% used [0x000000076f300000,0x000000076f380000,0x000000076f380000)
  to   space 1536K, 0% used [0x000000076f680000,0x000000076f680000,0x000000076f800000)
 ParOldGen       total 248320K, used 1131K [0x00000006cd200000, 0x00000006dc480000, 0x000000076f100000)
  object space 248320K, 0% used [0x00000006cd200000,0x00000006cd31ae90,0x00000006dc480000)
 Metaspace       used 6427K, capacity 6544K, committed 6656K, reserved 1056768K
  class space    used 715K, capacity 748K, committed 768K, reserved 1048576K
}
Event: 0.487 GC heap before
{Heap before GC invocations=6 (full 0):
 PSYoungGen      total 2560K, used 2560K [0x000000076f100000, 0x000000076f800000, 0x00000007c0000000)
  eden space 2048K, 100% used [0x000000076f100000,0x000000076f300000,0x000000076f300000)
  from space 512K, 100% used [0x000000076f300000,0x000000076f380000,0x000000076f380000)
  to   space 1536K, 0% used [0x000000076f680000,0x000000076f680000,0x000000076f800000)
 ParOldGen       total 248320K, used 1131K [0x00000006cd200000, 0x00000006dc480000, 0x000000076f100000)
  object space 248320K, 0% used [0x00000006cd200000,0x00000006cd31ae90,0x00000006dc480000)
 Metaspace       used 7182K, capacity 7280K, committed 7552K, reserved 1056768K
  class space    used 797K, capacity 844K, committed 896K, reserved 1048576K
Event: 0.488 GC heap after
Heap after GC invocations=6 (full 0):
 PSYoungGen      total 5632K, used 1013K [0x000000076f100000, 0x000000076f800000, 0x00000007c0000000)
  eden space 4096K, 0% used [0x000000076f100000,0x000000076f100000,0x000000076f500000)
  from space 1536K, 65% used [0x000000076f680000,0x000000076f77d4e8,0x000000076f800000)
  to   space 1536K, 0% used [0x000000076f500000,0x000000076f500000,0x000000076f680000)
 ParOldGen       total 248320K, used 1139K [0x00000006cd200000, 0x00000006dc480000, 0x000000076f100000)
  object space 248320K, 0% used [0x00000006cd200000,0x00000006cd31ce90,0x00000006dc480000)
 Metaspace       used 7182K, capacity 7280K, committed 7552K, reserved 1056768K
  class space    used 797K, capacity 844K, committed 896K, reserved 1048576K
}
Event: 0.592 GC heap before
{Heap before GC invocations=7 (full 0):
 PSYoungGen      total 5632K, used 4111K [0x000000076f100000, 0x000000076f800000, 0x00000007c0000000)
  eden space 4096K, 75% used [0x000000076f100000,0x000000076f406ac8,0x000000076f500000)
  from space 1536K, 65% used [0x000000076f680000,0x000000076f77d4e8,0x000000076f800000)
  to   space 1536K, 0% used [0x000000076f500000,0x000000076f500000,0x000000076f680000)
 ParOldGen       total 248320K, used 1139K [0x00000006cd200000, 0x00000006dc480000, 0x000000076f100000)
  object space 248320K, 0% used [0x00000006cd200000,0x00000006cd31ce90,0x00000006dc480000)
 Metaspace       used 8877K, capacity 8976K, committed 9088K, reserved 1056768K
  class space    used 1042K, capacity 1068K, committed 1152K, reserved 1048576K
Event: 0.595 GC heap after
Heap after GC invocations=7 (full 0):
 PSYoungGen      total 5632K, used 1504K [0x000000076f100000, 0x000000076ff00000, 0x00000007c0000000)
  eden space 4096K, 0% used [0x000000076f100000,0x000000076f100000,0x000000076f500000)
  from space 1536K, 97% used [0x000000076f500000,0x000000076f678210,0x000000076f680000)
  to   space 3072K, 0% used [0x000000076fc00000,0x000000076fc00000,0x000000076ff00000)
 ParOldGen       total 248320K, used 3961K [0x00000006cd200000, 0x00000006dc480000, 0x000000076f100000)
  object space 248320K, 1% used [0x00000006cd200000,0x00000006cd5de6e0,0x00000006dc480000)
 Metaspace       used 8877K, capacity 8976K, committed 9088K, reserved 1056768K
  class space    used 1042K, capacity 1068K, committed 1152K, reserved 1048576K
}
Event: 1.699 GC heap before
{Heap before GC invocations=8 (full 0):
 PSYoungGen      total 5632K, used 5600K [0x000000076f100000, 0x000000076ff00000, 0x00000007c0000000)
  eden space 4096K, 100% used [0x000000076f100000,0x000000076f500000,0x000000076f500000)
  from space 1536K, 97% used [0x000000076f500000,0x000000076f678210,0x000000076f680000)
  to   space 3072K, 0% used [0x000000076fc00000,0x000000076fc00000,0x000000076ff00000)
 ParOldGen       total 248320K, used 3961K [0x00000006cd200000, 0x00000006dc480000, 0x000000076f100000)
  object space 248320K, 1% used [0x00000006cd200000,0x00000006cd5de6e0,0x00000006dc480000)
 Metaspace       used 9856K, capacity 9968K, committed 10240K, reserved 1058816K
  class space    used 1138K, capacity 1164K, committed 1280K, reserved 1048576K
Event: 1.701 GC heap after
Heap after GC invocations=8 (full 0):
 PSYoungGen      total 10752K, used 3048K [0x000000076f100000, 0x0000000770000000, 0x00000007c0000000)
  eden space 7680K, 0% used [0x000000076f100000,0x000000076f100000,0x000000076f880000)
  from space 3072K, 99% used [0x000000076fc00000,0x000000076fefa270,0x000000076ff00000)
  to   space 3584K, 0% used [0x000000076f880000,0x000000076f880000,0x000000076fc00000)
 ParOldGen       total 248320K, used 6250K [0x00000006cd200000, 0x00000006dc480000, 0x000000076f100000)
  object space 248320K, 2% used [0x00000006cd200000,0x00000006cd81aae0,0x00000006dc480000)
 Metaspace       used 9856K, capacity 9968K, committed 10240K, reserved 1058816K
  class space    used 1138K, capacity 1164K, committed 1280K, reserved 1048576K
}
Event: 3.075 GC heap before
{Heap before GC invocations=9 (full 0):
 PSYoungGen      total 10752K, used 10728K [0x000000076f100000, 0x0000000770000000, 0x00000007c0000000)
  eden space 7680K, 100% used [0x000000076f100000,0x000000076f880000,0x000000076f880000)
  from space 3072K, 99% used [0x000000076fc00000,0x000000076fefa270,0x000000076ff00000)
  to   space 3584K, 0% used [0x000000076f880000,0x000000076f880000,0x000000076fc00000)
 ParOldGen       total 248320K, used 6250K [0x00000006cd200000, 0x00000006dc480000, 0x000000076f100000)
  object space 248320K, 2% used [0x00000006cd200000,0x00000006cd81aae0,0x00000006dc480000)
 Metaspace       used 11433K, capacity 11542K, committed 11648K, reserved 1058816K
  class space    used 1312K, capacity 1326K, committed 1408K, reserved 1048576K
Event: 3.077 GC heap after
Heap after GC invocations=9 (full 0):
 PSYoungGen      total 11264K, used 3430K [0x000000076f100000, 0x0000000770500000, 0x00000007c0000000)
  eden space 7680K, 0% used [0x000000076f100000,0x000000076f100000,0x000000076f880000)
  from space 3584K, 95% used [0x000000076f880000,0x000000076fbd9a20,0x000000076fc00000)
  to   space 4096K, 0% used [0x0000000770100000,0x0000000770100000,0x0000000770500000)
 ParOldGen       total 248320K, used 7459K [0x00000006cd200000, 0x00000006dc480000, 0x000000076f100000)
  object space 248320K, 3% used [0x00000006cd200000,0x00000006cd948cf0,0x00000006dc480000)
 Metaspace       used 11433K, capacity 11542K, committed 11648K, reserved 1058816K
  class space    used 1312K, capacity 1326K, committed 1408K, reserved 1048576K
}

