# JRE version: Java(TM) SE Runtime Environment (8.0_31-b13) (build 1.8.0_31-b13)
# Java VM: Java HotSpot(TM) Client VM (25.31-b07 mixed mode windows-x86 )
Heap:
 def new generation   total 78656K, used 16935K [0x0f200000, 0x14750000, 0x14750000)
  eden space 69952K,  12% used [0x0f200000, 0x0fa7fa08, 0x13650000)
  from space 8704K,  94% used [0x13650000, 0x13e5a230, 0x13ed0000)
  to   space 8704K,   0% used [0x13ed0000, 0x13ed0000, 0x14750000)
 tenured generation   total 174784K, used 128069K [0x14750000, 0x1f200000, 0x1f200000)
   the space 174784K,  73% used [0x14750000, 0x1c4615e0, 0x1c461600, 0x1f200000)
 Metaspace       used 18537K, capacity 18744K, committed 18816K, reserved 18816K
GC Heap History (10 events):
Event: 4.667 GC heap before
{Heap before GC invocations=27 (full 2):
 def new generation   total 69312K, used 64086K [0x0f200000, 0x13d30000, 0x14750000)
  eden space 61632K, 100% used [0x0f200000, 0x12e30000, 0x12e30000)
  from space 7680K,  31% used [0x135b0000, 0x13815ba0, 0x13d30000)
  to   space 7680K,   0% used [0x12e30000, 0x12e30000, 0x135b0000)
 tenured generation   total 153856K, used 116777K [0x14750000, 0x1dd90000, 0x1f200000)
   the space 153856K,  75% used [0x14750000, 0x1b95a5d8, 0x1b95a600, 0x1dd90000)
 Metaspace       used 8988K, capacity 9119K, committed 9216K, reserved 9600K
Event: 4.668 GC heap after
Heap after GC invocations=28 (full 2):
 def new generation   total 69312K, used 2454K [0x0f200000, 0x13d30000, 0x14750000)
  eden space 61632K,   0% used [0x0f200000, 0x0f200000, 0x12e30000)
  from space 7680K,  31% used [0x12e30000, 0x13095ba0, 0x135b0000)
  to   space 7680K,   0% used [0x135b0000, 0x135b0000, 0x13d30000)
 tenured generation   total 153856K, used 116777K [0x14750000, 0x1dd90000, 0x1f200000)
   the space 153856K,  75% used [0x14750000, 0x1b95a5d8, 0x1b95a600, 0x1dd90000)
 Metaspace       used 8988K, capacity 9119K, committed 9216K, reserved 9600K
}
Event: 5.959 GC heap before
{Heap before GC invocations=28 (full 2):
 def new generation   total 69312K, used 64086K [0x0f200000, 0x13d30000, 0x14750000)
  eden space 61632K, 100% used [0x0f200000, 0x12e30000, 0x12e30000)
  from space 7680K,  31% used [0x12e30000, 0x13095ba0, 0x135b0000)
  to   space 7680K,   0% used [0x135b0000, 0x135b0000, 0x13d30000)
 tenured generation   total 153856K, used 116777K [0x14750000, 0x1dd90000, 0x1f200000)
   the space 153856K,  75% used [0x14750000, 0x1b95a5d8, 0x1b95a600, 0x1dd90000)
 Metaspace       used 12325K, capacity 12491K, committed 12544K, reserved 12672K
Event: 5.964 GC heap after
Heap after GC invocations=29 (full 2):
 def new generation   total 69312K, used 2989K [0x0f200000, 0x13d30000, 0x14750000)
  eden space 61632K,   0% used [0x0f200000, 0x0f200000, 0x12e30000)
  from space 7680K,  38% used [0x135b0000, 0x1389b590, 0x13d30000)
  to   space 7680K,   0% used [0x12e30000, 0x12e30000, 0x135b0000)
 tenured generation   total 153856K, used 116777K [0x14750000, 0x1dd90000, 0x1f200000)
   the space 153856K,  75% used [0x14750000, 0x1b95a5d8, 0x1b95a600, 0x1dd90000)
 Metaspace       used 12325K, capacity 12491K, committed 12544K, reserved 12672K
}
Event: 6.298 GC heap before
{Heap before GC invocations=29 (full 2):
 def new generation   total 69312K, used 22688K [0x0f200000, 0x13d30000, 0x14750000)
  eden space 61632K,  31% used [0x0f200000, 0x1053cde8, 0x12e30000)
  from space 7680K,  38% used [0x135b0000, 0x1389b590, 0x13d30000)
  to   space 7680K,   0% used [0x12e30000, 0x12e30000, 0x135b0000)
 tenured generation   total 153856K, used 116777K [0x14750000, 0x1dd90000, 0x1f200000)
   the space 153856K,  75% used [0x14750000, 0x1b95a5d8, 0x1b95a600, 0x1dd90000)
 Metaspace       used 14955K, capacity 15083K, committed 15148K, reserved 15744K
Event: 6.320 GC heap after
Heap after GC invocations=30 (full 3):
 def new generation   total 78656K, used 0K [0x0f200000, 0x14750000, 0x14750000)
  eden space 69952K,   0% used [0x0f200000, 0x0f200000, 0x13650000)
  from space 8704K,   0% used [0x13650000, 0x13650000, 0x13ed0000)
  to   space 8704K,   0% used [0x13ed0000, 0x13ed0000, 0x14750000)
 tenured generation   total 174784K, used 120705K [0x14750000, 0x1f200000, 0x1f200000)
   the space 174784K,  69% used [0x14750000, 0x1bd305d8, 0x1bd30600, 0x1f200000)
 Metaspace       used 14955K, capacity 15083K, committed 15148K, reserved 15744K
}
Event: 11.914 GC heap before
{Heap before GC invocations=30 (full 3):
 def new generation   total 78656K, used 69642K [0x0f200000, 0x14750000, 0x14750000)
  eden space 69952K,  99% used [0x0f200000, 0x136028e0, 0x13650000)
  from space 8704K,   0% used [0x13650000, 0x13650000, 0x13ed0000)
  to   space 8704K,   0% used [0x13ed0000, 0x13ed0000, 0x14750000)
 tenured generation   total 174784K, used 120705K [0x14750000, 0x1f200000, 0x1f200000)
   the space 174784K,  69% used [0x14750000, 0x1bd305d8, 0x1bd30600, 0x1f200000)
 Metaspace       used 18534K, capacity 18741K, committed 18816K, reserved 18816K
Event: 11.924 GC heap after
Heap after GC invocations=31 (full 3):
 def new generation   total 78656K, used 8704K [0x0f200000, 0x14750000, 0x14750000)
  eden space 69952K,   0% used [0x0f200000, 0x0f200000, 0x13650000)
  from space 8704K, 100% used [0x13ed0000, 0x14750000, 0x14750000)
  to   space 8704K,   0% used [0x13650000, 0x13650000, 0x13ed0000)
 tenured generation   total 174784K, used 123957K [0x14750000, 0x1f200000, 0x1f200000)
   the space 174784K,  70% used [0x14750000, 0x1c05d7d8, 0x1c05d800, 0x1f200000)
 Metaspace       used 18534K, capacity 18741K, committed 18816K, reserved 18816K
}
Event: 13.027 GC heap before
{Heap before GC invocations=31 (full 3):
 def new generation   total 78656K, used 78067K [0x0f200000, 0x14750000, 0x14750000)
  eden space 69952K,  99% used [0x0f200000, 0x135bcf28, 0x13650000)
  from space 8704K, 100% used [0x13ed0000, 0x14750000, 0x14750000)
  to   space 8704K,   0% used [0x13650000, 0x13650000, 0x13ed0000)
 tenured generation   total 174784K, used 123957K [0x14750000, 0x1f200000, 0x1f200000)
   the space 174784K,  70% used [0x14750000, 0x1c05d7d8, 0x1c05d800, 0x1f200000)
 Metaspace       used 18537K, capacity 18744K, committed 18816K, reserved 18816K
Event: 13.034 GC heap after
Heap after GC invocations=32 (full 3):
 def new generation   total 78656K, used 8232K [0x0f200000, 0x14750000, 0x14750000)
  eden space 69952K,   0% used [0x0f200000, 0x0f200000, 0x13650000)
  from space 8704K,  94% used [0x13650000, 0x13e5a230, 0x13ed0000)
  to   space 8704K,   0% used [0x13ed0000, 0x13ed0000, 0x14750000)
 tenured generation   total 174784K, used 128069K [0x14750000, 0x1f200000, 0x1f200000)
   the space 174784K,  73% used [0x14750000, 0x1c4615e0, 0x1c461600, 0x1f200000)
 Metaspace       used 18537K, capacity 18744K, committed 18816K, reserved 18816K
}

