# JRE version: Java(TM) SE Runtime Environment (8.0_31-b13) (build 1.8.0_31-b13)
# Java VM: Java HotSpot(TM) Client VM (25.31-b07 mixed mode windows-x86 )
Heap:
 def new generation   total 78656K, used 59818K [0x0f200000, 0x14750000, 0x14750000)
  eden space 69952K, -2147483648% used [0x0f200000, 0x1240c5b8, 0x13650000)
  from space 8704K,  98% used [0x13650000, 0x13eae2e8, 0x13ed0000)
  to   space 8704K,   0% used [0x13ed0000, 0x13ed0000, 0x14750000)
 tenured generation   total 174784K, used 127329K [0x14750000, 0x1f200000, 0x1f200000)
   the space 174784K,  72% used [0x14750000, 0x1c3a85e0, 0x1c3a8600, 0x1f200000)
 Metaspace       used 18539K, capacity 18744K, committed 18816K, reserved 18816K
GC Heap History (10 events):
Event: 12.127 GC heap before
{Heap before GC invocations=40 (full 3):
 def new generation   total 78656K, used 73121K [0x0f200000, 0x14750000, 0x14750000)
  eden space 69952K, 100% used [0x0f200000, 0x13650000, 0x13650000)
  from space 8704K,  36% used [0x13ed0000, 0x141e85e8, 0x14750000)
  to   space 8704K,   0% used [0x13650000, 0x13650000, 0x13ed0000)
 tenured generation   total 174784K, used 121844K [0x14750000, 0x1f200000, 0x1f200000)
   the space 174784K,  69% used [0x14750000, 0x1be4d020, 0x1be4d200, 0x1f200000)
 Metaspace       used 16138K, capacity 16334K, committed 16384K, reserved 16768K
Event: 12.129 GC heap after
Heap after GC invocations=41 (full 3):
 def new generation   total 78656K, used 3173K [0x0f200000, 0x14750000, 0x14750000)
  eden space 69952K,   0% used [0x0f200000, 0x0f200000, 0x13650000)
  from space 8704K,  36% used [0x13650000, 0x13969500, 0x13ed0000)
  to   space 8704K,   0% used [0x13ed0000, 0x13ed0000, 0x14750000)
 tenured generation   total 174784K, used 121844K [0x14750000, 0x1f200000, 0x1f200000)
   the space 174784K,  69% used [0x14750000, 0x1be4d020, 0x1be4d200, 0x1f200000)
 Metaspace       used 16138K, capacity 16334K, committed 16384K, reserved 16768K
}
Event: 12.501 GC heap before
{Heap before GC invocations=41 (full 3):
 def new generation   total 78656K, used 73125K [0x0f200000, 0x14750000, 0x14750000)
  eden space 69952K, 100% used [0x0f200000, 0x13650000, 0x13650000)
  from space 8704K,  36% used [0x13650000, 0x13969500, 0x13ed0000)
  to   space 8704K,   0% used [0x13ed0000, 0x13ed0000, 0x14750000)
 tenured generation   total 174784K, used 121844K [0x14750000, 0x1f200000, 0x1f200000)
   the space 174784K,  69% used [0x14750000, 0x1be4d020, 0x1be4d200, 0x1f200000)
 Metaspace       used 16138K, capacity 16334K, committed 16384K, reserved 16768K
Event: 12.503 GC heap after
Heap after GC invocations=42 (full 3):
 def new generation   total 78656K, used 3173K [0x0f200000, 0x14750000, 0x14750000)
  eden space 69952K,   0% used [0x0f200000, 0x0f200000, 0x13650000)
  from space 8704K,  36% used [0x13ed0000, 0x141e9580, 0x14750000)
  to   space 8704K,   0% used [0x13650000, 0x13650000, 0x13ed0000)
 tenured generation   total 174784K, used 121844K [0x14750000, 0x1f200000, 0x1f200000)
   the space 174784K,  69% used [0x14750000, 0x1be4d020, 0x1be4d200, 0x1f200000)
 Metaspace       used 16138K, capacity 16334K, committed 16384K, reserved 16768K
}
Event: 12.876 GC heap before
{Heap before GC invocations=42 (full 3):
 def new generation   total 78656K, used 73125K [0x0f200000, 0x14750000, 0x14750000)
  eden space 69952K, 100% used [0x0f200000, 0x13650000, 0x13650000)
  from space 8704K,  36% used [0x13ed0000, 0x141e9580, 0x14750000)
  to   space 8704K,   0% used [0x13650000, 0x13650000, 0x13ed0000)
 tenured generation   total 174784K, used 121844K [0x14750000, 0x1f200000, 0x1f200000)
   the space 174784K,  69% used [0x14750000, 0x1be4d020, 0x1be4d200, 0x1f200000)
 Metaspace       used 16138K, capacity 16334K, committed 16384K, reserved 16768K
Event: 12.878 GC heap after
Heap after GC invocations=43 (full 3):
 def new generation   total 78656K, used 3173K [0x0f200000, 0x14750000, 0x14750000)
  eden space 69952K,   0% used [0x0f200000, 0x0f200000, 0x13650000)
  from space 8704K,  36% used [0x13650000, 0x13969688, 0x13ed0000)
  to   space 8704K,   0% used [0x13ed0000, 0x13ed0000, 0x14750000)
 tenured generation   total 174784K, used 121844K [0x14750000, 0x1f200000, 0x1f200000)
   the space 174784K,  69% used [0x14750000, 0x1be4d020, 0x1be4d200, 0x1f200000)
 Metaspace       used 16138K, capacity 16334K, committed 16384K, reserved 16768K
}
Event: 20.155 GC heap before
{Heap before GC invocations=43 (full 3):
 def new generation   total 78656K, used 71776K [0x0f200000, 0x14750000, 0x14750000)
  eden space 69952K,  98% used [0x0f200000, 0x134fea40, 0x13650000)
  from space 8704K,  36% used [0x13650000, 0x13969688, 0x13ed0000)
  to   space 8704K,   0% used [0x13ed0000, 0x13ed0000, 0x14750000)
 tenured generation   total 174784K, used 121844K [0x14750000, 0x1f200000, 0x1f200000)
   the space 174784K,  69% used [0x14750000, 0x1be4d020, 0x1be4d200, 0x1f200000)
 Metaspace       used 18539K, capacity 18744K, committed 18816K, reserved 18816K
Event: 20.163 GC heap after
Heap after GC invocations=44 (full 3):
 def new generation   total 78656K, used 8704K [0x0f200000, 0x14750000, 0x14750000)
  eden space 69952K,   0% used [0x0f200000, 0x0f200000, 0x13650000)
  from space 8704K, 100% used [0x13ed0000, 0x14750000, 0x14750000)
  to   space 8704K,   0% used [0x13650000, 0x13650000, 0x13ed0000)
 tenured generation   total 174784K, used 124343K [0x14750000, 0x1f200000, 0x1f200000)
   the space 174784K,  71% used [0x14750000, 0x1c0bdfe8, 0x1c0be000, 0x1f200000)
 Metaspace       used 18539K, capacity 18744K, committed 18816K, reserved 18816K
}
Event: 21.534 GC heap before
{Heap before GC invocations=44 (full 3):
 def new generation   total 78656K, used 78364K [0x0f200000, 0x14750000, 0x14750000)
  eden space 69952K,  99% used [0x0f200000, 0x13607188, 0x13650000)
  from space 8704K, 100% used [0x13ed0000, 0x14750000, 0x14750000)
  to   space 8704K,   0% used [0x13650000, 0x13650000, 0x13ed0000)
 tenured generation   total 174784K, used 124343K [0x14750000, 0x1f200000, 0x1f200000)
   the space 174784K,  71% used [0x14750000, 0x1c0bdfe8, 0x1c0be000, 0x1f200000)
 Metaspace       used 18539K, capacity 18744K, committed 18816K, reserved 18816K
Event: 21.541 GC heap after
Heap after GC invocations=45 (full 3):
 def new generation   total 78656K, used 8568K [0x0f200000, 0x14750000, 0x14750000)
  eden space 69952K,   0% used [0x0f200000, 0x0f200000, 0x13650000)
  from space 8704K,  98% used [0x13650000, 0x13eae2e8, 0x13ed0000)
  to   space 8704K,   0% used [0x13ed0000, 0x13ed0000, 0x14750000)
 tenured generation   total 174784K, used 127329K [0x14750000, 0x1f200000, 0x1f200000)
   the space 174784K,  72% used [0x14750000, 0x1c3a85e0, 0x1c3a8600, 0x1f200000)
 Metaspace       used 18539K, capacity 18744K, committed 18816K, reserved 18816K
}

