# JRE version: Java(TM) SE Runtime Environment (8.0_31-b13) (build 1.8.0_31-b13)
# Java VM: Java HotSpot(TM) Client VM (25.31-b07 mixed mode windows-x86 )
Heap:
 def new generation   total 45888K, used 8161K [0x0f200000, 0x123c0000, 0x14750000)
  eden space 40832K,   7% used [0x0f200000, 0x0f508790, 0x119e0000)
  from space 5056K, 100% used [0x11ed0000, 0x123c0000, 0x123c0000)
  to   space 5056K,   0% used [0x119e0000, 0x119e0000, 0x11ed0000)
 tenured generation   total 156636K, used 118746K [0x14750000, 0x1e047000, 0x1f200000)
   the space 156636K,  75% used [0x14750000, 0x1bb46860, 0x1bb46a00, 0x1e047000)
 Metaspace       used 18989K, capacity 19188K, committed 19200K, reserved 19840K
GC Heap History (10 events):
Event: 4.729 GC heap before
{Heap before GC invocations=39 (full 3):
 def new generation   total 45888K, used 43351K [0x0f200000, 0x123c0000, 0x14750000)
  eden space 40832K, 100% used [0x0f200000, 0x119e0000, 0x119e0000)
  from space 5056K,  49% used [0x11ed0000, 0x12145e98, 0x123c0000)
  to   space 5056K,   0% used [0x119e0000, 0x119e0000, 0x11ed0000)
 tenured generation   total 156636K, used 115953K [0x14750000, 0x1e047000, 0x1f200000)
   the space 156636K,  74% used [0x14750000, 0x1b88c560, 0x1b88c600, 0x1e047000)
 Metaspace       used 15887K, capacity 16065K, committed 16128K, reserved 16768K
Event: 4.730 GC heap after
Heap after GC invocations=40 (full 3):
 def new generation   total 45888K, used 2520K [0x0f200000, 0x123c0000, 0x14750000)
  eden space 40832K,   0% used [0x0f200000, 0x0f200000, 0x119e0000)
  from space 5056K,  49% used [0x119e0000, 0x11c56090, 0x11ed0000)
  to   space 5056K,   0% used [0x11ed0000, 0x11ed0000, 0x123c0000)
 tenured generation   total 156636K, used 115953K [0x14750000, 0x1e047000, 0x1f200000)
   the space 156636K,  74% used [0x14750000, 0x1b88c560, 0x1b88c600, 0x1e047000)
 Metaspace       used 15887K, capacity 16065K, committed 16128K, reserved 16768K
}
Event: 4.946 GC heap before
{Heap before GC invocations=40 (full 3):
 def new generation   total 45888K, used 43352K [0x0f200000, 0x123c0000, 0x14750000)
  eden space 40832K, 100% used [0x0f200000, 0x119e0000, 0x119e0000)
  from space 5056K,  49% used [0x119e0000, 0x11c56090, 0x11ed0000)
  to   space 5056K,   0% used [0x11ed0000, 0x11ed0000, 0x123c0000)
 tenured generation   total 156636K, used 115953K [0x14750000, 0x1e047000, 0x1f200000)
   the space 156636K,  74% used [0x14750000, 0x1b88c560, 0x1b88c600, 0x1e047000)
 Metaspace       used 15887K, capacity 16065K, committed 16128K, reserved 16768K
Event: 4.947 GC heap after
Heap after GC invocations=41 (full 3):
 def new generation   total 45888K, used 2520K [0x0f200000, 0x123c0000, 0x14750000)
  eden space 40832K,   0% used [0x0f200000, 0x0f200000, 0x119e0000)
  from space 5056K,  49% used [0x11ed0000, 0x12146090, 0x123c0000)
  to   space 5056K,   0% used [0x119e0000, 0x119e0000, 0x11ed0000)
 tenured generation   total 156636K, used 115953K [0x14750000, 0x1e047000, 0x1f200000)
   the space 156636K,  74% used [0x14750000, 0x1b88c560, 0x1b88c600, 0x1e047000)
 Metaspace       used 15887K, capacity 16065K, committed 16128K, reserved 16768K
}
Event: 5.179 GC heap before
{Heap before GC invocations=41 (full 3):
 def new generation   total 45888K, used 43352K [0x0f200000, 0x123c0000, 0x14750000)
  eden space 40832K, 100% used [0x0f200000, 0x119e0000, 0x119e0000)
  from space 5056K,  49% used [0x11ed0000, 0x12146090, 0x123c0000)
  to   space 5056K,   0% used [0x119e0000, 0x119e0000, 0x11ed0000)
 tenured generation   total 156636K, used 115953K [0x14750000, 0x1e047000, 0x1f200000)
   the space 156636K,  74% used [0x14750000, 0x1b88c560, 0x1b88c600, 0x1e047000)
 Metaspace       used 15887K, capacity 16065K, committed 16128K, reserved 16768K
Event: 5.181 GC heap after
Heap after GC invocations=42 (full 3):
 def new generation   total 45888K, used 2520K [0x0f200000, 0x123c0000, 0x14750000)
  eden space 40832K,   0% used [0x0f200000, 0x0f200000, 0x119e0000)
  from space 5056K,  49% used [0x119e0000, 0x11c56090, 0x11ed0000)
  to   space 5056K,   0% used [0x11ed0000, 0x11ed0000, 0x123c0000)
 tenured generation   total 156636K, used 115953K [0x14750000, 0x1e047000, 0x1f200000)
   the space 156636K,  74% used [0x14750000, 0x1b88c560, 0x1b88c600, 0x1e047000)
 Metaspace       used 15887K, capacity 16065K, committed 16128K, reserved 16768K
}
Event: 5.409 GC heap before
{Heap before GC invocations=42 (full 3):
 def new generation   total 45888K, used 43352K [0x0f200000, 0x123c0000, 0x14750000)
  eden space 40832K, 100% used [0x0f200000, 0x119e0000, 0x119e0000)
  from space 5056K,  49% used [0x119e0000, 0x11c56090, 0x11ed0000)
  to   space 5056K,   0% used [0x11ed0000, 0x11ed0000, 0x123c0000)
 tenured generation   total 156636K, used 115953K [0x14750000, 0x1e047000, 0x1f200000)
   the space 156636K,  74% used [0x14750000, 0x1b88c560, 0x1b88c600, 0x1e047000)
 Metaspace       used 15887K, capacity 16065K, committed 16128K, reserved 16768K
Event: 5.411 GC heap after
Heap after GC invocations=43 (full 3):
 def new generation   total 45888K, used 2520K [0x0f200000, 0x123c0000, 0x14750000)
  eden space 40832K,   0% used [0x0f200000, 0x0f200000, 0x119e0000)
  from space 5056K,  49% used [0x11ed0000, 0x12146090, 0x123c0000)
  to   space 5056K,   0% used [0x119e0000, 0x119e0000, 0x11ed0000)
 tenured generation   total 156636K, used 115953K [0x14750000, 0x1e047000, 0x1f200000)
   the space 156636K,  74% used [0x14750000, 0x1b88c560, 0x1b88c600, 0x1e047000)
 Metaspace       used 15887K, capacity 16065K, committed 16128K, reserved 16768K
}
Event: 5.638 GC heap before
{Heap before GC invocations=43 (full 3):
 def new generation   total 45888K, used 43352K [0x0f200000, 0x123c0000, 0x14750000)
  eden space 40832K, 100% used [0x0f200000, 0x119e0000, 0x119e0000)
  from space 5056K,  49% used [0x11ed0000, 0x12146090, 0x123c0000)
  to   space 5056K,   0% used [0x119e0000, 0x119e0000, 0x11ed0000)
 tenured generation   total 156636K, used 115953K [0x14750000, 0x1e047000, 0x1f200000)
   the space 156636K,  74% used [0x14750000, 0x1b88c560, 0x1b88c600, 0x1e047000)
 Metaspace       used 15887K, capacity 16065K, committed 16128K, reserved 16768K
Event: 5.640 GC heap after
Heap after GC invocations=44 (full 3):
 def new generation   total 45888K, used 2504K [0x0f200000, 0x123c0000, 0x14750000)
  eden space 40832K,   0% used [0x0f200000, 0x0f200000, 0x119e0000)
  from space 5056K,  49% used [0x119e0000, 0x11c52320, 0x11ed0000)
  to   space 5056K,   0% used [0x11ed0000, 0x11ed0000, 0x123c0000)
 tenured generation   total 156636K, used 115968K [0x14750000, 0x1e047000, 0x1f200000)
   the space 156636K,  74% used [0x14750000, 0x1b8902d0, 0x1b890400, 0x1e047000)
 Metaspace       used 15887K, capacity 16065K, committed 16128K, reserved 16768K
}

