# JRE version: Java(TM) SE Runtime Environment (8.0_31-b13) (build 1.8.0_31-b13)
# Java VM: Java HotSpot(TM) Client VM (25.31-b07 mixed mode windows-x86 )
Heap:
 def new generation   total 78656K, used 55847K [0x0f200000, 0x14750000, 0x14750000)
  eden space 69952K, -2147483648% used [0x0f200000, 0x1207e9a8, 0x13650000)
  from space 8704K,  94% used [0x13ed0000, 0x146db5b0, 0x14750000)
  to   space 8704K,   0% used [0x13650000, 0x13650000, 0x13ed0000)
 tenured generation   total 174784K, used 130947K [0x14750000, 0x1f200000, 0x1f200000)
   the space 174784K,  74% used [0x14750000, 0x1c730dc0, 0x1c730e00, 0x1f200000)
 Metaspace       used 18540K, capacity 18744K, committed 18944K, reserved 19840K
GC Heap History (10 events):
Event: 5.965 GC heap before
{Heap before GC invocations=28 (full 2):
 def new generation   total 69312K, used 64083K [0x0f200000, 0x13d30000, 0x14750000)
  eden space 61632K, 100% used [0x0f200000, 0x12e30000, 0x12e30000)
  from space 7680K,  31% used [0x12e30000, 0x13094c78, 0x135b0000)
  to   space 7680K,   0% used [0x135b0000, 0x135b0000, 0x13d30000)
 tenured generation   total 153856K, used 116777K [0x14750000, 0x1dd90000, 0x1f200000)
   the space 153856K,  75% used [0x14750000, 0x1b95a560, 0x1b95a600, 0x1dd90000)
 Metaspace       used 12327K, capacity 12494K, committed 12544K, reserved 12672K
Event: 5.970 GC heap after
Heap after GC invocations=29 (full 2):
 def new generation   total 69312K, used 2999K [0x0f200000, 0x13d30000, 0x14750000)
  eden space 61632K,   0% used [0x0f200000, 0x0f200000, 0x12e30000)
  from space 7680K,  39% used [0x135b0000, 0x1389dd50, 0x13d30000)
  to   space 7680K,   0% used [0x12e30000, 0x12e30000, 0x135b0000)
 tenured generation   total 153856K, used 116777K [0x14750000, 0x1dd90000, 0x1f200000)
   the space 153856K,  75% used [0x14750000, 0x1b95a560, 0x1b95a600, 0x1dd90000)
 Metaspace       used 12327K, capacity 12494K, committed 12544K, reserved 12672K
}
Event: 6.280 GC heap before
{Heap before GC invocations=29 (full 2):
 def new generation   total 69312K, used 22506K [0x0f200000, 0x13d30000, 0x14750000)
  eden space 61632K,  31% used [0x0f200000, 0x1050cdb0, 0x12e30000)
  from space 7680K,  39% used [0x135b0000, 0x1389dd50, 0x13d30000)
  to   space 7680K,   0% used [0x12e30000, 0x12e30000, 0x135b0000)
 tenured generation   total 153856K, used 116777K [0x14750000, 0x1dd90000, 0x1f200000)
   the space 153856K,  75% used [0x14750000, 0x1b95a560, 0x1b95a600, 0x1dd90000)
 Metaspace       used 14956K, capacity 15086K, committed 15148K, reserved 15744K
Event: 6.301 GC heap after
Heap after GC invocations=30 (full 3):
 def new generation   total 78656K, used 0K [0x0f200000, 0x14750000, 0x14750000)
  eden space 69952K,   0% used [0x0f200000, 0x0f200000, 0x13650000)
  from space 8704K,   0% used [0x13650000, 0x13650000, 0x13ed0000)
  to   space 8704K,   0% used [0x13ed0000, 0x13ed0000, 0x14750000)
 tenured generation   total 174784K, used 120724K [0x14750000, 0x1f200000, 0x1f200000)
   the space 174784K,  69% used [0x14750000, 0x1bd350b8, 0x1bd35200, 0x1f200000)
 Metaspace       used 14956K, capacity 15086K, committed 15148K, reserved 15744K
}
Event: 12.426 GC heap before
{Heap before GC invocations=30 (full 3):
 def new generation   total 78656K, used 69554K [0x0f200000, 0x14750000, 0x14750000)
  eden space 69952K,  99% used [0x0f200000, 0x135ecb68, 0x13650000)
  from space 8704K,   0% used [0x13650000, 0x13650000, 0x13ed0000)
  to   space 8704K,   0% used [0x13ed0000, 0x13ed0000, 0x14750000)
 tenured generation   total 174784K, used 120724K [0x14750000, 0x1f200000, 0x1f200000)
   the space 174784K,  69% used [0x14750000, 0x1bd350b8, 0x1bd35200, 0x1f200000)
 Metaspace       used 18538K, capacity 18741K, committed 18944K, reserved 19840K
Event: 12.436 GC heap after
Heap after GC invocations=31 (full 3):
 def new generation   total 78656K, used 8704K [0x0f200000, 0x14750000, 0x14750000)
  eden space 69952K,   0% used [0x0f200000, 0x0f200000, 0x13650000)
  from space 8704K, 100% used [0x13ed0000, 0x14750000, 0x14750000)
  to   space 8704K,   0% used [0x13650000, 0x13650000, 0x13ed0000)
 tenured generation   total 174784K, used 123959K [0x14750000, 0x1f200000, 0x1f200000)
   the space 174784K,  70% used [0x14750000, 0x1c05dda8, 0x1c05de00, 0x1f200000)
 Metaspace       used 18538K, capacity 18741K, committed 18944K, reserved 19840K
}
Event: 13.107 GC heap before
{Heap before GC invocations=31 (full 3):
 def new generation   total 78656K, used 77871K [0x0f200000, 0x14750000, 0x14750000)
  eden space 69952K,  98% used [0x0f200000, 0x1358bd28, 0x13650000)
  from space 8704K, 100% used [0x13ed0000, 0x14750000, 0x14750000)
  to   space 8704K,   0% used [0x13650000, 0x13650000, 0x13ed0000)
 tenured generation   total 174784K, used 123959K [0x14750000, 0x1f200000, 0x1f200000)
   the space 174784K,  70% used [0x14750000, 0x1c05dda8, 0x1c05de00, 0x1f200000)
 Metaspace       used 18540K, capacity 18744K, committed 18944K, reserved 19840K
Event: 13.114 GC heap after
Heap after GC invocations=32 (full 3):
 def new generation   total 78656K, used 8234K [0x0f200000, 0x14750000, 0x14750000)
  eden space 69952K,   0% used [0x0f200000, 0x0f200000, 0x13650000)
  from space 8704K,  94% used [0x13650000, 0x13e5a920, 0x13ed0000)
  to   space 8704K,   0% used [0x13ed0000, 0x13ed0000, 0x14750000)
 tenured generation   total 174784K, used 128070K [0x14750000, 0x1f200000, 0x1f200000)
   the space 174784K,  73% used [0x14750000, 0x1c461b28, 0x1c461c00, 0x1f200000)
 Metaspace       used 18540K, capacity 18744K, committed 18944K, reserved 19840K
}
Event: 13.800 GC heap before
{Heap before GC invocations=32 (full 3):
 def new generation   total 78656K, used 77791K [0x0f200000, 0x14750000, 0x14750000)
  eden space 69952K,  99% used [0x0f200000, 0x135ed4c0, 0x13650000)
  from space 8704K,  94% used [0x13650000, 0x13e5a920, 0x13ed0000)
  to   space 8704K,   0% used [0x13ed0000, 0x13ed0000, 0x14750000)
 tenured generation   total 174784K, used 128070K [0x14750000, 0x1f200000, 0x1f200000)
   the space 174784K,  73% used [0x14750000, 0x1c461b28, 0x1c461c00, 0x1f200000)
 Metaspace       used 18540K, capacity 18744K, committed 18944K, reserved 19840K
Event: 13.805 GC heap after
Heap after GC invocations=33 (full 3):
 def new generation   total 78656K, used 8237K [0x0f200000, 0x14750000, 0x14750000)
  eden space 69952K,   0% used [0x0f200000, 0x0f200000, 0x13650000)
  from space 8704K,  94% used [0x13ed0000, 0x146db5b0, 0x14750000)
  to   space 8704K,   0% used [0x13650000, 0x13650000, 0x13ed0000)
 tenured generation   total 174784K, used 130947K [0x14750000, 0x1f200000, 0x1f200000)
   the space 174784K,  74% used [0x14750000, 0x1c730dc0, 0x1c730e00, 0x1f200000)
 Metaspace       used 18540K, capacity 18744K, committed 18944K, reserved 19840K
}

