# JRE version: Java(TM) SE Runtime Environment (8.0-b132) (build 1.8.0-b132)
# Java VM: Java HotSpot(TM) 64-Bit Server VM (25.0-b70 mixed mode windows-amd64 compressed oops)
Heap:
 PSYoungGen      total 17408K, used 12178K [0x000000076f100000, 0x0000000771080000, 0x00000007c0000000)
  eden space 11776K, 58% used [0x000000076f100000,0x000000076f7b6e18,0x000000076fc80000)
  from space 5632K, 94% used [0x000000076fc80000,0x00000007701ada78,0x0000000770200000)
  to   space 6656K, 0% used [0x0000000770a00000,0x0000000770a00000,0x0000000771080000)
 ParOldGen       total 248320K, used 14033K [0x00000006cd200000, 0x00000006dc480000, 0x000000076f100000)
  object space 248320K, 5% used [0x00000006cd200000,0x00000006cdfb4528,0x00000006dc480000)
 Metaspace       used 12009K, capacity 12086K, committed 12288K, reserved 1060864K
  class space    used 1385K, capacity 1422K, committed 1536K, reserved 1048576K
GC Heap History (10 events):
Event: 1.571 GC heap before
{Heap before GC invocations=7 (full 0):
 PSYoungGen      total 5632K, used 5091K [0x000000076f100000, 0x000000076f800000, 0x00000007c0000000)
  eden space 4096K, 99% used [0x000000076f100000,0x000000076f4fec88,0x000000076f500000)
  from space 1536K, 65% used [0x000000076f680000,0x000000076f77a170,0x000000076f800000)
  to   space 1536K, 0% used [0x000000076f500000,0x000000076f500000,0x000000076f680000)
 ParOldGen       total 248320K, used 1109K [0x00000006cd200000, 0x00000006dc480000, 0x000000076f100000)
  object space 248320K, 0% used [0x00000006cd200000,0x00000006cd3156f8,0x00000006dc480000)
 Metaspace       used 9366K, capacity 9488K, committed 9600K, reserved 1058816K
  class space    used 1095K, capacity 1132K, committed 1152K, reserved 1048576K
Event: 1.573 GC heap after
Heap after GC invocations=7 (full 0):
 PSYoungGen      total 5632K, used 1535K [0x000000076f100000, 0x000000076ff00000, 0x00000007c0000000)
  eden space 4096K, 0% used [0x000000076f100000,0x000000076f100000,0x000000076f500000)
  from space 1536K, 99% used [0x000000076f500000,0x000000076f67ffe0,0x000000076f680000)
  to   space 3072K, 0% used [0x000000076fc00000,0x000000076fc00000,0x000000076ff00000)
 ParOldGen       total 248320K, used 4132K [0x00000006cd200000, 0x00000006dc480000, 0x000000076f100000)
  object space 248320K, 1% used [0x00000006cd200000,0x00000006cd6093f0,0x00000006dc480000)
 Metaspace       used 9366K, capacity 9488K, committed 9600K, reserved 1058816K
  class space    used 1095K, capacity 1132K, committed 1152K, reserved 1048576K
}
Event: 1.732 GC heap before
{Heap before GC invocations=8 (full 0):
 PSYoungGen      total 5632K, used 5631K [0x000000076f100000, 0x000000076ff00000, 0x00000007c0000000)
  eden space 4096K, 100% used [0x000000076f100000,0x000000076f500000,0x000000076f500000)
  from space 1536K, 99% used [0x000000076f500000,0x000000076f67ffe0,0x000000076f680000)
  to   space 3072K, 0% used [0x000000076fc00000,0x000000076fc00000,0x000000076ff00000)
 ParOldGen       total 248320K, used 4132K [0x00000006cd200000, 0x00000006dc480000, 0x000000076f100000)
  object space 248320K, 1% used [0x00000006cd200000,0x00000006cd6093f0,0x00000006dc480000)
 Metaspace       used 10092K, capacity 10128K, committed 10240K, reserved 1058816K
  class space    used 1165K, capacity 1196K, committed 1280K, reserved 1048576K
Event: 1.734 GC heap after
Heap after GC invocations=8 (full 0):
 PSYoungGen      total 10752K, used 2936K [0x000000076f100000, 0x0000000770000000, 0x00000007c0000000)
  eden space 7680K, 0% used [0x000000076f100000,0x000000076f100000,0x000000076f880000)
  from space 3072K, 95% used [0x000000076fc00000,0x000000076fede248,0x000000076ff00000)
  to   space 3584K, 0% used [0x000000076f880000,0x000000076f880000,0x000000076fc00000)
 ParOldGen       total 248320K, used 5413K [0x00000006cd200000, 0x00000006dc480000, 0x000000076f100000)
  object space 248320K, 2% used [0x00000006cd200000,0x00000006cd7495f0,0x00000006dc480000)
 Metaspace       used 10092K, capacity 10128K, committed 10240K, reserved 1058816K
  class space    used 1165K, capacity 1196K, committed 1280K, reserved 1048576K
}
Event: 3.180 GC heap before
{Heap before GC invocations=9 (full 0):
 PSYoungGen      total 10752K, used 10595K [0x000000076f100000, 0x0000000770000000, 0x00000007c0000000)
  eden space 7680K, 99% used [0x000000076f100000,0x000000076f87aaa8,0x000000076f880000)
  from space 3072K, 95% used [0x000000076fc00000,0x000000076fede248,0x000000076ff00000)
  to   space 3584K, 0% used [0x000000076f880000,0x000000076f880000,0x000000076fc00000)
 ParOldGen       total 248320K, used 5413K [0x00000006cd200000, 0x00000006dc480000, 0x000000076f100000)
  object space 248320K, 2% used [0x00000006cd200000,0x00000006cd7495f0,0x00000006dc480000)
 Metaspace       used 11910K, capacity 12022K, committed 12288K, reserved 1060864K
  class space    used 1377K, capacity 1422K, committed 1536K, reserved 1048576K
Event: 3.183 GC heap after
Heap after GC invocations=9 (full 0):
 PSYoungGen      total 11264K, used 3583K [0x000000076f100000, 0x0000000770700000, 0x00000007c0000000)
  eden space 7680K, 0% used [0x000000076f100000,0x000000076f100000,0x000000076f880000)
  from space 3584K, 99% used [0x000000076f880000,0x000000076fbffd10,0x000000076fc00000)
  to   space 5120K, 0% used [0x0000000770200000,0x0000000770200000,0x0000000770700000)
 ParOldGen       total 248320K, used 6621K [0x00000006cd200000, 0x00000006dc480000, 0x000000076f100000)
  object space 248320K, 2% used [0x00000006cd200000,0x00000006cd8777f0,0x00000006dc480000)
 Metaspace       used 11910K, capacity 12022K, committed 12288K, reserved 1060864K
  class space    used 1377K, capacity 1422K, committed 1536K, reserved 1048576K
}
Event: 3.355 GC heap before
{Heap before GC invocations=10 (full 0):
 PSYoungGen      total 11264K, used 10597K [0x000000076f100000, 0x0000000770700000, 0x00000007c0000000)
  eden space 7680K, 91% used [0x000000076f100000,0x000000076f7d9a00,0x000000076f880000)
  from space 3584K, 99% used [0x000000076f880000,0x000000076fbffd10,0x000000076fc00000)
  to   space 5120K, 0% used [0x0000000770200000,0x0000000770200000,0x0000000770700000)
 ParOldGen       total 248320K, used 6621K [0x00000006cd200000, 0x00000006dc480000, 0x000000076f100000)
  object space 248320K, 2% used [0x00000006cd200000,0x00000006cd8777f0,0x00000006dc480000)
 Metaspace       used 11996K, capacity 12086K, committed 12288K, reserved 1060864K
  class space    used 1384K, capacity 1422K, committed 1536K, reserved 1048576K
Event: 3.359 GC heap after
Heap after GC invocations=10 (full 0):
 PSYoungGen      total 16896K, used 4714K [0x000000076f100000, 0x0000000770800000, 0x00000007c0000000)
  eden space 11776K, 0% used [0x000000076f100000,0x000000076f100000,0x000000076fc80000)
  from space 5120K, 92% used [0x0000000770200000,0x000000077069aae0,0x0000000770700000)
  to   space 5632K, 0% used [0x000000076fc80000,0x000000076fc80000,0x0000000770200000)
 ParOldGen       total 248320K, used 11854K [0x00000006cd200000, 0x00000006dc480000, 0x000000076f100000)
  object space 248320K, 4% used [0x00000006cd200000,0x00000006cdd93bf0,0x00000006dc480000)
 Metaspace       used 11996K, capacity 12086K, committed 12288K, reserved 1060864K
  class space    used 1384K, capacity 1422K, committed 1536K, reserved 1048576K
}
Event: 3.576 GC heap before
{Heap before GC invocations=11 (full 0):
 PSYoungGen      total 16896K, used 16336K [0x000000076f100000, 0x0000000770800000, 0x00000007c0000000)
  eden space 11776K, 98% used [0x000000076f100000,0x000000076fc598a0,0x000000076fc80000)
  from space 5120K, 92% used [0x0000000770200000,0x000000077069aae0,0x0000000770700000)
  to   space 5632K, 0% used [0x000000076fc80000,0x000000076fc80000,0x0000000770200000)
 ParOldGen       total 248320K, used 11854K [0x00000006cd200000, 0x00000006dc480000, 0x000000076f100000)
  object space 248320K, 4% used [0x00000006cd200000,0x00000006cdd93bf0,0x00000006dc480000)
 Metaspace       used 12000K, capacity 12086K, committed 12288K, reserved 1060864K
  class space    used 1384K, capacity 1422K, committed 1536K, reserved 1048576K
Event: 3.579 GC heap after
Heap after GC invocations=11 (full 0):
 PSYoungGen      total 17408K, used 5302K [0x000000076f100000, 0x0000000771080000, 0x00000007c0000000)
  eden space 11776K, 0% used [0x000000076f100000,0x000000076f100000,0x000000076fc80000)
  from space 5632K, 94% used [0x000000076fc80000,0x00000007701ada78,0x0000000770200000)
  to   space 6656K, 0% used [0x0000000770a00000,0x0000000770a00000,0x0000000771080000)
 ParOldGen       total 248320K, used 14033K [0x00000006cd200000, 0x00000006dc480000, 0x000000076f100000)
  object space 248320K, 5% used [0x00000006cd200000,0x00000006cdfb4528,0x00000006dc480000)
 Metaspace       used 12000K, capacity 12086K, committed 12288K, reserved 1060864K
  class space    used 1384K, capacity 1422K, committed 1536K, reserved 1048576K
}

