# JRE version: Java(TM) SE Runtime Environment (8.0_31-b13) (build 1.8.0_31-b13)
# Java VM: Java HotSpot(TM) Client VM (25.31-b07 mixed mode windows-x86 )
Heap:
 def new generation   total 45888K, used 9422K [0x0f200000, 0x123c0000, 0x14750000)
  eden space 40832K,  10% used [0x0f200000, 0x0f6438e0, 0x119e0000)
  from space 5056K, 100% used [0x11ed0000, 0x123c0000, 0x123c0000)
  to   space 5056K,   0% used [0x119e0000, 0x119e0000, 0x11ed0000)
 tenured generation   total 156636K, used 118061K [0x14750000, 0x1e047000, 0x1f200000)
   the space 156636K,  75% used [0x14750000, 0x1ba9b730, 0x1ba9b800, 0x1e047000)
 Metaspace       used 18987K, capacity 19188K, committed 19200K, reserved 19840K
GC Heap History (10 events):
Event: 4.863 GC heap before
{Heap before GC invocations=40 (full 3):
 def new generation   total 45888K, used 43357K [0x0f200000, 0x123c0000, 0x14750000)
  eden space 40832K, 100% used [0x0f200000, 0x119e0000, 0x119e0000)
  from space 5056K,  49% used [0x119e0000, 0x11c57518, 0x11ed0000)
  to   space 5056K,   0% used [0x11ed0000, 0x11ed0000, 0x123c0000)
 tenured generation   total 156636K, used 115953K [0x14750000, 0x1e047000, 0x1f200000)
   the space 156636K,  74% used [0x14750000, 0x1b88c7a0, 0x1b88c800, 0x1e047000)
 Metaspace       used 15899K, capacity 16065K, committed 16128K, reserved 16768K
Event: 4.865 GC heap after
Heap after GC invocations=41 (full 3):
 def new generation   total 45888K, used 2525K [0x0f200000, 0x123c0000, 0x14750000)
  eden space 40832K,   0% used [0x0f200000, 0x0f200000, 0x119e0000)
  from space 5056K,  49% used [0x11ed0000, 0x12147710, 0x123c0000)
  to   space 5056K,   0% used [0x119e0000, 0x119e0000, 0x11ed0000)
 tenured generation   total 156636K, used 115953K [0x14750000, 0x1e047000, 0x1f200000)
   the space 156636K,  74% used [0x14750000, 0x1b88c7a0, 0x1b88c800, 0x1e047000)
 Metaspace       used 15899K, capacity 16065K, committed 16128K, reserved 16768K
}
Event: 5.076 GC heap before
{Heap before GC invocations=41 (full 3):
 def new generation   total 45888K, used 43357K [0x0f200000, 0x123c0000, 0x14750000)
  eden space 40832K, 100% used [0x0f200000, 0x119e0000, 0x119e0000)
  from space 5056K,  49% used [0x11ed0000, 0x12147710, 0x123c0000)
  to   space 5056K,   0% used [0x119e0000, 0x119e0000, 0x11ed0000)
 tenured generation   total 156636K, used 115953K [0x14750000, 0x1e047000, 0x1f200000)
   the space 156636K,  74% used [0x14750000, 0x1b88c7a0, 0x1b88c800, 0x1e047000)
 Metaspace       used 15899K, capacity 16065K, committed 16128K, reserved 16768K
Event: 5.077 GC heap after
Heap after GC invocations=42 (full 3):
 def new generation   total 45888K, used 2525K [0x0f200000, 0x123c0000, 0x14750000)
  eden space 40832K,   0% used [0x0f200000, 0x0f200000, 0x119e0000)
  from space 5056K,  49% used [0x119e0000, 0x11c57710, 0x11ed0000)
  to   space 5056K,   0% used [0x11ed0000, 0x11ed0000, 0x123c0000)
 tenured generation   total 156636K, used 115953K [0x14750000, 0x1e047000, 0x1f200000)
   the space 156636K,  74% used [0x14750000, 0x1b88c7a0, 0x1b88c800, 0x1e047000)
 Metaspace       used 15899K, capacity 16065K, committed 16128K, reserved 16768K
}
Event: 5.292 GC heap before
{Heap before GC invocations=42 (full 3):
 def new generation   total 45888K, used 43357K [0x0f200000, 0x123c0000, 0x14750000)
  eden space 40832K, 100% used [0x0f200000, 0x119e0000, 0x119e0000)
  from space 5056K,  49% used [0x119e0000, 0x11c57710, 0x11ed0000)
  to   space 5056K,   0% used [0x11ed0000, 0x11ed0000, 0x123c0000)
 tenured generation   total 156636K, used 115953K [0x14750000, 0x1e047000, 0x1f200000)
   the space 156636K,  74% used [0x14750000, 0x1b88c7a0, 0x1b88c800, 0x1e047000)
 Metaspace       used 15899K, capacity 16065K, committed 16128K, reserved 16768K
Event: 5.293 GC heap after
Heap after GC invocations=43 (full 3):
 def new generation   total 45888K, used 2525K [0x0f200000, 0x123c0000, 0x14750000)
  eden space 40832K,   0% used [0x0f200000, 0x0f200000, 0x119e0000)
  from space 5056K,  49% used [0x11ed0000, 0x12147710, 0x123c0000)
  to   space 5056K,   0% used [0x119e0000, 0x119e0000, 0x11ed0000)
 tenured generation   total 156636K, used 115953K [0x14750000, 0x1e047000, 0x1f200000)
   the space 156636K,  74% used [0x14750000, 0x1b88c7a0, 0x1b88c800, 0x1e047000)
 Metaspace       used 15899K, capacity 16065K, committed 16128K, reserved 16768K
}
Event: 5.508 GC heap before
{Heap before GC invocations=43 (full 3):
 def new generation   total 45888K, used 43357K [0x0f200000, 0x123c0000, 0x14750000)
  eden space 40832K, 100% used [0x0f200000, 0x119e0000, 0x119e0000)
  from space 5056K,  49% used [0x11ed0000, 0x12147710, 0x123c0000)
  to   space 5056K,   0% used [0x119e0000, 0x119e0000, 0x11ed0000)
 tenured generation   total 156636K, used 115953K [0x14750000, 0x1e047000, 0x1f200000)
   the space 156636K,  74% used [0x14750000, 0x1b88c7a0, 0x1b88c800, 0x1e047000)
 Metaspace       used 15899K, capacity 16065K, committed 16128K, reserved 16768K
Event: 5.509 GC heap after
Heap after GC invocations=44 (full 3):
 def new generation   total 45888K, used 2510K [0x0f200000, 0x123c0000, 0x14750000)
  eden space 40832K,   0% used [0x0f200000, 0x0f200000, 0x119e0000)
  from space 5056K,  49% used [0x119e0000, 0x11c539a0, 0x11ed0000)
  to   space 5056K,   0% used [0x11ed0000, 0x11ed0000, 0x123c0000)
 tenured generation   total 156636K, used 115969K [0x14750000, 0x1e047000, 0x1f200000)
   the space 156636K,  74% used [0x14750000, 0x1b890510, 0x1b890600, 0x1e047000)
 Metaspace       used 15899K, capacity 16065K, committed 16128K, reserved 16768K
}
Event: 10.512 GC heap before
{Heap before GC invocations=44 (full 3):
 def new generation   total 45888K, used 43342K [0x0f200000, 0x123c0000, 0x14750000)
  eden space 40832K, 100% used [0x0f200000, 0x119e0000, 0x119e0000)
  from space 5056K,  49% used [0x119e0000, 0x11c539a0, 0x11ed0000)
  to   space 5056K,   0% used [0x11ed0000, 0x11ed0000, 0x123c0000)
 tenured generation   total 156636K, used 115969K [0x14750000, 0x1e047000, 0x1f200000)
   the space 156636K,  74% used [0x14750000, 0x1b890510, 0x1b890600, 0x1e047000)
 Metaspace       used 18986K, capacity 19188K, committed 19200K, reserved 19840K
Event: 10.519 GC heap after
Heap after GC invocations=45 (full 3):
 def new generation   total 45888K, used 5056K [0x0f200000, 0x123c0000, 0x14750000)
  eden space 40832K,   0% used [0x0f200000, 0x0f200000, 0x119e0000)
  from space 5056K, 100% used [0x11ed0000, 0x123c0000, 0x123c0000)
  to   space 5056K,   0% used [0x119e0000, 0x119e0000, 0x11ed0000)
 tenured generation   total 156636K, used 118061K [0x14750000, 0x1e047000, 0x1f200000)
   the space 156636K,  75% used [0x14750000, 0x1ba9b730, 0x1ba9b800, 0x1e047000)
 Metaspace       used 18986K, capacity 19188K, committed 19200K, reserved 19840K
}

