# JRE version: Java(TM) SE Runtime Environment (8.0_31-b13) (build 1.8.0_31-b13)
# Java VM: Java HotSpot(TM) Client VM (25.31-b07 mixed mode windows-x86 )
Heap:
 def new generation   total 78656K, used 74652K [0x0f200000, 0x14750000, 0x14750000)
  eden space 69952K, -2147483648% used [0x0f200000, 0x13288ac8, 0x13650000)
  from space 8704K,  98% used [0x13ed0000, 0x1472e668, 0x14750000)
  to   space 8704K,   0% used [0x13650000, 0x13650000, 0x13ed0000)
 tenured generation   total 174784K, used 136212K [0x14750000, 0x1f200000, 0x1f200000)
   the space 174784K,  77% used [0x14750000, 0x1cc55380, 0x1cc55400, 0x1f200000)
 Metaspace       used 18541K, capacity 18744K, committed 18944K, reserved 19840K
GC Heap History (10 events):
Event: 11.970 GC heap before
{Heap before GC invocations=30 (full 3):
 def new generation   total 78656K, used 69520K [0x0f200000, 0x14750000, 0x14750000)
  eden space 69952K,  99% used [0x0f200000, 0x135e4250, 0x13650000)
  from space 8704K,   0% used [0x13650000, 0x13650000, 0x13ed0000)
  to   space 8704K,   0% used [0x13ed0000, 0x13ed0000, 0x14750000)
 tenured generation   total 174784K, used 120879K [0x14750000, 0x1f200000, 0x1f200000)
   the space 174784K,  69% used [0x14750000, 0x1bd5bdd0, 0x1bd5be00, 0x1f200000)
 Metaspace       used 18538K, capacity 18741K, committed 18944K, reserved 19840K
Event: 11.979 GC heap after
Heap after GC invocations=31 (full 3):
 def new generation   total 78656K, used 8704K [0x0f200000, 0x14750000, 0x14750000)
  eden space 69952K,   0% used [0x0f200000, 0x0f200000, 0x13650000)
  from space 8704K, 100% used [0x13ed0000, 0x14750000, 0x14750000)
  to   space 8704K,   0% used [0x13650000, 0x13650000, 0x13ed0000)
 tenured generation   total 174784K, used 124150K [0x14750000, 0x1f200000, 0x1f200000)
   the space 174784K,  71% used [0x14750000, 0x1c08dae8, 0x1c08dc00, 0x1f200000)
 Metaspace       used 18538K, capacity 18741K, committed 18944K, reserved 19840K
}
Event: 12.938 GC heap before
{Heap before GC invocations=31 (full 3):
 def new generation   total 78656K, used 77956K [0x0f200000, 0x14750000, 0x14750000)
  eden space 69952K,  98% used [0x0f200000, 0x135a1098, 0x13650000)
  from space 8704K, 100% used [0x13ed0000, 0x14750000, 0x14750000)
  to   space 8704K,   0% used [0x13650000, 0x13650000, 0x13ed0000)
 tenured generation   total 174784K, used 124150K [0x14750000, 0x1f200000, 0x1f200000)
   the space 174784K,  71% used [0x14750000, 0x1c08dae8, 0x1c08dc00, 0x1f200000)
 Metaspace       used 18541K, capacity 18744K, committed 18944K, reserved 19840K
Event: 12.946 GC heap after
Heap after GC invocations=32 (full 3):
 def new generation   total 78656K, used 8232K [0x0f200000, 0x14750000, 0x14750000)
  eden space 69952K,   0% used [0x0f200000, 0x0f200000, 0x13650000)
  from space 8704K,  94% used [0x13650000, 0x13e5a320, 0x13ed0000)
  to   space 8704K,   0% used [0x13ed0000, 0x13ed0000, 0x14750000)
 tenured generation   total 174784K, used 128262K [0x14750000, 0x1f200000, 0x1f200000)
   the space 174784K,  73% used [0x14750000, 0x1c491a10, 0x1c491c00, 0x1f200000)
 Metaspace       used 18541K, capacity 18744K, committed 18944K, reserved 19840K
}
Event: 13.922 GC heap before
{Heap before GC invocations=32 (full 3):
 def new generation   total 78656K, used 77380K [0x0f200000, 0x14750000, 0x14750000)
  eden space 69952K,  98% used [0x0f200000, 0x135870d0, 0x13650000)
  from space 8704K,  94% used [0x13650000, 0x13e5a320, 0x13ed0000)
  to   space 8704K,   0% used [0x13ed0000, 0x13ed0000, 0x14750000)
 tenured generation   total 174784K, used 128262K [0x14750000, 0x1f200000, 0x1f200000)
   the space 174784K,  73% used [0x14750000, 0x1c491a10, 0x1c491c00, 0x1f200000)
 Metaspace       used 18541K, capacity 18744K, committed 18944K, reserved 19840K
Event: 13.925 GC heap after
Heap after GC invocations=33 (full 3):
 def new generation   total 78656K, used 8234K [0x0f200000, 0x14750000, 0x14750000)
  eden space 69952K,   0% used [0x0f200000, 0x0f200000, 0x13650000)
  from space 8704K,  94% used [0x13ed0000, 0x146da8f8, 0x14750000)
  to   space 8704K,   0% used [0x13650000, 0x13650000, 0x13ed0000)
 tenured generation   total 174784K, used 131138K [0x14750000, 0x1f200000, 0x1f200000)
   the space 174784K,  75% used [0x14750000, 0x1c760980, 0x1c760a00, 0x1f200000)
 Metaspace       used 18541K, capacity 18744K, committed 18944K, reserved 19840K
}
Event: 14.833 GC heap before
{Heap before GC invocations=33 (full 3):
 def new generation   total 78656K, used 77792K [0x0f200000, 0x14750000, 0x14750000)
  eden space 69952K,  99% used [0x0f200000, 0x135eda70, 0x13650000)
  from space 8704K,  94% used [0x13ed0000, 0x146da8f8, 0x14750000)
  to   space 8704K,   0% used [0x13650000, 0x13650000, 0x13ed0000)
 tenured generation   total 174784K, used 131138K [0x14750000, 0x1f200000, 0x1f200000)
   the space 174784K,  75% used [0x14750000, 0x1c760980, 0x1c760a00, 0x1f200000)
 Metaspace       used 18541K, capacity 18744K, committed 18944K, reserved 19840K
Event: 14.837 GC heap after
Heap after GC invocations=34 (full 3):
 def new generation   total 78656K, used 8569K [0x0f200000, 0x14750000, 0x14750000)
  eden space 69952K,   0% used [0x0f200000, 0x0f200000, 0x13650000)
  from space 8704K,  98% used [0x13650000, 0x13eae500, 0x13ed0000)
  to   space 8704K,   0% used [0x13ed0000, 0x13ed0000, 0x14750000)
 tenured generation   total 174784K, used 133563K [0x14750000, 0x1f200000, 0x1f200000)
   the space 174784K,  76% used [0x14750000, 0x1c9bedb8, 0x1c9bee00, 0x1f200000)
 Metaspace       used 18541K, capacity 18744K, committed 18944K, reserved 19840K
}
Event: 15.889 GC heap before
{Heap before GC invocations=34 (full 3):
 def new generation   total 78656K, used 78401K [0x0f200000, 0x14750000, 0x14750000)
  eden space 69952K,  99% used [0x0f200000, 0x13632290, 0x13650000)
  from space 8704K,  98% used [0x13650000, 0x13eae500, 0x13ed0000)
  to   space 8704K,   0% used [0x13ed0000, 0x13ed0000, 0x14750000)
 tenured generation   total 174784K, used 133563K [0x14750000, 0x1f200000, 0x1f200000)
   the space 174784K,  76% used [0x14750000, 0x1c9bedb8, 0x1c9bee00, 0x1f200000)
 Metaspace       used 18541K, capacity 18744K, committed 18944K, reserved 19840K
Event: 15.892 GC heap after
Heap after GC invocations=35 (full 3):
 def new generation   total 78656K, used 8569K [0x0f200000, 0x14750000, 0x14750000)
  eden space 69952K,   0% used [0x0f200000, 0x0f200000, 0x13650000)
  from space 8704K,  98% used [0x13ed0000, 0x1472e668, 0x14750000)
  to   space 8704K,   0% used [0x13650000, 0x13650000, 0x13ed0000)
 tenured generation   total 174784K, used 136212K [0x14750000, 0x1f200000, 0x1f200000)
   the space 174784K,  77% used [0x14750000, 0x1cc55380, 0x1cc55400, 0x1f200000)
 Metaspace       used 18541K, capacity 18744K, committed 18944K, reserved 19840K
}

