# JRE version: Java(TM) SE Runtime Environment (8.0_31-b13) (build 1.8.0_31-b13)
# Java VM: Java HotSpot(TM) Client VM (25.31-b07 mixed mode windows-x86 )
Heap:
 def new generation   total 78656K, used 47934K [0x0f200000, 0x14750000, 0x14750000)
  eden space 69952K,  56% used [0x0f200000, 0x1184fac0, 0x13650000)
  from space 8704K, 100% used [0x13ed0000, 0x14750000, 0x14750000)
  to   space 8704K,   0% used [0x13650000, 0x13650000, 0x13ed0000)
 tenured generation   total 174784K, used 123160K [0x14750000, 0x1f200000, 0x1f200000)
   the space 174784K,  70% used [0x14750000, 0x1bf96090, 0x1bf96200, 0x1f200000)
 Metaspace       used 18493K, capacity 18677K, committed 18816K, reserved 18816K
GC Heap History (10 events):
Event: 4.291 GC heap before
{Heap before GC invocations=26 (full 2):
 def new generation   total 69312K, used 64093K [0x0f200000, 0x13d30000, 0x14750000)
  eden space 61632K, 100% used [0x0f200000, 0x12e30000, 0x12e30000)
  from space 7680K,  32% used [0x12e30000, 0x13097540, 0x135b0000)
  to   space 7680K,   0% used [0x135b0000, 0x135b0000, 0x13d30000)
 tenured generation   total 153860K, used 116778K [0x14750000, 0x1dd91000, 0x1f200000)
   the space 153860K,  75% used [0x14750000, 0x1b95a860, 0x1b95aa00, 0x1dd91000)
 Metaspace       used 9005K, capacity 9151K, committed 9216K, reserved 9600K
Event: 4.292 GC heap after
Heap after GC invocations=27 (full 2):
 def new generation   total 69312K, used 2462K [0x0f200000, 0x13d30000, 0x14750000)
  eden space 61632K,   0% used [0x0f200000, 0x0f200000, 0x12e30000)
  from space 7680K,  32% used [0x135b0000, 0x13817b00, 0x13d30000)
  to   space 7680K,   0% used [0x12e30000, 0x12e30000, 0x135b0000)
 tenured generation   total 153860K, used 116778K [0x14750000, 0x1dd91000, 0x1f200000)
   the space 153860K,  75% used [0x14750000, 0x1b95a860, 0x1b95aa00, 0x1dd91000)
 Metaspace       used 9005K, capacity 9151K, committed 9216K, reserved 9600K
}
Event: 4.618 GC heap before
{Heap before GC invocations=27 (full 2):
 def new generation   total 69312K, used 64094K [0x0f200000, 0x13d30000, 0x14750000)
  eden space 61632K, 100% used [0x0f200000, 0x12e30000, 0x12e30000)
  from space 7680K,  32% used [0x135b0000, 0x13817b00, 0x13d30000)
  to   space 7680K,   0% used [0x12e30000, 0x12e30000, 0x135b0000)
 tenured generation   total 153860K, used 116778K [0x14750000, 0x1dd91000, 0x1f200000)
   the space 153860K,  75% used [0x14750000, 0x1b95a860, 0x1b95aa00, 0x1dd91000)
 Metaspace       used 9005K, capacity 9151K, committed 9216K, reserved 9600K
Event: 4.619 GC heap after
Heap after GC invocations=28 (full 2):
 def new generation   total 69312K, used 2463K [0x0f200000, 0x13d30000, 0x14750000)
  eden space 61632K,   0% used [0x0f200000, 0x0f200000, 0x12e30000)
  from space 7680K,  32% used [0x12e30000, 0x13097da0, 0x135b0000)
  to   space 7680K,   0% used [0x135b0000, 0x135b0000, 0x13d30000)
 tenured generation   total 153860K, used 116778K [0x14750000, 0x1dd91000, 0x1f200000)
   the space 153860K,  75% used [0x14750000, 0x1b95a860, 0x1b95aa00, 0x1dd91000)
 Metaspace       used 9005K, capacity 9151K, committed 9216K, reserved 9600K
}
Event: 10.477 GC heap before
{Heap before GC invocations=28 (full 2):
 def new generation   total 69312K, used 64095K [0x0f200000, 0x13d30000, 0x14750000)
  eden space 61632K, 100% used [0x0f200000, 0x12e30000, 0x12e30000)
  from space 7680K,  32% used [0x12e30000, 0x13097da0, 0x135b0000)
  to   space 7680K,   0% used [0x135b0000, 0x135b0000, 0x13d30000)
 tenured generation   total 153860K, used 116778K [0x14750000, 0x1dd91000, 0x1f200000)
   the space 153860K,  75% used [0x14750000, 0x1b95a860, 0x1b95aa00, 0x1dd91000)
 Metaspace       used 12322K, capacity 12491K, committed 12544K, reserved 12672K
Event: 10.483 GC heap after
Heap after GC invocations=29 (full 2):
 def new generation   total 69312K, used 2951K [0x0f200000, 0x13d30000, 0x14750000)
  eden space 61632K,   0% used [0x0f200000, 0x0f200000, 0x12e30000)
  from space 7680K,  38% used [0x135b0000, 0x13891e48, 0x13d30000)
  to   space 7680K,   0% used [0x12e30000, 0x12e30000, 0x135b0000)
 tenured generation   total 153860K, used 116778K [0x14750000, 0x1dd91000, 0x1f200000)
   the space 153860K,  75% used [0x14750000, 0x1b95a860, 0x1b95aa00, 0x1dd91000)
 Metaspace       used 12322K, capacity 12491K, committed 12544K, reserved 12672K
}
Event: 10.796 GC heap before
{Heap before GC invocations=29 (full 2):
 def new generation   total 69312K, used 22554K [0x0f200000, 0x13d30000, 0x14750000)
  eden space 61632K,  31% used [0x0f200000, 0x10524ab8, 0x12e30000)
  from space 7680K,  38% used [0x135b0000, 0x13891e48, 0x13d30000)
  to   space 7680K,   0% used [0x12e30000, 0x12e30000, 0x135b0000)
 tenured generation   total 153860K, used 116778K [0x14750000, 0x1dd91000, 0x1f200000)
   the space 153860K,  75% used [0x14750000, 0x1b95a860, 0x1b95aa00, 0x1dd91000)
 Metaspace       used 14925K, capacity 15083K, committed 15148K, reserved 15744K
Event: 10.821 GC heap after
Heap after GC invocations=30 (full 3):
 def new generation   total 78656K, used 0K [0x0f200000, 0x14750000, 0x14750000)
  eden space 69952K,   0% used [0x0f200000, 0x0f200000, 0x13650000)
  from space 8704K,   0% used [0x13650000, 0x13650000, 0x13ed0000)
  to   space 8704K,   0% used [0x13ed0000, 0x13ed0000, 0x14750000)
 tenured generation   total 174784K, used 120863K [0x14750000, 0x1f200000, 0x1f200000)
   the space 174784K,  69% used [0x14750000, 0x1bd57cf8, 0x1bd57e00, 0x1f200000)
 Metaspace       used 14925K, capacity 15083K, committed 15148K, reserved 15744K
}
Event: 20.953 GC heap before
{Heap before GC invocations=30 (full 3):
 def new generation   total 78656K, used 69952K [0x0f200000, 0x14750000, 0x14750000)
  eden space 69952K, 100% used [0x0f200000, 0x13650000, 0x13650000)
  from space 8704K,   0% used [0x13650000, 0x13650000, 0x13ed0000)
  to   space 8704K,   0% used [0x13ed0000, 0x13ed0000, 0x14750000)
 tenured generation   total 174784K, used 120863K [0x14750000, 0x1f200000, 0x1f200000)
   the space 174784K,  69% used [0x14750000, 0x1bd57cf8, 0x1bd57e00, 0x1f200000)
 Metaspace       used 18492K, capacity 18677K, committed 18816K, reserved 18816K
Event: 20.964 GC heap after
Heap after GC invocations=31 (full 3):
 def new generation   total 78656K, used 8704K [0x0f200000, 0x14750000, 0x14750000)
  eden space 69952K,   0% used [0x0f200000, 0x0f200000, 0x13650000)
  from space 8704K, 100% used [0x13ed0000, 0x14750000, 0x14750000)
  to   space 8704K,   0% used [0x13650000, 0x13650000, 0x13ed0000)
 tenured generation   total 174784K, used 123160K [0x14750000, 0x1f200000, 0x1f200000)
   the space 174784K,  70% used [0x14750000, 0x1bf96090, 0x1bf96200, 0x1f200000)
 Metaspace       used 18492K, capacity 18677K, committed 18816K, reserved 18816K
}

