# JRE version: Java(TM) SE Runtime Environment (8.0_31-b13) (build 1.8.0_31-b13)
# Java VM: Java HotSpot(TM) Client VM (25.31-b07 mixed mode, sharing windows-x86 )
Heap:
 def new generation   total 44608K, used 10711K [0x0f200000, 0x12260000, 0x14750000)
  eden space 39680K, -2147483648% used [0x0f200000, 0x0f7bc898, 0x118c0000)
  from space 4928K,  98% used [0x118c0000, 0x11d79580, 0x11d90000)
  to   space 4928K,   0% used [0x11d90000, 0x11d90000, 0x12260000)
 tenured generation   total 153860K, used 139137K [0x14750000, 0x1dd91000, 0x1f200000)
   the space 153860K,  90% used [0x14750000, 0x1cf305b8, 0x1cf30600, 0x1dd91000)
 Metaspace       used 11164K, capacity 11352K, committed 11392K, reserved 11648K
GC Heap History (10 events):
Event: 15.896 GC heap before
{Heap before GC invocations=36 (full 2):
 def new generation   total 44608K, used 43913K [0x0f200000, 0x12260000, 0x14750000)
  eden space 39680K,  98% used [0x0f200000, 0x11812788, 0x118c0000)
  from space 4928K, 100% used [0x11d90000, 0x12260000, 0x12260000)
  to   space 4928K,   0% used [0x118c0000, 0x118c0000, 0x11d90000)
 tenured generation   total 153860K, used 125557K [0x14750000, 0x1dd91000, 0x1f200000)
   the space 153860K,  81% used [0x14750000, 0x1c1ed528, 0x1c1ed600, 0x1dd91000)
 Metaspace       used 11163K, capacity 11352K, committed 11392K, reserved 11648K
Event: 15.900 GC heap after
Heap after GC invocations=37 (full 2):
 def new generation   total 44608K, used 4838K [0x0f200000, 0x12260000, 0x14750000)
  eden space 39680K,   0% used [0x0f200000, 0x0f200000, 0x118c0000)
  from space 4928K,  98% used [0x118c0000, 0x11d798d8, 0x11d90000)
  to   space 4928K,   0% used [0x11d90000, 0x11d90000, 0x12260000)
 tenured generation   total 153860K, used 128575K [0x14750000, 0x1dd91000, 0x1f200000)
   the space 153860K,  83% used [0x14750000, 0x1c4dfd08, 0x1c4dfe00, 0x1dd91000)
 Metaspace       used 11163K, capacity 11352K, committed 11392K, reserved 11648K
}
Event: 16.557 GC heap before
{Heap before GC invocations=37 (full 2):
 def new generation   total 44608K, used 43742K [0x0f200000, 0x12260000, 0x14750000)
  eden space 39680K,  98% used [0x0f200000, 0x117fdf90, 0x118c0000)
  from space 4928K,  98% used [0x118c0000, 0x11d798d8, 0x11d90000)
  to   space 4928K,   0% used [0x11d90000, 0x11d90000, 0x12260000)
 tenured generation   total 153860K, used 128575K [0x14750000, 0x1dd91000, 0x1f200000)
   the space 153860K,  83% used [0x14750000, 0x1c4dfd08, 0x1c4dfe00, 0x1dd91000)
 Metaspace       used 11163K, capacity 11352K, committed 11392K, reserved 11648K
Event: 16.562 GC heap after
Heap after GC invocations=38 (full 2):
 def new generation   total 44608K, used 4273K [0x0f200000, 0x12260000, 0x14750000)
  eden space 39680K,   0% used [0x0f200000, 0x0f200000, 0x118c0000)
  from space 4928K,  86% used [0x11d90000, 0x121bc788, 0x12260000)
  to   space 4928K,   0% used [0x118c0000, 0x118c0000, 0x11d90000)
 tenured generation   total 153860K, used 130992K [0x14750000, 0x1dd91000, 0x1f200000)
   the space 153860K,  85% used [0x14750000, 0x1c73c288, 0x1c73c400, 0x1dd91000)
 Metaspace       used 11163K, capacity 11352K, committed 11392K, reserved 11648K
}
Event: 17.435 GC heap before
{Heap before GC invocations=38 (full 2):
 def new generation   total 44608K, used 43863K [0x0f200000, 0x12260000, 0x14750000)
  eden space 39680K,  99% used [0x0f200000, 0x118a9758, 0x118c0000)
  from space 4928K,  86% used [0x11d90000, 0x121bc788, 0x12260000)
  to   space 4928K,   0% used [0x118c0000, 0x118c0000, 0x11d90000)
 tenured generation   total 153860K, used 130992K [0x14750000, 0x1dd91000, 0x1f200000)
   the space 153860K,  85% used [0x14750000, 0x1c73c288, 0x1c73c400, 0x1dd91000)
 Metaspace       used 11163K, capacity 11352K, committed 11392K, reserved 11648K
Event: 17.439 GC heap after
Heap after GC invocations=39 (full 2):
 def new generation   total 44608K, used 4786K [0x0f200000, 0x12260000, 0x14750000)
  eden space 39680K,   0% used [0x0f200000, 0x0f200000, 0x118c0000)
  from space 4928K,  97% used [0x118c0000, 0x11d6cb28, 0x11d90000)
  to   space 4928K,   0% used [0x11d90000, 0x11d90000, 0x12260000)
 tenured generation   total 153860K, used 134082K [0x14750000, 0x1dd91000, 0x1f200000)
   the space 153860K,  87% used [0x14750000, 0x1ca409c8, 0x1ca40a00, 0x1dd91000)
 Metaspace       used 11163K, capacity 11352K, committed 11392K, reserved 11648K
}
Event: 18.088 GC heap before
{Heap before GC invocations=39 (full 2):
 def new generation   total 44608K, used 44352K [0x0f200000, 0x12260000, 0x14750000)
  eden space 39680K,  99% used [0x0f200000, 0x118a3778, 0x118c0000)
  from space 4928K,  97% used [0x118c0000, 0x11d6cb28, 0x11d90000)
  to   space 4928K,   0% used [0x11d90000, 0x11d90000, 0x12260000)
 tenured generation   total 153860K, used 134082K [0x14750000, 0x1dd91000, 0x1f200000)
   the space 153860K,  87% used [0x14750000, 0x1ca409c8, 0x1ca40a00, 0x1dd91000)
 Metaspace       used 11163K, capacity 11352K, committed 11392K, reserved 11648K
Event: 18.091 GC heap after
Heap after GC invocations=40 (full 2):
 def new generation   total 44608K, used 4613K [0x0f200000, 0x12260000, 0x14750000)
  eden space 39680K,   0% used [0x0f200000, 0x0f200000, 0x118c0000)
  from space 4928K,  93% used [0x11d90000, 0x12211480, 0x12260000)
  to   space 4928K,   0% used [0x118c0000, 0x118c0000, 0x11d90000)
 tenured generation   total 153860K, used 135597K [0x14750000, 0x1dd91000, 0x1f200000)
   the space 153860K,  88% used [0x14750000, 0x1cbbb508, 0x1cbbb600, 0x1dd91000)
 Metaspace       used 11163K, capacity 11352K, committed 11392K, reserved 11648K
}
Event: 19.089 GC heap before
{Heap before GC invocations=40 (full 2):
 def new generation   total 44608K, used 44017K [0x0f200000, 0x12260000, 0x14750000)
  eden space 39680K,  99% used [0x0f200000, 0x1187b2d8, 0x118c0000)
  from space 4928K,  93% used [0x11d90000, 0x12211480, 0x12260000)
  to   space 4928K,   0% used [0x118c0000, 0x118c0000, 0x11d90000)
 tenured generation   total 153860K, used 135597K [0x14750000, 0x1dd91000, 0x1f200000)
   the space 153860K,  88% used [0x14750000, 0x1cbbb508, 0x1cbbb600, 0x1dd91000)
 Metaspace       used 11163K, capacity 11352K, committed 11392K, reserved 11648K
Event: 19.093 GC heap after
Heap after GC invocations=41 (full 2):
 def new generation   total 44608K, used 4837K [0x0f200000, 0x12260000, 0x14750000)
  eden space 39680K,   0% used [0x0f200000, 0x0f200000, 0x118c0000)
  from space 4928K,  98% used [0x118c0000, 0x11d79580, 0x11d90000)
  to   space 4928K,   0% used [0x11d90000, 0x11d90000, 0x12260000)
 tenured generation   total 153860K, used 139137K [0x14750000, 0x1dd91000, 0x1f200000)
   the space 153860K,  90% used [0x14750000, 0x1cf305b8, 0x1cf30600, 0x1dd91000)
 Metaspace       used 11163K, capacity 11352K, committed 11392K, reserved 11648K
}

