# JRE version: Java(TM) SE Runtime Environment (8.0_31-b13) (build 1.8.0_31-b13)
# Java VM: Java HotSpot(TM) Client VM (25.31-b07 mixed mode windows-x86 )
Heap:
 def new generation   total 78656K, used 40879K [0x0f200000, 0x14750000, 0x14750000)
  eden space 69952K,  58% used [0x0f200000, 0x119ebcc0, 0x13650000)
  from space 8704K,   0% used [0x13650000, 0x13650000, 0x13ed0000)
  to   space 8704K,   0% used [0x13ed0000, 0x13ed0000, 0x14750000)
 tenured generation   total 174784K, used 164276K [0x14750000, 0x1f200000, 0x1f200000)
   the space 174784K,  93% used [0x14750000, 0x1e7bd020, 0x1e7bd200, 0x1f200000)
 Metaspace       used 18539K, capacity 18744K, committed 18816K, reserved 18816K
GC Heap History (10 events):
Event: 25.325 GC heap before
{Heap before GC invocations=35 (full 5):
 def new generation   total 78656K, used 69939K [0x0f200000, 0x14750000, 0x14750000)
  eden space 69952K,  99% used [0x0f200000, 0x1364cdd8, 0x13650000)
  from space 8704K,   0% used [0x13ed0000, 0x13ed0000, 0x14750000)
  to   space 8704K,   0% used [0x13650000, 0x13650000, 0x13ed0000)
 tenured generation   total 174784K, used 144014K [0x14750000, 0x1f200000, 0x1f200000)
   the space 174784K,  82% used [0x14750000, 0x1d3f3a38, 0x1d3f3c00, 0x1f200000)
 Metaspace       used 18539K, capacity 18744K, committed 18816K, reserved 18816K
Event: 25.329 GC heap after
Heap after GC invocations=36 (full 5):
 def new generation   total 78656K, used 8704K [0x0f200000, 0x14750000, 0x14750000)
  eden space 69952K,   0% used [0x0f200000, 0x0f200000, 0x13650000)
  from space 8704K, 100% used [0x13650000, 0x13ed0000, 0x13ed0000)
  to   space 8704K,   0% used [0x13ed0000, 0x13ed0000, 0x14750000)
 tenured generation   total 174784K, used 155820K [0x14750000, 0x1f200000, 0x1f200000)
   the space 174784K,  89% used [0x14750000, 0x1df7b118, 0x1df7b200, 0x1f200000)
 Metaspace       used 18539K, capacity 18744K, committed 18816K, reserved 18816K
}
Event: 27.925 GC heap before
{Heap before GC invocations=36 (full 5):
 def new generation   total 78656K, used 78656K [0x0f200000, 0x14750000, 0x14750000)
  eden space 69952K, 100% used [0x0f200000, 0x13650000, 0x13650000)
  from space 8704K, 100% used [0x13650000, 0x13ed0000, 0x13ed0000)
  to   space 8704K,   0% used [0x13ed0000, 0x13ed0000, 0x14750000)
 tenured generation   total 174784K, used 155820K [0x14750000, 0x1f200000, 0x1f200000)
   the space 174784K,  89% used [0x14750000, 0x1df7b118, 0x1df7b200, 0x1f200000)
 Metaspace       used 18539K, capacity 18744K, committed 18816K, reserved 18816K
Event: 27.929 GC heap after
Heap after GC invocations=37 (full 5):
 def new generation   total 78656K, used 8704K [0x0f200000, 0x14750000, 0x14750000)
  eden space 69952K,   0% used [0x0f200000, 0x0f200000, 0x13650000)
  from space 8704K, 100% used [0x13ed0000, 0x14750000, 0x14750000)
  to   space 8704K,   0% used [0x13650000, 0x13650000, 0x13ed0000)
 tenured generation   total 174784K, used 166662K [0x14750000, 0x1f200000, 0x1f200000)
   the space 174784K,  95% used [0x14750000, 0x1ea119f0, 0x1ea11a00, 0x1f200000)
 Metaspace       used 18539K, capacity 18744K, committed 18816K, reserved 18816K
}
Event: 30.587 GC heap before
{Heap before GC invocations=37 (full 5):
 def new generation   total 78656K, used 78656K [0x0f200000, 0x14750000, 0x14750000)
  eden space 69952K, 100% used [0x0f200000, 0x13650000, 0x13650000)
  from space 8704K, 100% used [0x13ed0000, 0x14750000, 0x14750000)
  to   space 8704K,   0% used [0x13650000, 0x13650000, 0x13ed0000)
 tenured generation   total 174784K, used 166662K [0x14750000, 0x1f200000, 0x1f200000)
   the space 174784K,  95% used [0x14750000, 0x1ea119f0, 0x1ea11a00, 0x1f200000)
 Metaspace       used 18539K, capacity 18744K, committed 18816K, reserved 18816K
Event: 30.610 GC heap after
Heap after GC invocations=38 (full 6):
 def new generation   total 78656K, used 0K [0x0f200000, 0x14750000, 0x14750000)
  eden space 69952K,   0% used [0x0f200000, 0x0f200000, 0x13650000)
  from space 8704K,   0% used [0x13ed0000, 0x13ed0000, 0x14750000)
  to   space 8704K,   0% used [0x13650000, 0x13650000, 0x13ed0000)
 tenured generation   total 174784K, used 145278K [0x14750000, 0x1f200000, 0x1f200000)
   the space 174784K,  83% used [0x14750000, 0x1d52fb80, 0x1d52fc00, 0x1f200000)
 Metaspace       used 18539K, capacity 18744K, committed 18816K, reserved 18816K
}
Event: 33.124 GC heap before
{Heap before GC invocations=38 (full 6):
 def new generation   total 78656K, used 69514K [0x0f200000, 0x14750000, 0x14750000)
  eden space 69952K,  99% used [0x0f200000, 0x135e2b00, 0x13650000)
  from space 8704K,   0% used [0x13ed0000, 0x13ed0000, 0x14750000)
  to   space 8704K,   0% used [0x13650000, 0x13650000, 0x13ed0000)
 tenured generation   total 174784K, used 145278K [0x14750000, 0x1f200000, 0x1f200000)
   the space 174784K,  83% used [0x14750000, 0x1d52fb80, 0x1d52fc00, 0x1f200000)
 Metaspace       used 18539K, capacity 18744K, committed 18816K, reserved 18816K
Event: 33.128 GC heap after
Heap after GC invocations=39 (full 6):
 def new generation   total 78656K, used 8704K [0x0f200000, 0x14750000, 0x14750000)
  eden space 69952K,   0% used [0x0f200000, 0x0f200000, 0x13650000)
  from space 8704K, 100% used [0x13650000, 0x13ed0000, 0x13ed0000)
  to   space 8704K,   0% used [0x13ed0000, 0x13ed0000, 0x14750000)
 tenured generation   total 174784K, used 156720K [0x14750000, 0x1f200000, 0x1f200000)
   the space 174784K,  89% used [0x14750000, 0x1e05c020, 0x1e05c200, 0x1f200000)
 Metaspace       used 18539K, capacity 18744K, committed 18816K, reserved 18816K
}
Event: 35.821 GC heap before
{Heap before GC invocations=39 (full 6):
 def new generation   total 78656K, used 78646K [0x0f200000, 0x14750000, 0x14750000)
  eden space 69952K,  99% used [0x0f200000, 0x1364db70, 0x13650000)
  from space 8704K, 100% used [0x13650000, 0x13ed0000, 0x13ed0000)
  to   space 8704K,   0% used [0x13ed0000, 0x13ed0000, 0x14750000)
 tenured generation   total 174784K, used 156720K [0x14750000, 0x1f200000, 0x1f200000)
   the space 174784K,  89% used [0x14750000, 0x1e05c020, 0x1e05c200, 0x1f200000)
 Metaspace       used 18539K, capacity 18744K, committed 18816K, reserved 18816K
Event: 35.848 GC heap after
Heap after GC invocations=40 (full 7):
 def new generation   total 78656K, used 0K [0x0f200000, 0x14750000, 0x14750000)
  eden space 69952K,   0% used [0x0f200000, 0x0f200000, 0x13650000)
  from space 8704K,   0% used [0x13650000, 0x13650000, 0x13ed0000)
  to   space 8704K,   0% used [0x13ed0000, 0x13ed0000, 0x14750000)
 tenured generation   total 174784K, used 164276K [0x14750000, 0x1f200000, 0x1f200000)
   the space 174784K,  93% used [0x14750000, 0x1e7bd020, 0x1e7bd200, 0x1f200000)
 Metaspace       used 18539K, capacity 18744K, committed 18816K, reserved 18816K
}

