# JRE version: Java(TM) SE Runtime Environment (8.0_31-b13) (build 1.8.0_31-b13)
# Java VM: Java HotSpot(TM) Client VM (25.31-b07 mixed mode windows-x86 )
Heap:
 def new generation   total 78656K, used 29582K [0x0f200000, 0x14750000, 0x14750000)
  eden space 69952K,  30% used [0x0f200000, 0x106d9760, 0x13650000)
  from space 8704K,  94% used [0x13650000, 0x13e5a240, 0x13ed0000)
  to   space 8704K,   0% used [0x13ed0000, 0x13ed0000, 0x14750000)
 tenured generation   total 174784K, used 133564K [0x14750000, 0x1f200000, 0x1f200000)
   the space 174784K,  76% used [0x14750000, 0x1c9bf0e8, 0x1c9bf200, 0x1f200000)
 Metaspace       used 18542K, capacity 18744K, committed 18816K, reserved 18816K
GC Heap History (10 events):
Event: 6.301 GC heap before
{Heap before GC invocations=29 (full 2):
 def new generation   total 69312K, used 22343K [0x0f200000, 0x13d30000, 0x14750000)
  eden space 61632K,  31% used [0x0f200000, 0x104e3a90, 0x12e30000)
  from space 7680K,  39% used [0x135b0000, 0x1389e388, 0x13d30000)
  to   space 7680K,   0% used [0x12e30000, 0x12e30000, 0x135b0000)
 tenured generation   total 153856K, used 116776K [0x14750000, 0x1dd90000, 0x1f200000)
   the space 153856K,  75% used [0x14750000, 0x1b95a330, 0x1b95a400, 0x1dd90000)
 Metaspace       used 14926K, capacity 15083K, committed 15148K, reserved 15744K
Event: 6.324 GC heap after
Heap after GC invocations=30 (full 3):
 def new generation   total 78656K, used 0K [0x0f200000, 0x14750000, 0x14750000)
  eden space 69952K,   0% used [0x0f200000, 0x0f200000, 0x13650000)
  from space 8704K,   0% used [0x13650000, 0x13650000, 0x13ed0000)
  to   space 8704K,   0% used [0x13ed0000, 0x13ed0000, 0x14750000)
 tenured generation   total 174784K, used 120875K [0x14750000, 0x1f200000, 0x1f200000)
   the space 174784K,  69% used [0x14750000, 0x1bd5ad68, 0x1bd5ae00, 0x1f200000)
 Metaspace       used 14926K, capacity 15083K, committed 15148K, reserved 15744K
}
Event: 12.546 GC heap before
{Heap before GC invocations=30 (full 3):
 def new generation   total 78656K, used 69702K [0x0f200000, 0x14750000, 0x14750000)
  eden space 69952K,  99% used [0x0f200000, 0x13611980, 0x13650000)
  from space 8704K,   0% used [0x13650000, 0x13650000, 0x13ed0000)
  to   space 8704K,   0% used [0x13ed0000, 0x13ed0000, 0x14750000)
 tenured generation   total 174784K, used 120875K [0x14750000, 0x1f200000, 0x1f200000)
   the space 174784K,  69% used [0x14750000, 0x1bd5ad68, 0x1bd5ae00, 0x1f200000)
 Metaspace       used 18538K, capacity 18741K, committed 18816K, reserved 18816K
Event: 12.556 GC heap after
Heap after GC invocations=31 (full 3):
 def new generation   total 78656K, used 8704K [0x0f200000, 0x14750000, 0x14750000)
  eden space 69952K,   0% used [0x0f200000, 0x0f200000, 0x13650000)
  from space 8704K, 100% used [0x13ed0000, 0x14750000, 0x14750000)
  to   space 8704K,   0% used [0x13650000, 0x13650000, 0x13ed0000)
 tenured generation   total 174784K, used 124149K [0x14750000, 0x1f200000, 0x1f200000)
   the space 174784K,  71% used [0x14750000, 0x1c08d4e8, 0x1c08d600, 0x1f200000)
 Metaspace       used 18538K, capacity 18741K, committed 18816K, reserved 18816K
}
Event: 13.515 GC heap before
{Heap before GC invocations=31 (full 3):
 def new generation   total 78656K, used 78099K [0x0f200000, 0x14750000, 0x14750000)
  eden space 69952K,  99% used [0x0f200000, 0x135c4cf8, 0x13650000)
  from space 8704K, 100% used [0x13ed0000, 0x14750000, 0x14750000)
  to   space 8704K,   0% used [0x13650000, 0x13650000, 0x13ed0000)
 tenured generation   total 174784K, used 124149K [0x14750000, 0x1f200000, 0x1f200000)
   the space 174784K,  71% used [0x14750000, 0x1c08d4e8, 0x1c08d600, 0x1f200000)
 Metaspace       used 18541K, capacity 18744K, committed 18816K, reserved 18816K
Event: 13.522 GC heap after
Heap after GC invocations=32 (full 3):
 def new generation   total 78656K, used 8234K [0x0f200000, 0x14750000, 0x14750000)
  eden space 69952K,   0% used [0x0f200000, 0x0f200000, 0x13650000)
  from space 8704K,  94% used [0x13650000, 0x13e5a878, 0x13ed0000)
  to   space 8704K,   0% used [0x13ed0000, 0x13ed0000, 0x14750000)
 tenured generation   total 174784K, used 128260K [0x14750000, 0x1f200000, 0x1f200000)
   the space 174784K,  73% used [0x14750000, 0x1c491180, 0x1c491200, 0x1f200000)
 Metaspace       used 18541K, capacity 18744K, committed 18816K, reserved 18816K
}
Event: 14.462 GC heap before
{Heap before GC invocations=32 (full 3):
 def new generation   total 78656K, used 78134K [0x0f200000, 0x14750000, 0x14750000)
  eden space 69952K,  99% used [0x0f200000, 0x136431b0, 0x13650000)
  from space 8704K,  94% used [0x13650000, 0x13e5a878, 0x13ed0000)
  to   space 8704K,   0% used [0x13ed0000, 0x13ed0000, 0x14750000)
 tenured generation   total 174784K, used 128260K [0x14750000, 0x1f200000, 0x1f200000)
   the space 174784K,  73% used [0x14750000, 0x1c491180, 0x1c491200, 0x1f200000)
 Metaspace       used 18542K, capacity 18744K, committed 18816K, reserved 18816K
Event: 14.467 GC heap after
Heap after GC invocations=33 (full 3):
 def new generation   total 78656K, used 8236K [0x0f200000, 0x14750000, 0x14750000)
  eden space 69952K,   0% used [0x0f200000, 0x0f200000, 0x13650000)
  from space 8704K,  94% used [0x13ed0000, 0x146db398, 0x14750000)
  to   space 8704K,   0% used [0x13650000, 0x13650000, 0x13ed0000)
 tenured generation   total 174784K, used 131137K [0x14750000, 0x1f200000, 0x1f200000)
   the space 174784K,  75% used [0x14750000, 0x1c760550, 0x1c760600, 0x1f200000)
 Metaspace       used 18542K, capacity 18744K, committed 18816K, reserved 18816K
}
Event: 15.440 GC heap before
{Heap before GC invocations=33 (full 3):
 def new generation   total 78656K, used 78183K [0x0f200000, 0x14750000, 0x14750000)
  eden space 69952K,  99% used [0x0f200000, 0x1364eb50, 0x13650000)
  from space 8704K,  94% used [0x13ed0000, 0x146db398, 0x14750000)
  to   space 8704K,   0% used [0x13650000, 0x13650000, 0x13ed0000)
 tenured generation   total 174784K, used 131137K [0x14750000, 0x1f200000, 0x1f200000)
   the space 174784K,  75% used [0x14750000, 0x1c760550, 0x1c760600, 0x1f200000)
 Metaspace       used 18542K, capacity 18744K, committed 18816K, reserved 18816K
Event: 15.444 GC heap after
Heap after GC invocations=34 (full 3):
 def new generation   total 78656K, used 8232K [0x0f200000, 0x14750000, 0x14750000)
  eden space 69952K,   0% used [0x0f200000, 0x0f200000, 0x13650000)
  from space 8704K,  94% used [0x13650000, 0x13e5a240, 0x13ed0000)
  to   space 8704K,   0% used [0x13ed0000, 0x13ed0000, 0x14750000)
 tenured generation   total 174784K, used 133564K [0x14750000, 0x1f200000, 0x1f200000)
   the space 174784K,  76% used [0x14750000, 0x1c9bf0e8, 0x1c9bf200, 0x1f200000)
 Metaspace       used 18542K, capacity 18744K, committed 18816K, reserved 18816K
}

