# JRE version: Java(TM) SE Runtime Environment (8.0-b132) (build 1.8.0-b132)
# Java VM: Java HotSpot(TM) 64-Bit Server VM (25.0-b70 mixed mode windows-amd64 compressed oops)
Heap:
 PSYoungGen      total 8704K, used 7539K [0x000000076f100000, 0x000000076fb00000, 0x00000007c0000000)
  eden space 7168K, 91% used [0x000000076f100000,0x000000076f76f8f0,0x000000076f800000)
  from space 1536K, 61% used [0x000000076f980000,0x000000076fa6d4e0,0x000000076fb00000)
  to   space 1536K, 0% used [0x000000076f800000,0x000000076f800000,0x000000076f980000)
 ParOldGen       total 248320K, used 1464K [0x00000006cd200000, 0x00000006dc480000, 0x000000076f100000)
  object space 248320K, 0% used [0x00000006cd200000,0x00000006cd36e368,0x00000006dc480000)
 Metaspace       used 7971K, capacity 8022K, committed 8064K, reserved 1056768K
  class space    used 873K, capacity 882K, committed 896K, reserved 1048576K
GC Heap History (10 events):
Event: 0.147 GC heap before
{Heap before GC invocations=4 (full 0):
 PSYoungGen      total 1536K, used 1533K [0x000000076f100000, 0x000000076f400000, 0x00000007c0000000)
  eden space 1024K, 99% used [0x000000076f100000,0x000000076f1ff680,0x000000076f200000)
  from space 512K, 100% used [0x000000076f200000,0x000000076f280000,0x000000076f280000)
  to   space 512K, 0% used [0x000000076f380000,0x000000076f380000,0x000000076f400000)
 ParOldGen       total 248320K, used 288K [0x00000006cd200000, 0x00000006dc480000, 0x000000076f100000)
  object space 248320K, 0% used [0x00000006cd200000,0x00000006cd248000,0x00000006dc480000)
 Metaspace       used 3212K, capacity 4728K, committed 4864K, reserved 1056768K
  class space    used 351K, capacity 424K, committed 512K, reserved 1048576K
Event: 0.148 GC heap after
Heap after GC invocations=4 (full 0):
 PSYoungGen      total 2560K, used 480K [0x000000076f100000, 0x000000076f400000, 0x00000007c0000000)
  eden space 2048K, 0% used [0x000000076f100000,0x000000076f100000,0x000000076f300000)
  from space 512K, 93% used [0x000000076f380000,0x000000076f3f8020,0x000000076f400000)
  to   space 512K, 0% used [0x000000076f300000,0x000000076f300000,0x000000076f380000)
 ParOldGen       total 248320K, used 515K [0x00000006cd200000, 0x00000006dc480000, 0x000000076f100000)
  object space 248320K, 0% used [0x00000006cd200000,0x00000006cd280e08,0x00000006dc480000)
 Metaspace       used 3212K, capacity 4728K, committed 4864K, reserved 1056768K
  class space    used 351K, capacity 424K, committed 512K, reserved 1048576K
}
Event: 0.191 GC heap before
{Heap before GC invocations=5 (full 0):
 PSYoungGen      total 2560K, used 2528K [0x000000076f100000, 0x000000076f400000, 0x00000007c0000000)
  eden space 2048K, 100% used [0x000000076f100000,0x000000076f300000,0x000000076f300000)
  from space 512K, 93% used [0x000000076f380000,0x000000076f3f8020,0x000000076f400000)
  to   space 512K, 0% used [0x000000076f300000,0x000000076f300000,0x000000076f380000)
 ParOldGen       total 248320K, used 515K [0x00000006cd200000, 0x00000006dc480000, 0x000000076f100000)
  object space 248320K, 0% used [0x00000006cd200000,0x00000006cd280e08,0x00000006dc480000)
 Metaspace       used 3693K, capacity 4856K, committed 5120K, reserved 1056768K
  class space    used 396K, capacity 424K, committed 512K, reserved 1048576K
Event: 0.192 GC heap after
Heap after GC invocations=5 (full 0):
 PSYoungGen      total 2560K, used 496K [0x000000076f100000, 0x000000076f700000, 0x00000007c0000000)
  eden space 2048K, 0% used [0x000000076f100000,0x000000076f100000,0x000000076f300000)
  from space 512K, 96% used [0x000000076f300000,0x000000076f37c010,0x000000076f380000)
  to   space 1024K, 0% used [0x000000076f600000,0x000000076f600000,0x000000076f700000)
 ParOldGen       total 248320K, used 877K [0x00000006cd200000, 0x00000006dc480000, 0x000000076f100000)
  object space 248320K, 0% used [0x00000006cd200000,0x00000006cd2db5c8,0x00000006dc480000)
 Metaspace       used 3693K, capacity 4856K, committed 5120K, reserved 1056768K
  class space    used 396K, capacity 424K, committed 512K, reserved 1048576K
}
Event: 1.508 GC heap before
{Heap before GC invocations=6 (full 0):
 PSYoungGen      total 2560K, used 2544K [0x000000076f100000, 0x000000076f700000, 0x00000007c0000000)
  eden space 2048K, 100% used [0x000000076f100000,0x000000076f300000,0x000000076f300000)
  from space 512K, 96% used [0x000000076f300000,0x000000076f37c010,0x000000076f380000)
  to   space 1024K, 0% used [0x000000076f600000,0x000000076f600000,0x000000076f700000)
 ParOldGen       total 248320K, used 877K [0x00000006cd200000, 0x00000006dc480000, 0x000000076f100000)
  object space 248320K, 0% used [0x00000006cd200000,0x00000006cd2db5c8,0x00000006dc480000)
 Metaspace       used 5191K, capacity 5344K, committed 5504K, reserved 1056768K
  class space    used 570K, capacity 592K, committed 640K, reserved 1048576K
Event: 1.510 GC heap after
Heap after GC invocations=6 (full 0):
 PSYoungGen      total 4608K, used 1011K [0x000000076f100000, 0x000000076f800000, 0x00000007c0000000)
  eden space 3584K, 0% used [0x000000076f100000,0x000000076f100000,0x000000076f480000)
  from space 1024K, 98% used [0x000000076f600000,0x000000076f6fcd40,0x000000076f700000)
  to   space 1536K, 0% used [0x000000076f480000,0x000000076f480000,0x000000076f600000)
 ParOldGen       total 248320K, used 992K [0x00000006cd200000, 0x00000006dc480000, 0x000000076f100000)
  object space 248320K, 0% used [0x00000006cd200000,0x00000006cd2f8318,0x00000006dc480000)
 Metaspace       used 5191K, capacity 5344K, committed 5504K, reserved 1056768K
  class space    used 570K, capacity 592K, committed 640K, reserved 1048576K
}
Event: 1.671 GC heap before
{Heap before GC invocations=7 (full 0):
 PSYoungGen      total 4608K, used 4595K [0x000000076f100000, 0x000000076f800000, 0x00000007c0000000)
  eden space 3584K, 100% used [0x000000076f100000,0x000000076f480000,0x000000076f480000)
  from space 1024K, 98% used [0x000000076f600000,0x000000076f6fcd40,0x000000076f700000)
  to   space 1536K, 0% used [0x000000076f480000,0x000000076f480000,0x000000076f600000)
 ParOldGen       total 248320K, used 992K [0x00000006cd200000, 0x00000006dc480000, 0x000000076f100000)
  object space 248320K, 0% used [0x00000006cd200000,0x00000006cd2f8318,0x00000006dc480000)
 Metaspace       used 5560K, capacity 5728K, committed 5888K, reserved 1056768K
  class space    used 607K, capacity 656K, committed 768K, reserved 1048576K
Event: 1.672 GC heap after
Heap after GC invocations=7 (full 0):
 PSYoungGen      total 5120K, used 968K [0x000000076f100000, 0x000000076fb00000, 0x00000007c0000000)
  eden space 3584K, 0% used [0x000000076f100000,0x000000076f100000,0x000000076f480000)
  from space 1536K, 63% used [0x000000076f480000,0x000000076f572060,0x000000076f600000)
  to   space 1536K, 0% used [0x000000076f980000,0x000000076f980000,0x000000076fb00000)
 ParOldGen       total 248320K, used 1304K [0x00000006cd200000, 0x00000006dc480000, 0x000000076f100000)
  object space 248320K, 0% used [0x00000006cd200000,0x00000006cd346368,0x00000006dc480000)
 Metaspace       used 5560K, capacity 5728K, committed 5888K, reserved 1056768K
  class space    used 607K, capacity 656K, committed 768K, reserved 1048576K
}
Event: 3.004 GC heap before
{Heap before GC invocations=8 (full 0):
 PSYoungGen      total 5120K, used 4552K [0x000000076f100000, 0x000000076fb00000, 0x00000007c0000000)
  eden space 3584K, 100% used [0x000000076f100000,0x000000076f480000,0x000000076f480000)
  from space 1536K, 63% used [0x000000076f480000,0x000000076f572060,0x000000076f600000)
  to   space 1536K, 0% used [0x000000076f980000,0x000000076f980000,0x000000076fb00000)
 ParOldGen       total 248320K, used 1304K [0x00000006cd200000, 0x00000006dc480000, 0x000000076f100000)
  object space 248320K, 0% used [0x00000006cd200000,0x00000006cd346368,0x00000006dc480000)
 Metaspace       used 6728K, capacity 6774K, committed 6912K, reserved 1056768K
  class space    used 698K, capacity 722K, committed 768K, reserved 1048576K
Event: 3.005 GC heap after
Heap after GC invocations=8 (full 0):
 PSYoungGen      total 8704K, used 949K [0x000000076f100000, 0x000000076fb00000, 0x00000007c0000000)
  eden space 7168K, 0% used [0x000000076f100000,0x000000076f100000,0x000000076f800000)
  from space 1536K, 61% used [0x000000076f980000,0x000000076fa6d4e0,0x000000076fb00000)
  to   space 1536K, 0% used [0x000000076f800000,0x000000076f800000,0x000000076f980000)
 ParOldGen       total 248320K, used 1464K [0x00000006cd200000, 0x00000006dc480000, 0x000000076f100000)
  object space 248320K, 0% used [0x00000006cd200000,0x00000006cd36e368,0x00000006dc480000)
 Metaspace       used 6728K, capacity 6774K, committed 6912K, reserved 1056768K
  class space    used 698K, capacity 722K, committed 768K, reserved 1048576K
}

