# JRE version: Java(TM) SE Runtime Environment (8.0_31-b13) (build 1.8.0_31-b13)
# Java VM: Java HotSpot(TM) Client VM (25.31-b07 mixed mode, sharing windows-x86 )
Heap:
 def new generation   total 78656K, used 69952K [0x0f200000, 0x14750000, 0x14750000)
  eden space 69952K, 100% used [0x0f200000, 0x13650000, 0x13650000)
  from space 8704K,   0% used [0x13ed0000, 0x13ed0000, 0x14750000)
  to   space 8704K,   0% used [0x13650000, 0x13650000, 0x13ed0000)
 tenured generation   total 174784K, used 140676K [0x14750000, 0x1f200000, 0x1f200000)
   the space 174784K,  80% used [0x14750000, 0x1d0b13c0, 0x1d0b1400, 0x1f200000)
 Metaspace       used 11136K, capacity 11302K, committed 11392K, reserved 11648K
GC Heap History (10 events):
Event: 32.254 GC heap before
{Heap before GC invocations=45 (full 4):
 def new generation   total 78656K, used 78374K [0x0f200000, 0x14750000, 0x14750000)
  eden space 69952K, 100% used [0x0f200000, 0x13650000, 0x13650000)
  from space 8704K,  96% used [0x13ed0000, 0x14709b30, 0x14750000)
  to   space 8704K,   0% used [0x13650000, 0x13650000, 0x13ed0000)
 tenured generation   total 174784K, used 146472K [0x14750000, 0x1f200000, 0x1f200000)
   the space 174784K,  83% used [0x14750000, 0x1d65a130, 0x1d65a200, 0x1f200000)
 Metaspace       used 11136K, capacity 11302K, committed 11392K, reserved 11648K
Event: 32.258 GC heap after
Heap after GC invocations=46 (full 4):
 def new generation   total 78656K, used 8704K [0x0f200000, 0x14750000, 0x14750000)
  eden space 69952K,   0% used [0x0f200000, 0x0f200000, 0x13650000)
  from space 8704K, 100% used [0x13650000, 0x13ed0000, 0x13ed0000)
  to   space 8704K,   0% used [0x13ed0000, 0x13ed0000, 0x14750000)
 tenured generation   total 174784K, used 150063K [0x14750000, 0x1f200000, 0x1f200000)
   the space 174784K,  85% used [0x14750000, 0x1d9dbf80, 0x1d9dc000, 0x1f200000)
 Metaspace       used 11136K, capacity 11302K, committed 11392K, reserved 11648K
}
Event: 33.536 GC heap before
{Heap before GC invocations=46 (full 4):
 def new generation   total 78656K, used 78310K [0x0f200000, 0x14750000, 0x14750000)
  eden space 69952K,  99% used [0x0f200000, 0x135f98e8, 0x13650000)
  from space 8704K, 100% used [0x13650000, 0x13ed0000, 0x13ed0000)
  to   space 8704K,   0% used [0x13ed0000, 0x13ed0000, 0x14750000)
 tenured generation   total 174784K, used 150063K [0x14750000, 0x1f200000, 0x1f200000)
   the space 174784K,  85% used [0x14750000, 0x1d9dbf80, 0x1d9dc000, 0x1f200000)
 Metaspace       used 11136K, capacity 11302K, committed 11392K, reserved 11648K
Event: 33.540 GC heap after
Heap after GC invocations=47 (full 4):
 def new generation   total 78656K, used 8329K [0x0f200000, 0x14750000, 0x14750000)
  eden space 69952K,   0% used [0x0f200000, 0x0f200000, 0x13650000)
  from space 8704K,  95% used [0x13ed0000, 0x146f2420, 0x14750000)
  to   space 8704K,   0% used [0x13650000, 0x13650000, 0x13ed0000)
 tenured generation   total 174784K, used 160203K [0x14750000, 0x1f200000, 0x1f200000)
   the space 174784K,  91% used [0x14750000, 0x1e3c2f00, 0x1e3c3000, 0x1f200000)
 Metaspace       used 11136K, capacity 11302K, committed 11392K, reserved 11648K
}
Event: 34.943 GC heap before
{Heap before GC invocations=47 (full 4):
 def new generation   total 78656K, used 78267K [0x0f200000, 0x14750000, 0x14750000)
  eden space 69952K,  99% used [0x0f200000, 0x1364c878, 0x13650000)
  from space 8704K,  95% used [0x13ed0000, 0x146f2420, 0x14750000)
  to   space 8704K,   0% used [0x13650000, 0x13650000, 0x13ed0000)
 tenured generation   total 174784K, used 160203K [0x14750000, 0x1f200000, 0x1f200000)
   the space 174784K,  91% used [0x14750000, 0x1e3c2f00, 0x1e3c3000, 0x1f200000)
 Metaspace       used 11136K, capacity 11302K, committed 11392K, reserved 11648K
Event: 34.946 GC heap after
Heap after GC invocations=48 (full 4):
 def new generation   total 78656K, used 8422K [0x0f200000, 0x14750000, 0x14750000)
  eden space 69952K,   0% used [0x0f200000, 0x0f200000, 0x13650000)
  from space 8704K,  96% used [0x13650000, 0x13e89948, 0x13ed0000)
  to   space 8704K,   0% used [0x13ed0000, 0x13ed0000, 0x14750000)
 tenured generation   total 174784K, used 163593K [0x14750000, 0x1f200000, 0x1f200000)
   the space 174784K,  93% used [0x14750000, 0x1e7127c8, 0x1e712800, 0x1f200000)
 Metaspace       used 11136K, capacity 11302K, committed 11392K, reserved 11648K
}
Event: 36.337 GC heap before
{Heap before GC invocations=48 (full 4):
 def new generation   total 78656K, used 78135K [0x0f200000, 0x14750000, 0x14750000)
  eden space 69952K,  99% used [0x0f200000, 0x13614500, 0x13650000)
  from space 8704K,  96% used [0x13650000, 0x13e89948, 0x13ed0000)
  to   space 8704K,   0% used [0x13ed0000, 0x13ed0000, 0x14750000)
 tenured generation   total 174784K, used 163593K [0x14750000, 0x1f200000, 0x1f200000)
   the space 174784K,  93% used [0x14750000, 0x1e7127c8, 0x1e712800, 0x1f200000)
 Metaspace       used 11136K, capacity 11302K, committed 11392K, reserved 11648K
Event: 36.340 GC heap after
Heap after GC invocations=49 (full 4):
 def new generation   total 78656K, used 8704K [0x0f200000, 0x14750000, 0x14750000)
  eden space 69952K,   0% used [0x0f200000, 0x0f200000, 0x13650000)
  from space 8704K, 100% used [0x13ed0000, 0x14750000, 0x14750000)
  to   space 8704K,   0% used [0x13650000, 0x13650000, 0x13ed0000)
 tenured generation   total 174784K, used 166832K [0x14750000, 0x1f200000, 0x1f200000)
   the space 174784K,  95% used [0x14750000, 0x1ea3c270, 0x1ea3c400, 0x1f200000)
 Metaspace       used 11136K, capacity 11302K, committed 11392K, reserved 11648K
}
Event: 37.744 GC heap before
{Heap before GC invocations=49 (full 4):
 def new generation   total 78656K, used 78362K [0x0f200000, 0x14750000, 0x14750000)
  eden space 69952K,  99% used [0x0f200000, 0x13606a30, 0x13650000)
  from space 8704K, 100% used [0x13ed0000, 0x14750000, 0x14750000)
  to   space 8704K,   0% used [0x13650000, 0x13650000, 0x13ed0000)
 tenured generation   total 174784K, used 166832K [0x14750000, 0x1f200000, 0x1f200000)
   the space 174784K,  95% used [0x14750000, 0x1ea3c270, 0x1ea3c400, 0x1f200000)
 Metaspace       used 11136K, capacity 11302K, committed 11392K, reserved 11648K
Event: 37.766 GC heap after
Heap after GC invocations=50 (full 5):
 def new generation   total 78656K, used 0K [0x0f200000, 0x14750000, 0x14750000)
  eden space 69952K,   0% used [0x0f200000, 0x0f200000, 0x13650000)
  from space 8704K,   0% used [0x13ed0000, 0x13ed0000, 0x14750000)
  to   space 8704K,   0% used [0x13650000, 0x13650000, 0x13ed0000)
 tenured generation   total 174784K, used 140676K [0x14750000, 0x1f200000, 0x1f200000)
   the space 174784K,  80% used [0x14750000, 0x1d0b13c0, 0x1d0b1400, 0x1f200000)
 Metaspace       used 11136K, capacity 11302K, committed 11392K, reserved 11648K
}

