# JRE version: Java(TM) SE Runtime Environment (8.0_31-b13) (build 1.8.0_31-b13)
# Java VM: Java HotSpot(TM) Client VM (25.31-b07 mixed mode windows-x86 )
Heap:
 def new generation   total 78656K, used 56552K [0x0f200000, 0x14750000, 0x14750000)
  eden space 69952K,  68% used [0x0f200000, 0x120ba048, 0x13650000)
  from space 8704K, 100% used [0x13ed0000, 0x14750000, 0x14750000)
  to   space 8704K,   0% used [0x13650000, 0x13650000, 0x13ed0000)
 tenured generation   total 174784K, used 126452K [0x14750000, 0x1f200000, 0x1f200000)
   the space 174784K,  72% used [0x14750000, 0x1c2cd0d8, 0x1c2cd200, 0x1f200000)
 Metaspace       used 18539K, capacity 18744K, committed 18944K, reserved 19840K
GC Heap History (10 events):
Event: 4.449 GC heap before
{Heap before GC invocations=31 (full 2):
 def new generation   total 44608K, used 42142K [0x0f200000, 0x12260000, 0x14750000)
  eden space 39680K, 100% used [0x0f200000, 0x118c0000, 0x118c0000)
  from space 4928K,  49% used [0x118c0000, 0x11b27aa0, 0x11d90000)
  to   space 4928K,   0% used [0x11d90000, 0x11d90000, 0x12260000)
 tenured generation   total 153860K, used 116782K [0x14750000, 0x1dd91000, 0x1f200000)
   the space 153860K,  75% used [0x14750000, 0x1b95b8d8, 0x1b95ba00, 0x1dd91000)
 Metaspace       used 9003K, capacity 9151K, committed 9216K, reserved 9600K
Event: 4.450 GC heap after
Heap after GC invocations=32 (full 2):
 def new generation   total 44608K, used 2462K [0x0f200000, 0x12260000, 0x14750000)
  eden space 39680K,   0% used [0x0f200000, 0x0f200000, 0x118c0000)
  from space 4928K,  49% used [0x11d90000, 0x11ff7aa0, 0x12260000)
  to   space 4928K,   0% used [0x118c0000, 0x118c0000, 0x11d90000)
 tenured generation   total 153860K, used 116782K [0x14750000, 0x1dd91000, 0x1f200000)
   the space 153860K,  75% used [0x14750000, 0x1b95b8d8, 0x1b95ba00, 0x1dd91000)
 Metaspace       used 9003K, capacity 9151K, committed 9216K, reserved 9600K
}
Event: 4.661 GC heap before
{Heap before GC invocations=32 (full 2):
 def new generation   total 44608K, used 42142K [0x0f200000, 0x12260000, 0x14750000)
  eden space 39680K, 100% used [0x0f200000, 0x118c0000, 0x118c0000)
  from space 4928K,  49% used [0x11d90000, 0x11ff7aa0, 0x12260000)
  to   space 4928K,   0% used [0x118c0000, 0x118c0000, 0x11d90000)
 tenured generation   total 153860K, used 116782K [0x14750000, 0x1dd91000, 0x1f200000)
   the space 153860K,  75% used [0x14750000, 0x1b95b8d8, 0x1b95ba00, 0x1dd91000)
 Metaspace       used 9003K, capacity 9151K, committed 9216K, reserved 9600K
Event: 4.662 GC heap after
Heap after GC invocations=33 (full 2):
 def new generation   total 44608K, used 2462K [0x0f200000, 0x12260000, 0x14750000)
  eden space 39680K,   0% used [0x0f200000, 0x0f200000, 0x118c0000)
  from space 4928K,  49% used [0x118c0000, 0x11b27aa0, 0x11d90000)
  to   space 4928K,   0% used [0x11d90000, 0x11d90000, 0x12260000)
 tenured generation   total 153860K, used 116782K [0x14750000, 0x1dd91000, 0x1f200000)
   the space 153860K,  75% used [0x14750000, 0x1b95b8d8, 0x1b95ba00, 0x1dd91000)
 Metaspace       used 9003K, capacity 9151K, committed 9216K, reserved 9600K
}
Event: 9.813 GC heap before
{Heap before GC invocations=33 (full 2):
 def new generation   total 44608K, used 42142K [0x0f200000, 0x12260000, 0x14750000)
  eden space 39680K, 100% used [0x0f200000, 0x118c0000, 0x118c0000)
  from space 4928K,  49% used [0x118c0000, 0x11b27aa0, 0x11d90000)
  to   space 4928K,   0% used [0x11d90000, 0x11d90000, 0x12260000)
 tenured generation   total 153860K, used 116782K [0x14750000, 0x1dd91000, 0x1f200000)
   the space 153860K,  75% used [0x14750000, 0x1b95b8d8, 0x1b95ba00, 0x1dd91000)
 Metaspace       used 12330K, capacity 12494K, committed 12544K, reserved 12672K
Event: 9.820 GC heap after
Heap after GC invocations=34 (full 2):
 def new generation   total 44608K, used 2998K [0x0f200000, 0x12260000, 0x14750000)
  eden space 39680K,   0% used [0x0f200000, 0x0f200000, 0x118c0000)
  from space 4928K,  60% used [0x11d90000, 0x1207dad8, 0x12260000)
  to   space 4928K,   0% used [0x118c0000, 0x118c0000, 0x11d90000)
 tenured generation   total 153860K, used 116782K [0x14750000, 0x1dd91000, 0x1f200000)
   the space 153860K,  75% used [0x14750000, 0x1b95b8d8, 0x1b95ba00, 0x1dd91000)
 Metaspace       used 12330K, capacity 12494K, committed 12544K, reserved 12672K
}
Event: 10.152 GC heap before
{Heap before GC invocations=34 (full 2):
 def new generation   total 44608K, used 21717K [0x0f200000, 0x12260000, 0x14750000)
  eden space 39680K,  47% used [0x0f200000, 0x10447cb0, 0x118c0000)
  from space 4928K,  60% used [0x11d90000, 0x1207dad8, 0x12260000)
  to   space 4928K,   0% used [0x118c0000, 0x118c0000, 0x11d90000)
 tenured generation   total 153860K, used 116782K [0x14750000, 0x1dd91000, 0x1f200000)
   the space 153860K,  75% used [0x14750000, 0x1b95b8d8, 0x1b95ba00, 0x1dd91000)
 Metaspace       used 14958K, capacity 15086K, committed 15148K, reserved 15744K
Event: 10.174 GC heap after
Heap after GC invocations=35 (full 3):
 def new generation   total 78656K, used 0K [0x0f200000, 0x14750000, 0x14750000)
  eden space 69952K,   0% used [0x0f200000, 0x0f200000, 0x13650000)
  from space 8704K,   0% used [0x13650000, 0x13650000, 0x13ed0000)
  to   space 8704K,   0% used [0x13ed0000, 0x13ed0000, 0x14750000)
 tenured generation   total 174784K, used 120691K [0x14750000, 0x1f200000, 0x1f200000)
   the space 174784K,  69% used [0x14750000, 0x1bd2cd88, 0x1bd2ce00, 0x1f200000)
 Metaspace       used 14958K, capacity 15086K, committed 15148K, reserved 15744K
}
Event: 15.405 GC heap before
{Heap before GC invocations=35 (full 3):
 def new generation   total 78656K, used 69901K [0x0f200000, 0x14750000, 0x14750000)
  eden space 69952K,  99% used [0x0f200000, 0x13643758, 0x13650000)
  from space 8704K,   0% used [0x13650000, 0x13650000, 0x13ed0000)
  to   space 8704K,   0% used [0x13ed0000, 0x13ed0000, 0x14750000)
 tenured generation   total 174784K, used 120691K [0x14750000, 0x1f200000, 0x1f200000)
   the space 174784K,  69% used [0x14750000, 0x1bd2cd88, 0x1bd2ce00, 0x1f200000)
 Metaspace       used 18534K, capacity 18741K, committed 18944K, reserved 19840K
Event: 15.417 GC heap after
Heap after GC invocations=36 (full 3):
 def new generation   total 78656K, used 8704K [0x0f200000, 0x14750000, 0x14750000)
  eden space 69952K,   0% used [0x0f200000, 0x0f200000, 0x13650000)
  from space 8704K, 100% used [0x13ed0000, 0x14750000, 0x14750000)
  to   space 8704K,   0% used [0x13650000, 0x13650000, 0x13ed0000)
 tenured generation   total 174784K, used 126452K [0x14750000, 0x1f200000, 0x1f200000)
   the space 174784K,  72% used [0x14750000, 0x1c2cd0d8, 0x1c2cd200, 0x1f200000)
 Metaspace       used 18534K, capacity 18741K, committed 18944K, reserved 19840K
}

