# JRE version: Java(TM) SE Runtime Environment (8.0-b132) (build 1.8.0-b132)
# Java VM: Java HotSpot(TM) 64-Bit Server VM (25.0-b70 mixed mode windows-amd64 compressed oops)
Heap:
 PSYoungGen      total 14848K, used 13905K [0x000000076f100000, 0x0000000770c00000, 0x00000007c0000000)
  eden space 10240K, 92% used [0x000000076f100000,0x000000076fa47bd0,0x000000076fb00000)
  from space 4608K, 95% used [0x000000076fb00000,0x000000076ff4ca38,0x000000076ff80000)
  to   space 5632K, 0% used [0x0000000770680000,0x0000000770680000,0x0000000770c00000)
 ParOldGen       total 248320K, used 16267K [0x00000006cd200000, 0x00000006dc480000, 0x000000076f100000)
  object space 248320K, 6% used [0x00000006cd200000,0x00000006ce1e2d00,0x00000006dc480000)
 Metaspace       used 12001K, capacity 12086K, committed 12288K, reserved 1060864K
  class space    used 1384K, capacity 1422K, committed 1536K, reserved 1048576K
GC Heap History (10 events):
Event: 1.583 GC heap before
{Heap before GC invocations=7 (full 0):
 PSYoungGen      total 4608K, used 4544K [0x000000076f100000, 0x000000076f800000, 0x00000007c0000000)
  eden space 3584K, 100% used [0x000000076f100000,0x000000076f480000,0x000000076f480000)
  from space 1024K, 93% used [0x000000076f600000,0x000000076f6f0020,0x000000076f700000)
  to   space 1536K, 0% used [0x000000076f480000,0x000000076f480000,0x000000076f600000)
 ParOldGen       total 248320K, used 1111K [0x00000006cd200000, 0x00000006dc480000, 0x000000076f100000)
  object space 248320K, 0% used [0x00000006cd200000,0x00000006cd315fc8,0x00000006dc480000)
 Metaspace       used 9249K, capacity 9328K, committed 9600K, reserved 1058816K
  class space    used 1086K, capacity 1100K, committed 1152K, reserved 1048576K
Event: 1.586 GC heap after
Heap after GC invocations=7 (full 0):
 PSYoungGen      total 5120K, used 1520K [0x000000076f100000, 0x000000076fe00000, 0x00000007c0000000)
  eden space 3584K, 0% used [0x000000076f100000,0x000000076f100000,0x000000076f480000)
  from space 1536K, 98% used [0x000000076f480000,0x000000076f5fc200,0x000000076f600000)
  to   space 3072K, 0% used [0x000000076fb00000,0x000000076fb00000,0x000000076fe00000)
 ParOldGen       total 248320K, used 4001K [0x00000006cd200000, 0x00000006dc480000, 0x000000076f100000)
  object space 248320K, 1% used [0x00000006cd200000,0x00000006cd5e85c8,0x00000006dc480000)
 Metaspace       used 9249K, capacity 9328K, committed 9600K, reserved 1058816K
  class space    used 1086K, capacity 1100K, committed 1152K, reserved 1048576K
}
Event: 1.724 GC heap before
{Heap before GC invocations=8 (full 0):
 PSYoungGen      total 5120K, used 5104K [0x000000076f100000, 0x000000076fe00000, 0x00000007c0000000)
  eden space 3584K, 100% used [0x000000076f100000,0x000000076f480000,0x000000076f480000)
  from space 1536K, 98% used [0x000000076f480000,0x000000076f5fc200,0x000000076f600000)
  to   space 3072K, 0% used [0x000000076fb00000,0x000000076fb00000,0x000000076fe00000)
 ParOldGen       total 248320K, used 4001K [0x00000006cd200000, 0x00000006dc480000, 0x000000076f100000)
  object space 248320K, 1% used [0x00000006cd200000,0x00000006cd5e85c8,0x00000006dc480000)
 Metaspace       used 10000K, capacity 10064K, committed 10240K, reserved 1058816K
  class space    used 1158K, capacity 1196K, committed 1280K, reserved 1048576K
Event: 1.725 GC heap after
Heap after GC invocations=8 (full 0):
 PSYoungGen      total 9728K, used 3039K [0x000000076f100000, 0x000000076ff00000, 0x00000007c0000000)
  eden space 6656K, 0% used [0x000000076f100000,0x000000076f100000,0x000000076f780000)
  from space 3072K, 98% used [0x000000076fb00000,0x000000076fdf7da0,0x000000076fe00000)
  to   space 3584K, 0% used [0x000000076f780000,0x000000076f780000,0x000000076fb00000)
 ParOldGen       total 248320K, used 5225K [0x00000006cd200000, 0x00000006dc480000, 0x000000076f100000)
  object space 248320K, 2% used [0x00000006cd200000,0x00000006cd71a7c8,0x00000006dc480000)
 Metaspace       used 10000K, capacity 10064K, committed 10240K, reserved 1058816K
  class space    used 1158K, capacity 1196K, committed 1280K, reserved 1048576K
}
Event: 3.057 GC heap before
{Heap before GC invocations=9 (full 0):
 PSYoungGen      total 9728K, used 9695K [0x000000076f100000, 0x000000076ff00000, 0x00000007c0000000)
  eden space 6656K, 100% used [0x000000076f100000,0x000000076f780000,0x000000076f780000)
  from space 3072K, 98% used [0x000000076fb00000,0x000000076fdf7da0,0x000000076fe00000)
  to   space 3584K, 0% used [0x000000076f780000,0x000000076f780000,0x000000076fb00000)
 ParOldGen       total 248320K, used 5225K [0x00000006cd200000, 0x00000006dc480000, 0x000000076f100000)
  object space 248320K, 2% used [0x00000006cd200000,0x00000006cd71a7c8,0x00000006dc480000)
 Metaspace       used 11741K, capacity 11862K, committed 11904K, reserved 1060864K
  class space    used 1348K, capacity 1390K, committed 1408K, reserved 1048576K
Event: 3.059 GC heap after
Heap after GC invocations=9 (full 0):
 PSYoungGen      total 10240K, used 3492K [0x000000076f100000, 0x0000000770380000, 0x00000007c0000000)
  eden space 6656K, 0% used [0x000000076f100000,0x000000076f100000,0x000000076f780000)
  from space 3584K, 97% used [0x000000076f780000,0x000000076fae9240,0x000000076fb00000)
  to   space 4096K, 0% used [0x000000076ff80000,0x000000076ff80000,0x0000000770380000)
 ParOldGen       total 248320K, used 6428K [0x00000006cd200000, 0x00000006dc480000, 0x000000076f100000)
  object space 248320K, 2% used [0x00000006cd200000,0x00000006cd8470d8,0x00000006dc480000)
 Metaspace       used 11741K, capacity 11862K, committed 11904K, reserved 1060864K
  class space    used 1348K, capacity 1390K, committed 1408K, reserved 1048576K
}
Event: 3.323 GC heap before
{Heap before GC invocations=10 (full 0):
 PSYoungGen      total 10240K, used 9828K [0x000000076f100000, 0x0000000770380000, 0x00000007c0000000)
  eden space 6656K, 95% used [0x000000076f100000,0x000000076f72fe20,0x000000076f780000)
  from space 3584K, 97% used [0x000000076f780000,0x000000076fae9240,0x000000076fb00000)
  to   space 4096K, 0% used [0x000000076ff80000,0x000000076ff80000,0x0000000770380000)
 ParOldGen       total 248320K, used 6428K [0x00000006cd200000, 0x00000006dc480000, 0x000000076f100000)
  object space 248320K, 2% used [0x00000006cd200000,0x00000006cd8470d8,0x00000006dc480000)
 Metaspace       used 11991K, capacity 12086K, committed 12288K, reserved 1060864K
  class space    used 1384K, capacity 1422K, committed 1536K, reserved 1048576K
Event: 3.326 GC heap after
Heap after GC invocations=10 (full 0):
 PSYoungGen      total 14336K, used 3364K [0x000000076f100000, 0x0000000770480000, 0x00000007c0000000)
  eden space 10240K, 0% used [0x000000076f100000,0x000000076f100000,0x000000076fb00000)
  from space 4096K, 82% used [0x000000076ff80000,0x00000007702c9220,0x0000000770380000)
  to   space 4608K, 0% used [0x000000076fb00000,0x000000076fb00000,0x000000076ff80000)
 ParOldGen       total 248320K, used 11380K [0x00000006cd200000, 0x00000006dc480000, 0x000000076f100000)
  object space 248320K, 4% used [0x00000006cd200000,0x00000006cdd1d378,0x00000006dc480000)
 Metaspace       used 11991K, capacity 12086K, committed 12288K, reserved 1060864K
  class space    used 1384K, capacity 1422K, committed 1536K, reserved 1048576K
}
Event: 3.541 GC heap before
{Heap before GC invocations=11 (full 0):
 PSYoungGen      total 14336K, used 13535K [0x000000076f100000, 0x0000000770480000, 0x00000007c0000000)
  eden space 10240K, 99% used [0x000000076f100000,0x000000076faeec70,0x000000076fb00000)
  from space 4096K, 82% used [0x000000076ff80000,0x00000007702c9220,0x0000000770380000)
  to   space 4608K, 0% used [0x000000076fb00000,0x000000076fb00000,0x000000076ff80000)
 ParOldGen       total 248320K, used 11380K [0x00000006cd200000, 0x00000006dc480000, 0x000000076f100000)
  object space 248320K, 4% used [0x00000006cd200000,0x00000006cdd1d378,0x00000006dc480000)
 Metaspace       used 11994K, capacity 12086K, committed 12288K, reserved 1060864K
  class space    used 1384K, capacity 1422K, committed 1536K, reserved 1048576K
Event: 3.544 GC heap after
Heap after GC invocations=11 (full 0):
 PSYoungGen      total 14848K, used 4402K [0x000000076f100000, 0x0000000770c00000, 0x00000007c0000000)
  eden space 10240K, 0% used [0x000000076f100000,0x000000076f100000,0x000000076fb00000)
  from space 4608K, 95% used [0x000000076fb00000,0x000000076ff4ca38,0x000000076ff80000)
  to   space 5632K, 0% used [0x0000000770680000,0x0000000770680000,0x0000000770c00000)
 ParOldGen       total 248320K, used 16267K [0x00000006cd200000, 0x00000006dc480000, 0x000000076f100000)
  object space 248320K, 6% used [0x00000006cd200000,0x00000006ce1e2d00,0x00000006dc480000)
 Metaspace       used 11994K, capacity 12086K, committed 12288K, reserved 1060864K
  class space    used 1384K, capacity 1422K, committed 1536K, reserved 1048576K
}

