# JRE version: Java(TM) SE Runtime Environment (8.0_31-b13) (build 1.8.0_31-b13)
# Java VM: Java HotSpot(TM) Client VM (25.31-b07 mixed mode windows-x86 )
Heap:
 def new generation   total 78656K, used 69022K [0x0f200000, 0x14750000, 0x14750000)
  eden space 69952K,  86% used [0x0f200000, 0x12cfbda8, 0x13650000)
  from space 8704K,  99% used [0x13650000, 0x13ebbb30, 0x13ed0000)
  to   space 8704K,   0% used [0x13ed0000, 0x13ed0000, 0x14750000)
 tenured generation   total 174784K, used 127055K [0x14750000, 0x1f200000, 0x1f200000)
   the space 174784K,  72% used [0x14750000, 0x1c363cd8, 0x1c363e00, 0x1f200000)
 Metaspace       used 18542K, capacity 18744K, committed 18944K, reserved 19840K
GC Heap History (10 events):
Event: 4.602 GC heap before
{Heap before GC invocations=27 (full 2):
 def new generation   total 69312K, used 64110K [0x0f200000, 0x13d30000, 0x14750000)
  eden space 61632K, 100% used [0x0f200000, 0x12e30000, 0x12e30000)
  from space 7680K,  32% used [0x135b0000, 0x1381b988, 0x13d30000)
  to   space 7680K,   0% used [0x12e30000, 0x12e30000, 0x135b0000)
 tenured generation   total 153860K, used 116777K [0x14750000, 0x1dd91000, 0x1f200000)
   the space 153860K,  75% used [0x14750000, 0x1b95a550, 0x1b95a600, 0x1dd91000)
 Metaspace       used 8989K, capacity 9119K, committed 9216K, reserved 9600K
Event: 4.604 GC heap after
Heap after GC invocations=28 (full 2):
 def new generation   total 69312K, used 2480K [0x0f200000, 0x13d30000, 0x14750000)
  eden space 61632K,   0% used [0x0f200000, 0x0f200000, 0x12e30000)
  from space 7680K,  32% used [0x12e30000, 0x1309c3e0, 0x135b0000)
  to   space 7680K,   0% used [0x135b0000, 0x135b0000, 0x13d30000)
 tenured generation   total 153860K, used 116777K [0x14750000, 0x1dd91000, 0x1f200000)
   the space 153860K,  75% used [0x14750000, 0x1b95a550, 0x1b95a600, 0x1dd91000)
 Metaspace       used 8989K, capacity 9119K, committed 9216K, reserved 9600K
}
Event: 9.163 GC heap before
{Heap before GC invocations=28 (full 2):
 def new generation   total 69312K, used 64112K [0x0f200000, 0x13d30000, 0x14750000)
  eden space 61632K, 100% used [0x0f200000, 0x12e30000, 0x12e30000)
  from space 7680K,  32% used [0x12e30000, 0x1309c3e0, 0x135b0000)
  to   space 7680K,   0% used [0x135b0000, 0x135b0000, 0x13d30000)
 tenured generation   total 153860K, used 116777K [0x14750000, 0x1dd91000, 0x1f200000)
   the space 153860K,  75% used [0x14750000, 0x1b95a550, 0x1b95a600, 0x1dd91000)
 Metaspace       used 12324K, capacity 12494K, committed 12544K, reserved 12672K
Event: 9.168 GC heap after
Heap after GC invocations=29 (full 2):
 def new generation   total 69312K, used 2969K [0x0f200000, 0x13d30000, 0x14750000)
  eden space 61632K,   0% used [0x0f200000, 0x0f200000, 0x12e30000)
  from space 7680K,  38% used [0x135b0000, 0x13896550, 0x13d30000)
  to   space 7680K,   0% used [0x12e30000, 0x12e30000, 0x135b0000)
 tenured generation   total 153860K, used 116777K [0x14750000, 0x1dd91000, 0x1f200000)
   the space 153860K,  75% used [0x14750000, 0x1b95a550, 0x1b95a600, 0x1dd91000)
 Metaspace       used 12324K, capacity 12494K, committed 12544K, reserved 12672K
}
Event: 9.482 GC heap before
{Heap before GC invocations=29 (full 2):
 def new generation   total 69312K, used 22628K [0x0f200000, 0x13d30000, 0x14750000)
  eden space 61632K,  31% used [0x0f200000, 0x10532ac8, 0x12e30000)
  from space 7680K,  38% used [0x135b0000, 0x13896550, 0x13d30000)
  to   space 7680K,   0% used [0x12e30000, 0x12e30000, 0x135b0000)
 tenured generation   total 153860K, used 116777K [0x14750000, 0x1dd91000, 0x1f200000)
   the space 153860K,  75% used [0x14750000, 0x1b95a550, 0x1b95a600, 0x1dd91000)
 Metaspace       used 14928K, capacity 15086K, committed 15148K, reserved 15744K
Event: 9.505 GC heap after
Heap after GC invocations=30 (full 3):
 def new generation   total 78656K, used 0K [0x0f200000, 0x14750000, 0x14750000)
  eden space 69952K,   0% used [0x0f200000, 0x0f200000, 0x13650000)
  from space 8704K,   0% used [0x13650000, 0x13650000, 0x13ed0000)
  to   space 8704K,   0% used [0x13ed0000, 0x13ed0000, 0x14750000)
 tenured generation   total 174784K, used 120883K [0x14750000, 0x1f200000, 0x1f200000)
   the space 174784K,  69% used [0x14750000, 0x1bd5cc50, 0x1bd5ce00, 0x1f200000)
 Metaspace       used 14928K, capacity 15086K, committed 15148K, reserved 15744K
}
Event: 15.209 GC heap before
{Heap before GC invocations=30 (full 3):
 def new generation   total 78656K, used 68792K [0x0f200000, 0x14750000, 0x14750000)
  eden space 69952K,  98% used [0x0f200000, 0x1352e160, 0x13650000)
  from space 8704K,   0% used [0x13650000, 0x13650000, 0x13ed0000)
  to   space 8704K,   0% used [0x13ed0000, 0x13ed0000, 0x14750000)
 tenured generation   total 174784K, used 120883K [0x14750000, 0x1f200000, 0x1f200000)
   the space 174784K,  69% used [0x14750000, 0x1bd5cc50, 0x1bd5ce00, 0x1f200000)
 Metaspace       used 18538K, capacity 18709K, committed 18816K, reserved 18816K
Event: 15.219 GC heap after
Heap after GC invocations=31 (full 3):
 def new generation   total 78656K, used 8704K [0x0f200000, 0x14750000, 0x14750000)
  eden space 69952K,   0% used [0x0f200000, 0x0f200000, 0x13650000)
  from space 8704K, 100% used [0x13ed0000, 0x14750000, 0x14750000)
  to   space 8704K,   0% used [0x13650000, 0x13650000, 0x13ed0000)
 tenured generation   total 174784K, used 123177K [0x14750000, 0x1f200000, 0x1f200000)
   the space 174784K,  70% used [0x14750000, 0x1bf9a6f0, 0x1bf9a800, 0x1f200000)
 Metaspace       used 18538K, capacity 18709K, committed 18816K, reserved 18816K
}
Event: 16.571 GC heap before
{Heap before GC invocations=31 (full 3):
 def new generation   total 78656K, used 78252K [0x0f200000, 0x14750000, 0x14750000)
  eden space 69952K,  99% used [0x0f200000, 0x135eb3d0, 0x13650000)
  from space 8704K, 100% used [0x13ed0000, 0x14750000, 0x14750000)
  to   space 8704K,   0% used [0x13650000, 0x13650000, 0x13ed0000)
 tenured generation   total 174784K, used 123177K [0x14750000, 0x1f200000, 0x1f200000)
   the space 174784K,  70% used [0x14750000, 0x1bf9a6f0, 0x1bf9a800, 0x1f200000)
 Metaspace       used 18541K, capacity 18712K, committed 18816K, reserved 18816K
Event: 16.578 GC heap after
Heap after GC invocations=32 (full 3):
 def new generation   total 78656K, used 8622K [0x0f200000, 0x14750000, 0x14750000)
  eden space 69952K,   0% used [0x0f200000, 0x0f200000, 0x13650000)
  from space 8704K,  99% used [0x13650000, 0x13ebbb30, 0x13ed0000)
  to   space 8704K,   0% used [0x13ed0000, 0x13ed0000, 0x14750000)
 tenured generation   total 174784K, used 127055K [0x14750000, 0x1f200000, 0x1f200000)
   the space 174784K,  72% used [0x14750000, 0x1c363cd8, 0x1c363e00, 0x1f200000)
 Metaspace       used 18541K, capacity 18712K, committed 18816K, reserved 18816K
}

