# JRE version: Java(TM) SE Runtime Environment (8.0_31-b13) (build 1.8.0_31-b13)
# Java VM: Java HotSpot(TM) Client VM (25.31-b07 mixed mode windows-x86 )
Heap:
 def new generation   total 78656K, used 54530K [0x0f200000, 0x14750000, 0x14750000)
  eden space 69952K,  65% used [0x0f200000, 0x11ec09e8, 0x13650000)
  from space 8704K, 100% used [0x13ed0000, 0x14750000, 0x14750000)
  to   space 8704K,   0% used [0x13650000, 0x13650000, 0x13ed0000)
 tenured generation   total 174784K, used 137008K [0x14750000, 0x1f200000, 0x1f200000)
   the space 174784K,  78% used [0x14750000, 0x1cd1c168, 0x1cd1c200, 0x1f200000)
 Metaspace       used 18540K, capacity 18744K, committed 18816K, reserved 18816K
GC Heap History (10 events):
Event: 5.945 GC heap before
{Heap before GC invocations=28 (full 2):
 def new generation   total 69312K, used 64101K [0x0f200000, 0x13d30000, 0x14750000)
  eden space 61632K, 100% used [0x0f200000, 0x12e30000, 0x12e30000)
  from space 7680K,  32% used [0x12e30000, 0x130997c8, 0x135b0000)
  to   space 7680K,   0% used [0x135b0000, 0x135b0000, 0x13d30000)
 tenured generation   total 153860K, used 116778K [0x14750000, 0x1dd91000, 0x1f200000)
   the space 153860K,  75% used [0x14750000, 0x1b95a868, 0x1b95aa00, 0x1dd91000)
 Metaspace       used 12326K, capacity 12491K, committed 12544K, reserved 12672K
Event: 5.950 GC heap after
Heap after GC invocations=29 (full 2):
 def new generation   total 69312K, used 2977K [0x0f200000, 0x13d30000, 0x14750000)
  eden space 61632K,   0% used [0x0f200000, 0x0f200000, 0x12e30000)
  from space 7680K,  38% used [0x135b0000, 0x13898770, 0x13d30000)
  to   space 7680K,   0% used [0x12e30000, 0x12e30000, 0x135b0000)
 tenured generation   total 153860K, used 116778K [0x14750000, 0x1dd91000, 0x1f200000)
   the space 153860K,  75% used [0x14750000, 0x1b95a868, 0x1b95aa00, 0x1dd91000)
 Metaspace       used 12326K, capacity 12491K, committed 12544K, reserved 12672K
}
Event: 6.257 GC heap before
{Heap before GC invocations=29 (full 2):
 def new generation   total 69312K, used 22738K [0x0f200000, 0x13d30000, 0x14750000)
  eden space 61632K,  32% used [0x0f200000, 0x1054c3c0, 0x12e30000)
  from space 7680K,  38% used [0x135b0000, 0x13898770, 0x13d30000)
  to   space 7680K,   0% used [0x12e30000, 0x12e30000, 0x135b0000)
 tenured generation   total 153860K, used 116778K [0x14750000, 0x1dd91000, 0x1f200000)
   the space 153860K,  75% used [0x14750000, 0x1b95a868, 0x1b95aa00, 0x1dd91000)
 Metaspace       used 14956K, capacity 15083K, committed 15148K, reserved 15744K
Event: 6.279 GC heap after
Heap after GC invocations=30 (full 3):
 def new generation   total 78656K, used 0K [0x0f200000, 0x14750000, 0x14750000)
  eden space 69952K,   0% used [0x0f200000, 0x0f200000, 0x13650000)
  from space 8704K,   0% used [0x13650000, 0x13650000, 0x13ed0000)
  to   space 8704K,   0% used [0x13ed0000, 0x13ed0000, 0x14750000)
 tenured generation   total 174784K, used 120691K [0x14750000, 0x1f200000, 0x1f200000)
   the space 174784K,  69% used [0x14750000, 0x1bd2ce00, 0x1bd2ce00, 0x1f200000)
 Metaspace       used 14956K, capacity 15083K, committed 15148K, reserved 15744K
}
Event: 11.423 GC heap before
{Heap before GC invocations=30 (full 3):
 def new generation   total 78656K, used 70265K [0x0f200000, 0x14750000, 0x14750000)
  eden space 69952K,  99% used [0x0f200000, 0x1362dbe0, 0x13650000)
  from space 8704K,   5% used [0x13650000, 0x136c0830, 0x13ed0000)
  to   space 8704K,   0% used [0x13ed0000, 0x13ed0000, 0x14750000)
 tenured generation   total 174784K, used 120691K [0x14750000, 0x1f200000, 0x1f200000)
   the space 174784K,  69% used [0x14750000, 0x1bd2ce00, 0x1bd2ce00, 0x1f200000)
 Metaspace       used 18537K, capacity 18741K, committed 18816K, reserved 18816K
Event: 11.434 GC heap after
Heap after GC invocations=31 (full 3):
 def new generation   total 78656K, used 8704K [0x0f200000, 0x14750000, 0x14750000)
  eden space 69952K,   0% used [0x0f200000, 0x0f200000, 0x13650000)
  from space 8704K, 100% used [0x13ed0000, 0x14750000, 0x14750000)
  to   space 8704K,   0% used [0x13650000, 0x13650000, 0x13ed0000)
 tenured generation   total 174784K, used 124409K [0x14750000, 0x1f200000, 0x1f200000)
   the space 174784K,  71% used [0x14750000, 0x1c0ce4f0, 0x1c0ce600, 0x1f200000)
 Metaspace       used 18537K, capacity 18741K, committed 18816K, reserved 18816K
}
Event: 11.888 GC heap before
{Heap before GC invocations=31 (full 3):
 def new generation   total 78656K, used 78302K [0x0f200000, 0x14750000, 0x14750000)
  eden space 69952K,  99% used [0x0f200000, 0x135f7868, 0x13650000)
  from space 8704K, 100% used [0x13ed0000, 0x14750000, 0x14750000)
  to   space 8704K,   0% used [0x13650000, 0x13650000, 0x13ed0000)
 tenured generation   total 174784K, used 124409K [0x14750000, 0x1f200000, 0x1f200000)
   the space 174784K,  71% used [0x14750000, 0x1c0ce4f0, 0x1c0ce600, 0x1f200000)
 Metaspace       used 18540K, capacity 18744K, committed 18816K, reserved 18816K
Event: 11.896 GC heap after
Heap after GC invocations=32 (full 3):
 def new generation   total 78656K, used 8346K [0x0f200000, 0x14750000, 0x14750000)
  eden space 69952K,   0% used [0x0f200000, 0x0f200000, 0x13650000)
  from space 8704K,  95% used [0x13650000, 0x13e76a10, 0x13ed0000)
  to   space 8704K,   0% used [0x13ed0000, 0x13ed0000, 0x14750000)
 tenured generation   total 174784K, used 128520K [0x14750000, 0x1f200000, 0x1f200000)
   the space 174784K,  73% used [0x14750000, 0x1c4d2228, 0x1c4d2400, 0x1f200000)
 Metaspace       used 18540K, capacity 18744K, committed 18816K, reserved 18816K
}
Event: 12.685 GC heap before
{Heap before GC invocations=32 (full 3):
 def new generation   total 78656K, used 78249K [0x0f200000, 0x14750000, 0x14750000)
  eden space 69952K,  99% used [0x0f200000, 0x13643a20, 0x13650000)
  from space 8704K,  95% used [0x13650000, 0x13e76a10, 0x13ed0000)
  to   space 8704K,   0% used [0x13ed0000, 0x13ed0000, 0x14750000)
 tenured generation   total 174784K, used 128520K [0x14750000, 0x1f200000, 0x1f200000)
   the space 174784K,  73% used [0x14750000, 0x1c4d2228, 0x1c4d2400, 0x1f200000)
 Metaspace       used 18540K, capacity 18744K, committed 18816K, reserved 18816K
Event: 12.691 GC heap after
Heap after GC invocations=33 (full 3):
 def new generation   total 78656K, used 8704K [0x0f200000, 0x14750000, 0x14750000)
  eden space 69952K,   0% used [0x0f200000, 0x0f200000, 0x13650000)
  from space 8704K, 100% used [0x13ed0000, 0x14750000, 0x14750000)
  to   space 8704K,   0% used [0x13650000, 0x13650000, 0x13ed0000)
 tenured generation   total 174784K, used 137008K [0x14750000, 0x1f200000, 0x1f200000)
   the space 174784K,  78% used [0x14750000, 0x1cd1c168, 0x1cd1c200, 0x1f200000)
 Metaspace       used 18540K, capacity 18744K, committed 18816K, reserved 18816K
}

