# JRE version: Java(TM) SE Runtime Environment (8.0_31-b13) (build 1.8.0_31-b13)
# Java VM: Java HotSpot(TM) Client VM (25.31-b07 mixed mode, sharing windows-x86 )
Heap:
 def new generation   total 78656K, used 51927K [0x0f200000, 0x14750000, 0x14750000)
  eden space 69952K,  61% used [0x0f200000, 0x11c35cb0, 0x13650000)
  from space 8704K, 100% used [0x13ed0000, 0x14750000, 0x14750000)
  to   space 8704K,   0% used [0x13650000, 0x13650000, 0x13ed0000)
 tenured generation   total 174784K, used 168302K [0x14750000, 0x1f200000, 0x1f200000)
   the space 174784K,  96% used [0x14750000, 0x1ebabb90, 0x1ebabc00, 0x1f200000)
 Metaspace       used 11140K, capacity 11337K, committed 11392K, reserved 11648K
GC Heap History (10 events):
Event: 8.076 GC heap before
{Heap before GC invocations=34 (full 2):
 def new generation   total 44608K, used 44608K [0x0f200000, 0x12260000, 0x14750000)
  eden space 39680K, 100% used [0x0f200000, 0x118c0000, 0x118c0000)
  from space 4928K, 100% used [0x11d90000, 0x12260000, 0x12260000)
  to   space 4928K,   0% used [0x118c0000, 0x118c0000, 0x11d90000)
 tenured generation   total 153860K, used 117393K [0x14750000, 0x1dd91000, 0x1f200000)
   the space 153860K,  76% used [0x14750000, 0x1b9f44a0, 0x1b9f4600, 0x1dd91000)
 Metaspace       used 9607K, capacity 9779K, committed 9856K, reserved 10624K
Event: 8.086 GC heap after
Heap after GC invocations=35 (full 2):
 def new generation   total 44608K, used 4928K [0x0f200000, 0x12260000, 0x14750000)
  eden space 39680K,   0% used [0x0f200000, 0x0f200000, 0x118c0000)
  from space 4928K, 100% used [0x118c0000, 0x11d90000, 0x11d90000)
  to   space 4928K,   0% used [0x11d90000, 0x11d90000, 0x12260000)
 tenured generation   total 153860K, used 123122K [0x14750000, 0x1dd91000, 0x1f200000)
   the space 153860K,  80% used [0x14750000, 0x1bf8c830, 0x1bf8ca00, 0x1dd91000)
 Metaspace       used 9607K, capacity 9779K, committed 9856K, reserved 10624K
}
Event: 11.506 GC heap before
{Heap before GC invocations=35 (full 2):
 def new generation   total 44608K, used 44298K [0x0f200000, 0x12260000, 0x14750000)
  eden space 39680K,  99% used [0x0f200000, 0x11872ad8, 0x118c0000)
  from space 4928K, 100% used [0x118c0000, 0x11d90000, 0x11d90000)
  to   space 4928K,   0% used [0x11d90000, 0x11d90000, 0x12260000)
 tenured generation   total 153860K, used 123122K [0x14750000, 0x1dd91000, 0x1f200000)
   the space 153860K,  80% used [0x14750000, 0x1bf8c830, 0x1bf8ca00, 0x1dd91000)
 Metaspace       used 11149K, capacity 11349K, committed 11392K, reserved 11648K
Event: 11.517 GC heap after
Heap after GC invocations=36 (full 2):
 def new generation   total 44608K, used 4928K [0x0f200000, 0x12260000, 0x14750000)
  eden space 39680K,   0% used [0x0f200000, 0x0f200000, 0x118c0000)
  from space 4928K, 100% used [0x11d90000, 0x12260000, 0x12260000)
  to   space 4928K,   0% used [0x118c0000, 0x118c0000, 0x11d90000)
 tenured generation   total 153860K, used 133953K [0x14750000, 0x1dd91000, 0x1f200000)
   the space 153860K,  87% used [0x14750000, 0x1ca20708, 0x1ca20800, 0x1dd91000)
 Metaspace       used 11149K, capacity 11349K, committed 11392K, reserved 11648K
}
Event: 12.409 GC heap before
{Heap before GC invocations=36 (full 2):
 def new generation   total 44608K, used 43739K [0x0f200000, 0x12260000, 0x14750000)
  eden space 39680K,  97% used [0x0f200000, 0x117e6e30, 0x118c0000)
  from space 4928K, 100% used [0x11d90000, 0x12260000, 0x12260000)
  to   space 4928K,   0% used [0x118c0000, 0x118c0000, 0x11d90000)
 tenured generation   total 153860K, used 133953K [0x14750000, 0x1dd91000, 0x1f200000)
   the space 153860K,  87% used [0x14750000, 0x1ca20708, 0x1ca20800, 0x1dd91000)
 Metaspace       used 11152K, capacity 11352K, committed 11392K, reserved 11648K
Event: 12.420 GC heap after
Heap after GC invocations=37 (full 2):
 def new generation   total 44608K, used 4912K [0x0f200000, 0x12260000, 0x14750000)
  eden space 39680K,   0% used [0x0f200000, 0x0f200000, 0x118c0000)
  from space 4928K,  99% used [0x118c0000, 0x11d8c140, 0x11d90000)
  to   space 4928K,   0% used [0x11d90000, 0x11d90000, 0x12260000)
 tenured generation   total 153860K, used 149691K [0x14750000, 0x1dd91000, 0x1f200000)
   the space 153860K,  97% used [0x14750000, 0x1d97ee48, 0x1d97f000, 0x1dd91000)
 Metaspace       used 11152K, capacity 11352K, committed 11392K, reserved 11648K
}
Event: 13.264 GC heap before
{Heap before GC invocations=37 (full 2):
 def new generation   total 44608K, used 44212K [0x0f200000, 0x12260000, 0x14750000)
  eden space 39680K,  99% used [0x0f200000, 0x11860fe8, 0x118c0000)
  from space 4928K,  99% used [0x118c0000, 0x11d8c140, 0x11d90000)
  to   space 4928K,   0% used [0x11d90000, 0x11d90000, 0x12260000)
 tenured generation   total 153860K, used 149691K [0x14750000, 0x1dd91000, 0x1f200000)
   the space 153860K,  97% used [0x14750000, 0x1d97ee48, 0x1d97f000, 0x1dd91000)
 Metaspace       used 11152K, capacity 11352K, committed 11392K, reserved 11648K
Event: 13.296 GC heap after
Heap after GC invocations=38 (full 3):
 def new generation   total 78656K, used 0K [0x0f200000, 0x14750000, 0x14750000)
  eden space 69952K,   0% used [0x0f200000, 0x0f200000, 0x13650000)
  from space 8704K,   0% used [0x13650000, 0x13650000, 0x13ed0000)
  to   space 8704K,   0% used [0x13ed0000, 0x13ed0000, 0x14750000)
 tenured generation   total 174784K, used 151312K [0x14750000, 0x1f200000, 0x1f200000)
   the space 174784K,  86% used [0x14750000, 0x1db142b8, 0x1db14400, 0x1f200000)
 Metaspace       used 11140K, capacity 11337K, committed 11392K, reserved 11648K
}
Event: 14.730 GC heap before
{Heap before GC invocations=38 (full 3):
 def new generation   total 78656K, used 69706K [0x0f200000, 0x14750000, 0x14750000)
  eden space 69952K,  99% used [0x0f200000, 0x136128e8, 0x13650000)
  from space 8704K,   0% used [0x13650000, 0x13650000, 0x13ed0000)
  to   space 8704K,   0% used [0x13ed0000, 0x13ed0000, 0x14750000)
 tenured generation   total 174784K, used 151312K [0x14750000, 0x1f200000, 0x1f200000)
   the space 174784K,  86% used [0x14750000, 0x1db142b8, 0x1db14400, 0x1f200000)
 Metaspace       used 11140K, capacity 11337K, committed 11392K, reserved 11648K
Event: 14.741 GC heap after
Heap after GC invocations=39 (full 3):
 def new generation   total 78656K, used 8704K [0x0f200000, 0x14750000, 0x14750000)
  eden space 69952K,   0% used [0x0f200000, 0x0f200000, 0x13650000)
  from space 8704K, 100% used [0x13ed0000, 0x14750000, 0x14750000)
  to   space 8704K,   0% used [0x13650000, 0x13650000, 0x13ed0000)
 tenured generation   total 174784K, used 168302K [0x14750000, 0x1f200000, 0x1f200000)
   the space 174784K,  96% used [0x14750000, 0x1ebabb90, 0x1ebabc00, 0x1f200000)
 Metaspace       used 11140K, capacity 11337K, committed 11392K, reserved 11648K
}

