# JRE version: Java(TM) SE Runtime Environment (8.0_31-b13) (build 1.8.0_31-b13)
# Java VM: Java HotSpot(TM) Client VM (25.31-b07 mixed mode windows-x86 )
Heap:
 def new generation   total 78656K, used 53894K [0x0f200000, 0x14750000, 0x14750000)
  eden space 69952K, -2147483648% used [0x0f200000, 0x126a1b50, 0x13650000)
  from space 8704K,   0% used [0x13650000, 0x13650000, 0x13ed0000)
  to   space 8704K,   0% used [0x13ed0000, 0x13ed0000, 0x14750000)
 tenured generation   total 174784K, used 120738K [0x14750000, 0x1f200000, 0x1f200000)
   the space 174784K,  69% used [0x14750000, 0x1bd38828, 0x1bd38a00, 0x1f200000)
 Metaspace       used 18539K, capacity 18741K, committed 18944K, reserved 19840K
GC Heap History (10 events):
Event: 4.213 GC heap before
{Heap before GC invocations=30 (full 2):
 def new generation   total 44608K, used 42140K [0x0f200000, 0x12260000, 0x14750000)
  eden space 39680K, 100% used [0x0f200000, 0x118c0000, 0x118c0000)
  from space 4928K,  49% used [0x11d90000, 0x11ff71a0, 0x12260000)
  to   space 4928K,   0% used [0x118c0000, 0x118c0000, 0x11d90000)
 tenured generation   total 153860K, used 116787K [0x14750000, 0x1dd91000, 0x1f200000)
   the space 153860K,  75% used [0x14750000, 0x1b95cc20, 0x1b95ce00, 0x1dd91000)
 Metaspace       used 8989K, capacity 9119K, committed 9216K, reserved 9600K
Event: 4.215 GC heap after
Heap after GC invocations=31 (full 2):
 def new generation   total 44608K, used 2461K [0x0f200000, 0x12260000, 0x14750000)
  eden space 39680K,   0% used [0x0f200000, 0x0f200000, 0x118c0000)
  from space 4928K,  49% used [0x118c0000, 0x11b274e8, 0x11d90000)
  to   space 4928K,   0% used [0x11d90000, 0x11d90000, 0x12260000)
 tenured generation   total 153860K, used 116787K [0x14750000, 0x1dd91000, 0x1f200000)
   the space 153860K,  75% used [0x14750000, 0x1b95cc20, 0x1b95ce00, 0x1dd91000)
 Metaspace       used 8989K, capacity 9119K, committed 9216K, reserved 9600K
}
Event: 4.426 GC heap before
{Heap before GC invocations=31 (full 2):
 def new generation   total 44608K, used 42141K [0x0f200000, 0x12260000, 0x14750000)
  eden space 39680K, 100% used [0x0f200000, 0x118c0000, 0x118c0000)
  from space 4928K,  49% used [0x118c0000, 0x11b274e8, 0x11d90000)
  to   space 4928K,   0% used [0x11d90000, 0x11d90000, 0x12260000)
 tenured generation   total 153860K, used 116787K [0x14750000, 0x1dd91000, 0x1f200000)
   the space 153860K,  75% used [0x14750000, 0x1b95cc20, 0x1b95ce00, 0x1dd91000)
 Metaspace       used 8989K, capacity 9119K, committed 9216K, reserved 9600K
Event: 4.427 GC heap after
Heap after GC invocations=32 (full 2):
 def new generation   total 44608K, used 2465K [0x0f200000, 0x12260000, 0x14750000)
  eden space 39680K,   0% used [0x0f200000, 0x0f200000, 0x118c0000)
  from space 4928K,  50% used [0x11d90000, 0x11ff84a8, 0x12260000)
  to   space 4928K,   0% used [0x118c0000, 0x118c0000, 0x11d90000)
 tenured generation   total 153860K, used 116787K [0x14750000, 0x1dd91000, 0x1f200000)
   the space 153860K,  75% used [0x14750000, 0x1b95cc20, 0x1b95ce00, 0x1dd91000)
 Metaspace       used 8989K, capacity 9119K, committed 9216K, reserved 9600K
}
Event: 4.637 GC heap before
{Heap before GC invocations=32 (full 2):
 def new generation   total 44608K, used 42145K [0x0f200000, 0x12260000, 0x14750000)
  eden space 39680K, 100% used [0x0f200000, 0x118c0000, 0x118c0000)
  from space 4928K,  50% used [0x11d90000, 0x11ff84a8, 0x12260000)
  to   space 4928K,   0% used [0x118c0000, 0x118c0000, 0x11d90000)
 tenured generation   total 153860K, used 116787K [0x14750000, 0x1dd91000, 0x1f200000)
   the space 153860K,  75% used [0x14750000, 0x1b95cc20, 0x1b95ce00, 0x1dd91000)
 Metaspace       used 8989K, capacity 9119K, committed 9216K, reserved 9600K
Event: 4.638 GC heap after
Heap after GC invocations=33 (full 2):
 def new generation   total 44608K, used 2466K [0x0f200000, 0x12260000, 0x14750000)
  eden space 39680K,   0% used [0x0f200000, 0x0f200000, 0x118c0000)
  from space 4928K,  50% used [0x118c0000, 0x11b28be0, 0x11d90000)
  to   space 4928K,   0% used [0x11d90000, 0x11d90000, 0x12260000)
 tenured generation   total 153860K, used 116788K [0x14750000, 0x1dd91000, 0x1f200000)
   the space 153860K,  75% used [0x14750000, 0x1b95d208, 0x1b95d400, 0x1dd91000)
 Metaspace       used 8989K, capacity 9119K, committed 9216K, reserved 9600K
}
Event: 5.938 GC heap before
{Heap before GC invocations=33 (full 2):
 def new generation   total 44608K, used 42146K [0x0f200000, 0x12260000, 0x14750000)
  eden space 39680K, 100% used [0x0f200000, 0x118c0000, 0x118c0000)
  from space 4928K,  50% used [0x118c0000, 0x11b28be0, 0x11d90000)
  to   space 4928K,   0% used [0x11d90000, 0x11d90000, 0x12260000)
 tenured generation   total 153860K, used 116788K [0x14750000, 0x1dd91000, 0x1f200000)
   the space 153860K,  75% used [0x14750000, 0x1b95d208, 0x1b95d400, 0x1dd91000)
 Metaspace       used 12456K, capacity 12622K, committed 12672K, reserved 12672K
Event: 5.944 GC heap after
Heap after GC invocations=34 (full 2):
 def new generation   total 44608K, used 3090K [0x0f200000, 0x12260000, 0x14750000)
  eden space 39680K,   0% used [0x0f200000, 0x0f200000, 0x118c0000)
  from space 4928K,  62% used [0x11d90000, 0x12094ab0, 0x12260000)
  to   space 4928K,   0% used [0x118c0000, 0x118c0000, 0x11d90000)
 tenured generation   total 153860K, used 116791K [0x14750000, 0x1dd91000, 0x1f200000)
   the space 153860K,  75% used [0x14750000, 0x1b95df28, 0x1b95e000, 0x1dd91000)
 Metaspace       used 12456K, capacity 12622K, committed 12672K, reserved 12672K
}
Event: 6.239 GC heap before
{Heap before GC invocations=34 (full 2):
 def new generation   total 44608K, used 21104K [0x0f200000, 0x12260000, 0x14750000)
  eden space 39680K,  45% used [0x0f200000, 0x10397880, 0x118c0000)
  from space 4928K,  62% used [0x11d90000, 0x12094ab0, 0x12260000)
  to   space 4928K,   0% used [0x118c0000, 0x118c0000, 0x11d90000)
 tenured generation   total 153860K, used 116791K [0x14750000, 0x1dd91000, 0x1f200000)
   the space 153860K,  75% used [0x14750000, 0x1b95df28, 0x1b95e000, 0x1dd91000)
 Metaspace       used 14927K, capacity 15086K, committed 15148K, reserved 15744K
Event: 6.262 GC heap after
Heap after GC invocations=35 (full 3):
 def new generation   total 78656K, used 0K [0x0f200000, 0x14750000, 0x14750000)
  eden space 69952K,   0% used [0x0f200000, 0x0f200000, 0x13650000)
  from space 8704K,   0% used [0x13650000, 0x13650000, 0x13ed0000)
  to   space 8704K,   0% used [0x13ed0000, 0x13ed0000, 0x14750000)
 tenured generation   total 174784K, used 120738K [0x14750000, 0x1f200000, 0x1f200000)
   the space 174784K,  69% used [0x14750000, 0x1bd38828, 0x1bd38a00, 0x1f200000)
 Metaspace       used 14927K, capacity 15086K, committed 15148K, reserved 15744K
}

