# JRE version: Java(TM) SE Runtime Environment (8.0_31-b13) (build 1.8.0_31-b13)
# Java VM: Java HotSpot(TM) Client VM (25.31-b07 mixed mode windows-x86 )
Heap:
 def new generation   total 78656K, used 71938K [0x0f200000, 0x14750000, 0x14750000)
  eden space 69952K, -2147483648% used [0x0f200000, 0x12fe0e68, 0x13650000)
  from space 8704K,  98% used [0x13650000, 0x13eafcb8, 0x13ed0000)
  to   space 8704K,   0% used [0x13ed0000, 0x13ed0000, 0x14750000)
 tenured generation   total 174784K, used 141548K [0x14750000, 0x1f200000, 0x1f200000)
   the space 174784K,  80% used [0x14750000, 0x1d18b010, 0x1d18b200, 0x1f200000)
 Metaspace       used 18539K, capacity 18744K, committed 18944K, reserved 19840K
GC Heap History (10 events):
Event: 14.737 GC heap before
{Heap before GC invocations=33 (full 3):
 def new generation   total 78656K, used 78168K [0x0f200000, 0x14750000, 0x14750000)
  eden space 69952K,  99% used [0x0f200000, 0x1364af80, 0x13650000)
  from space 8704K,  94% used [0x13ed0000, 0x146db290, 0x14750000)
  to   space 8704K,   0% used [0x13650000, 0x13650000, 0x13ed0000)
 tenured generation   total 174784K, used 131001K [0x14750000, 0x1f200000, 0x1f200000)
   the space 174784K,  74% used [0x14750000, 0x1c73e5e0, 0x1c73e600, 0x1f200000)
 Metaspace       used 18538K, capacity 18744K, committed 18944K, reserved 19840K
Event: 14.741 GC heap after
Heap after GC invocations=34 (full 3):
 def new generation   total 78656K, used 8232K [0x0f200000, 0x14750000, 0x14750000)
  eden space 69952K,   0% used [0x0f200000, 0x0f200000, 0x13650000)
  from space 8704K,  94% used [0x13650000, 0x13e5a028, 0x13ed0000)
  to   space 8704K,   0% used [0x13ed0000, 0x13ed0000, 0x14750000)
 tenured generation   total 174784K, used 133427K [0x14750000, 0x1f200000, 0x1f200000)
   the space 174784K,  76% used [0x14750000, 0x1c99cc70, 0x1c99ce00, 0x1f200000)
 Metaspace       used 18538K, capacity 18744K, committed 18944K, reserved 19840K
}
Event: 15.763 GC heap before
{Heap before GC invocations=34 (full 3):
 def new generation   total 78656K, used 77806K [0x0f200000, 0x14750000, 0x14750000)
  eden space 69952K,  99% used [0x0f200000, 0x135f17e8, 0x13650000)
  from space 8704K,  94% used [0x13650000, 0x13e5a028, 0x13ed0000)
  to   space 8704K,   0% used [0x13ed0000, 0x13ed0000, 0x14750000)
 tenured generation   total 174784K, used 133427K [0x14750000, 0x1f200000, 0x1f200000)
   the space 174784K,  76% used [0x14750000, 0x1c99cc70, 0x1c99ce00, 0x1f200000)
 Metaspace       used 18538K, capacity 18744K, committed 18944K, reserved 19840K
Event: 15.767 GC heap after
Heap after GC invocations=35 (full 3):
 def new generation   total 78656K, used 8231K [0x0f200000, 0x14750000, 0x14750000)
  eden space 69952K,   0% used [0x0f200000, 0x0f200000, 0x13650000)
  from space 8704K,  94% used [0x13ed0000, 0x146d9ec0, 0x14750000)
  to   space 8704K,   0% used [0x13650000, 0x13650000, 0x13ed0000)
 tenured generation   total 174784K, used 135850K [0x14750000, 0x1f200000, 0x1f200000)
   the space 174784K,  77% used [0x14750000, 0x1cbfabb0, 0x1cbfac00, 0x1f200000)
 Metaspace       used 18538K, capacity 18744K, committed 18944K, reserved 19840K
}
Event: 16.640 GC heap before
{Heap before GC invocations=35 (full 3):
 def new generation   total 78656K, used 77371K [0x0f200000, 0x14750000, 0x14750000)
  eden space 69952K,  98% used [0x0f200000, 0x13585120, 0x13650000)
  from space 8704K,  94% used [0x13ed0000, 0x146d9ec0, 0x14750000)
  to   space 8704K,   0% used [0x13650000, 0x13650000, 0x13ed0000)
 tenured generation   total 174784K, used 135850K [0x14750000, 0x1f200000, 0x1f200000)
   the space 174784K,  77% used [0x14750000, 0x1cbfabb0, 0x1cbfac00, 0x1f200000)
 Metaspace       used 18538K, capacity 18744K, committed 18944K, reserved 19840K
Event: 16.644 GC heap after
Heap after GC invocations=36 (full 3):
 def new generation   total 78656K, used 8575K [0x0f200000, 0x14750000, 0x14750000)
  eden space 69952K,   0% used [0x0f200000, 0x0f200000, 0x13650000)
  from space 8704K,  98% used [0x13650000, 0x13eafc60, 0x13ed0000)
  to   space 8704K,   0% used [0x13ed0000, 0x13ed0000, 0x14750000)
 tenured generation   total 174784K, used 137375K [0x14750000, 0x1f200000, 0x1f200000)
   the space 174784K,  78% used [0x14750000, 0x1cd77c08, 0x1cd77e00, 0x1f200000)
 Metaspace       used 18538K, capacity 18744K, committed 18944K, reserved 19840K
}
Event: 17.587 GC heap before
{Heap before GC invocations=36 (full 3):
 def new generation   total 78656K, used 77748K [0x0f200000, 0x14750000, 0x14750000)
  eden space 69952K,  98% used [0x0f200000, 0x1358d540, 0x13650000)
  from space 8704K,  98% used [0x13650000, 0x13eafc60, 0x13ed0000)
  to   space 8704K,   0% used [0x13ed0000, 0x13ed0000, 0x14750000)
 tenured generation   total 174784K, used 137375K [0x14750000, 0x1f200000, 0x1f200000)
   the space 174784K,  78% used [0x14750000, 0x1cd77c08, 0x1cd77e00, 0x1f200000)
 Metaspace       used 18538K, capacity 18744K, committed 18944K, reserved 19840K
Event: 17.591 GC heap after
Heap after GC invocations=37 (full 3):
 def new generation   total 78656K, used 8568K [0x0f200000, 0x14750000, 0x14750000)
  eden space 69952K,   0% used [0x0f200000, 0x0f200000, 0x13650000)
  from space 8704K,  98% used [0x13ed0000, 0x1472e030, 0x14750000)
  to   space 8704K,   0% used [0x13650000, 0x13650000, 0x13ed0000)
 tenured generation   total 174784K, used 138899K [0x14750000, 0x1f200000, 0x1f200000)
   the space 174784K,  79% used [0x14750000, 0x1cef4e98, 0x1cef5000, 0x1f200000)
 Metaspace       used 18538K, capacity 18744K, committed 18944K, reserved 19840K
}
Event: 18.607 GC heap before
{Heap before GC invocations=37 (full 3):
 def new generation   total 78656K, used 77572K [0x0f200000, 0x14750000, 0x14750000)
  eden space 69952K,  98% used [0x0f200000, 0x13563310, 0x13650000)
  from space 8704K,  98% used [0x13ed0000, 0x1472e030, 0x14750000)
  to   space 8704K,   0% used [0x13650000, 0x13650000, 0x13ed0000)
 tenured generation   total 174784K, used 138899K [0x14750000, 0x1f200000, 0x1f200000)
   the space 174784K,  79% used [0x14750000, 0x1cef4e98, 0x1cef5000, 0x1f200000)
 Metaspace       used 18538K, capacity 18744K, committed 18944K, reserved 19840K
Event: 18.611 GC heap after
Heap after GC invocations=38 (full 3):
 def new generation   total 78656K, used 8575K [0x0f200000, 0x14750000, 0x14750000)
  eden space 69952K,   0% used [0x0f200000, 0x0f200000, 0x13650000)
  from space 8704K,  98% used [0x13650000, 0x13eafcb8, 0x13ed0000)
  to   space 8704K,   0% used [0x13ed0000, 0x13ed0000, 0x14750000)
 tenured generation   total 174784K, used 141548K [0x14750000, 0x1f200000, 0x1f200000)
   the space 174784K,  80% used [0x14750000, 0x1d18b010, 0x1d18b200, 0x1f200000)
 Metaspace       used 18538K, capacity 18744K, committed 18944K, reserved 19840K
}

