# JRE version: Java(TM) SE Runtime Environment (8.0_31-b13) (build 1.8.0_31-b13)
# Java VM: Java HotSpot(TM) Client VM (25.31-b07 mixed mode windows-x86 )
Heap:
 def new generation   total 13760K, used 7853K [0x0f200000, 0x100e0000, 0x14750000)
  eden space 12288K,  63% used [0x0f200000, 0x0f9ab780, 0x0fe00000)
  from space 1472K,   0% used [0x0fe00000, 0x0fe00000, 0x0ff70000)
  to   space 1472K,   0% used [0x0ff70000, 0x0ff70000, 0x100e0000)
 tenured generation   total 30200K, used 17839K [0x14750000, 0x164ce000, 0x1f200000)
   the space 30200K,  59% used [0x14750000, 0x158bbc68, 0x158bbe00, 0x164ce000)
 Metaspace       used 18954K, capacity 19150K, committed 19200K, reserved 19840K
GC Heap History (10 events):
Event: 9.519 GC heap before
{Heap before GC invocations=37 (full 6):
 def new generation   total 13760K, used 13694K [0x0f200000, 0x100e0000, 0x14750000)
  eden space 12288K,  99% used [0x0f200000, 0x0fdef9e8, 0x0fe00000)
  from space 1472K, 100% used [0x0ff70000, 0x100e0000, 0x100e0000)
  to   space 1472K,   0% used [0x0fe00000, 0x0fe00000, 0x0ff70000)
 tenured generation   total 30200K, used 23124K [0x14750000, 0x164ce000, 0x1f200000)
   the space 30200K,  76% used [0x14750000, 0x15de5290, 0x15de5400, 0x164ce000)
 Metaspace       used 18954K, capacity 19150K, committed 19200K, reserved 19840K
Event: 9.521 GC heap after
Heap after GC invocations=38 (full 6):
 def new generation   total 13760K, used 1472K [0x0f200000, 0x100e0000, 0x14750000)
  eden space 12288K,   0% used [0x0f200000, 0x0f200000, 0x0fe00000)
  from space 1472K, 100% used [0x0fe00000, 0x0ff70000, 0x0ff70000)
  to   space 1472K,   0% used [0x0ff70000, 0x0ff70000, 0x100e0000)
 tenured generation   total 30200K, used 27801K [0x14750000, 0x164ce000, 0x1f200000)
   the space 30200K,  92% used [0x14750000, 0x16276618, 0x16276800, 0x164ce000)
 Metaspace       used 18954K, capacity 19150K, committed 19200K, reserved 19840K
}
Event: 9.725 GC heap before
{Heap before GC invocations=38 (full 6):
 def new generation   total 13760K, used 13749K [0x0f200000, 0x100e0000, 0x14750000)
  eden space 12288K,  99% used [0x0f200000, 0x0fdfd6d0, 0x0fe00000)
  from space 1472K, 100% used [0x0fe00000, 0x0ff70000, 0x0ff70000)
  to   space 1472K,   0% used [0x0ff70000, 0x0ff70000, 0x100e0000)
 tenured generation   total 30200K, used 27801K [0x14750000, 0x164ce000, 0x1f200000)
   the space 30200K,  92% used [0x14750000, 0x16276618, 0x16276800, 0x164ce000)
 Metaspace       used 18954K, capacity 19150K, committed 19200K, reserved 19840K
Event: 9.748 GC heap after
Heap after GC invocations=39 (full 7):
 def new generation   total 13760K, used 0K [0x0f200000, 0x100e0000, 0x14750000)
  eden space 12288K,   0% used [0x0f200000, 0x0f200000, 0x0fe00000)
  from space 1472K,   0% used [0x0ff70000, 0x0ff70000, 0x100e0000)
  to   space 1472K,   0% used [0x0fe00000, 0x0fe00000, 0x0ff70000)
 tenured generation   total 30200K, used 17552K [0x14750000, 0x164ce000, 0x1f200000)
   the space 30200K,  58% used [0x14750000, 0x15874378, 0x15874400, 0x164ce000)
 Metaspace       used 18954K, capacity 19150K, committed 19200K, reserved 19840K
}
Event: 9.910 GC heap before
{Heap before GC invocations=39 (full 7):
 def new generation   total 13760K, used 11976K [0x0f200000, 0x100e0000, 0x14750000)
  eden space 12288K,  97% used [0x0f200000, 0x0fdb2138, 0x0fe00000)
  from space 1472K,   0% used [0x0ff70000, 0x0ff70000, 0x100e0000)
  to   space 1472K,   0% used [0x0fe00000, 0x0fe00000, 0x0ff70000)
 tenured generation   total 30200K, used 17552K [0x14750000, 0x164ce000, 0x1f200000)
   the space 30200K,  58% used [0x14750000, 0x15874378, 0x15874400, 0x164ce000)
 Metaspace       used 18954K, capacity 19150K, committed 19200K, reserved 19840K
Event: 9.912 GC heap after
Heap after GC invocations=40 (full 7):
 def new generation   total 13760K, used 1472K [0x0f200000, 0x100e0000, 0x14750000)
  eden space 12288K,   0% used [0x0f200000, 0x0f200000, 0x0fe00000)
  from space 1472K, 100% used [0x0fe00000, 0x0ff70000, 0x0ff70000)
  to   space 1472K,   0% used [0x0ff70000, 0x0ff70000, 0x100e0000)
 tenured generation   total 30200K, used 22027K [0x14750000, 0x164ce000, 0x1f200000)
   the space 30200K,  72% used [0x14750000, 0x15cd2c48, 0x15cd2e00, 0x164ce000)
 Metaspace       used 18954K, capacity 19150K, committed 19200K, reserved 19840K
}
Event: 10.127 GC heap before
{Heap before GC invocations=40 (full 7):
 def new generation   total 13760K, used 13747K [0x0f200000, 0x100e0000, 0x14750000)
  eden space 12288K,  99% used [0x0f200000, 0x0fdfcdc8, 0x0fe00000)
  from space 1472K, 100% used [0x0fe00000, 0x0ff70000, 0x0ff70000)
  to   space 1472K,   0% used [0x0ff70000, 0x0ff70000, 0x100e0000)
 tenured generation   total 30200K, used 22027K [0x14750000, 0x164ce000, 0x1f200000)
   the space 30200K,  72% used [0x14750000, 0x15cd2c48, 0x15cd2e00, 0x164ce000)
 Metaspace       used 18954K, capacity 19150K, committed 19200K, reserved 19840K
Event: 10.130 GC heap after
Heap after GC invocations=41 (full 7):
 def new generation   total 13760K, used 1454K [0x0f200000, 0x100e0000, 0x14750000)
  eden space 12288K,   0% used [0x0f200000, 0x0f200000, 0x0fe00000)
  from space 1472K,  98% used [0x0ff70000, 0x100dbac0, 0x100e0000)
  to   space 1472K,   0% used [0x0fe00000, 0x0fe00000, 0x0ff70000)
 tenured generation   total 30200K, used 27571K [0x14750000, 0x164ce000, 0x1f200000)
   the space 30200K,  91% used [0x14750000, 0x1623cef8, 0x1623d000, 0x164ce000)
 Metaspace       used 18954K, capacity 19150K, committed 19200K, reserved 19840K
}
Event: 10.303 GC heap before
{Heap before GC invocations=41 (full 7):
 def new generation   total 13760K, used 12911K [0x0f200000, 0x100e0000, 0x14750000)
  eden space 12288K,  93% used [0x0f200000, 0x0fd30218, 0x0fe00000)
  from space 1472K,  98% used [0x0ff70000, 0x100dbac0, 0x100e0000)
  to   space 1472K,   0% used [0x0fe00000, 0x0fe00000, 0x0ff70000)
 tenured generation   total 30200K, used 27571K [0x14750000, 0x164ce000, 0x1f200000)
   the space 30200K,  91% used [0x14750000, 0x1623cef8, 0x1623d000, 0x164ce000)
 Metaspace       used 18954K, capacity 19150K, committed 19200K, reserved 19840K
Event: 10.326 GC heap after
Heap after GC invocations=42 (full 8):
 def new generation   total 13760K, used 0K [0x0f200000, 0x100e0000, 0x14750000)
  eden space 12288K,   0% used [0x0f200000, 0x0f200000, 0x0fe00000)
  from space 1472K,   0% used [0x0fe00000, 0x0fe00000, 0x0ff70000)
  to   space 1472K,   0% used [0x0ff70000, 0x0ff70000, 0x100e0000)
 tenured generation   total 30200K, used 17839K [0x14750000, 0x164ce000, 0x1f200000)
   the space 30200K,  59% used [0x14750000, 0x158bbc68, 0x158bbe00, 0x164ce000)
 Metaspace       used 18954K, capacity 19150K, committed 19200K, reserved 19840K
}

