# JRE version: Java(TM) SE Runtime Environment (8.0_31-b13) (build 1.8.0_31-b13)
# Java VM: Java HotSpot(TM) Client VM (25.31-b07 mixed mode windows-x86 )
Heap:
 def new generation   total 12416K, used 7154K [0x0f200000, 0x0ff70000, 0x14750000)
  eden space 11072K,  64% used [0x0f200000, 0x0f8fc918, 0x0fcd0000)
  from space 1344K,   0% used [0x0fcd0000, 0x0fcd0000, 0x0fe20000)
  to   space 1344K,   0% used [0x0fe20000, 0x0fe20000, 0x0ff70000)
 tenured generation   total 27296K, used 14145K [0x14750000, 0x161f8000, 0x1f200000)
   the space 27296K,  51% used [0x14750000, 0x155204a8, 0x15520600, 0x161f8000)
 Metaspace       used 18483K, capacity 18689K, committed 18816K, reserved 18816K
GC Heap History (10 events):
Event: 17.067 GC heap before
{Heap before GC invocations=53 (full 10):
 def new generation   total 12416K, used 12140K [0x0f200000, 0x0ff70000, 0x14750000)
  eden space 11072K,  97% used [0x0f200000, 0x0fc8e778, 0x0fcd0000)
  from space 1344K,  99% used [0x0fe20000, 0x0ff6cab0, 0x0ff70000)
  to   space 1344K,   0% used [0x0fcd0000, 0x0fcd0000, 0x0fe20000)
 tenured generation   total 27296K, used 25649K [0x14750000, 0x161f8000, 0x1f200000)
   the space 27296K,  93% used [0x14750000, 0x1605c7d8, 0x1605c800, 0x161f8000)
 Metaspace       used 18483K, capacity 18689K, committed 18816K, reserved 18816K
Event: 17.088 GC heap after
Heap after GC invocations=54 (full 11):
 def new generation   total 12416K, used 0K [0x0f200000, 0x0ff70000, 0x14750000)
  eden space 11072K,   0% used [0x0f200000, 0x0f200000, 0x0fcd0000)
  from space 1344K,   0% used [0x0fcd0000, 0x0fcd0000, 0x0fe20000)
  to   space 1344K,   0% used [0x0fe20000, 0x0fe20000, 0x0ff70000)
 tenured generation   total 27296K, used 14972K [0x14750000, 0x161f8000, 0x1f200000)
   the space 27296K,  54% used [0x14750000, 0x155ef2f0, 0x155ef400, 0x161f8000)
 Metaspace       used 18483K, capacity 18689K, committed 18816K, reserved 18816K
}
Event: 17.274 GC heap before
{Heap before GC invocations=54 (full 11):
 def new generation   total 12416K, used 10765K [0x0f200000, 0x0ff70000, 0x14750000)
  eden space 11072K,  97% used [0x0f200000, 0x0fc835a0, 0x0fcd0000)
  from space 1344K,   0% used [0x0fcd0000, 0x0fcd0000, 0x0fe20000)
  to   space 1344K,   0% used [0x0fe20000, 0x0fe20000, 0x0ff70000)
 tenured generation   total 27296K, used 14972K [0x14750000, 0x161f8000, 0x1f200000)
   the space 27296K,  54% used [0x14750000, 0x155ef2f0, 0x155ef400, 0x161f8000)
 Metaspace       used 18483K, capacity 18689K, committed 18816K, reserved 18816K
Event: 17.276 GC heap after
Heap after GC invocations=55 (full 11):
 def new generation   total 12416K, used 1335K [0x0f200000, 0x0ff70000, 0x14750000)
  eden space 11072K,   0% used [0x0f200000, 0x0f200000, 0x0fcd0000)
  from space 1344K,  99% used [0x0fe20000, 0x0ff6dd30, 0x0ff70000)
  to   space 1344K,   0% used [0x0fcd0000, 0x0fcd0000, 0x0fe20000)
 tenured generation   total 27296K, used 19411K [0x14750000, 0x161f8000, 0x1f200000)
   the space 27296K,  71% used [0x14750000, 0x15a44dd8, 0x15a44e00, 0x161f8000)
 Metaspace       used 18483K, capacity 18689K, committed 18816K, reserved 18816K
}
Event: 17.459 GC heap before
{Heap before GC invocations=55 (full 11):
 def new generation   total 12416K, used 11746K [0x0f200000, 0x0ff70000, 0x14750000)
  eden space 11072K,  94% used [0x0f200000, 0x0fc2ae50, 0x0fcd0000)
  from space 1344K,  99% used [0x0fe20000, 0x0ff6dd30, 0x0ff70000)
  to   space 1344K,   0% used [0x0fcd0000, 0x0fcd0000, 0x0fe20000)
 tenured generation   total 27296K, used 19411K [0x14750000, 0x161f8000, 0x1f200000)
   the space 27296K,  71% used [0x14750000, 0x15a44dd8, 0x15a44e00, 0x161f8000)
 Metaspace       used 18483K, capacity 18689K, committed 18816K, reserved 18816K
Event: 17.461 GC heap after
Heap after GC invocations=56 (full 11):
 def new generation   total 12416K, used 1330K [0x0f200000, 0x0ff70000, 0x14750000)
  eden space 11072K,   0% used [0x0f200000, 0x0f200000, 0x0fcd0000)
  from space 1344K,  99% used [0x0fcd0000, 0x0fe1cb00, 0x0fe20000)
  to   space 1344K,   0% used [0x0fe20000, 0x0fe20000, 0x0ff70000)
 tenured generation   total 27296K, used 22362K [0x14750000, 0x161f8000, 0x1f200000)
   the space 27296K,  81% used [0x14750000, 0x15d269d0, 0x15d26a00, 0x161f8000)
 Metaspace       used 18483K, capacity 18689K, committed 18816K, reserved 18816K
}
Event: 17.675 GC heap before
{Heap before GC invocations=56 (full 11):
 def new generation   total 12416K, used 12021K [0x0f200000, 0x0ff70000, 0x14750000)
  eden space 11072K,  96% used [0x0f200000, 0x0fc70c20, 0x0fcd0000)
  from space 1344K,  99% used [0x0fcd0000, 0x0fe1cb00, 0x0fe20000)
  to   space 1344K,   0% used [0x0fe20000, 0x0fe20000, 0x0ff70000)
 tenured generation   total 27296K, used 22362K [0x14750000, 0x161f8000, 0x1f200000)
   the space 27296K,  81% used [0x14750000, 0x15d269d0, 0x15d26a00, 0x161f8000)
 Metaspace       used 18483K, capacity 18689K, committed 18816K, reserved 18816K
Event: 17.677 GC heap after
Heap after GC invocations=57 (full 11):
 def new generation   total 12416K, used 1335K [0x0f200000, 0x0ff70000, 0x14750000)
  eden space 11072K,   0% used [0x0f200000, 0x0f200000, 0x0fcd0000)
  from space 1344K,  99% used [0x0fe20000, 0x0ff6dd48, 0x0ff70000)
  to   space 1344K,   0% used [0x0fcd0000, 0x0fcd0000, 0x0fe20000)
 tenured generation   total 27296K, used 25306K [0x14750000, 0x161f8000, 0x1f200000)
   the space 27296K,  92% used [0x14750000, 0x160068f0, 0x16006a00, 0x161f8000)
 Metaspace       used 18483K, capacity 18689K, committed 18816K, reserved 18816K
}
Event: 17.860 GC heap before
{Heap before GC invocations=57 (full 11):
 def new generation   total 12416K, used 11743K [0x0f200000, 0x0ff70000, 0x14750000)
  eden space 11072K,  94% used [0x0f200000, 0x0fc2a198, 0x0fcd0000)
  from space 1344K,  99% used [0x0fe20000, 0x0ff6dd48, 0x0ff70000)
  to   space 1344K,   0% used [0x0fcd0000, 0x0fcd0000, 0x0fe20000)
 tenured generation   total 27296K, used 25306K [0x14750000, 0x161f8000, 0x1f200000)
   the space 27296K,  92% used [0x14750000, 0x160068f0, 0x16006a00, 0x161f8000)
 Metaspace       used 18483K, capacity 18689K, committed 18816K, reserved 18816K
Event: 17.881 GC heap after
Heap after GC invocations=58 (full 12):
 def new generation   total 12416K, used 0K [0x0f200000, 0x0ff70000, 0x14750000)
  eden space 11072K,   0% used [0x0f200000, 0x0f200000, 0x0fcd0000)
  from space 1344K,   0% used [0x0fcd0000, 0x0fcd0000, 0x0fe20000)
  to   space 1344K,   0% used [0x0fe20000, 0x0fe20000, 0x0ff70000)
 tenured generation   total 27296K, used 14145K [0x14750000, 0x161f8000, 0x1f200000)
   the space 27296K,  51% used [0x14750000, 0x155204a8, 0x15520600, 0x161f8000)
 Metaspace       used 18483K, capacity 18689K, committed 18816K, reserved 18816K
}

