# JRE version: Java(TM) SE Runtime Environment (8.0_31-b13) (build 1.8.0_31-b13)
# Java VM: Java HotSpot(TM) Client VM (25.31-b07 mixed mode windows-x86 )
Heap:
 def new generation   total 78656K, used 24291K [0x0f200000, 0x14750000, 0x14750000)
  eden space 69952K, -2147483648% used [0x0f200000, 0x10138ca8, 0x13650000)
  from space 8704K, 100% used [0x13ed0000, 0x14750000, 0x14750000)
  to   space 8704K,   0% used [0x13650000, 0x13650000, 0x13ed0000)
 tenured generation   total 174784K, used 131636K [0x14750000, 0x1f200000, 0x1f200000)
   the space 174784K,  75% used [0x14750000, 0x1c7dd178, 0x1c7dd200, 0x1f200000)
 Metaspace       used 18537K, capacity 18744K, committed 18816K, reserved 18816K
GC Heap History (10 events):
Event: 5.926 GC heap before
{Heap before GC invocations=28 (full 2):
 def new generation   total 69312K, used 64097K [0x0f200000, 0x13d30000, 0x14750000)
  eden space 61632K, 100% used [0x0f200000, 0x12e30000, 0x12e30000)
  from space 7680K,  32% used [0x12e30000, 0x130984c0, 0x135b0000)
  to   space 7680K,   0% used [0x135b0000, 0x135b0000, 0x13d30000)
 tenured generation   total 153860K, used 116778K [0x14750000, 0x1dd91000, 0x1f200000)
   the space 153860K,  75% used [0x14750000, 0x1b95a9c8, 0x1b95aa00, 0x1dd91000)
 Metaspace       used 12243K, capacity 12395K, committed 12544K, reserved 12672K
Event: 5.932 GC heap after
Heap after GC invocations=29 (full 2):
 def new generation   total 69312K, used 2891K [0x0f200000, 0x13d30000, 0x14750000)
  eden space 61632K,   0% used [0x0f200000, 0x0f200000, 0x12e30000)
  from space 7680K,  37% used [0x135b0000, 0x13882d70, 0x13d30000)
  to   space 7680K,   0% used [0x12e30000, 0x12e30000, 0x135b0000)
 tenured generation   total 153860K, used 116778K [0x14750000, 0x1dd91000, 0x1f200000)
   the space 153860K,  75% used [0x14750000, 0x1b95a9c8, 0x1b95aa00, 0x1dd91000)
 Metaspace       used 12243K, capacity 12395K, committed 12544K, reserved 12672K
}
Event: 6.268 GC heap before
{Heap before GC invocations=29 (full 2):
 def new generation   total 69312K, used 23107K [0x0f200000, 0x13d30000, 0x14750000)
  eden space 61632K,  32% used [0x0f200000, 0x105be218, 0x12e30000)
  from space 7680K,  37% used [0x135b0000, 0x13882d70, 0x13d30000)
  to   space 7680K,   0% used [0x12e30000, 0x12e30000, 0x135b0000)
 tenured generation   total 153860K, used 116778K [0x14750000, 0x1dd91000, 0x1f200000)
   the space 153860K,  75% used [0x14750000, 0x1b95a9c8, 0x1b95aa00, 0x1dd91000)
 Metaspace       used 14954K, capacity 15083K, committed 15148K, reserved 15744K
Event: 6.291 GC heap after
Heap after GC invocations=30 (full 3):
 def new generation   total 78656K, used 0K [0x0f200000, 0x14750000, 0x14750000)
  eden space 69952K,   0% used [0x0f200000, 0x0f200000, 0x13650000)
  from space 8704K,   0% used [0x13650000, 0x13650000, 0x13ed0000)
  to   space 8704K,   0% used [0x13ed0000, 0x13ed0000, 0x14750000)
 tenured generation   total 174784K, used 120746K [0x14750000, 0x1f200000, 0x1f200000)
   the space 174784K,  69% used [0x14750000, 0x1bd3aab8, 0x1bd3ac00, 0x1f200000)
 Metaspace       used 14954K, capacity 15083K, committed 15148K, reserved 15744K
}
Event: 12.461 GC heap before
{Heap before GC invocations=30 (full 3):
 def new generation   total 78656K, used 69248K [0x0f200000, 0x14750000, 0x14750000)
  eden space 69952K,  98% used [0x0f200000, 0x135a0030, 0x13650000)
  from space 8704K,   0% used [0x13650000, 0x13650000, 0x13ed0000)
  to   space 8704K,   0% used [0x13ed0000, 0x13ed0000, 0x14750000)
 tenured generation   total 174784K, used 120746K [0x14750000, 0x1f200000, 0x1f200000)
   the space 174784K,  69% used [0x14750000, 0x1bd3aab8, 0x1bd3ac00, 0x1f200000)
 Metaspace       used 18534K, capacity 18741K, committed 18816K, reserved 18816K
Event: 12.478 GC heap after
Heap after GC invocations=31 (full 3):
 def new generation   total 78656K, used 8704K [0x0f200000, 0x14750000, 0x14750000)
  eden space 69952K,   0% used [0x0f200000, 0x0f200000, 0x13650000)
  from space 8704K, 100% used [0x13ed0000, 0x14750000, 0x14750000)
  to   space 8704K,   0% used [0x13650000, 0x13650000, 0x13ed0000)
 tenured generation   total 174784K, used 123105K [0x14750000, 0x1f200000, 0x1f200000)
   the space 174784K,  70% used [0x14750000, 0x1bf88470, 0x1bf88600, 0x1f200000)
 Metaspace       used 18534K, capacity 18741K, committed 18816K, reserved 18816K
}
Event: 13.805 GC heap before
{Heap before GC invocations=31 (full 3):
 def new generation   total 78656K, used 77663K [0x0f200000, 0x14750000, 0x14750000)
  eden space 69952K,  98% used [0x0f200000, 0x13557f10, 0x13650000)
  from space 8704K, 100% used [0x13ed0000, 0x14750000, 0x14750000)
  to   space 8704K,   0% used [0x13650000, 0x13650000, 0x13ed0000)
 tenured generation   total 174784K, used 123105K [0x14750000, 0x1f200000, 0x1f200000)
   the space 174784K,  70% used [0x14750000, 0x1bf88470, 0x1bf88600, 0x1f200000)
 Metaspace       used 18536K, capacity 18744K, committed 18816K, reserved 18816K
Event: 13.821 GC heap after
Heap after GC invocations=32 (full 3):
 def new generation   total 78656K, used 8235K [0x0f200000, 0x14750000, 0x14750000)
  eden space 69952K,   0% used [0x0f200000, 0x0f200000, 0x13650000)
  from space 8704K,  94% used [0x13650000, 0x13e5ada0, 0x13ed0000)
  to   space 8704K,   0% used [0x13ed0000, 0x13ed0000, 0x14750000)
 tenured generation   total 174784K, used 127991K [0x14750000, 0x1f200000, 0x1f200000)
   the space 174784K,  73% used [0x14750000, 0x1c44dd40, 0x1c44de00, 0x1f200000)
 Metaspace       used 18536K, capacity 18744K, committed 18816K, reserved 18816K
}
Event: 15.558 GC heap before
{Heap before GC invocations=32 (full 3):
 def new generation   total 78656K, used 78077K [0x0f200000, 0x14750000, 0x14750000)
  eden space 69952K,  99% used [0x0f200000, 0x13634880, 0x13650000)
  from space 8704K,  94% used [0x13650000, 0x13e5ada0, 0x13ed0000)
  to   space 8704K,   0% used [0x13ed0000, 0x13ed0000, 0x14750000)
 tenured generation   total 174784K, used 127991K [0x14750000, 0x1f200000, 0x1f200000)
   the space 174784K,  73% used [0x14750000, 0x1c44dd40, 0x1c44de00, 0x1f200000)
 Metaspace       used 18536K, capacity 18744K, committed 18816K, reserved 18816K
Event: 15.565 GC heap after
Heap after GC invocations=33 (full 3):
 def new generation   total 78656K, used 8704K [0x0f200000, 0x14750000, 0x14750000)
  eden space 69952K,   0% used [0x0f200000, 0x0f200000, 0x13650000)
  from space 8704K, 100% used [0x13ed0000, 0x14750000, 0x14750000)
  to   space 8704K,   0% used [0x13650000, 0x13650000, 0x13ed0000)
 tenured generation   total 174784K, used 131636K [0x14750000, 0x1f200000, 0x1f200000)
   the space 174784K,  75% used [0x14750000, 0x1c7dd178, 0x1c7dd200, 0x1f200000)
 Metaspace       used 18536K, capacity 18744K, committed 18816K, reserved 18816K
}

