# JRE version: Java(TM) SE Runtime Environment (8.0_31-b13) (build 1.8.0_31-b13)
# Java VM: Java HotSpot(TM) Client VM (25.31-b07 mixed mode windows-x86 )
Heap:
 def new generation   total 78656K, used 61010K [0x0f200000, 0x14750000, 0x14750000)
  eden space 69952K, -2147483648% used [0x0f200000, 0x12d94af8, 0x13650000)
  from space 8704K,   0% used [0x13650000, 0x13650000, 0x13ed0000)
  to   space 8704K,   0% used [0x13ed0000, 0x13ed0000, 0x14750000)
 tenured generation   total 174784K, used 142962K [0x14750000, 0x1f200000, 0x1f200000)
   the space 174784K,  81% used [0x14750000, 0x1d2ecac8, 0x1d2ecc00, 0x1f200000)
 Metaspace       used 18542K, capacity 18744K, committed 18816K, reserved 18816K
GC Heap History (10 events):
Event: 25.813 GC heap before
{Heap before GC invocations=40 (full 3):
 def new generation   total 78656K, used 78363K [0x0f200000, 0x14750000, 0x14750000)
  eden space 69952K, 100% used [0x0f200000, 0x13650000, 0x13650000)
  from space 8704K,  96% used [0x13650000, 0x13e86e08, 0x13ed0000)
  to   space 8704K,   0% used [0x13ed0000, 0x13ed0000, 0x14750000)
 tenured generation   total 174784K, used 157613K [0x14750000, 0x1f200000, 0x1f200000)
   the space 174784K,  90% used [0x14750000, 0x1e13b648, 0x1e13b800, 0x1f200000)
 Metaspace       used 18542K, capacity 18744K, committed 18816K, reserved 18816K
Event: 25.817 GC heap after
Heap after GC invocations=41 (full 3):
 def new generation   total 78656K, used 8635K [0x0f200000, 0x14750000, 0x14750000)
  eden space 69952K,   0% used [0x0f200000, 0x0f200000, 0x13650000)
  from space 8704K,  99% used [0x13ed0000, 0x1473ee38, 0x14750000)
  to   space 8704K,   0% used [0x13650000, 0x13650000, 0x13ed0000)
 tenured generation   total 174784K, used 160268K [0x14750000, 0x1f200000, 0x1f200000)
   the space 174784K,  91% used [0x14750000, 0x1e3d3110, 0x1e3d3200, 0x1f200000)
 Metaspace       used 18542K, capacity 18744K, committed 18816K, reserved 18816K
}
Event: 26.983 GC heap before
{Heap before GC invocations=41 (full 3):
 def new generation   total 78656K, used 78454K [0x0f200000, 0x14750000, 0x14750000)
  eden space 69952K,  99% used [0x0f200000, 0x1362eb58, 0x13650000)
  from space 8704K,  99% used [0x13ed0000, 0x1473ee38, 0x14750000)
  to   space 8704K,   0% used [0x13650000, 0x13650000, 0x13ed0000)
 tenured generation   total 174784K, used 160268K [0x14750000, 0x1f200000, 0x1f200000)
   the space 174784K,  91% used [0x14750000, 0x1e3d3110, 0x1e3d3200, 0x1f200000)
 Metaspace       used 18542K, capacity 18744K, committed 18816K, reserved 18816K
Event: 26.986 GC heap after
Heap after GC invocations=42 (full 3):
 def new generation   total 78656K, used 8184K [0x0f200000, 0x14750000, 0x14750000)
  eden space 69952K,   0% used [0x0f200000, 0x0f200000, 0x13650000)
  from space 8704K,  94% used [0x13650000, 0x13e4e1b0, 0x13ed0000)
  to   space 8704K,   0% used [0x13ed0000, 0x13ed0000, 0x14750000)
 tenured generation   total 174784K, used 161793K [0x14750000, 0x1f200000, 0x1f200000)
   the space 174784K,  92% used [0x14750000, 0x1e550418, 0x1e550600, 0x1f200000)
 Metaspace       used 18542K, capacity 18744K, committed 18816K, reserved 18816K
}
Event: 28.933 GC heap before
{Heap before GC invocations=42 (full 3):
 def new generation   total 78656K, used 77658K [0x0f200000, 0x14750000, 0x14750000)
  eden space 69952K,  99% used [0x0f200000, 0x135d8a00, 0x13650000)
  from space 8704K,  94% used [0x13650000, 0x13e4e1b0, 0x13ed0000)
  to   space 8704K,   0% used [0x13ed0000, 0x13ed0000, 0x14750000)
 tenured generation   total 174784K, used 161793K [0x14750000, 0x1f200000, 0x1f200000)
   the space 174784K,  92% used [0x14750000, 0x1e550418, 0x1e550600, 0x1f200000)
 Metaspace       used 18542K, capacity 18744K, committed 18816K, reserved 18816K
Event: 28.939 GC heap after
Heap after GC invocations=43 (full 3):
 def new generation   total 78656K, used 8704K [0x0f200000, 0x14750000, 0x14750000)
  eden space 69952K,   0% used [0x0f200000, 0x0f200000, 0x13650000)
  from space 8704K, 100% used [0x13ed0000, 0x14750000, 0x14750000)
  to   space 8704K,   0% used [0x13650000, 0x13650000, 0x13ed0000)
 tenured generation   total 174784K, used 166566K [0x14750000, 0x1f200000, 0x1f200000)
   the space 174784K,  95% used [0x14750000, 0x1e9f9a20, 0x1e9f9c00, 0x1f200000)
 Metaspace       used 18542K, capacity 18744K, committed 18816K, reserved 18816K
}
Event: 30.533 GC heap before
{Heap before GC invocations=43 (full 3):
 def new generation   total 78656K, used 78560K [0x0f200000, 0x14750000, 0x14750000)
  eden space 69952K,  99% used [0x0f200000, 0x136381a8, 0x13650000)
  from space 8704K, 100% used [0x13ed0000, 0x14750000, 0x14750000)
  to   space 8704K,   0% used [0x13650000, 0x13650000, 0x13ed0000)
 tenured generation   total 174784K, used 166566K [0x14750000, 0x1f200000, 0x1f200000)
   the space 174784K,  95% used [0x14750000, 0x1e9f9a20, 0x1e9f9c00, 0x1f200000)
 Metaspace       used 18542K, capacity 18744K, committed 18816K, reserved 18816K
Event: 30.539 GC heap after
Heap after GC invocations=44 (full 3):
 def new generation   total 78656K, used 8704K [0x0f200000, 0x14750000, 0x14750000)
  eden space 69952K,   0% used [0x0f200000, 0x0f200000, 0x13650000)
  from space 8704K, 100% used [0x13650000, 0x13ed0000, 0x13ed0000)
  to   space 8704K,   0% used [0x13ed0000, 0x13ed0000, 0x14750000)
 tenured generation   total 174784K, used 173712K [0x14750000, 0x1f200000, 0x1f200000)
   the space 174784K,  99% used [0x14750000, 0x1f0f4220, 0x1f0f4400, 0x1f200000)
 Metaspace       used 18542K, capacity 18744K, committed 18816K, reserved 18816K
}
Event: 32.734 GC heap before
{Heap before GC invocations=44 (full 3):
 def new generation   total 78656K, used 78498K [0x0f200000, 0x14750000, 0x14750000)
  eden space 69952K,  99% used [0x0f200000, 0x13628a80, 0x13650000)
  from space 8704K, 100% used [0x13650000, 0x13ed0000, 0x13ed0000)
  to   space 8704K,   0% used [0x13ed0000, 0x13ed0000, 0x14750000)
 tenured generation   total 174784K, used 173712K [0x14750000, 0x1f200000, 0x1f200000)
   the space 174784K,  99% used [0x14750000, 0x1f0f4220, 0x1f0f4400, 0x1f200000)
 Metaspace       used 18542K, capacity 18744K, committed 18816K, reserved 18816K
Event: 32.777 GC heap after
Heap after GC invocations=45 (full 4):
 def new generation   total 78656K, used 0K [0x0f200000, 0x14750000, 0x14750000)
  eden space 69952K,   0% used [0x0f200000, 0x0f200000, 0x13650000)
  from space 8704K,   0% used [0x13650000, 0x13650000, 0x13ed0000)
  to   space 8704K,   0% used [0x13ed0000, 0x13ed0000, 0x14750000)
 tenured generation   total 174784K, used 142962K [0x14750000, 0x1f200000, 0x1f200000)
   the space 174784K,  81% used [0x14750000, 0x1d2ecac8, 0x1d2ecc00, 0x1f200000)
 Metaspace       used 18542K, capacity 18744K, committed 18816K, reserved 18816K
}

