# JRE version: Java(TM) SE Runtime Environment (8.0_31-b13) (build 1.8.0_31-b13)
# Java VM: Java HotSpot(TM) Client VM (25.31-b07 mixed mode, sharing windows-x86 )
Heap:
 def new generation   total 7232K, used 662K [0x0f200000, 0x0f9d0000, 0x14750000)
  eden space 6464K, -2147483648% used [0x0f200000, 0x0f200000, 0x0f850000)
  from space 768K,  86% used [0x0f850000, 0x0f8f5a10, 0x0f910000)
  to   space 768K,   0% used [0x0f910000, 0x0f910000, 0x0f9d0000)
 tenured generation   total 17296K, used 17218K [0x14750000, 0x15834000, 0x1f200000)
   the space 17296K,  99% used [0x14750000, 0x15820ae0, 0x15628a00, 0x15834000)
 Metaspace       used 11653K, capacity 11833K, committed 11904K, reserved 12672K
GC Heap History (10 events):
Event: 50.382 GC heap before
{Heap before GC invocations=17 (full 1):
 def new generation   total 7232K, used 6464K [0x0f200000, 0x0f9d0000, 0x14750000)
  eden space 6464K, 100% used [0x0f200000, 0x0f850000, 0x0f850000)
  from space 768K,   0% used [0x0f850000, 0x0f850000, 0x0f910000)
  to   space 768K,   0% used [0x0f910000, 0x0f910000, 0x0f9d0000)
 tenured generation   total 15888K, used 9531K [0x14750000, 0x156d4000, 0x1f200000)
   the space 15888K,  59% used [0x14750000, 0x1509ecf0, 0x1509ee00, 0x156d4000)
 Metaspace       used 10013K, capacity 10198K, committed 10240K, reserved 10624K
Event: 50.384 GC heap after
Heap after GC invocations=18 (full 1):
 def new generation   total 7232K, used 489K [0x0f200000, 0x0f9d0000, 0x14750000)
  eden space 6464K,   0% used [0x0f200000, 0x0f200000, 0x0f850000)
  from space 768K,  63% used [0x0f910000, 0x0f98a7f8, 0x0f9d0000)
  to   space 768K,   0% used [0x0f850000, 0x0f850000, 0x0f910000)
 tenured generation   total 15888K, used 9531K [0x14750000, 0x156d4000, 0x1f200000)
   the space 15888K,  59% used [0x14750000, 0x1509ecf0, 0x1509ee00, 0x156d4000)
 Metaspace       used 10013K, capacity 10198K, committed 10240K, reserved 10624K
}
Event: 58.932 GC heap before
{Heap before GC invocations=18 (full 1):
 def new generation   total 7232K, used 6948K [0x0f200000, 0x0f9d0000, 0x14750000)
  eden space 6464K,  99% used [0x0f200000, 0x0f84ea28, 0x0f850000)
  from space 768K,  63% used [0x0f910000, 0x0f98a7f8, 0x0f9d0000)
  to   space 768K,   0% used [0x0f850000, 0x0f850000, 0x0f910000)
 tenured generation   total 15888K, used 9531K [0x14750000, 0x156d4000, 0x1f200000)
   the space 15888K,  59% used [0x14750000, 0x1509ecf0, 0x1509ee00, 0x156d4000)
 Metaspace       used 10145K, capacity 10358K, committed 10368K, reserved 10624K
Event: 58.934 GC heap after
Heap after GC invocations=19 (full 1):
 def new generation   total 7232K, used 207K [0x0f200000, 0x0f9d0000, 0x14750000)
  eden space 6464K,   0% used [0x0f200000, 0x0f200000, 0x0f850000)
  from space 768K,  26% used [0x0f850000, 0x0f883c18, 0x0f910000)
  to   space 768K,   0% used [0x0f910000, 0x0f910000, 0x0f9d0000)
 tenured generation   total 15888K, used 10008K [0x14750000, 0x156d4000, 0x1f200000)
   the space 15888K,  62% used [0x14750000, 0x151162b8, 0x15116400, 0x156d4000)
 Metaspace       used 10145K, capacity 10358K, committed 10368K, reserved 10624K
}
Event: 59.148 GC heap before
{Heap before GC invocations=19 (full 1):
 def new generation   total 7232K, used 6589K [0x0f200000, 0x0f9d0000, 0x14750000)
  eden space 6464K,  98% used [0x0f200000, 0x0f83ba88, 0x0f850000)
  from space 768K,  26% used [0x0f850000, 0x0f883c18, 0x0f910000)
  to   space 768K,   0% used [0x0f910000, 0x0f910000, 0x0f9d0000)
 tenured generation   total 15888K, used 10008K [0x14750000, 0x156d4000, 0x1f200000)
   the space 15888K,  62% used [0x14750000, 0x151162b8, 0x15116400, 0x156d4000)
 Metaspace       used 11069K, capacity 11286K, committed 11392K, reserved 11648K
Event: 59.151 GC heap after
Heap after GC invocations=20 (full 1):
 def new generation   total 7232K, used 768K [0x0f200000, 0x0f9d0000, 0x14750000)
  eden space 6464K,   0% used [0x0f200000, 0x0f200000, 0x0f850000)
  from space 768K, 100% used [0x0f910000, 0x0f9d0000, 0x0f9d0000)
  to   space 768K,   0% used [0x0f850000, 0x0f850000, 0x0f910000)
 tenured generation   total 15888K, used 10420K [0x14750000, 0x156d4000, 0x1f200000)
   the space 15888K,  65% used [0x14750000, 0x1517d2d0, 0x1517d400, 0x156d4000)
 Metaspace       used 11069K, capacity 11286K, committed 11392K, reserved 11648K
}
Event: 61.610 GC heap before
{Heap before GC invocations=20 (full 1):
 def new generation   total 7232K, used 7232K [0x0f200000, 0x0f9d0000, 0x14750000)
  eden space 6464K, 100% used [0x0f200000, 0x0f850000, 0x0f850000)
  from space 768K, 100% used [0x0f910000, 0x0f9d0000, 0x0f9d0000)
  to   space 768K,   0% used [0x0f850000, 0x0f850000, 0x0f910000)
 tenured generation   total 15888K, used 10420K [0x14750000, 0x156d4000, 0x1f200000)
   the space 15888K,  65% used [0x14750000, 0x1517d2d0, 0x1517d400, 0x156d4000)
 Metaspace       used 11444K, capacity 11641K, committed 11648K, reserved 11648K
Event: 61.613 GC heap after
Heap after GC invocations=21 (full 1):
 def new generation   total 7232K, used 416K [0x0f200000, 0x0f9d0000, 0x14750000)
  eden space 6464K,   0% used [0x0f200000, 0x0f200000, 0x0f850000)
  from space 768K,  54% used [0x0f850000, 0x0f8b8310, 0x0f910000)
  to   space 768K,   0% used [0x0f910000, 0x0f910000, 0x0f9d0000)
 tenured generation   total 15888K, used 10776K [0x14750000, 0x156d4000, 0x1f200000)
   the space 15888K,  67% used [0x14750000, 0x151d63a0, 0x151d6400, 0x156d4000)
 Metaspace       used 11444K, capacity 11641K, committed 11648K, reserved 11648K
}
Event: 61.960 GC heap before
{Heap before GC invocations=21 (full 1):
 def new generation   total 7232K, used 6311K [0x0f200000, 0x0f9d0000, 0x14750000)
  eden space 6464K,  91% used [0x0f200000, 0x0f7c1ae8, 0x0f850000)
  from space 768K,  54% used [0x0f850000, 0x0f8b8310, 0x0f910000)
  to   space 768K,   0% used [0x0f910000, 0x0f910000, 0x0f9d0000)
 tenured generation   total 15888K, used 10776K [0x14750000, 0x156d4000, 0x1f200000)
   the space 15888K,  67% used [0x14750000, 0x151d63a0, 0x151d6400, 0x156d4000)
 Metaspace       used 11648K, capacity 11833K, committed 11904K, reserved 12672K
Event: 61.962 GC heap after
Heap after GC invocations=22 (full 1):
 def new generation   total 7232K, used 768K [0x0f200000, 0x0f9d0000, 0x14750000)
  eden space 6464K,   0% used [0x0f200000, 0x0f200000, 0x0f850000)
  from space 768K, 100% used [0x0f910000, 0x0f9d0000, 0x0f9d0000)
  to   space 768K,   0% used [0x0f850000, 0x0f850000, 0x0f910000)
 tenured generation   total 15888K, used 12036K [0x14750000, 0x156d4000, 0x1f200000)
   the space 15888K,  75% used [0x14750000, 0x15311298, 0x15311400, 0x156d4000)
 Metaspace       used 11648K, capacity 11833K, committed 11904K, reserved 12672K
}

