# JRE version: Java(TM) SE Runtime Environment (8.0_31-b13) (build 1.8.0_31-b13)
# Java VM: Java HotSpot(TM) Client VM (25.31-b07 mixed mode windows-x86 )
Heap:
 def new generation   total 12096K, used 7185K [0x0f200000, 0x0ff20000, 0x14750000)
  eden space 10752K,  66% used [0x0f200000, 0x0f904598, 0x0fc80000)
  from space 1344K,   0% used [0x0fdd0000, 0x0fdd0000, 0x0ff20000)
  to   space 1344K,   0% used [0x0fc80000, 0x0fc80000, 0x0fdd0000)
 tenured generation   total 26584K, used 14003K [0x14750000, 0x16146000, 0x1f200000)
   the space 26584K,  52% used [0x14750000, 0x154fcd88, 0x154fce00, 0x16146000)
 Metaspace       used 19301K, capacity 19488K, committed 19584K, reserved 19840K
GC Heap History (10 events):
Event: 34.783 GC heap before
{Heap before GC invocations=187 (full 19):
 def new generation   total 12096K, used 12087K [0x0f200000, 0x0ff20000, 0x14750000)
  eden space 10752K, 100% used [0x0f200000, 0x0fc80000, 0x0fc80000)
  from space 1344K,  99% used [0x0fc80000, 0x0fdcdfa8, 0x0fdd0000)
  to   space 1344K,   0% used [0x0fdd0000, 0x0fdd0000, 0x0ff20000)
 tenured generation   total 26584K, used 20242K [0x14750000, 0x16146000, 0x1f200000)
   the space 26584K,  76% used [0x14750000, 0x15b149b0, 0x15b14a00, 0x16146000)
 Metaspace       used 19301K, capacity 19488K, committed 19584K, reserved 19840K
Event: 34.785 GC heap after
Heap after GC invocations=188 (full 19):
 def new generation   total 12096K, used 1344K [0x0f200000, 0x0ff20000, 0x14750000)
  eden space 10752K,   0% used [0x0f200000, 0x0f200000, 0x0fc80000)
  from space 1344K, 100% used [0x0fdd0000, 0x0ff20000, 0x0ff20000)
  to   space 1344K,   0% used [0x0fc80000, 0x0fc80000, 0x0fdd0000)
 tenured generation   total 26584K, used 21441K [0x14750000, 0x16146000, 0x1f200000)
   the space 26584K,  80% used [0x14750000, 0x15c404a0, 0x15c40600, 0x16146000)
 Metaspace       used 19301K, capacity 19488K, committed 19584K, reserved 19840K
}
Event: 34.889 GC heap before
{Heap before GC invocations=188 (full 19):
 def new generation   total 12096K, used 11982K [0x0f200000, 0x0ff20000, 0x14750000)
  eden space 10752K,  98% used [0x0f200000, 0x0fc63a50, 0x0fc80000)
  from space 1344K, 100% used [0x0fdd0000, 0x0ff20000, 0x0ff20000)
  to   space 1344K,   0% used [0x0fc80000, 0x0fc80000, 0x0fdd0000)
 tenured generation   total 26584K, used 21441K [0x14750000, 0x16146000, 0x1f200000)
   the space 26584K,  80% used [0x14750000, 0x15c404a0, 0x15c40600, 0x16146000)
 Metaspace       used 19301K, capacity 19488K, committed 19584K, reserved 19840K
Event: 34.892 GC heap after
Heap after GC invocations=189 (full 19):
 def new generation   total 12096K, used 1344K [0x0f200000, 0x0ff20000, 0x14750000)
  eden space 10752K,   0% used [0x0f200000, 0x0f200000, 0x0fc80000)
  from space 1344K, 100% used [0x0fc80000, 0x0fdd0000, 0x0fdd0000)
  to   space 1344K,   0% used [0x0fdd0000, 0x0fdd0000, 0x0ff20000)
 tenured generation   total 26584K, used 22635K [0x14750000, 0x16146000, 0x1f200000)
   the space 26584K,  85% used [0x14750000, 0x15d6adc8, 0x15d6ae00, 0x16146000)
 Metaspace       used 19301K, capacity 19488K, committed 19584K, reserved 19840K
}
Event: 34.999 GC heap before
{Heap before GC invocations=189 (full 19):
 def new generation   total 12096K, used 12096K [0x0f200000, 0x0ff20000, 0x14750000)
  eden space 10752K, 100% used [0x0f200000, 0x0fc80000, 0x0fc80000)
  from space 1344K, 100% used [0x0fc80000, 0x0fdd0000, 0x0fdd0000)
  to   space 1344K,   0% used [0x0fdd0000, 0x0fdd0000, 0x0ff20000)
 tenured generation   total 26584K, used 22635K [0x14750000, 0x16146000, 0x1f200000)
   the space 26584K,  85% used [0x14750000, 0x15d6adc8, 0x15d6ae00, 0x16146000)
 Metaspace       used 19301K, capacity 19488K, committed 19584K, reserved 19840K
Event: 35.001 GC heap after
Heap after GC invocations=190 (full 19):
 def new generation   total 12096K, used 1344K [0x0f200000, 0x0ff20000, 0x14750000)
  eden space 10752K,   0% used [0x0f200000, 0x0f200000, 0x0fc80000)
  from space 1344K, 100% used [0x0fdd0000, 0x0ff20000, 0x0ff20000)
  to   space 1344K,   0% used [0x0fc80000, 0x0fc80000, 0x0fdd0000)
 tenured generation   total 26584K, used 24190K [0x14750000, 0x16146000, 0x1f200000)
   the space 26584K,  90% used [0x14750000, 0x15eef9d8, 0x15eefa00, 0x16146000)
 Metaspace       used 19301K, capacity 19488K, committed 19584K, reserved 19840K
}
Event: 35.117 GC heap before
{Heap before GC invocations=190 (full 19):
 def new generation   total 12096K, used 12096K [0x0f200000, 0x0ff20000, 0x14750000)
  eden space 10752K, 100% used [0x0f200000, 0x0fc80000, 0x0fc80000)
  from space 1344K, 100% used [0x0fdd0000, 0x0ff20000, 0x0ff20000)
  to   space 1344K,   0% used [0x0fc80000, 0x0fc80000, 0x0fdd0000)
 tenured generation   total 26584K, used 24190K [0x14750000, 0x16146000, 0x1f200000)
   the space 26584K,  90% used [0x14750000, 0x15eef9d8, 0x15eefa00, 0x16146000)
 Metaspace       used 19301K, capacity 19488K, committed 19584K, reserved 19840K
Event: 35.121 GC heap after
Heap after GC invocations=191 (full 19):
 def new generation   total 12096K, used 1232K [0x0f200000, 0x0ff20000, 0x14750000)
  eden space 10752K,   0% used [0x0f200000, 0x0f200000, 0x0fc80000)
  from space 1344K,  91% used [0x0fc80000, 0x0fdb4390, 0x0fdd0000)
  to   space 1344K,   0% used [0x0fdd0000, 0x0fdd0000, 0x0ff20000)
 tenured generation   total 26584K, used 25909K [0x14750000, 0x16146000, 0x1f200000)
   the space 26584K,  97% used [0x14750000, 0x1609d598, 0x1609d600, 0x16146000)
 Metaspace       used 19301K, capacity 19488K, committed 19584K, reserved 19840K
}
Event: 35.253 GC heap before
{Heap before GC invocations=191 (full 19):
 def new generation   total 12096K, used 11924K [0x0f200000, 0x0ff20000, 0x14750000)
  eden space 10752K,  99% used [0x0f200000, 0x0fc70f40, 0x0fc80000)
  from space 1344K,  91% used [0x0fc80000, 0x0fdb4390, 0x0fdd0000)
  to   space 1344K,   0% used [0x0fdd0000, 0x0fdd0000, 0x0ff20000)
 tenured generation   total 26584K, used 25909K [0x14750000, 0x16146000, 0x1f200000)
   the space 26584K,  97% used [0x14750000, 0x1609d598, 0x1609d600, 0x16146000)
 Metaspace       used 19301K, capacity 19488K, committed 19584K, reserved 19840K
Event: 35.294 GC heap after
Heap after GC invocations=192 (full 20):
 def new generation   total 12096K, used 0K [0x0f200000, 0x0ff20000, 0x14750000)
  eden space 10752K,   0% used [0x0f200000, 0x0f200000, 0x0fc80000)
  from space 1344K,   0% used [0x0fdd0000, 0x0fdd0000, 0x0ff20000)
  to   space 1344K,   0% used [0x0fc80000, 0x0fc80000, 0x0fdd0000)
 tenured generation   total 26584K, used 14003K [0x14750000, 0x16146000, 0x1f200000)
   the space 26584K,  52% used [0x14750000, 0x154fcd88, 0x154fce00, 0x16146000)
 Metaspace       used 19301K, capacity 19488K, committed 19584K, reserved 19840K
}

